#
# There is insufficient memory for the Java Runtime Environment to continue.
# Native memory allocation (mmap) failed to map 46137344 bytes for G1 virtual space
# Possible reasons:
#   The system is out of physical RAM or swap space
#   The process is running with CompressedOops enabled, and the Java Heap may be blocking the growth of the native heap
# Possible solutions:
#   Reduce memory load on the system
#   Increase physical memory or swap space
#   Check if swap backing store is full
#   Decrease Java heap size (-Xmx/-Xms)
#   Decrease number of Java threads
#   Decrease Java thread stack sizes (-Xss)
#   Set larger code cache with -XX:ReservedCodeCacheSize=
#   JVM is running with Unscaled Compressed Oops mode in which the Java heap is
#     placed in the first 4GB address space. The Java Heap base address is the
#     maximum limit for the native heap growth. Please use -XX:HeapBaseMinAddress
#     to set the Java Heap base and to place the Java Heap above 4GB virtual address.
# This output file may be truncated or incomplete.
#
#  Out of Memory Error (os_windows.cpp:3825), pid=4280, tid=9864
#
# JRE version: OpenJDK Runtime Environment (17.0.10) (build 17.0.10+0--11572160)
# Java VM: OpenJDK 64-Bit Server VM (17.0.10+0--11572160, mixed mode, tiered, compressed oops, compressed class ptrs, g1 gc, windows-amd64)
# No core dump will be written. Minidumps are not enabled by default on client versions of Windows
#

---------------  S U M M A R Y ------------

Command Line: --add-opens=java.base/java.util=ALL-UNNAMED --add-opens=java.base/java.lang=ALL-UNNAMED --add-opens=java.base/java.lang.invoke=ALL-UNNAMED --add-opens=java.prefs/java.util.prefs=ALL-UNNAMED --add-opens=java.base/java.nio.charset=ALL-UNNAMED --add-opens=java.base/java.net=ALL-UNNAMED --add-opens=java.base/java.util.concurrent.atomic=ALL-UNNAMED -Xmx2048m -Dfile.encoding=UTF-8 -Duser.country=SV -Duser.language=es -Duser.variant -javaagent:C:\Users\bryan\.gradle\wrapper\dists\gradle-8.7-rc-3-bin\5t8wtrjzq9h85fci8yl7jiji9\gradle-8.7-rc-3\lib\agents\gradle-instrumentation-agent-8.7.jar org.gradle.launcher.daemon.bootstrap.GradleDaemon 8.7-rc-3

Host: AMD Ryzen 5 2500U with Radeon Vega Mobile Gfx  , 8 cores, 10G,  Windows 11 , 64 bit Build 22621 (10.0.22621.3672)
Time: Sun Jun  9 14:06:15 2024 Hora estándar, América Central elapsed time: 28.163284 seconds (0d 0h 0m 28s)

---------------  T H R E A D  ---------------

Current thread (0x000001a655347340):  VMThread "VM Thread" [stack: 0x00000083b9800000,0x00000083b9900000] [id=9864]

Stack: [0x00000083b9800000,0x00000083b9900000]
Native frames: (J=compiled Java code, j=interpreted, Vv=VM code, C=native code)
V  [jvm.dll+0x688e89]
V  [jvm.dll+0x84247a]
V  [jvm.dll+0x8440be]
V  [jvm.dll+0x844723]
V  [jvm.dll+0x24be0f]
V  [jvm.dll+0x685c59]
V  [jvm.dll+0x67a50a]
V  [jvm.dll+0x30cbab]
V  [jvm.dll+0x314056]
V  [jvm.dll+0x363dce]
V  [jvm.dll+0x363fff]
V  [jvm.dll+0x2e2978]
V  [jvm.dll+0x2e0b54]
V  [jvm.dll+0x2e015c]
V  [jvm.dll+0x32502b]
V  [jvm.dll+0x848e1b]
V  [jvm.dll+0x849b61]
V  [jvm.dll+0x84a07d]
V  [jvm.dll+0x84a454]
V  [jvm.dll+0x84a520]
V  [jvm.dll+0x7f0d1a]
V  [jvm.dll+0x687d05]
C  [ucrtbase.dll+0x29333]
C  [KERNEL32.DLL+0x1257d]
C  [ntdll.dll+0x5aa48]

VM_Operation (0x00000083bdff9b90): G1CollectForAllocation, mode: safepoint, requested by thread 0x000001a65d563c40


---------------  P R O C E S S  ---------------

Threads class SMR info:
_java_thread_list=0x000001a65dd6afe0, length=67, elements={
0x000001a63939dfd0, 0x000001a655368010, 0x000001a65536aaf0, 0x000001a655355670,
0x000001a65538a010, 0x000001a65538a7e0, 0x000001a65538d1b0, 0x000001a65538dea0,
0x000001a655391e50, 0x000001a65539a860, 0x000001a6554f94e0, 0x000001a6557229d0,
0x000001a65a811e50, 0x000001a65d2fb9f0, 0x000001a65c614950, 0x000001a65d433000,
0x000001a65d0b67d0, 0x000001a65b7c0f70, 0x000001a65cac33f0, 0x000001a65d617420,
0x000001a65d617930, 0x000001a65d617e40, 0x000001a65a146060, 0x000001a65a143cf0,
0x000001a65a140f60, 0x000001a65a1432d0, 0x000001a65a145130, 0x000001a65a1423a0,
0x000001a65a1488e0, 0x000001a65a145b50, 0x000001a65a1479b0, 0x000001a65a141980,
0x000001a65a147ec0, 0x000001a65a146f90, 0x000001a65a146570, 0x000001a65a141470,
0x000001a65a1428b0, 0x000001a65a1483d0, 0x000001a65a142dc0, 0x000001a65a146a80,
0x000001a65a1437e0, 0x000001a65a144200, 0x000001a65bdd6320, 0x000001a65bdd3fb0,
0x000001a65bddaa00, 0x000001a65bdd7c70, 0x000001a65bdd4ee0, 0x000001a65bdd6d40,
0x000001a65bdd9fe0, 0x000001a65bdd8180, 0x000001a65bdd49d0, 0x000001a65bdd8690,
0x000001a65bdd7250, 0x000001a65bdda4f0, 0x000001a65bdd3590, 0x000001a65bdd7760,
0x000001a65bdd8ba0, 0x000001a65bdd90b0, 0x000001a65bdd95c0, 0x000001a65bddaf10,
0x000001a65bdd3aa0, 0x000001a65d563c40, 0x000001a65d564150, 0x000001a65d564660,
0x000001a65d564b70, 0x000001a65d55e630, 0x000001a65a5b6240
}

Java Threads: ( => current thread )
  0x000001a63939dfd0 JavaThread "main" [_thread_blocked, id=9464, stack(0x00000083b9200000,0x00000083b9300000)]
  0x000001a655368010 JavaThread "Reference Handler" daemon [_thread_blocked, id=11304, stack(0x00000083b9900000,0x00000083b9a00000)]
  0x000001a65536aaf0 JavaThread "Finalizer" daemon [_thread_blocked, id=4116, stack(0x00000083b9a00000,0x00000083b9b00000)]
  0x000001a655355670 JavaThread "Signal Dispatcher" daemon [_thread_blocked, id=8852, stack(0x00000083b9b00000,0x00000083b9c00000)]
  0x000001a65538a010 JavaThread "Attach Listener" daemon [_thread_blocked, id=5848, stack(0x00000083b9c00000,0x00000083b9d00000)]
  0x000001a65538a7e0 JavaThread "Service Thread" daemon [_thread_blocked, id=8792, stack(0x00000083b9d00000,0x00000083b9e00000)]
  0x000001a65538d1b0 JavaThread "Monitor Deflation Thread" daemon [_thread_blocked, id=4876, stack(0x00000083b9e00000,0x00000083b9f00000)]
  0x000001a65538dea0 JavaThread "C2 CompilerThread0" daemon [_thread_in_native, id=14548, stack(0x00000083b9f00000,0x00000083ba000000)]
  0x000001a655391e50 JavaThread "C1 CompilerThread0" daemon [_thread_blocked, id=14440, stack(0x00000083ba000000,0x00000083ba100000)]
  0x000001a65539a860 JavaThread "Sweeper thread" daemon [_thread_blocked, id=5936, stack(0x00000083ba100000,0x00000083ba200000)]
  0x000001a6554f94e0 JavaThread "Common-Cleaner" daemon [_thread_blocked, id=13604, stack(0x00000083ba200000,0x00000083ba300000)]
  0x000001a6557229d0 JavaThread "Notification Thread" daemon [_thread_blocked, id=8676, stack(0x00000083ba300000,0x00000083ba400000)]
  0x000001a65a811e50 JavaThread "Daemon health stats" [_thread_blocked, id=13428, stack(0x00000083ba900000,0x00000083baa00000)]
  0x000001a65d2fb9f0 JavaThread "Incoming local TCP Connector on port 58393" [_thread_in_native, id=7264, stack(0x00000083baa00000,0x00000083bab00000)]
  0x000001a65c614950 JavaThread "Daemon periodic checks" [_thread_blocked, id=12420, stack(0x00000083bab00000,0x00000083bac00000)]
  0x000001a65d433000 JavaThread "Daemon" [_thread_blocked, id=13824, stack(0x00000083bac00000,0x00000083bad00000)]
  0x000001a65d0b67d0 JavaThread "Handler for socket connection from /127.0.0.1:58393 to /127.0.0.1:58394" [_thread_in_native, id=4600, stack(0x00000083bad00000,0x00000083bae00000)]
  0x000001a65b7c0f70 JavaThread "Cancel handler" [_thread_blocked, id=10612, stack(0x00000083bae00000,0x00000083baf00000)]
  0x000001a65cac33f0 JavaThread "Daemon worker" [_thread_blocked, id=7564, stack(0x00000083baf00000,0x00000083bb000000)]
  0x000001a65d617420 JavaThread "Asynchronous log dispatcher for DefaultDaemonConnection: socket connection from /127.0.0.1:58393 to /127.0.0.1:58394" [_thread_blocked, id=2156, stack(0x00000083bb000000,0x00000083bb100000)]
  0x000001a65d617930 JavaThread "Stdin handler" [_thread_blocked, id=3748, stack(0x00000083bb100000,0x00000083bb200000)]
  0x000001a65d617e40 JavaThread "Daemon client event forwarder" [_thread_blocked, id=9016, stack(0x00000083bb200000,0x00000083bb300000)]
  0x000001a65a146060 JavaThread "Cache worker for journal cache (C:\Users\bryan\.gradle\caches\journal-1)" [_thread_blocked, id=11960, stack(0x00000083bb700000,0x00000083bb800000)]
  0x000001a65a143cf0 JavaThread "File lock request listener" [_thread_in_native, id=5544, stack(0x00000083bb800000,0x00000083bb900000)]
  0x000001a65a140f60 JavaThread "Cache worker for file hash cache (C:\Users\bryan\.gradle\caches\8.7-rc-3\fileHashes)" [_thread_blocked, id=12804, stack(0x00000083bb900000,0x00000083bba00000)]
  0x000001a65a1432d0 JavaThread "File lock release action executor" [_thread_blocked, id=13848, stack(0x00000083bba00000,0x00000083bbb00000)]
  0x000001a65a145130 JavaThread "Cache worker for file hash cache (C:\Users\bryan\OneDrive\Documentos\GitHub\unichamba-Android\.gradle\8.7-rc-3\fileHashes)" [_thread_blocked, id=5832, stack(0x00000083bbc00000,0x00000083bbd00000)]
  0x000001a65a1423a0 JavaThread "File watcher server" daemon [_thread_in_native, id=3264, stack(0x00000083bbd00000,0x00000083bbe00000)]
  0x000001a65a1488e0 JavaThread "File watcher consumer" daemon [_thread_blocked, id=6628, stack(0x00000083bbe00000,0x00000083bbf00000)]
  0x000001a65a145b50 JavaThread "jar transforms" [_thread_blocked, id=12472, stack(0x00000083bbf00000,0x00000083bc000000)]
  0x000001a65a1479b0 JavaThread "jar transforms Thread 2" [_thread_blocked, id=4284, stack(0x00000083bc000000,0x00000083bc100000)]
  0x000001a65a141980 JavaThread "jar transforms Thread 3" [_thread_blocked, id=14784, stack(0x00000083bc100000,0x00000083bc200000)]
  0x000001a65a147ec0 JavaThread "jar transforms Thread 4" [_thread_blocked, id=5112, stack(0x00000083bc200000,0x00000083bc300000)]
  0x000001a65a146f90 JavaThread "jar transforms Thread 5" [_thread_blocked, id=14504, stack(0x00000083bc300000,0x00000083bc400000)]
  0x000001a65a146570 JavaThread "jar transforms Thread 6" [_thread_blocked, id=7004, stack(0x00000083bc400000,0x00000083bc500000)]
  0x000001a65a141470 JavaThread "jar transforms Thread 7" [_thread_blocked, id=14528, stack(0x00000083bc500000,0x00000083bc600000)]
  0x000001a65a1428b0 JavaThread "jar transforms Thread 8" [_thread_blocked, id=10604, stack(0x00000083bc600000,0x00000083bc700000)]
  0x000001a65a1483d0 JavaThread "Cache worker for checksums cache (C:\Users\bryan\OneDrive\Documentos\GitHub\unichamba-Android\.gradle\8.7-rc-3\checksums)" [_thread_blocked, id=6668, stack(0x00000083bc700000,0x00000083bc800000)]
  0x000001a65a142dc0 JavaThread "Cache worker for cache directory md-supplier (C:\Users\bryan\.gradle\caches\8.7-rc-3\md-supplier)" [_thread_blocked, id=6164, stack(0x00000083bbb00000,0x00000083bbc00000)]
  0x000001a65a146a80 JavaThread "Cache worker for cache directory md-rule (C:\Users\bryan\.gradle\caches\8.7-rc-3\md-rule)" [_thread_blocked, id=6768, stack(0x00000083bc800000,0x00000083bc900000)]
  0x000001a65a1437e0 JavaThread "Cache worker for file content cache (C:\Users\bryan\.gradle\caches\8.7-rc-3\fileContent)" [_thread_blocked, id=7644, stack(0x00000083bca00000,0x00000083bcb00000)]
  0x000001a65a144200 JavaThread "Daemon Thread 2" [_thread_blocked, id=1752, stack(0x00000083bcb00000,0x00000083bcc00000)]
  0x000001a65bdd6320 JavaThread "Unconstrained build operations" [_thread_blocked, id=9672, stack(0x00000083bcc00000,0x00000083bcd00000)]
  0x000001a65bdd3fb0 JavaThread "Unconstrained build operations Thread 2" [_thread_blocked, id=9524, stack(0x00000083bcd00000,0x00000083bce00000)]
  0x000001a65bddaa00 JavaThread "Unconstrained build operations Thread 3" [_thread_blocked, id=15088, stack(0x00000083bce00000,0x00000083bcf00000)]
  0x000001a65bdd7c70 JavaThread "Unconstrained build operations Thread 4" [_thread_blocked, id=3792, stack(0x00000083bcf00000,0x00000083bd000000)]
  0x000001a65bdd4ee0 JavaThread "Unconstrained build operations Thread 5" [_thread_blocked, id=13688, stack(0x00000083bd000000,0x00000083bd100000)]
  0x000001a65bdd6d40 JavaThread "Unconstrained build operations Thread 6" [_thread_blocked, id=9520, stack(0x00000083bd100000,0x00000083bd200000)]
  0x000001a65bdd9fe0 JavaThread "Unconstrained build operations Thread 7" [_thread_blocked, id=8560, stack(0x00000083bd200000,0x00000083bd300000)]
  0x000001a65bdd8180 JavaThread "Unconstrained build operations Thread 8" [_thread_blocked, id=12012, stack(0x00000083bd300000,0x00000083bd400000)]
  0x000001a65bdd49d0 JavaThread "Unconstrained build operations Thread 9" [_thread_blocked, id=13196, stack(0x00000083bd400000,0x00000083bd500000)]
  0x000001a65bdd8690 JavaThread "Cache worker for Build Output Cleanup Cache (C:\Users\bryan\OneDrive\Documentos\GitHub\unichamba-Android\.gradle\buildOutputCleanup)" [_thread_blocked, id=11700, stack(0x00000083bd500000,0x00000083bd600000)]
  0x000001a65bdd7250 JavaThread "Unconstrained build operations Thread 10" [_thread_blocked, id=6588, stack(0x00000083bd600000,0x00000083bd700000)]
  0x000001a65bdda4f0 JavaThread "Unconstrained build operations Thread 11" [_thread_blocked, id=8744, stack(0x00000083bd700000,0x00000083bd800000)]
  0x000001a65bdd3590 JavaThread "Unconstrained build operations Thread 12" [_thread_blocked, id=5456, stack(0x00000083bd800000,0x00000083bd900000)]
  0x000001a65bdd7760 JavaThread "Unconstrained build operations Thread 13" [_thread_blocked, id=14212, stack(0x00000083bd900000,0x00000083bda00000)]
  0x000001a65bdd8ba0 JavaThread "Unconstrained build operations Thread 14" [_thread_blocked, id=13752, stack(0x00000083bda00000,0x00000083bdb00000)]
  0x000001a65bdd90b0 JavaThread "Unconstrained build operations Thread 15" [_thread_blocked, id=7436, stack(0x00000083bdb00000,0x00000083bdc00000)]
  0x000001a65bdd95c0 JavaThread "Unconstrained build operations Thread 16" [_thread_blocked, id=1524, stack(0x00000083bdc00000,0x00000083bdd00000)]
  0x000001a65bddaf10 JavaThread "Unconstrained build operations Thread 17" [_thread_blocked, id=14496, stack(0x00000083bdd00000,0x00000083bde00000)]
  0x000001a65bdd3aa0 JavaThread "Unconstrained build operations Thread 18" [_thread_blocked, id=6820, stack(0x00000083bde00000,0x00000083bdf00000)]
  0x000001a65d563c40 JavaThread "Unconstrained build operations Thread 19" [_thread_blocked, id=13928, stack(0x00000083bdf00000,0x00000083be000000)]
  0x000001a65d564150 JavaThread "Unconstrained build operations Thread 20" [_thread_blocked, id=2348, stack(0x00000083be000000,0x00000083be100000)]
  0x000001a65d564660 JavaThread "Unconstrained build operations Thread 21" [_thread_blocked, id=13872, stack(0x00000083be100000,0x00000083be200000)]
  0x000001a65d564b70 JavaThread "Unconstrained build operations Thread 22" [_thread_blocked, id=11636, stack(0x00000083be200000,0x00000083be300000)]
  0x000001a65d55e630 JavaThread "Unconstrained build operations Thread 23" [_thread_blocked, id=5048, stack(0x00000083be300000,0x00000083be400000)]
  0x000001a65a5b6240 JavaThread "C2 CompilerThread1" daemon [_thread_in_native, id=3912, stack(0x00000083bc900000,0x00000083bca00000)]

Other Threads:
=>0x000001a655347340 VMThread "VM Thread" [stack: 0x00000083b9800000,0x00000083b9900000] [id=9864]
  0x000001a65564fd60 WatcherThread [stack: 0x00000083ba400000,0x00000083ba500000] [id=2320]
  0x000001a6393fcc80 GCTaskThread "GC Thread#0" [stack: 0x00000083b9300000,0x00000083b9400000] [id=12952]
  0x000001a65ad5c140 GCTaskThread "GC Thread#1" [stack: 0x00000083ba600000,0x00000083ba700000] [id=4620]
  0x000001a65aa7b8b0 GCTaskThread "GC Thread#2" [stack: 0x00000083ba700000,0x00000083ba800000] [id=12800]
  0x000001a65aa7bb70 GCTaskThread "GC Thread#3" [stack: 0x00000083ba800000,0x00000083ba900000] [id=14016]
  0x000001a65a9b8080 GCTaskThread "GC Thread#4" [stack: 0x00000083ba500000,0x00000083ba600000] [id=9224]
  0x000001a65c401660 GCTaskThread "GC Thread#5" [stack: 0x00000083bb300000,0x00000083bb400000] [id=7552]
  0x000001a65d213880 GCTaskThread "GC Thread#6" [stack: 0x00000083bb400000,0x00000083bb500000] [id=5708]
  0x000001a65c2c5410 GCTaskThread "GC Thread#7" [stack: 0x00000083bb500000,0x00000083bb600000] [id=6068]
  0x000001a63940e280 ConcurrentGCThread "G1 Main Marker" [stack: 0x00000083b9400000,0x00000083b9500000] [id=2028]
  0x000001a63940eb40 ConcurrentGCThread "G1 Conc#0" [stack: 0x00000083b9500000,0x00000083b9600000] [id=16020]
  0x000001a65b0e9d40 ConcurrentGCThread "G1 Conc#1" [stack: 0x00000083bb600000,0x00000083bb700000] [id=12996]
  0x000001a655064970 ConcurrentGCThread "G1 Refine#0" [stack: 0x00000083b9600000,0x00000083b9700000] [id=15448]
  0x000001a63944d4d0 ConcurrentGCThread "G1 Service" [stack: 0x00000083b9700000,0x00000083b9800000] [id=12096]

Threads with active compile tasks:
C2 CompilerThread0    28200 7676       4       org.objectweb.asm.ClassReader::readMethod (1066 bytes)
C2 CompilerThread1    28200 7637 %     4       org.objectweb.asm.ClassReader::readCode @ 2186 (5117 bytes)

VM state: at safepoint (normal execution)

VM Mutex/Monitor currently owned by a thread:  ([mutex/lock_event])
[0x000001a639398b40] Threads_lock - owner thread: 0x000001a655347340
[0x000001a639398870] Heap_lock - owner thread: 0x000001a65d563c40

Heap address: 0x0000000080000000, size: 2048 MB, Compressed Oops mode: 32-bit

CDS archive(s) not mapped
Compressed class space mapped at: 0x0000000100000000-0x0000000140000000, reserved size: 1073741824
Narrow klass base: 0x0000000000000000, Narrow klass shift: 3, Narrow klass range: 0x140000000

GC Precious Log:
 CPUs: 8 total, 8 available
 Memory: 11178M
 Large Page Support: Disabled
 NUMA Support: Disabled
 Compressed Oops: Enabled (32-bit)
 Heap Region Size: 1M
 Heap Min Capacity: 8M
 Heap Initial Capacity: 176M
 Heap Max Capacity: 2G
 Pre-touch: Disabled
 Parallel Workers: 8
 Concurrent Workers: 2
 Concurrent Refinement Workers: 8
 Periodic GC: Disabled

Heap:
 garbage-first heap   total 135168K, used 74255K [0x0000000080000000, 0x0000000100000000)
  region size 1024K, 1 young (1024K), 1 survivors (1024K)
 Metaspace       used 60947K, committed 61504K, reserved 1114112K
  class space    used 8257K, committed 8512K, reserved 1048576K

Heap Regions: E=young(eden), S=young(survivor), O=old, HS=humongous(starts), HC=humongous(continues), CS=collection set, F=free, OA=open archive, CA=closed archive, TAMS=top-at-mark-start (previous, next)
|   0|0x0000000080000000, 0x0000000080100000, 0x0000000080100000|100%|HS|  |TAMS 0x0000000080100000, 0x0000000080100000| Complete 
|   1|0x0000000080100000, 0x0000000080200000, 0x0000000080200000|100%|HC|  |TAMS 0x0000000080200000, 0x0000000080200000| Complete 
|   2|0x0000000080200000, 0x0000000080300000, 0x0000000080300000|100%|HC|  |TAMS 0x0000000080300000, 0x0000000080300000| Complete 
|   3|0x0000000080300000, 0x0000000080400000, 0x0000000080400000|100%|HC|  |TAMS 0x0000000080400000, 0x0000000080400000| Complete 
|   4|0x0000000080400000, 0x0000000080400000, 0x0000000080500000|  0%| F|  |TAMS 0x0000000080400000, 0x0000000080400000| Untracked 
|   5|0x0000000080500000, 0x0000000080600000, 0x0000000080600000|100%| O|  |TAMS 0x0000000080600000, 0x0000000080600000| Untracked 
|   6|0x0000000080600000, 0x0000000080700000, 0x0000000080700000|100%| O|  |TAMS 0x0000000080700000, 0x0000000080700000| Untracked 
|   7|0x0000000080700000, 0x0000000080800000, 0x0000000080800000|100%| O|  |TAMS 0x0000000080800000, 0x0000000080800000| Untracked 
|   8|0x0000000080800000, 0x0000000080900000, 0x0000000080900000|100%| O|  |TAMS 0x0000000080900000, 0x0000000080900000| Untracked 
|   9|0x0000000080900000, 0x0000000080a00000, 0x0000000080a00000|100%| O|  |TAMS 0x0000000080a00000, 0x0000000080a00000| Untracked 
|  10|0x0000000080a00000, 0x0000000080aaac00, 0x0000000080b00000| 66%| O|  |TAMS 0x0000000080aaac00, 0x0000000080aaac00| Untracked 
|  11|0x0000000080b00000, 0x0000000080c00000, 0x0000000080c00000|100%| O|  |TAMS 0x0000000080c00000, 0x0000000080c00000| Untracked 
|  12|0x0000000080c00000, 0x0000000080d00000, 0x0000000080d00000|100%| O|  |TAMS 0x0000000080d00000, 0x0000000080d00000| Untracked 
|  13|0x0000000080d00000, 0x0000000080e00000, 0x0000000080e00000|100%| O|  |TAMS 0x0000000080e00000, 0x0000000080e00000| Untracked 
|  14|0x0000000080e00000, 0x0000000080f00000, 0x0000000080f00000|100%| O|  |TAMS 0x0000000080f00000, 0x0000000080f00000| Untracked 
|  15|0x0000000080f00000, 0x0000000081000000, 0x0000000081000000|100%| O|  |TAMS 0x0000000081000000, 0x0000000081000000| Untracked 
|  16|0x0000000081000000, 0x0000000081100000, 0x0000000081100000|100%| O|  |TAMS 0x0000000081100000, 0x0000000081100000| Untracked 
|  17|0x0000000081100000, 0x0000000081200000, 0x0000000081200000|100%| O|  |TAMS 0x0000000081200000, 0x0000000081200000| Untracked 
|  18|0x0000000081200000, 0x0000000081300000, 0x0000000081300000|100%| O|  |TAMS 0x0000000081300000, 0x0000000081300000| Untracked 
|  19|0x0000000081300000, 0x0000000081400000, 0x0000000081400000|100%|HS|  |TAMS 0x0000000081400000, 0x0000000081400000| Complete 
|  20|0x0000000081400000, 0x0000000081500000, 0x0000000081500000|100%|HC|  |TAMS 0x0000000081500000, 0x0000000081500000| Complete 
|  21|0x0000000081500000, 0x0000000081600000, 0x0000000081600000|100%|HS|  |TAMS 0x0000000081600000, 0x0000000081600000| Complete 
|  22|0x0000000081600000, 0x0000000081700000, 0x0000000081700000|100%|HC|  |TAMS 0x0000000081700000, 0x0000000081700000| Complete 
|  23|0x0000000081700000, 0x0000000081800000, 0x0000000081800000|100%|HC|  |TAMS 0x0000000081800000, 0x0000000081800000| Complete 
|  24|0x0000000081800000, 0x0000000081900000, 0x0000000081900000|100%|HS|  |TAMS 0x0000000081900000, 0x0000000081900000| Complete 
|  25|0x0000000081900000, 0x0000000081a00000, 0x0000000081a00000|100%|HC|  |TAMS 0x0000000081a00000, 0x0000000081a00000| Complete 
|  26|0x0000000081a00000, 0x0000000081b00000, 0x0000000081b00000|100%|HC|  |TAMS 0x0000000081b00000, 0x0000000081b00000| Complete 
|  27|0x0000000081b00000, 0x0000000081c00000, 0x0000000081c00000|100%|HS|  |TAMS 0x0000000081c00000, 0x0000000081c00000| Complete 
|  28|0x0000000081c00000, 0x0000000081d00000, 0x0000000081d00000|100%|HC|  |TAMS 0x0000000081d00000, 0x0000000081d00000| Complete 
|  29|0x0000000081d00000, 0x0000000081e00000, 0x0000000081e00000|100%|HC|  |TAMS 0x0000000081e00000, 0x0000000081e00000| Complete 
|  30|0x0000000081e00000, 0x0000000081f00000, 0x0000000081f00000|100%| O|  |TAMS 0x0000000081f00000, 0x0000000081f00000| Untracked 
|  31|0x0000000081f00000, 0x0000000082000000, 0x0000000082000000|100%| O|  |TAMS 0x0000000082000000, 0x0000000082000000| Untracked 
|  32|0x0000000082000000, 0x0000000082100000, 0x0000000082100000|100%| O|  |TAMS 0x0000000082100000, 0x0000000082100000| Untracked 
|  33|0x0000000082100000, 0x0000000082200000, 0x0000000082200000|100%| O|  |TAMS 0x0000000082200000, 0x0000000082200000| Untracked 
|  34|0x0000000082200000, 0x0000000082300000, 0x0000000082300000|100%| O|  |TAMS 0x0000000082300000, 0x0000000082300000| Untracked 
|  35|0x0000000082300000, 0x0000000082400000, 0x0000000082400000|100%| O|  |TAMS 0x0000000082400000, 0x0000000082400000| Untracked 
|  36|0x0000000082400000, 0x0000000082500000, 0x0000000082500000|100%| O|  |TAMS 0x0000000082500000, 0x0000000082500000| Untracked 
|  37|0x0000000082500000, 0x0000000082600000, 0x0000000082600000|100%| O|  |TAMS 0x0000000082600000, 0x0000000082600000| Untracked 
|  38|0x0000000082600000, 0x0000000082700000, 0x0000000082700000|100%| O|  |TAMS 0x0000000082700000, 0x0000000082700000| Untracked 
|  39|0x0000000082700000, 0x0000000082800000, 0x0000000082800000|100%| O|  |TAMS 0x0000000082800000, 0x0000000082800000| Untracked 
|  40|0x0000000082800000, 0x0000000082900000, 0x0000000082900000|100%| O|  |TAMS 0x0000000082900000, 0x0000000082900000| Untracked 
|  41|0x0000000082900000, 0x0000000082a00000, 0x0000000082a00000|100%| O|  |TAMS 0x0000000082a00000, 0x0000000082a00000| Untracked 
|  42|0x0000000082a00000, 0x0000000082b00000, 0x0000000082b00000|100%| O|  |TAMS 0x0000000082b00000, 0x0000000082b00000| Untracked 
|  43|0x0000000082b00000, 0x0000000082c00000, 0x0000000082c00000|100%| O|  |TAMS 0x0000000082c00000, 0x0000000082c00000| Untracked 
|  44|0x0000000082c00000, 0x0000000082d00000, 0x0000000082d00000|100%|HS|  |TAMS 0x0000000082d00000, 0x0000000082d00000| Complete 
|  45|0x0000000082d00000, 0x0000000082e00000, 0x0000000082e00000|100%|HC|  |TAMS 0x0000000082e00000, 0x0000000082e00000| Complete 
|  46|0x0000000082e00000, 0x0000000082f00000, 0x0000000082f00000|100%|HC|  |TAMS 0x0000000082f00000, 0x0000000082f00000| Complete 
|  47|0x0000000082f00000, 0x0000000083000000, 0x0000000083000000|100%| O|  |TAMS 0x0000000083000000, 0x0000000083000000| Untracked 
|  48|0x0000000083000000, 0x0000000083100000, 0x0000000083100000|100%| O|  |TAMS 0x0000000083100000, 0x0000000083100000| Untracked 
|  49|0x0000000083100000, 0x0000000083200000, 0x0000000083200000|100%|HS|  |TAMS 0x0000000083200000, 0x0000000083200000| Complete 
|  50|0x0000000083200000, 0x0000000083300000, 0x0000000083300000|100%|HC|  |TAMS 0x0000000083300000, 0x0000000083300000| Complete 
|  51|0x0000000083300000, 0x0000000083400000, 0x0000000083400000|100%|HC|  |TAMS 0x0000000083400000, 0x0000000083400000| Complete 
|  52|0x0000000083400000, 0x0000000083500000, 0x0000000083500000|100%| O|  |TAMS 0x0000000083500000, 0x0000000083500000| Untracked 
|  53|0x0000000083500000, 0x0000000083600000, 0x0000000083600000|100%|HS|  |TAMS 0x0000000083600000, 0x0000000083600000| Complete 
|  54|0x0000000083600000, 0x0000000083700000, 0x0000000083700000|100%|HC|  |TAMS 0x0000000083700000, 0x0000000083700000| Complete 
|  55|0x0000000083700000, 0x0000000083800000, 0x0000000083800000|100%|HC|  |TAMS 0x0000000083800000, 0x0000000083800000| Complete 
|  56|0x0000000083800000, 0x0000000083900000, 0x0000000083900000|100%| O|  |TAMS 0x0000000083900000, 0x0000000083900000| Untracked 
|  57|0x0000000083900000, 0x0000000083a00000, 0x0000000083a00000|100%| O|  |TAMS 0x0000000083a00000, 0x0000000083a00000| Untracked 
|  58|0x0000000083a00000, 0x0000000083b00000, 0x0000000083b00000|100%| O|  |TAMS 0x0000000083b00000, 0x0000000083b00000| Untracked 
|  59|0x0000000083b00000, 0x0000000083c00000, 0x0000000083c00000|100%| O|  |TAMS 0x0000000083c00000, 0x0000000083c00000| Untracked 
|  60|0x0000000083c00000, 0x0000000083d00000, 0x0000000083d00000|100%| O|  |TAMS 0x0000000083d00000, 0x0000000083d00000| Untracked 
|  61|0x0000000083d00000, 0x0000000083e00000, 0x0000000083e00000|100%| O|  |TAMS 0x0000000083e00000, 0x0000000083e00000| Untracked 
|  62|0x0000000083e00000, 0x0000000083f00000, 0x0000000083f00000|100%| O|  |TAMS 0x0000000083f00000, 0x0000000083f00000| Untracked 
|  63|0x0000000083f00000, 0x0000000084000000, 0x0000000084000000|100%|HS|  |TAMS 0x0000000084000000, 0x0000000084000000| Complete 
|  64|0x0000000084000000, 0x0000000084100000, 0x0000000084100000|100%|HC|  |TAMS 0x0000000084100000, 0x0000000084100000| Complete 
|  65|0x0000000084100000, 0x0000000084200000, 0x0000000084200000|100%|HC|  |TAMS 0x0000000084200000, 0x0000000084200000| Complete 
|  66|0x0000000084200000, 0x0000000084300000, 0x0000000084300000|100%|HC|  |TAMS 0x0000000084300000, 0x0000000084300000| Complete 
|  67|0x0000000084300000, 0x0000000084400000, 0x0000000084400000|100%| O|  |TAMS 0x0000000084400000, 0x0000000084400000| Untracked 
|  68|0x0000000084400000, 0x0000000084500000, 0x0000000084500000|100%| O|  |TAMS 0x0000000084500000, 0x0000000084500000| Untracked 
|  69|0x0000000084500000, 0x0000000084600000, 0x0000000084600000|100%| O|  |TAMS 0x0000000084600000, 0x0000000084600000| Untracked 
|  70|0x0000000084600000, 0x0000000084700000, 0x0000000084700000|100%| O|  |TAMS 0x00000000846d4400, 0x0000000084700000| Untracked 
|  71|0x0000000084700000, 0x0000000084800000, 0x0000000084800000|100%| O|  |TAMS 0x0000000084700000, 0x0000000084800000| Untracked 
|  72|0x0000000084800000, 0x0000000084900000, 0x0000000084900000|100%| O|  |TAMS 0x0000000084800000, 0x0000000084900000| Untracked 
|  73|0x0000000084900000, 0x0000000084953c00, 0x0000000084a00000| 32%| O|  |TAMS 0x0000000084900000, 0x0000000084953c00| Untracked 
|  74|0x0000000084a00000, 0x0000000084a00000, 0x0000000084b00000|  0%| F|  |TAMS 0x0000000084a00000, 0x0000000084a00000| Untracked 
|  75|0x0000000084b00000, 0x0000000084b00000, 0x0000000084c00000|  0%| F|  |TAMS 0x0000000084b00000, 0x0000000084b00000| Untracked 
|  76|0x0000000084c00000, 0x0000000084c00000, 0x0000000084d00000|  0%| F|  |TAMS 0x0000000084c00000, 0x0000000084c00000| Untracked 
|  77|0x0000000084d00000, 0x0000000084d00000, 0x0000000084e00000|  0%| F|  |TAMS 0x0000000084d00000, 0x0000000084d00000| Untracked 
|  78|0x0000000084e00000, 0x0000000084e00000, 0x0000000084f00000|  0%| F|  |TAMS 0x0000000084e00000, 0x0000000084e00000| Untracked 
|  79|0x0000000084f00000, 0x0000000084f00000, 0x0000000085000000|  0%| F|  |TAMS 0x0000000084f00000, 0x0000000084f00000| Untracked 
|  80|0x0000000085000000, 0x0000000085000000, 0x0000000085100000|  0%| F|  |TAMS 0x0000000085000000, 0x0000000085000000| Untracked 
|  81|0x0000000085100000, 0x0000000085100000, 0x0000000085200000|  0%| F|  |TAMS 0x0000000085100000, 0x0000000085100000| Untracked 
|  82|0x0000000085200000, 0x0000000085200000, 0x0000000085300000|  0%| F|  |TAMS 0x0000000085200000, 0x0000000085200000| Untracked 
|  83|0x0000000085300000, 0x0000000085300000, 0x0000000085400000|  0%| F|  |TAMS 0x0000000085300000, 0x0000000085300000| Untracked 
|  84|0x0000000085400000, 0x0000000085400000, 0x0000000085500000|  0%| F|  |TAMS 0x0000000085400000, 0x0000000085400000| Untracked 
|  85|0x0000000085500000, 0x0000000085500000, 0x0000000085600000|  0%| F|  |TAMS 0x0000000085500000, 0x0000000085500000| Untracked 
|  86|0x0000000085600000, 0x0000000085600000, 0x0000000085700000|  0%| F|  |TAMS 0x0000000085600000, 0x0000000085600000| Untracked 
|  87|0x0000000085700000, 0x0000000085700000, 0x0000000085800000|  0%| F|  |TAMS 0x0000000085700000, 0x0000000085700000| Untracked 
|  88|0x0000000085800000, 0x0000000085800000, 0x0000000085900000|  0%| F|  |TAMS 0x0000000085800000, 0x0000000085800000| Untracked 
|  89|0x0000000085900000, 0x0000000085900000, 0x0000000085a00000|  0%| F|  |TAMS 0x0000000085900000, 0x0000000085900000| Untracked 
|  90|0x0000000085a00000, 0x0000000085a00000, 0x0000000085b00000|  0%| F|  |TAMS 0x0000000085a00000, 0x0000000085a00000| Untracked 
|  91|0x0000000085b00000, 0x0000000085b00000, 0x0000000085c00000|  0%| F|  |TAMS 0x0000000085b00000, 0x0000000085b00000| Untracked 
|  92|0x0000000085c00000, 0x0000000085c855c8, 0x0000000085d00000| 52%| S|CS|TAMS 0x0000000085c00000, 0x0000000085c00000| Complete 
|  93|0x0000000085d00000, 0x0000000085d00000, 0x0000000085e00000|  0%| F|  |TAMS 0x0000000085d00000, 0x0000000085d00000| Untracked 
|  94|0x0000000085e00000, 0x0000000085e00000, 0x0000000085f00000|  0%| F|  |TAMS 0x0000000085e00000, 0x0000000085e00000| Untracked 
|  95|0x0000000085f00000, 0x0000000085f00000, 0x0000000086000000|  0%| F|  |TAMS 0x0000000085f00000, 0x0000000085f00000| Untracked 
|  96|0x0000000086000000, 0x0000000086000000, 0x0000000086100000|  0%| F|  |TAMS 0x0000000086000000, 0x0000000086000000| Untracked 
|  97|0x0000000086100000, 0x0000000086100000, 0x0000000086200000|  0%| F|  |TAMS 0x0000000086100000, 0x0000000086100000| Untracked 
|  98|0x0000000086200000, 0x0000000086200000, 0x0000000086300000|  0%| F|  |TAMS 0x0000000086200000, 0x0000000086200000| Untracked 
|  99|0x0000000086300000, 0x0000000086300000, 0x0000000086400000|  0%| F|  |TAMS 0x0000000086300000, 0x0000000086300000| Untracked 
| 100|0x0000000086400000, 0x0000000086400000, 0x0000000086500000|  0%| F|  |TAMS 0x0000000086400000, 0x0000000086400000| Untracked 
| 101|0x0000000086500000, 0x0000000086500000, 0x0000000086600000|  0%| F|  |TAMS 0x0000000086500000, 0x0000000086500000| Untracked 
| 102|0x0000000086600000, 0x0000000086600000, 0x0000000086700000|  0%| F|  |TAMS 0x0000000086600000, 0x0000000086600000| Untracked 
| 103|0x0000000086700000, 0x0000000086700000, 0x0000000086800000|  0%| F|  |TAMS 0x0000000086700000, 0x0000000086700000| Untracked 
| 104|0x0000000086800000, 0x0000000086800000, 0x0000000086900000|  0%| F|  |TAMS 0x0000000086800000, 0x0000000086800000| Untracked 
| 105|0x0000000086900000, 0x0000000086900000, 0x0000000086a00000|  0%| F|  |TAMS 0x0000000086900000, 0x0000000086900000| Untracked 
| 106|0x0000000086a00000, 0x0000000086a00000, 0x0000000086b00000|  0%| F|  |TAMS 0x0000000086a00000, 0x0000000086a00000| Untracked 
| 107|0x0000000086b00000, 0x0000000086b00000, 0x0000000086c00000|  0%| F|  |TAMS 0x0000000086b00000, 0x0000000086b00000| Untracked 
| 108|0x0000000086c00000, 0x0000000086c00000, 0x0000000086d00000|  0%| F|  |TAMS 0x0000000086c00000, 0x0000000086c00000| Untracked 
| 109|0x0000000086d00000, 0x0000000086d00000, 0x0000000086e00000|  0%| F|  |TAMS 0x0000000086d00000, 0x0000000086d00000| Untracked 
| 110|0x0000000086e00000, 0x0000000086e00000, 0x0000000086f00000|  0%| F|  |TAMS 0x0000000086e00000, 0x0000000086e00000| Untracked 
| 111|0x0000000086f00000, 0x0000000086f00000, 0x0000000087000000|  0%| F|  |TAMS 0x0000000086f00000, 0x0000000086f00000| Untracked 
| 112|0x0000000087000000, 0x0000000087000000, 0x0000000087100000|  0%| F|  |TAMS 0x0000000087000000, 0x0000000087000000| Untracked 
| 113|0x0000000087100000, 0x0000000087100000, 0x0000000087200000|  0%| F|  |TAMS 0x0000000087100000, 0x0000000087100000| Untracked 
| 114|0x0000000087200000, 0x0000000087200000, 0x0000000087300000|  0%| F|  |TAMS 0x0000000087200000, 0x0000000087200000| Untracked 
| 115|0x0000000087300000, 0x0000000087300000, 0x0000000087400000|  0%| F|  |TAMS 0x0000000087300000, 0x0000000087300000| Untracked 
| 116|0x0000000087400000, 0x0000000087400000, 0x0000000087500000|  0%| F|  |TAMS 0x0000000087400000, 0x0000000087400000| Untracked 
| 117|0x0000000087500000, 0x0000000087500000, 0x0000000087600000|  0%| F|  |TAMS 0x0000000087500000, 0x0000000087500000| Untracked 
| 118|0x0000000087600000, 0x0000000087600000, 0x0000000087700000|  0%| F|  |TAMS 0x0000000087600000, 0x0000000087600000| Untracked 
| 119|0x0000000087700000, 0x0000000087700000, 0x0000000087800000|  0%| F|  |TAMS 0x0000000087700000, 0x0000000087700000| Untracked 
| 120|0x0000000087800000, 0x0000000087800000, 0x0000000087900000|  0%| F|  |TAMS 0x0000000087800000, 0x0000000087800000| Untracked 
| 121|0x0000000087900000, 0x0000000087900000, 0x0000000087a00000|  0%| F|  |TAMS 0x0000000087900000, 0x0000000087900000| Untracked 
| 122|0x0000000087a00000, 0x0000000087a00000, 0x0000000087b00000|  0%| F|  |TAMS 0x0000000087a00000, 0x0000000087a00000| Untracked 
| 123|0x0000000087b00000, 0x0000000087b00000, 0x0000000087c00000|  0%| F|  |TAMS 0x0000000087b00000, 0x0000000087b00000| Untracked 
| 124|0x0000000087c00000, 0x0000000087c00000, 0x0000000087d00000|  0%| F|  |TAMS 0x0000000087c00000, 0x0000000087c00000| Untracked 
| 125|0x0000000087d00000, 0x0000000087d00000, 0x0000000087e00000|  0%| F|  |TAMS 0x0000000087d00000, 0x0000000087d00000| Untracked 
| 126|0x0000000087e00000, 0x0000000087e00000, 0x0000000087f00000|  0%| F|  |TAMS 0x0000000087e00000, 0x0000000087e00000| Untracked 
| 127|0x0000000087f00000, 0x0000000087f00000, 0x0000000088000000|  0%| F|  |TAMS 0x0000000087f00000, 0x0000000087f00000| Untracked 
| 128|0x0000000088000000, 0x0000000088000000, 0x0000000088100000|  0%| F|  |TAMS 0x0000000088000000, 0x0000000088000000| Untracked 
| 129|0x0000000088100000, 0x0000000088100000, 0x0000000088200000|  0%| F|  |TAMS 0x0000000088100000, 0x0000000088100000| Untracked 
| 130|0x0000000088200000, 0x0000000088200000, 0x0000000088300000|  0%| F|  |TAMS 0x0000000088200000, 0x0000000088200000| Untracked 
| 175|0x000000008af00000, 0x000000008af00000, 0x000000008b000000|  0%| F|  |TAMS 0x000000008af00000, 0x000000008af00000| Untracked 

Card table byte_map: [0x000001a64dee0000,0x000001a64e2e0000] _byte_map_base: 0x000001a64dae0000

Marking Bits (Prev, Next): (CMBitMap*) 0x000001a6393fd140, (CMBitMap*) 0x000001a6393fd180
 Prev Bits: [0x000001a64e6e0000, 0x000001a6506e0000)
 Next Bits: [0x000001a6506e0000, 0x000001a6526e0000)

Polling page: 0x000001a639450000

Metaspace:

Usage:
  Non-class:     51.46 MB used.
      Class:      8.06 MB used.
       Both:     59.52 MB used.

Virtual space:
  Non-class space:       64.00 MB reserved,      51.75 MB ( 81%) committed,  1 nodes.
      Class space:        1.00 GB reserved,       8.31 MB ( <1%) committed,  1 nodes.
             Both:        1.06 GB reserved,      60.06 MB (  6%) committed. 

Chunk freelists:
   Non-Class:  11.88 MB
       Class:  7.69 MB
        Both:  19.56 MB

MaxMetaspaceSize: unlimited
CompressedClassSpaceSize: 1.00 GB
Initial GC threshold: 21.00 MB
Current GC threshold: 100.00 MB
CDS: off
MetaspaceReclaimPolicy: balanced
 - commit_granule_bytes: 65536.
 - commit_granule_words: 8192.
 - virtual_space_node_default_size: 8388608.
 - enlarge_chunks_in_place: 1.
 - new_chunks_are_fully_committed: 0.
 - uncommit_free_chunks: 1.
 - use_allocation_guard: 0.
 - handle_deallocations: 1.


Internal statistics:

num_allocs_failed_limit: 3.
num_arena_births: 722.
num_arena_deaths: 0.
num_vsnodes_births: 2.
num_vsnodes_deaths: 0.
num_space_committed: 961.
num_space_uncommitted: 0.
num_chunks_returned_to_freelist: 3.
num_chunks_taken_from_freelist: 2865.
num_chunk_merges: 3.
num_chunk_splits: 1842.
num_chunks_enlarged: 1206.
num_inconsistent_stats: 0.

CodeHeap 'non-profiled nmethods': size=120000Kb used=3517Kb max_used=3517Kb free=116482Kb
 bounds [0x000001a645b40000, 0x000001a645eb0000, 0x000001a64d070000]
CodeHeap 'profiled nmethods': size=120000Kb used=13363Kb max_used=13363Kb free=106636Kb
 bounds [0x000001a63e070000, 0x000001a63ed80000, 0x000001a6455a0000]
CodeHeap 'non-nmethods': size=5760Kb used=2327Kb max_used=2398Kb free=3433Kb
 bounds [0x000001a6455a0000, 0x000001a645810000, 0x000001a645b40000]
 total_blobs=7761 nmethods=6914 adapters=759
 compilation: enabled
              stopped_count=0, restarted_count=0
 full_count=0

Compilation events (20 events):
Event: 27.776 Thread 0x000001a655391e50 7732       2       sun.util.locale.provider.DecimalFormatSymbolsProviderImpl::getInstance (21 bytes)
Event: 27.776 Thread 0x000001a655391e50 nmethod 7732 0x000001a63ed77c10 code [0x000001a63ed77dc0, 0x000001a63ed78018]
Event: 27.776 Thread 0x000001a655391e50 7733       2       java.lang.StringUTF16$CharsSpliterator::tryAdvance (57 bytes)
Event: 27.777 Thread 0x000001a655391e50 nmethod 7733 0x000001a63ed78110 code [0x000001a63ed782e0, 0x000001a63ed78588]
Event: 27.777 Thread 0x000001a655391e50 7734       2       com.google.common.collect.Iterators::peekingIterator (23 bytes)
Event: 27.777 Thread 0x000001a655391e50 nmethod 7734 0x000001a63ed78710 code [0x000001a63ed788c0, 0x000001a63ed78c08]
Event: 27.777 Thread 0x000001a655391e50 7735       2       com.google.common.collect.Iterators$PeekingImpl::<init> (16 bytes)
Event: 27.778 Thread 0x000001a655391e50 nmethod 7735 0x000001a63ed78d90 code [0x000001a63ed78f40, 0x000001a63ed791a8]
Event: 27.820 Thread 0x000001a655391e50 7736 %     3       org.objectweb.asm.ClassReader::readParameterAnnotations @ 36 (106 bytes)
Event: 27.821 Thread 0x000001a655391e50 nmethod 7736% 0x000001a63ed79290 code [0x000001a63ed794a0, 0x000001a63ed79c98]
Event: 27.943 Thread 0x000001a655391e50 7738       2       org.objectweb.asm.SymbolTable::addConstantUtf8Reference (101 bytes)
Event: 27.944 Thread 0x000001a655391e50 nmethod 7738 0x000001a63ed7a090 code [0x000001a63ed7a280, 0x000001a63ed7a638]
Event: 28.067 Thread 0x000001a655391e50 7741       2       org.gradle.internal.classpath.transforms.LambdaSerializationTransformer::generateLambdaDeserializeMethod (60 bytes)
Event: 28.070 Thread 0x000001a655391e50 nmethod 7741 0x000001a63ed7a910 code [0x000001a63ed7ab60, 0x000001a63ed7b548]
Event: 28.074 Thread 0x000001a655391e50 7742       2       java.util.Formatter$Conversion::isText (34 bytes)
Event: 28.074 Thread 0x000001a655391e50 nmethod 7742 0x000001a63ed7ba10 code [0x000001a63ed7bba0, 0x000001a63ed7bcb8]
Event: 28.074 Thread 0x000001a655391e50 7743       2       java.util.Formatter$FormatSpecifier::print (230 bytes)
Event: 28.076 Thread 0x000001a655391e50 nmethod 7743 0x000001a63ed7bd90 code [0x000001a63ed7bfe0, 0x000001a63ed7c4a8]
Event: 28.076 Thread 0x000001a655391e50 7744       2       java.util.Formatter$FormatSpecifier::appendJustified (91 bytes)
Event: 28.076 Thread 0x000001a655391e50 nmethod 7744 0x000001a63ed7c690 code [0x000001a63ed7c880, 0x000001a63ed7cb68]

GC Heap History (20 events):
Event: 23.617 GC heap after
{Heap after GC invocations=28 (full 0):
 garbage-first heap   total 109568K, used 61886K [0x0000000080000000, 0x0000000100000000)
  region size 1024K, 2 young (2048K), 2 survivors (2048K)
 Metaspace       used 54747K, committed 55296K, reserved 1114112K
  class space    used 7364K, committed 7616K, reserved 1048576K
}
Event: 24.176 GC heap before
{Heap before GC invocations=29 (full 0):
 garbage-first heap   total 109568K, used 84414K [0x0000000080000000, 0x0000000100000000)
  region size 1024K, 24 young (24576K), 2 survivors (2048K)
 Metaspace       used 56882K, committed 57408K, reserved 1114112K
  class space    used 7748K, committed 8000K, reserved 1048576K
}
Event: 24.181 GC heap after
{Heap after GC invocations=30 (full 0):
 garbage-first heap   total 109568K, used 63432K [0x0000000080000000, 0x0000000100000000)
  region size 1024K, 3 young (3072K), 3 survivors (3072K)
 Metaspace       used 56882K, committed 57408K, reserved 1114112K
  class space    used 7748K, committed 8000K, reserved 1048576K
}
Event: 24.758 GC heap before
{Heap before GC invocations=30 (full 0):
 garbage-first heap   total 109568K, used 86984K [0x0000000080000000, 0x0000000100000000)
  region size 1024K, 26 young (26624K), 3 survivors (3072K)
 Metaspace       used 59180K, committed 59776K, reserved 1114112K
  class space    used 8105K, committed 8384K, reserved 1048576K
}
Event: 24.767 GC heap after
{Heap after GC invocations=31 (full 0):
 garbage-first heap   total 132096K, used 65397K [0x0000000080000000, 0x0000000100000000)
  region size 1024K, 4 young (4096K), 4 survivors (4096K)
 Metaspace       used 59180K, committed 59776K, reserved 1114112K
  class space    used 8105K, committed 8384K, reserved 1048576K
}
Event: 25.774 GC heap before
{Heap before GC invocations=32 (full 0):
 garbage-first heap   total 132096K, used 96117K [0x0000000080000000, 0x0000000100000000)
  region size 1024K, 36 young (36864K), 4 survivors (4096K)
 Metaspace       used 60180K, committed 60800K, reserved 1114112K
  class space    used 8212K, committed 8512K, reserved 1048576K
}
Event: 25.784 GC heap after
{Heap after GC invocations=33 (full 0):
 garbage-first heap   total 132096K, used 68377K [0x0000000080000000, 0x0000000100000000)
  region size 1024K, 5 young (5120K), 5 survivors (5120K)
 Metaspace       used 60180K, committed 60800K, reserved 1114112K
  class space    used 8212K, committed 8512K, reserved 1048576K
}
Event: 26.347 GC heap before
{Heap before GC invocations=34 (full 0):
 garbage-first heap   total 132096K, used 107289K [0x0000000080000000, 0x0000000100000000)
  region size 1024K, 40 young (40960K), 5 survivors (5120K)
 Metaspace       used 60677K, committed 61312K, reserved 1114112K
  class space    used 8237K, committed 8512K, reserved 1048576K
}
Event: 26.353 GC heap after
{Heap after GC invocations=35 (full 0):
 garbage-first heap   total 132096K, used 73862K [0x0000000080000000, 0x0000000100000000)
  region size 1024K, 2 young (2048K), 2 survivors (2048K)
 Metaspace       used 60677K, committed 61312K, reserved 1114112K
  class space    used 8237K, committed 8512K, reserved 1048576K
}
Event: 26.666 GC heap before
{Heap before GC invocations=35 (full 0):
 garbage-first heap   total 132096K, used 107654K [0x0000000080000000, 0x0000000100000000)
  region size 1024K, 35 young (35840K), 2 survivors (2048K)
 Metaspace       used 60759K, committed 61376K, reserved 1114112K
  class space    used 8237K, committed 8512K, reserved 1048576K
}
Event: 26.669 GC heap after
{Heap after GC invocations=36 (full 0):
 garbage-first heap   total 132096K, used 73629K [0x0000000080000000, 0x0000000100000000)
  region size 1024K, 2 young (2048K), 2 survivors (2048K)
 Metaspace       used 60759K, committed 61376K, reserved 1114112K
  class space    used 8237K, committed 8512K, reserved 1048576K
}
Event: 26.997 GC heap before
{Heap before GC invocations=37 (full 0):
 garbage-first heap   total 135168K, used 108445K [0x0000000080000000, 0x0000000100000000)
  region size 1024K, 36 young (36864K), 2 survivors (2048K)
 Metaspace       used 60772K, committed 61440K, reserved 1114112K
  class space    used 8237K, committed 8512K, reserved 1048576K
}
Event: 27.000 GC heap after
{Heap after GC invocations=38 (full 0):
 garbage-first heap   total 135168K, used 73899K [0x0000000080000000, 0x0000000100000000)
  region size 1024K, 2 young (2048K), 2 survivors (2048K)
 Metaspace       used 60772K, committed 61440K, reserved 1114112K
  class space    used 8237K, committed 8512K, reserved 1048576K
}
Event: 27.359 GC heap before
{Heap before GC invocations=38 (full 0):
 garbage-first heap   total 135168K, used 111787K [0x0000000080000000, 0x0000000100000000)
  region size 1024K, 39 young (39936K), 2 survivors (2048K)
 Metaspace       used 60909K, committed 61504K, reserved 1114112K
  class space    used 8257K, committed 8512K, reserved 1048576K
}
Event: 27.362 GC heap after
{Heap after GC invocations=39 (full 0):
 garbage-first heap   total 135168K, used 74052K [0x0000000080000000, 0x0000000100000000)
  region size 1024K, 2 young (2048K), 2 survivors (2048K)
 Metaspace       used 60909K, committed 61504K, reserved 1114112K
  class space    used 8257K, committed 8512K, reserved 1048576K
}
Event: 27.758 GC heap before
{Heap before GC invocations=40 (full 0):
 garbage-first heap   total 135168K, used 112964K [0x0000000080000000, 0x0000000100000000)
  region size 1024K, 40 young (40960K), 2 survivors (2048K)
 Metaspace       used 60929K, committed 61504K, reserved 1114112K
  class space    used 8257K, committed 8512K, reserved 1048576K
}
Event: 27.763 GC heap after
{Heap after GC invocations=41 (full 0):
 garbage-first heap   total 135168K, used 74332K [0x0000000080000000, 0x0000000100000000)
  region size 1024K, 3 young (3072K), 3 survivors (3072K)
 Metaspace       used 60929K, committed 61504K, reserved 1114112K
  class space    used 8257K, committed 8512K, reserved 1048576K
}
Event: 27.793 GC heap before
{Heap before GC invocations=41 (full 0):
 garbage-first heap   total 135168K, used 77404K [0x0000000080000000, 0x0000000100000000)
  region size 1024K, 6 young (6144K), 3 survivors (3072K)
 Metaspace       used 60934K, committed 61504K, reserved 1114112K
  class space    used 8257K, committed 8512K, reserved 1048576K
}
Event: 27.797 GC heap after
{Heap after GC invocations=42 (full 0):
 garbage-first heap   total 135168K, used 74079K [0x0000000080000000, 0x0000000100000000)
  region size 1024K, 1 young (1024K), 1 survivors (1024K)
 Metaspace       used 60934K, committed 61504K, reserved 1114112K
  class space    used 8257K, committed 8512K, reserved 1048576K
}
Event: 28.157 GC heap before
{Heap before GC invocations=42 (full 0):
 garbage-first heap   total 135168K, used 112991K [0x0000000080000000, 0x0000000100000000)
  region size 1024K, 39 young (39936K), 1 survivors (1024K)
 Metaspace       used 60947K, committed 61504K, reserved 1114112K
  class space    used 8257K, committed 8512K, reserved 1048576K
}

Dll operation events (3 events):
Event: 0.017 Loaded shared library C:\Program Files\Android\Android Studio\jbr\bin\java.dll
Event: 0.228 Loaded shared library C:\Program Files\Android\Android Studio\jbr\bin\zip.dll
Event: 0.793 Loaded shared library C:\Program Files\Android\Android Studio\jbr\bin\verify.dll

Deoptimization events (20 events):
Event: 27.907 Thread 0x000001a65d563c40 DEOPT PACKING pc=0x000001a63e8df15a sp=0x00000083bdffb4b0
Event: 27.907 Thread 0x000001a65d563c40 DEOPT UNPACKING pc=0x000001a6455f7143 sp=0x00000083bdffabc0 mode 0
Event: 27.915 Thread 0x000001a65d563c40 DEOPT PACKING pc=0x000001a63e8df15a sp=0x00000083bdffb4b0
Event: 27.915 Thread 0x000001a65d563c40 DEOPT UNPACKING pc=0x000001a6455f7143 sp=0x00000083bdffabc0 mode 0
Event: 27.922 Thread 0x000001a65d563c40 DEOPT PACKING pc=0x000001a63e8df15a sp=0x00000083bdffb4b0
Event: 27.922 Thread 0x000001a65d563c40 DEOPT UNPACKING pc=0x000001a6455f7143 sp=0x00000083bdffabc0 mode 0
Event: 27.928 Thread 0x000001a65d563c40 DEOPT PACKING pc=0x000001a63e8df15a sp=0x00000083bdffb4b0
Event: 27.929 Thread 0x000001a65d563c40 DEOPT UNPACKING pc=0x000001a6455f7143 sp=0x00000083bdffabc0 mode 0
Event: 27.942 Thread 0x000001a65d563c40 Uncommon trap: trap_request=0xffffff45 fr.pc=0x000001a645dd6d48 relative=0x0000000000000bc8
Event: 27.942 Thread 0x000001a65d563c40 Uncommon trap: reason=unstable_if action=reinterpret pc=0x000001a645dd6d48 method=org.objectweb.asm.SymbolTable.addConstantUtf8Reference(ILjava/lang/String;)Lorg/objectweb/asm/Symbol; @ 45 c2
Event: 27.942 Thread 0x000001a65d563c40 DEOPT PACKING pc=0x000001a645dd6d48 sp=0x00000083bdffb1e0
Event: 27.942 Thread 0x000001a65d563c40 DEOPT UNPACKING pc=0x000001a6455f69a3 sp=0x00000083bdffb1a8 mode 2
Event: 27.992 Thread 0x000001a65d563c40 DEOPT PACKING pc=0x000001a63e8df15a sp=0x00000083bdffb4b0
Event: 27.993 Thread 0x000001a65d563c40 DEOPT UNPACKING pc=0x000001a6455f7143 sp=0x00000083bdffabc0 mode 0
Event: 28.033 Thread 0x000001a65d563c40 DEOPT PACKING pc=0x000001a63e8df15a sp=0x00000083bdffb4b0
Event: 28.033 Thread 0x000001a65d563c40 DEOPT UNPACKING pc=0x000001a6455f7143 sp=0x00000083bdffabc0 mode 0
Event: 28.116 Thread 0x000001a65d563c40 DEOPT PACKING pc=0x000001a63e8df15a sp=0x00000083bdffb4b0
Event: 28.116 Thread 0x000001a65d563c40 DEOPT UNPACKING pc=0x000001a6455f7143 sp=0x00000083bdffabc0 mode 0
Event: 28.132 Thread 0x000001a65d563c40 DEOPT PACKING pc=0x000001a63e8df15a sp=0x00000083bdffb4b0
Event: 28.132 Thread 0x000001a65d563c40 DEOPT UNPACKING pc=0x000001a6455f7143 sp=0x00000083bdffabc0 mode 0

Classes unloaded (0 events):
No events

Classes redefined (0 events):
No events

Internal exceptions (20 events):
Event: 23.669 Thread 0x000001a65cac33f0 Exception <a 'java/lang/ClassNotFoundException'{0x0000000087b72248}: org/jetbrains/plugins/gradle/model/web/WebConfigurationCustomizer> (0x0000000087b72248) 
thrown [s\src\hotspot\share\classfile\systemDictionary.cpp, line 256]
Event: 23.885 Thread 0x000001a65cac33f0 Exception <a 'java/lang/ClassNotFoundException'{0x00000000860154f0}: org/gradle/api/internal/project/DefaultProject_DecoratedBeanInfo> (0x00000000860154f0) 
thrown [s\src\hotspot\share\classfile\systemDictionary.cpp, line 256]
Event: 23.886 Thread 0x000001a65cac33f0 Exception <a 'java/lang/ClassNotFoundException'{0x0000000086022978}: org/gradle/api/internal/project/DefaultProjectBeanInfo> (0x0000000086022978) 
thrown [s\src\hotspot\share\classfile\systemDictionary.cpp, line 256]
Event: 23.886 Thread 0x000001a65cac33f0 Exception <a 'java/lang/ClassNotFoundException'{0x000000008602f8d8}: org/gradle/api/internal/project/DefaultProjectCustomizer> (0x000000008602f8d8) 
thrown [s\src\hotspot\share\classfile\systemDictionary.cpp, line 256]
Event: 23.894 Thread 0x000001a65cac33f0 Exception <a 'java/lang/ClassNotFoundException'{0x00000000860d9c90}: org/gradle/api/internal/project/DefaultProject_DecoratedCustomizer> (0x00000000860d9c90) 
thrown [s\src\hotspot\share\classfile\systemDictionary.cpp, line 256]
Event: 24.110 Thread 0x000001a65cac33f0 Exception <a 'java/lang/NoSuchMethodError'{0x000000008576a800}: 'long java.lang.invoke.DirectMethodHandle$Holder.invokeStatic(java.lang.Object, long)'> (0x000000008576a800) 
thrown [s\src\hotspot\share\interpreter\linkResolver.cpp, line 771]
Event: 24.255 Thread 0x000001a65cac33f0 Exception <a 'java/lang/NoSuchMethodError'{0x00000000879504a0}: 'void java.lang.invoke.DirectMethodHandle$Holder.invokeStatic(java.lang.Object, java.lang.Object, java.lang.Object, java.lang.Object, java.lang.Object, java.lang.Object)'> (0x00000000879504a0) 
thrown [s\src\hotspot\share\interpreter\linkResolver.cpp, line 771]
Event: 24.278 Thread 0x000001a65cac33f0 Exception <a 'java/lang/NoSuchMethodError'{0x00000000879d6118}: 'java.lang.Object java.lang.invoke.DirectMethodHandle$Holder.invokeSpecial(java.lang.Object, java.lang.Object, java.lang.Object, java.lang.Object, java.lang.Object, java.lang.Object, java.lang.Object, java.lang.Object, java.lang.Object, java.lang.Object, java.lang.Object, java.lang.Object, java.lang.Object, java.lang.Object, java.lang.Object, java.lang.Object, java.lang.Object, java.lang.Object, java.lang.Object, java.lang.Object, java.lang.Ob
Event: 24.278 Thread 0x000001a65cac33f0 Exception <a 'java/lang/NoSuchMethodError'{0x00000000879dc380}: 'java.lang.Object java.lang.invoke.DelegatingMethodHandle$Holder.reinvoke_L(java.lang.Object, java.lang.Object, java.lang.Object, java.lang.Object, java.lang.Object, java.lang.Object, java.lang.Object, java.lang.Object, java.lang.Object, java.lang.Object, java.lang.Object, java.lang.Object, java.lang.Object, java.lang.Object, java.lang.Object, java.lang.Object, java.lang.Object, java.lang.Object, java.lang.Object, java.lang.Object, java.lang.O
Event: 24.279 Thread 0x000001a65cac33f0 Exception <a 'java/lang/NoSuchMethodError'{0x00000000879fe6c8}: 'java.lang.Object java.lang.invoke.Invokers$Holder.invoker(java.lang.Object, java.lang.Object, java.lang.Object, java.lang.Object, java.lang.Object, java.lang.Object, java.lang.Object, java.lang.Object, java.lang.Object, java.lang.Object, java.lang.Object, java.lang.Object, java.lang.Object, java.lang.Object, java.lang.Object, java.lang.Object, java.lang.Object, java.lang.Object, java.lang.Object, java.lang.Object, java.lang.Object, java.lang.
Event: 24.280 Thread 0x000001a65cac33f0 Exception <a 'java/lang/NoSuchMethodError'{0x0000000087805840}: 'java.lang.Object java.lang.invoke.DelegatingMethodHandle$Holder.delegate(java.lang.Object, java.lang.Object, java.lang.Object, java.lang.Object, java.lang.Object, java.lang.Object, java.lang.Object, java.lang.Object, java.lang.Object, java.lang.Object, java.lang.Object, java.lang.Object, java.lang.Object, java.lang.Object, java.lang.Object, java.lang.Object, java.lang.Object, java.lang.Object, java.lang.Object, java.lang.Object, java.lang.Obj
Event: 24.296 Thread 0x000001a65cac33f0 Exception <a 'java/lang/NoSuchMethodError'{0x00000000878d1688}: 'java.lang.Object java.lang.invoke.DirectMethodHandle$Holder.invokeStatic(java.lang.Object, java.lang.Object, java.lang.Object, java.lang.Object, java.lang.Object, java.lang.Object, java.lang.Object, java.lang.Object, java.lang.Object, java.lang.Object, java.lang.Object, java.lang.Object, java.lang.Object, java.lang.Object, java.lang.Object, java.lang.Object, java.lang.Object, java.lang.Object, java.lang.Object, java.lang.Object, java.lang.Obj
Event: 24.485 Thread 0x000001a65cac33f0 Exception <a 'java/lang/NoSuchMethodError'{0x0000000085efad80}: 'int java.lang.invoke.DirectMethodHandle$Holder.invokeSpecialIFC(java.lang.Object, java.lang.Object, java.lang.Object)'> (0x0000000085efad80) 
thrown [s\src\hotspot\share\interpreter\linkResolver.cpp, line 771]
Event: 24.557 Thread 0x000001a65cac33f0 Exception <a 'java/lang/NoSuchMethodError'{0x0000000085ab4f48}: 'java.lang.Object java.lang.invoke.DirectMethodHandle$Holder.newInvokeSpecial(java.lang.Object, java.lang.Object, java.lang.Object, java.lang.Object, java.lang.Object, int)'> (0x0000000085ab4f48) 
thrown [s\src\hotspot\share\interpreter\linkResolver.cpp, line 771]
Event: 24.557 Thread 0x000001a65cac33f0 Exception <a 'java/lang/NoSuchMethodError'{0x0000000085aba648}: 'java.lang.Object java.lang.invoke.DirectMethodHandle$Holder.invokeSpecial(java.lang.Object, java.lang.Object, java.lang.Object, java.lang.Object, java.lang.Object, java.lang.Object, int)'> (0x0000000085aba648) 
thrown [s\src\hotspot\share\interpreter\linkResolver.cpp, line 771]
Event: 24.558 Thread 0x000001a65cac33f0 Exception <a 'java/lang/NoSuchMethodError'{0x0000000085abf6d0}: 'java.lang.Object java.lang.invoke.Invokers$Holder.linkToTargetMethod(java.lang.Object, java.lang.Object, java.lang.Object, java.lang.Object, int, java.lang.Object)'> (0x0000000085abf6d0) 
thrown [s\src\hotspot\share\interpreter\linkResolver.cpp, line 771]
Event: 24.564 Thread 0x000001a65cac33f0 Exception <a 'java/lang/NoSuchMethodError'{0x0000000085aff1c8}: 'java.lang.Object java.lang.invoke.DirectMethodHandle$Holder.invokeSpecial(java.lang.Object, java.lang.Object, java.lang.Object, java.lang.Object, java.lang.Object, long)'> (0x0000000085aff1c8) 
thrown [s\src\hotspot\share\interpreter\linkResolver.cpp, line 771]
Event: 24.567 Thread 0x000001a65cac33f0 Exception <a 'java/lang/NoSuchMethodError'{0x0000000085922dd0}: 'void java.lang.invoke.DirectMethodHandle$Holder.invokeStatic(java.lang.Object, java.lang.Object, java.lang.Object, int, java.lang.Object)'> (0x0000000085922dd0) 
thrown [s\src\hotspot\share\interpreter\linkResolver.cpp, line 771]
Event: 25.650 Thread 0x000001a65d563c40 Exception <a 'java/lang/IncompatibleClassChangeError'{0x0000000086668520}: Found class java.lang.Object, but interface was expected> (0x0000000086668520) 
thrown [s\src\hotspot\share\interpreter\linkResolver.cpp, line 838]
Event: 25.768 Thread 0x000001a65d563c40 Exception <a 'sun/nio/fs/WindowsException'{0x00000000862d8c90}> (0x00000000862d8c90) 
thrown [s\src\hotspot\share\prims\jni.cpp, line 517]

VM Operations (20 events):
Event: 26.734 Executing VM operation: G1PauseRemark done
Event: 26.756 Executing VM operation: G1PauseCleanup
Event: 26.756 Executing VM operation: G1PauseCleanup done
Event: 26.997 Executing VM operation: G1CollectForAllocation
Event: 27.000 Executing VM operation: G1CollectForAllocation done
Event: 27.055 Executing VM operation: HandshakeAllThreads
Event: 27.056 Executing VM operation: HandshakeAllThreads done
Event: 27.058 Executing VM operation: HandshakeAllThreads
Event: 27.058 Executing VM operation: HandshakeAllThreads done
Event: 27.359 Executing VM operation: G1CollectForAllocation
Event: 27.362 Executing VM operation: G1CollectForAllocation done
Event: 27.433 Executing VM operation: G1PauseRemark
Event: 27.440 Executing VM operation: G1PauseRemark done
Event: 27.470 Executing VM operation: G1PauseCleanup
Event: 27.470 Executing VM operation: G1PauseCleanup done
Event: 27.758 Executing VM operation: G1CollectForAllocation
Event: 27.764 Executing VM operation: G1CollectForAllocation done
Event: 27.793 Executing VM operation: G1CollectForAllocation
Event: 27.797 Executing VM operation: G1CollectForAllocation done
Event: 28.157 Executing VM operation: G1CollectForAllocation

Events (20 events):
Event: 24.935 loading class java/util/Comparators$NaturalOrderComparator
Event: 24.935 loading class java/util/Comparators$NaturalOrderComparator done
Event: 24.935 loading class java/util/Collections$ReverseComparator2
Event: 24.935 loading class java/util/Collections$ReverseComparator2 done
Event: 25.102 Thread 0x000001a65bdd7250 Thread added: 0x000001a65bdd7250
Event: 25.103 Thread 0x000001a65bdda4f0 Thread added: 0x000001a65bdda4f0
Event: 25.103 Thread 0x000001a65bdd3590 Thread added: 0x000001a65bdd3590
Event: 25.104 Thread 0x000001a65bdd7760 Thread added: 0x000001a65bdd7760
Event: 25.104 Thread 0x000001a65bdd8ba0 Thread added: 0x000001a65bdd8ba0
Event: 25.104 Thread 0x000001a65bdd90b0 Thread added: 0x000001a65bdd90b0
Event: 25.105 Thread 0x000001a65bdd95c0 Thread added: 0x000001a65bdd95c0
Event: 25.175 Thread 0x000001a65bddaf10 Thread added: 0x000001a65bddaf10
Event: 25.177 Thread 0x000001a65bdd3aa0 Thread added: 0x000001a65bdd3aa0
Event: 25.181 Thread 0x000001a65d563c40 Thread added: 0x000001a65d563c40
Event: 25.182 Thread 0x000001a65d564150 Thread added: 0x000001a65d564150
Event: 25.185 Thread 0x000001a65d564660 Thread added: 0x000001a65d564660
Event: 25.188 Thread 0x000001a65d564b70 Thread added: 0x000001a65d564b70
Event: 25.192 Thread 0x000001a65d55e630 Thread added: 0x000001a65d55e630
Event: 25.489 Thread 0x000001a65ac16170 Thread exited: 0x000001a65ac16170
Event: 25.498 Thread 0x000001a65a5b6240 Thread added: 0x000001a65a5b6240


Dynamic libraries:
0x00007ff655d30000 - 0x00007ff655d3a000 	C:\Program Files\Android\Android Studio\jbr\bin\java.exe
0x00007ffc7cbd0000 - 0x00007ffc7cde7000 	C:\Windows\SYSTEM32\ntdll.dll
0x00007ffc7b880000 - 0x00007ffc7b944000 	C:\Windows\System32\KERNEL32.DLL
0x00007ffc7a2d0000 - 0x00007ffc7a67c000 	C:\Windows\System32\KERNELBASE.dll
0x00007ffc7a7f0000 - 0x00007ffc7a901000 	C:\Windows\System32\ucrtbase.dll
0x00007ffc69b70000 - 0x00007ffc69b87000 	C:\Program Files\Android\Android Studio\jbr\bin\jli.dll
0x00007ffc7c960000 - 0x00007ffc7cb0e000 	C:\Windows\System32\USER32.dll
0x00007ffc69b50000 - 0x00007ffc69b6b000 	C:\Program Files\Android\Android Studio\jbr\bin\VCRUNTIME140.dll
0x00007ffc7a160000 - 0x00007ffc7a186000 	C:\Windows\System32\win32u.dll
0x00007ffc7c8b0000 - 0x00007ffc7c8d9000 	C:\Windows\System32\GDI32.dll
0x00007ffc79f70000 - 0x00007ffc7a089000 	C:\Windows\System32\gdi32full.dll
0x00007ffc7a090000 - 0x00007ffc7a12a000 	C:\Windows\System32\msvcp_win.dll
0x00007ffc64170000 - 0x00007ffc64403000 	C:\Windows\WinSxS\amd64_microsoft.windows.common-controls_6595b64144ccf1df_6.0.22621.3672_none_2713b9d173822955\COMCTL32.dll
0x00007ffc7b9b0000 - 0x00007ffc7ba57000 	C:\Windows\System32\msvcrt.dll
0x00007ffc7b4b0000 - 0x00007ffc7b4e1000 	C:\Windows\System32\IMM32.DLL
0x00007ffc69150000 - 0x00007ffc6915c000 	C:\Program Files\Android\Android Studio\jbr\bin\vcruntime140_1.dll
0x00007ffc45770000 - 0x00007ffc457fd000 	C:\Program Files\Android\Android Studio\jbr\bin\msvcp140.dll
0x00007ffc3eeb0000 - 0x00007ffc3fb33000 	C:\Program Files\Android\Android Studio\jbr\bin\server\jvm.dll
0x00007ffc7aed0000 - 0x00007ffc7af82000 	C:\Windows\System32\ADVAPI32.dll
0x00007ffc7ae20000 - 0x00007ffc7aec8000 	C:\Windows\System32\sechost.dll
0x00007ffc7a130000 - 0x00007ffc7a158000 	C:\Windows\System32\bcrypt.dll
0x00007ffc7b4f0000 - 0x00007ffc7b605000 	C:\Windows\System32\RPCRT4.dll
0x00007ffc79dc0000 - 0x00007ffc79e0d000 	C:\Windows\SYSTEM32\POWRPROF.dll
0x00007ffc75260000 - 0x00007ffc75269000 	C:\Windows\SYSTEM32\WSOCK32.dll
0x00007ffc7cb10000 - 0x00007ffc7cb81000 	C:\Windows\System32\WS2_32.dll
0x00007ffc71830000 - 0x00007ffc71864000 	C:\Windows\SYSTEM32\WINMM.dll
0x00007ffc72d30000 - 0x00007ffc72d3a000 	C:\Windows\SYSTEM32\VERSION.dll
0x00007ffc79da0000 - 0x00007ffc79db3000 	C:\Windows\SYSTEM32\UMPDC.dll
0x00007ffc78ef0000 - 0x00007ffc78f08000 	C:\Windows\SYSTEM32\kernel.appcore.dll
0x00007ffc75250000 - 0x00007ffc7525a000 	C:\Program Files\Android\Android Studio\jbr\bin\jimage.dll
0x00007ffc66370000 - 0x00007ffc665a2000 	C:\Windows\SYSTEM32\DBGHELP.DLL
0x00007ffc7a930000 - 0x00007ffc7acb8000 	C:\Windows\System32\combase.dll
0x00007ffc7ad20000 - 0x00007ffc7adf7000 	C:\Windows\System32\OLEAUT32.dll
0x00007ffc66250000 - 0x00007ffc66282000 	C:\Windows\SYSTEM32\dbgcore.DLL
0x00007ffc7a190000 - 0x00007ffc7a20b000 	C:\Windows\System32\bcryptPrimitives.dll
0x00007ffc719d0000 - 0x00007ffc719de000 	C:\Program Files\Android\Android Studio\jbr\bin\instrument.dll
0x00007ffc6a1c0000 - 0x00007ffc6a1e5000 	C:\Program Files\Android\Android Studio\jbr\bin\java.dll
0x00007ffc6a170000 - 0x00007ffc6a188000 	C:\Program Files\Android\Android Studio\jbr\bin\zip.dll
0x00007ffc7ba70000 - 0x00007ffc7c2cc000 	C:\Windows\System32\SHELL32.dll
0x00007ffc77de0000 - 0x00007ffc786d7000 	C:\Windows\SYSTEM32\windows.storage.dll
0x00007ffc77ca0000 - 0x00007ffc77ddf000 	C:\Windows\SYSTEM32\wintypes.dll
0x00007ffc7c7b0000 - 0x00007ffc7c8a4000 	C:\Windows\System32\SHCORE.dll
0x00007ffc7acc0000 - 0x00007ffc7ad1e000 	C:\Windows\System32\shlwapi.dll
0x00007ffc79e30000 - 0x00007ffc79e51000 	C:\Windows\SYSTEM32\profapi.dll
0x00007ffc6a150000 - 0x00007ffc6a169000 	C:\Program Files\Android\Android Studio\jbr\bin\net.dll
0x00007ffc727a0000 - 0x00007ffc728d6000 	C:\Windows\SYSTEM32\WINHTTP.dll
0x00007ffc79380000 - 0x00007ffc793e9000 	C:\Windows\system32\mswsock.dll
0x00007ffc69ef0000 - 0x00007ffc69f06000 	C:\Program Files\Android\Android Studio\jbr\bin\nio.dll
0x00007ffc75240000 - 0x00007ffc75250000 	C:\Program Files\Android\Android Studio\jbr\bin\verify.dll
0x00007ffc501f0000 - 0x00007ffc50217000 	C:\Users\bryan\.gradle\native\c067742578af261105cb4f569cf0c3c89f3d7b1fecec35dd04571415982c5e48\windows-amd64\native-platform.dll
0x00007ffc41340000 - 0x00007ffc41484000 	C:\Users\bryan\.gradle\native\38dada09dfb8b06ba9b0570ebf7e218e3eb74d4ef43ca46872605cf95ebc2f47\windows-amd64\native-platform-file-events.dll
0x00007ffc73250000 - 0x00007ffc73259000 	C:\Program Files\Android\Android Studio\jbr\bin\management.dll
0x00007ffc730c0000 - 0x00007ffc730cb000 	C:\Program Files\Android\Android Studio\jbr\bin\management_ext.dll
0x00007ffc7a910000 - 0x00007ffc7a918000 	C:\Windows\System32\PSAPI.DLL
0x00007ffc795f0000 - 0x00007ffc7960b000 	C:\Windows\SYSTEM32\CRYPTSP.dll
0x00007ffc78e50000 - 0x00007ffc78e85000 	C:\Windows\system32\rsaenh.dll
0x00007ffc79480000 - 0x00007ffc794a8000 	C:\Windows\SYSTEM32\USERENV.dll
0x00007ffc795e0000 - 0x00007ffc795ec000 	C:\Windows\SYSTEM32\CRYPTBASE.dll
0x00007ffc78990000 - 0x00007ffc789bd000 	C:\Windows\SYSTEM32\IPHLPAPI.DLL
0x00007ffc7a920000 - 0x00007ffc7a929000 	C:\Windows\System32\NSI.dll
0x00007ffc72d60000 - 0x00007ffc72d79000 	C:\Windows\SYSTEM32\dhcpcsvc6.DLL
0x00007ffc72d40000 - 0x00007ffc72d5f000 	C:\Windows\SYSTEM32\dhcpcsvc.DLL
0x00007ffc78a10000 - 0x00007ffc78b08000 	C:\Windows\SYSTEM32\DNSAPI.dll
0x00007ffc733c0000 - 0x00007ffc733c9000 	C:\Program Files\Android\Android Studio\jbr\bin\extnet.dll
0x00007ffc74570000 - 0x00007ffc74578000 	C:\Windows\system32\wshunix.dll

dbghelp: loaded successfully - version: 4.0.5 - missing functions: none
symbol engine: initialized successfully - sym options: 0x614 - pdb path: .;C:\Program Files\Android\Android Studio\jbr\bin;C:\Windows\SYSTEM32;C:\Windows\WinSxS\amd64_microsoft.windows.common-controls_6595b64144ccf1df_6.0.22621.3672_none_2713b9d173822955;C:\Program Files\Android\Android Studio\jbr\bin\server;C:\Users\bryan\.gradle\native\c067742578af261105cb4f569cf0c3c89f3d7b1fecec35dd04571415982c5e48\windows-amd64;C:\Users\bryan\.gradle\native\38dada09dfb8b06ba9b0570ebf7e218e3eb74d4ef43ca46872605cf95ebc2f47\windows-amd64

VM Arguments:
jvm_args: --add-opens=java.base/java.util=ALL-UNNAMED --add-opens=java.base/java.lang=ALL-UNNAMED --add-opens=java.base/java.lang.invoke=ALL-UNNAMED --add-opens=java.prefs/java.util.prefs=ALL-UNNAMED --add-opens=java.base/java.nio.charset=ALL-UNNAMED --add-opens=java.base/java.net=ALL-UNNAMED --add-opens=java.base/java.util.concurrent.atomic=ALL-UNNAMED -Xmx2048m -Dfile.encoding=UTF-8 -Duser.country=SV -Duser.language=es -Duser.variant -javaagent:C:\Users\bryan\.gradle\wrapper\dists\gradle-8.7-rc-3-bin\5t8wtrjzq9h85fci8yl7jiji9\gradle-8.7-rc-3\lib\agents\gradle-instrumentation-agent-8.7.jar 
java_command: org.gradle.launcher.daemon.bootstrap.GradleDaemon 8.7-rc-3
java_class_path (initial): C:\Users\bryan\.gradle\wrapper\dists\gradle-8.7-rc-3-bin\5t8wtrjzq9h85fci8yl7jiji9\gradle-8.7-rc-3\lib\gradle-launcher-8.7.jar
Launcher Type: SUN_STANDARD

[Global flags]
     intx CICompilerCount                          = 4                                         {product} {ergonomic}
     uint ConcGCThreads                            = 2                                         {product} {ergonomic}
     uint G1ConcRefinementThreads                  = 8                                         {product} {ergonomic}
   size_t G1HeapRegionSize                         = 1048576                                   {product} {ergonomic}
    uintx GCDrainStackTargetSize                   = 64                                        {product} {ergonomic}
   size_t InitialHeapSize                          = 184549376                                 {product} {ergonomic}
   size_t MarkStackSize                            = 4194304                                   {product} {ergonomic}
   size_t MaxHeapSize                              = 2147483648                                {product} {command line}
   size_t MaxNewSize                               = 1287651328                                {product} {ergonomic}
   size_t MinHeapDeltaBytes                        = 1048576                                   {product} {ergonomic}
   size_t MinHeapSize                              = 8388608                                   {product} {ergonomic}
    uintx NonNMethodCodeHeapSize                   = 5839372                                {pd product} {ergonomic}
    uintx NonProfiledCodeHeapSize                  = 122909434                              {pd product} {ergonomic}
    uintx ProfiledCodeHeapSize                     = 122909434                              {pd product} {ergonomic}
    uintx ReservedCodeCacheSize                    = 251658240                              {pd product} {ergonomic}
     bool SegmentedCodeCache                       = true                                      {product} {ergonomic}
   size_t SoftMaxHeapSize                          = 2147483648                             {manageable} {ergonomic}
     bool UseCompressedClassPointers               = true                           {product lp64_product} {ergonomic}
     bool UseCompressedOops                        = true                           {product lp64_product} {ergonomic}
     bool UseG1GC                                  = true                                      {product} {ergonomic}
     bool UseLargePagesIndividualAllocation        = false                                  {pd product} {ergonomic}

Logging:
Log output configuration:
 #0: stdout all=warning uptime,level,tags
 #1: stderr all=off uptime,level,tags

Environment Variables:
JAVA_HOME=C:\Program Files\Java\jdk-11
PATH=C:\Python312\Scripts\;C:\Python312\;C:\Program Files\Common Files\Oracle\Java\javapath;C:\Program Files (x86)\Common Files\Oracle\Java\java8path;C:\Program Files (x86)\Common Files\Oracle\Java\javapath;C:\Windows\system32;C:\Windows;C:\Windows\System32\Wbem;C:\Windows\System32\WindowsPowerShell\v1.0\;C:\Windows\System32\OpenSSH\;C:\Program Files (x86)\AMD\ATI.ACE\Core-Static;C:\Program Files\Docker\Docker\resources\bin;C:\Users\bryan\AppData\Local\Packages\PythonSoftwareFoundation.Python.3.11_qbz5n2kfra8p0\LocalCache\local-packages\Python311\site-packages\virtualenv;C:\Users\bryan\AppData\Local\Packages\PythonSoftwareFoundation.Python.3.11_qbz5n2kfra8p0\LocalCache\local-packages\Python311\site-packages;C:\Users\bryan\AppData\Local\Packages\PythonSoftwareFoundation.Python.3.11_qbz5n2kfra8p0\LocalCache\local-packages\Python311\Scripts;C:\Users\bryan\AppData\Local\Programs\Python\Python311\Scripts;C:\Users\bryan\AppData\Local\Programs\Python\Python311\Lib\site-packages;C:\Users\bryan\AppData\Local\Programs\Python\Python311\python.exe;D:\nvm;D:\nodejs;D:\nodeJs\;C:\ProgramData\chocolatey\bin;D:\Git\cmd;C:\Program Files\MySQL\MySQL Shell 8.0\bin\;C:\Users\bryan\AppData\Local\Programs\Python\Python311\Scripts\;C:\Users\bryan\AppData\Local\Programs\Python\Python311\;C:\Users\bryan\AppData\Local\Microsoft\WindowsApps;C:\spark\bin;C:\Program Files\Java\jdk-11\bin;C:\Users\bryan\AppData\Local\Programs\Microsoft VS Code\bin;C:\Users\bryan\AppData\Local\Programs\Python\Python311\Scripts;C:\Users\bryan\AppData\Local\Programs\Python\Python311\Lib\site-packages;C:\Users\bryan\AppData\Local\Programs\Python\Python311\python.exe;C:\Users\bryan\AppData\Local\Packages\PythonSoftwareFoundation.Python.3.11_qbz5n2kfra8p0\LocalCache\local-packages\Python311\site-packages\virtualenv;C:\Users\bryan\AppData\Local\Packages\PythonSoftwareFoundation.Python.3.11_qbz5n2kfra8p0\LocalCache\local-packages\Python311\site-packages;C:\Users\bryan\AppData\Local\Packages\PythonSoftwareFoundation.Python.
USERNAME=bryan
OS=Windows_NT
PROCESSOR_IDENTIFIER=AMD64 Family 23 Model 17 Stepping 0, AuthenticAMD
TMP=C:\Users\bryan\AppData\Local\Temp
TEMP=C:\Users\bryan\AppData\Local\Temp



Periodic native trim disabled

JNI global refs:
JNI global refs: 28, weak refs: 24

JNI global refs memory usage: 843, weak refs: 841

OOME stack traces (most recent first):
Classloader memory used:
Loader org.gradle.internal.classloader.VisitableURLClassLoader                         : 3730K
Loader bootstrap                                                                       : 2501K
Loader org.gradle.initialization.MixInLegacyTypesClassLoader                           : 1087K
Loader org.gradle.internal.classloader.VisitableURLClassLoader$InstrumentingVisitableURLClassLoader: 83917B
Loader org.gradle.internal.classloader.VisitableURLClassLoader                         : 82087B
Loader jdk.internal.loader.ClassLoaders$PlatformClassLoader                            : 67550B
Loader jdk.internal.loader.ClassLoaders$AppClassLoader                                 : 28699B
Loader jdk.internal.reflect.DelegatingClassLoader                                      : 26714B
Loader org.gradle.groovy.scripts.internal.DefaultScriptCompilationHandler$ScriptClassLoader: 10740B
Loader org.codehaus.groovy.runtime.callsite.CallSiteClassLoader                        : 5997B

Classes loaded by more than one classloader:
Class org.gradle.internal.Cast                                                        : loaded 3 times (x 69B)
Class Program                                                                         : loaded 3 times (x 70B)
Class org.gradle.api.GradleException                                                  : loaded 3 times (x 80B)
Class org.gradle.internal.classpath.ClassPath                                         : loaded 2 times (x 68B)
Class org.gradle.api.internal.classpath.DefaultModuleRegistry                         : loaded 2 times (x 84B)
Class org.gradle.internal.exceptions.NonGradleCauseExceptionsHolder                   : loaded 2 times (x 68B)
Class Settings_gradle$1$1                                                             : loaded 2 times (x 72B)
Class org.gradle.api.Action                                                           : loaded 2 times (x 68B)
Class org.jetbrains.kotlin.idea.gradleTooling.model.samWithReceiver.SamWithReceiverModel: loaded 2 times (x 68B)
Class org.jetbrains.plugins.gradle.model.ExternalProject                              : loaded 2 times (x 68B)
Class org.jetbrains.plugins.gradle.model.IntelliJSettings                             : loaded 2 times (x 68B)
Class org.jetbrains.kotlin.idea.gradleTooling.KotlinMPPGradleModel                    : loaded 2 times (x 68B)
Class org.gradle.api.internal.DefaultClassPathProvider                                : loaded 2 times (x 74B)
Class org.gradle.internal.installation.GradleInstallation$1                           : loaded 2 times (x 73B)
Class org.gradle.internal.exceptions.DefaultMultiCauseException                       : loaded 2 times (x 89B)
Class org.gradle.tooling.model.UnsupportedMethodException                             : loaded 2 times (x 80B)
Class org.gradle.internal.time.MonotonicClock                                         : loaded 2 times (x 75B)
Class sync_studio_tooling1613_4lhp778qeg9ykibep8v8hlwph$_run_closure1                 : loaded 2 times (x 137B)
Class org.gradle.internal.classloader.FilteringClassLoader                            : loaded 2 times (x 103B)
Class org.gradle.tooling.model.Model                                                  : loaded 2 times (x 68B)
Class org.gradle.internal.classpath.DefaultClassPath$ImmutableUniqueList$Builder      : loaded 2 times (x 73B)
Class org.jetbrains.kotlin.idea.gradleTooling.KotlinSourceSetContainer                : loaded 2 times (x 68B)
Class org.gradle.internal.classloader.ClassLoaderVisitor                              : loaded 2 times (x 74B)
Class org.gradle.internal.time.DefaultCountdownTimer                                  : loaded 2 times (x 86B)
Class org.gradle.internal.service.DefaultServiceLocator                               : loaded 2 times (x 81B)
Class org.gradle.internal.service.UnknownServiceException                             : loaded 2 times (x 81B)
Class org.jetbrains.plugins.gradle.model.DependencyAccessorsModel                     : loaded 2 times (x 68B)
Class org.gradle.internal.classloader.DefaultClassLoaderFactory                       : loaded 2 times (x 80B)
Class org.jetbrains.plugins.gradle.model.GradleExtensions                             : loaded 2 times (x 68B)
Class org.jetbrains.plugins.gradle.model.VersionCatalogsModel                         : loaded 2 times (x 68B)
Class org.gradle.internal.classloader.VisitableURLClassLoader$Spec                    : loaded 2 times (x 72B)
Class org.gradle.tooling.model.ProjectModel                                           : loaded 2 times (x 68B)
Class org.jetbrains.plugins.gradle.model.MavenRepositoryModel                         : loaded 2 times (x 68B)
Class org.gradle.tooling.internal.gradle.DefaultProjectIdentifier                     : loaded 2 times (x 84B)
Class org.gradle.util.GradleVersion                                                   : loaded 2 times (x 81B)
Class org.jetbrains.plugins.gradle.model.RepositoriesModel                            : loaded 2 times (x 68B)
Class kotlin.jvm.internal.markers.KMappedMarker                                       : loaded 2 times (x 68B)
Class org.gradle.api.internal.ClassPathProvider                                       : loaded 2 times (x 68B)
Class org.gradle.internal.classloader.ClasspathUtil$1                                 : loaded 2 times (x 74B)
Class org.gradle.internal.classloader.ClassLoaderFactory                              : loaded 2 times (x 68B)
Class org.gradle.api.internal.classpath.ManifestUtil                                  : loaded 2 times (x 69B)
Class org.gradle.api.specs.Spec                                                       : loaded 2 times (x 68B)
Class org.gradle.tooling.internal.gradle.GradleBuildIdentity                          : loaded 2 times (x 68B)
Class org.gradle.internal.IoActions                                                   : loaded 2 times (x 69B)
Class org.gradle.api.internal.classpath.EffectiveClassPath                            : loaded 2 times (x 88B)
Class kotlin.jvm.internal.DefaultConstructorMarker                                    : loaded 2 times (x 69B)
Class org.jetbrains.kotlin.idea.gradleTooling.model.annotation.AnnotationBasedPluginModel: loaded 2 times (x 68B)
Class org.jetbrains.kotlin.idea.gradleTooling.model.assignment.AssignmentModel        : loaded 2 times (x 68B)
Class org.gradle.internal.installation.CurrentGradleInstallation                      : loaded 2 times (x 71B)
Class org.gradle.internal.agents.InstrumentingClassLoader                             : loaded 2 times (x 68B)
Class org.gradle.internal.installation.CurrentGradleInstallationLocator               : loaded 2 times (x 69B)
Class org.gradle.api.internal.classpath.Module                                        : loaded 2 times (x 68B)
Class org.gradle.internal.service.CachingServiceLocator                               : loaded 2 times (x 80B)
Class org.gradle.internal.time.Timer                                                  : loaded 2 times (x 68B)
Class org.jetbrains.plugins.gradle.model.tests.ExternalTestsModel                     : loaded 2 times (x 68B)
Class org.jetbrains.kotlin.idea.gradleTooling.KotlinDslScriptAdditionalTask           : loaded 2 times (x 68B)
Class org.gradle.internal.classpath.DefaultClassPath                                  : loaded 2 times (x 88B)
Class com.intellij.openapi.externalSystem.model.project.dependencies.ProjectDependencies: loaded 2 times (x 68B)
Class org.jetbrains.kotlin.idea.gradleTooling.PrepareKotlinIdeImportTaskModel         : loaded 2 times (x 68B)
Class org.gradle.internal.impldep.com.google.common.base.Preconditions                : loaded 2 times (x 69B)
Class kotlin.jvm.functions.Function1                                                  : loaded 2 times (x 68B)
Class org.gradle.internal.time.Time                                                   : loaded 2 times (x 69B)
Class ijInit1_aecd5qciv7k5zrqpmfpfy82q2                                               : loaded 2 times (x 177B)
Class org.gradle.internal.time.TimeSource$1                                           : loaded 2 times (x 75B)
Class org.gradle.internal.classloader.SystemClassLoaderSpec                           : loaded 2 times (x 69B)
Class kotlin.Function                                                                 : loaded 2 times (x 68B)
Class org.gradle.api.UncheckedIOException                                             : loaded 2 times (x 80B)
Class org.gradle.api.internal.classpath.ModuleRegistry                                : loaded 2 times (x 68B)
Class org.gradle.tooling.internal.gradle.GradleProjectIdentity                        : loaded 2 times (x 68B)
Class org.gradle.internal.time.CountdownTimer                                         : loaded 2 times (x 68B)
Class org.gradle.internal.time.Clock                                                  : loaded 2 times (x 68B)
Class org.gradle.internal.classloader.ClasspathUtil                                   : loaded 2 times (x 69B)
Class org.gradle.tooling.model.BuildIdentifier                                        : loaded 2 times (x 68B)
Class org.gradle.api.internal.DefaultClassPathRegistry                                : loaded 2 times (x 74B)
Class org.gradle.api.internal.classpath.DefaultModuleRegistry$DefaultModule           : loaded 2 times (x 84B)
Class org.gradle.internal.time.TimeSource                                             : loaded 2 times (x 68B)
Class org.jetbrains.kotlin.android.synthetic.idea.AndroidExtensionsGradleModel        : loaded 2 times (x 68B)
Class org.gradle.api.internal.classpath.UnknownModuleException                        : loaded 2 times (x 80B)
Class org.jetbrains.plugins.gradle.model.IntelliJProjectSettings                      : loaded 2 times (x 68B)
Class org.gradle.internal.service.ServiceLookupException                              : loaded 2 times (x 80B)
Class org.gradle.cache.GlobalCache                                                    : loaded 2 times (x 68B)
Class org.jetbrains.kotlin.idea.gradleTooling.model.lombok.LombokModel                : loaded 2 times (x 68B)
Class org.gradle.tooling.model.ProjectIdentifier                                      : loaded 2 times (x 68B)
Class [Lorg.gradle.api.internal.ClassPathProvider;                                    : loaded 2 times (x 67B)
Class org.gradle.internal.operations.MultipleBuildOperationFailures                   : loaded 2 times (x 89B)
Class org.gradle.util.internal.GUtil                                                  : loaded 2 times (x 69B)
Class org.jetbrains.plugins.gradle.model.AnnotationProcessingModel                    : loaded 2 times (x 68B)
Class org.gradle.internal.classloader.ClassLoaderSpec                                 : loaded 2 times (x 69B)
Class org.jetbrains.plugins.gradle.model.BuildScriptClasspathModel                    : loaded 2 times (x 68B)
Class sync_studio_tooling1613_4lhp778qeg9ykibep8v8hlwph                               : loaded 2 times (x 177B)
Class org.gradle.internal.classloader.VisitableURLClassLoader                         : loaded 2 times (x 115B)
Class org.gradle.internal.installation.GradleInstallation                             : loaded 2 times (x 73B)
Class org.gradle.api.internal.ClassPathRegistry                                       : loaded 2 times (x 68B)
Class org.gradle.internal.classloader.VisitableURLClassLoader$InstrumentingVisitableURLClassLoader: loaded 2 times (x 121B)
Class org.gradle.internal.classloader.ClassLoaderHierarchy                            : loaded 2 times (x 68B)
Class org.gradle.internal.exceptions.MultiCauseException                              : loaded 2 times (x 68B)
Class org.jetbrains.kotlin.idea.gradleTooling.model.parcelize.ParcelizeGradleModel    : loaded 2 times (x 68B)
Class org.gradle.internal.InternalTransformer                                         : loaded 2 times (x 68B)
Class org.jetbrains.kotlin.idea.gradleTooling.model.noarg.NoArgModel                  : loaded 2 times (x 68B)
Class org.jetbrains.kotlin.idea.gradleTooling.KotlinGradleModel                       : loaded 2 times (x 68B)
Class org.gradle.tooling.internal.gradle.DefaultBuildIdentifier                       : loaded 2 times (x 77B)
Class org.gradle.internal.service.ServiceLocator                                      : loaded 2 times (x 68B)
Class Settings_gradle$1                                                               : loaded 2 times (x 72B)
Class org.jetbrains.kotlin.idea.gradleTooling.model.allopen.AllOpenModel              : loaded 2 times (x 68B)
Class org.gradle.internal.classpath.DefaultClassPath$ImmutableUniqueList              : loaded 2 times (x 159B)
Class org.gradle.internal.time.DefaultTimer                                           : loaded 2 times (x 78B)
Class org.gradle.internal.classpath.TransformedClassPath                              : loaded 2 times (x 94B)
Class Settings_gradle                                                                 : loaded 2 times (x 126B)


---------------  S Y S T E M  ---------------

OS:
 Windows 11 , 64 bit Build 22621 (10.0.22621.3672)
OS uptime: 0 days 5:10 hours
Hyper-V role detected

CPU: total 8 (initial active 8) (8 cores per cpu, 2 threads per core) family 23 model 17 stepping 0 microcode 0x0, cx8, cmov, fxsr, ht, mmx, 3dnowpref, sse, sse2, sse3, ssse3, sse4a, sse4.1, sse4.2, popcnt, lzcnt, tsc, tscinvbit, avx, avx2, aes, clmul, bmi1, bmi2, adx, sha, fma, vzeroupper, clflush, clflushopt, hv
Processor Information for all 8 processors :
  Max Mhz: 2000, Current Mhz: 2000, Mhz Limit: 2000

Memory: 4k page, system-wide physical 11178M (510M free)
TotalPageFile size 15274M (AvailPageFile size 31M)
current process WorkingSet (physical memory assigned to process): 360M, peak: 360M
current process commit charge ("private bytes"): 398M, peak: 440M

vm_info: OpenJDK 64-Bit Server VM (17.0.10+0--11572160) for windows-amd64 JRE (17.0.10+0--11572160), built on Mar 13 2024 23:56:38 by "androidbuild" with MS VC++ 16.10 / 16.11 (VS2019)

END.
