#
# There is insufficient memory for the Java Runtime Environment to continue.
# Native memory allocation (mmap) failed to map 78643200 bytes for G1 virtual space
# Possible reasons:
#   The system is out of physical RAM or swap space
#   The process is running with CompressedOops enabled, and the Java Heap may be blocking the growth of the native heap
# Possible solutions:
#   Reduce memory load on the system
#   Increase physical memory or swap space
#   Check if swap backing store is full
#   Decrease Java heap size (-Xmx/-Xms)
#   Decrease number of Java threads
#   Decrease Java thread stack sizes (-Xss)
#   Set larger code cache with -XX:ReservedCodeCacheSize=
#   JVM is running with Unscaled Compressed Oops mode in which the Java heap is
#     placed in the first 4GB address space. The Java Heap base address is the
#     maximum limit for the native heap growth. Please use -XX:HeapBaseMinAddress
#     to set the Java Heap base and to place the Java Heap above 4GB virtual address.
# This output file may be truncated or incomplete.
#
#  Out of Memory Error (os_windows.cpp:3825), pid=15224, tid=1600
#
# JRE version: OpenJDK Runtime Environment (17.0.10) (build 17.0.10+0--11572160)
# Java VM: OpenJDK 64-Bit Server VM (17.0.10+0--11572160, mixed mode, tiered, compressed oops, compressed class ptrs, g1 gc, windows-amd64)
# No core dump will be written. Minidumps are not enabled by default on client versions of Windows
#

---------------  S U M M A R Y ------------

Command Line: --add-opens=java.base/java.util=ALL-UNNAMED --add-opens=java.base/java.lang=ALL-UNNAMED --add-opens=java.base/java.lang.invoke=ALL-UNNAMED --add-opens=java.prefs/java.util.prefs=ALL-UNNAMED --add-opens=java.base/java.nio.charset=ALL-UNNAMED --add-opens=java.base/java.net=ALL-UNNAMED --add-opens=java.base/java.util.concurrent.atomic=ALL-UNNAMED -Xmx2048m -Dfile.encoding=UTF-8 -Duser.country=SV -Duser.language=es -Duser.variant -javaagent:C:\Users\bryan\.gradle\wrapper\dists\gradle-8.6-bin\afr5mpiioh2wthjmwnkmdsd5w\gradle-8.6\lib\agents\gradle-instrumentation-agent-8.6.jar org.gradle.launcher.daemon.bootstrap.GradleDaemon 8.6

Host: AMD Ryzen 5 2500U with Radeon Vega Mobile Gfx  , 8 cores, 10G,  Windows 11 , 64 bit Build 22621 (10.0.22621.3672)
Time: Sun Jun  9 14:01:28 2024 Hora estándar, América Central elapsed time: 42.727172 seconds (0d 0h 0m 42s)

---------------  T H R E A D  ---------------

Current thread (0x000001a97f643a50):  VMThread "VM Thread" [stack: 0x000000981c500000,0x000000981c600000] [id=1600]

Stack: [0x000000981c500000,0x000000981c600000]
Native frames: (J=compiled Java code, j=interpreted, Vv=VM code, C=native code)
V  [jvm.dll+0x688e89]
V  [jvm.dll+0x84247a]
V  [jvm.dll+0x8440be]
V  [jvm.dll+0x844723]
V  [jvm.dll+0x24be0f]
V  [jvm.dll+0x685c59]
V  [jvm.dll+0x67a50a]
V  [jvm.dll+0x30cbab]
V  [jvm.dll+0x314056]
V  [jvm.dll+0x363dce]
V  [jvm.dll+0x363fff]
V  [jvm.dll+0x2e2978]
V  [jvm.dll+0x2e0b54]
V  [jvm.dll+0x2e015c]
V  [jvm.dll+0x32502b]
V  [jvm.dll+0x848e1b]
V  [jvm.dll+0x849b61]
V  [jvm.dll+0x84a07d]
V  [jvm.dll+0x84a454]
V  [jvm.dll+0x84a520]
V  [jvm.dll+0x7f0d1a]
V  [jvm.dll+0x687d05]
C  [ucrtbase.dll+0x29333]
C  [KERNEL32.DLL+0x1257d]
C  [ntdll.dll+0x5aa48]

VM_Operation (0x000000981ddee7f0): G1CollectForAllocation, mode: safepoint, requested by thread 0x000001a909caf790


---------------  P R O C E S S  ---------------

Threads class SMR info:
_java_thread_list=0x000001a90a448ce0, length=51, elements={
0x000001a969803040, 0x000001a97f7f2010, 0x000001a97f7f2e90, 0x000001a97f68ce50,
0x000001a97f8152a0, 0x000001a97f816080, 0x000001a97f818a50, 0x000001a97f8197f0,
0x000001a97f81a6b0, 0x000001a97f8265c0, 0x000001a97f8f7430, 0x000001a90800b890,
0x000001a909f1f020, 0x000001a90a553190, 0x000001a909de4d20, 0x000001a908e608a0,
0x000001a9098a7a20, 0x000001a909932400, 0x000001a909caf790, 0x000001a908934080,
0x000001a908935ee0, 0x000001a908934fb0, 0x000001a908932c40, 0x000001a908933660,
0x000001a908933b70, 0x000001a908934590, 0x000001a908934aa0, 0x000001a9089354c0,
0x000001a9089359d0, 0x000001a908933150, 0x000001a90a2921c0, 0x000001a90a290870,
0x000001a90a28bc80, 0x000001a90a28b260, 0x000001a90a28dae0, 0x000001a90a28f940,
0x000001a90a28c6a0, 0x000001a90a28ea10, 0x000001a90a290d80, 0x000001a90a28e500,
0x000001a90a28b770, 0x000001a90a28f430, 0x000001a90a28cbb0, 0x000001a90a28c190,
0x000001a90a28dff0, 0x000001a90a28d0c0, 0x000001a90a28fe50, 0x000001a90a290360,
0x000001a90a28ad50, 0x000001a90a291290, 0x000001a90a28d5d0
}

Java Threads: ( => current thread )
  0x000001a969803040 JavaThread "main" [_thread_blocked, id=15800, stack(0x000000981bf00000,0x000000981c000000)]
  0x000001a97f7f2010 JavaThread "Reference Handler" daemon [_thread_blocked, id=9688, stack(0x000000981c600000,0x000000981c700000)]
  0x000001a97f7f2e90 JavaThread "Finalizer" daemon [_thread_blocked, id=7708, stack(0x000000981c700000,0x000000981c800000)]
  0x000001a97f68ce50 JavaThread "Signal Dispatcher" daemon [_thread_blocked, id=14456, stack(0x000000981c800000,0x000000981c900000)]
  0x000001a97f8152a0 JavaThread "Attach Listener" daemon [_thread_blocked, id=12200, stack(0x000000981c900000,0x000000981ca00000)]
  0x000001a97f816080 JavaThread "Service Thread" daemon [_thread_blocked, id=8412, stack(0x000000981ca00000,0x000000981cb00000)]
  0x000001a97f818a50 JavaThread "Monitor Deflation Thread" daemon [_thread_blocked, id=3700, stack(0x000000981cb00000,0x000000981cc00000)]
  0x000001a97f8197f0 JavaThread "C2 CompilerThread0" daemon [_thread_blocked, id=9404, stack(0x000000981cc00000,0x000000981cd00000)]
  0x000001a97f81a6b0 JavaThread "C1 CompilerThread0" daemon [_thread_blocked, id=11432, stack(0x000000981cd00000,0x000000981ce00000)]
  0x000001a97f8265c0 JavaThread "Sweeper thread" daemon [_thread_blocked, id=16224, stack(0x000000981ce00000,0x000000981cf00000)]
  0x000001a97f8f7430 JavaThread "Common-Cleaner" daemon [_thread_blocked, id=15084, stack(0x000000981cf00000,0x000000981d000000)]
  0x000001a90800b890 JavaThread "Notification Thread" daemon [_thread_blocked, id=13292, stack(0x000000981d000000,0x000000981d100000)]
  0x000001a909f1f020 JavaThread "Daemon health stats" [_thread_blocked, id=14632, stack(0x000000981d700000,0x000000981d800000)]
  0x000001a90a553190 JavaThread "Incoming local TCP Connector on port 58305" [_thread_in_native, id=9160, stack(0x000000981d300000,0x000000981d400000)]
  0x000001a909de4d20 JavaThread "Daemon periodic checks" [_thread_blocked, id=14536, stack(0x000000981d900000,0x000000981da00000)]
  0x000001a908e608a0 JavaThread "Daemon" [_thread_blocked, id=12348, stack(0x000000981da00000,0x000000981db00000)]
  0x000001a9098a7a20 JavaThread "Handler for socket connection from /127.0.0.1:58305 to /127.0.0.1:58306" [_thread_in_native, id=7160, stack(0x000000981db00000,0x000000981dc00000)]
  0x000001a909932400 JavaThread "Cancel handler" [_thread_blocked, id=13664, stack(0x000000981dc00000,0x000000981dd00000)]
  0x000001a909caf790 JavaThread "Daemon worker" [_thread_blocked, id=14488, stack(0x000000981dd00000,0x000000981de00000)]
  0x000001a908934080 JavaThread "Asynchronous log dispatcher for DefaultDaemonConnection: socket connection from /127.0.0.1:58305 to /127.0.0.1:58306" [_thread_blocked, id=4884, stack(0x000000981de00000,0x000000981df00000)]
  0x000001a908935ee0 JavaThread "Stdin handler" [_thread_blocked, id=13072, stack(0x000000981df00000,0x000000981e000000)]
  0x000001a908934fb0 JavaThread "Daemon client event forwarder" [_thread_blocked, id=4560, stack(0x000000981e000000,0x000000981e100000)]
  0x000001a908932c40 JavaThread "Cache worker for journal cache (C:\Users\bryan\.gradle\caches\journal-1)" [_thread_blocked, id=14860, stack(0x000000981e400000,0x000000981e500000)]
  0x000001a908933660 JavaThread "File lock request listener" [_thread_in_native, id=13936, stack(0x000000981e500000,0x000000981e600000)]
  0x000001a908933b70 JavaThread "Cache worker for file hash cache (C:\Users\bryan\.gradle\caches\8.6\fileHashes)" [_thread_blocked, id=15228, stack(0x000000981e600000,0x000000981e700000)]
  0x000001a908934590 JavaThread "File lock release action executor" [_thread_blocked, id=5756, stack(0x000000981e700000,0x000000981e800000)]
  0x000001a908934aa0 JavaThread "File watcher server" daemon [_thread_in_native, id=15136, stack(0x000000981e900000,0x000000981ea00000)]
  0x000001a9089354c0 JavaThread "File watcher consumer" daemon [_thread_blocked, id=4580, stack(0x000000981ea00000,0x000000981eb00000)]
  0x000001a9089359d0 JavaThread "jar transforms" [_thread_blocked, id=16352, stack(0x000000981eb00000,0x000000981ec00000)]
  0x000001a908933150 JavaThread "jar transforms Thread 2" [_thread_blocked, id=13468, stack(0x000000981ec00000,0x000000981ed00000)]
  0x000001a90a2921c0 JavaThread "jar transforms Thread 3" [_thread_blocked, id=15556, stack(0x000000981ed00000,0x000000981ee00000)]
  0x000001a90a290870 JavaThread "jar transforms Thread 4" [_thread_blocked, id=1416, stack(0x000000981ee00000,0x000000981ef00000)]
  0x000001a90a28bc80 JavaThread "jar transforms Thread 5" [_thread_blocked, id=1320, stack(0x000000981ef00000,0x000000981f000000)]
  0x000001a90a28b260 JavaThread "jar transforms Thread 6" [_thread_blocked, id=14356, stack(0x000000981f000000,0x000000981f100000)]
  0x000001a90a28dae0 JavaThread "jar transforms Thread 7" [_thread_blocked, id=14976, stack(0x000000981f100000,0x000000981f200000)]
  0x000001a90a28f940 JavaThread "jar transforms Thread 8" [_thread_blocked, id=5092, stack(0x000000981f200000,0x000000981f300000)]
  0x000001a90a28c6a0 JavaThread "Cache worker for checksums cache (C:\Users\bryan\OneDrive\Documentos\GitHub\unichamba-Android\.gradle\8.6\checksums)" [_thread_blocked, id=13444, stack(0x000000981e800000,0x000000981e900000)]
  0x000001a90a28ea10 JavaThread "Cache worker for file hash cache (C:\Users\bryan\OneDrive\Documentos\GitHub\unichamba-Android\.gradle\8.6\fileHashes)" [_thread_blocked, id=6748, stack(0x000000981f400000,0x000000981f500000)]
  0x000001a90a290d80 JavaThread "Cache worker for cache directory md-supplier (C:\Users\bryan\.gradle\caches\8.6\md-supplier)" [_thread_blocked, id=11516, stack(0x000000981f500000,0x000000981f600000)]
  0x000001a90a28e500 JavaThread "Cache worker for cache directory md-rule (C:\Users\bryan\.gradle\caches\8.6\md-rule)" [_thread_blocked, id=11328, stack(0x000000981f600000,0x000000981f700000)]
  0x000001a90a28b770 JavaThread "Cache worker for file content cache (C:\Users\bryan\.gradle\caches\8.6\fileContent)" [_thread_blocked, id=15372, stack(0x000000981f700000,0x000000981f800000)]
  0x000001a90a28f430 JavaThread "Unconstrained build operations" [_thread_blocked, id=3168, stack(0x000000981f300000,0x000000981f400000)]
  0x000001a90a28cbb0 JavaThread "Unconstrained build operations Thread 2" [_thread_blocked, id=1716, stack(0x000000981f800000,0x000000981f900000)]
  0x000001a90a28c190 JavaThread "Unconstrained build operations Thread 3" [_thread_blocked, id=14852, stack(0x000000981f900000,0x000000981fa00000)]
  0x000001a90a28dff0 JavaThread "Unconstrained build operations Thread 4" [_thread_blocked, id=13420, stack(0x000000981fa00000,0x000000981fb00000)]
  0x000001a90a28d0c0 JavaThread "Unconstrained build operations Thread 5" [_thread_blocked, id=5204, stack(0x000000981fb00000,0x000000981fc00000)]
  0x000001a90a28fe50 JavaThread "Unconstrained build operations Thread 6" [_thread_blocked, id=4936, stack(0x000000981fc00000,0x000000981fd00000)]
  0x000001a90a290360 JavaThread "Unconstrained build operations Thread 7" [_thread_blocked, id=10764, stack(0x000000981fd00000,0x000000981fe00000)]
  0x000001a90a28ad50 JavaThread "Unconstrained build operations Thread 8" [_thread_blocked, id=3080, stack(0x000000981fe00000,0x000000981ff00000)]
  0x000001a90a291290 JavaThread "Unconstrained build operations Thread 9" [_thread_blocked, id=9368, stack(0x000000981ff00000,0x0000009820000000)]
  0x000001a90a28d5d0 JavaThread "Cache worker for Build Output Cleanup Cache (C:\Users\bryan\OneDrive\Documentos\GitHub\unichamba-Android\.gradle\buildOutputCleanup)" [_thread_blocked, id=16320, stack(0x0000009820100000,0x0000009820200000)]

Other Threads:
=>0x000001a97f643a50 VMThread "VM Thread" [stack: 0x000000981c500000,0x000000981c600000] [id=1600]
  0x000001a90800bd70 WatcherThread [stack: 0x000000981d100000,0x000000981d200000] [id=13564]
  0x000001a9676bebc0 GCTaskThread "GC Thread#0" [stack: 0x000000981c000000,0x000000981c100000] [id=13884]
  0x000001a97f814ba0 GCTaskThread "GC Thread#1" [stack: 0x000000981d400000,0x000000981d500000] [id=12276]
  0x000001a97f8132e0 GCTaskThread "GC Thread#2" [stack: 0x000000981d500000,0x000000981d600000] [id=2536]
  0x000001a97f813b20 GCTaskThread "GC Thread#3" [stack: 0x000000981d600000,0x000000981d700000] [id=15368]
  0x000001a97f813de0 GCTaskThread "GC Thread#4" [stack: 0x000000981d200000,0x000000981d300000] [id=3600]
  0x000001a97f8135a0 GCTaskThread "GC Thread#5" [stack: 0x000000981d800000,0x000000981d900000] [id=8548]
  0x000001a97f814360 GCTaskThread "GC Thread#6" [stack: 0x000000981e100000,0x000000981e200000] [id=14032]
  0x000001a97f8148e0 GCTaskThread "GC Thread#7" [stack: 0x000000981e200000,0x000000981e300000] [id=9344]
  0x000001a96986e160 ConcurrentGCThread "G1 Main Marker" [stack: 0x000000981c100000,0x000000981c200000] [id=11724]
  0x000001a96986f320 ConcurrentGCThread "G1 Conc#0" [stack: 0x000000981c200000,0x000000981c300000] [id=6880]
  0x000001a97f813860 ConcurrentGCThread "G1 Conc#1" [stack: 0x000000981e300000,0x000000981e400000] [id=2300]
  0x000001a97f4f4570 ConcurrentGCThread "G1 Refine#0" [stack: 0x000000981c300000,0x000000981c400000] [id=8908]
  0x000001a90b7a60e0 ConcurrentGCThread "G1 Refine#1" [stack: 0x0000009820300000,0x0000009820400000] [id=4372]
  0x000001a90b7a63d0 ConcurrentGCThread "G1 Refine#2" [stack: 0x0000009820400000,0x0000009820500000] [id=13360]
  0x000001a90b7a7860 ConcurrentGCThread "G1 Refine#3" [stack: 0x0000009820500000,0x0000009820600000] [id=14996]
  0x000001a90b7a4960 ConcurrentGCThread "G1 Refine#4" [stack: 0x0000009820600000,0x0000009820700000] [id=3192]
  0x000001a97f4f4eb0 ConcurrentGCThread "G1 Service" [stack: 0x000000981c400000,0x000000981c500000] [id=4280]

Threads with active compile tasks:
C2 CompilerThread0    42747 8197   !   4       org.jetbrains.kotlin.metadata.ProtoBuf$Function::<init> (1410 bytes)

VM state: at safepoint (normal execution)

VM Mutex/Monitor currently owned by a thread:  ([mutex/lock_event])
[0x000001a9697fed70] Threads_lock - owner thread: 0x000001a97f643a50
[0x000001a9697ffb80] Heap_lock - owner thread: 0x000001a909caf790

Heap address: 0x0000000080000000, size: 2048 MB, Compressed Oops mode: 32-bit

CDS archive(s) not mapped
Compressed class space mapped at: 0x0000000100000000-0x0000000140000000, reserved size: 1073741824
Narrow klass base: 0x0000000000000000, Narrow klass shift: 3, Narrow klass range: 0x140000000

GC Precious Log:
 CPUs: 8 total, 8 available
 Memory: 11178M
 Large Page Support: Disabled
 NUMA Support: Disabled
 Compressed Oops: Enabled (32-bit)
 Heap Region Size: 1M
 Heap Min Capacity: 8M
 Heap Initial Capacity: 176M
 Heap Max Capacity: 2G
 Pre-touch: Disabled
 Parallel Workers: 8
 Concurrent Workers: 2
 Concurrent Refinement Workers: 8
 Periodic GC: Disabled

Heap:
 garbage-first heap   total 180224K, used 102364K [0x0000000080000000, 0x0000000100000000)
  region size 1024K, 4 young (4096K), 4 survivors (4096K)
 Metaspace       used 103302K, committed 104064K, reserved 1179648K
  class space    used 13929K, committed 14272K, reserved 1048576K

Heap Regions: E=young(eden), S=young(survivor), O=old, HS=humongous(starts), HC=humongous(continues), CS=collection set, F=free, OA=open archive, CA=closed archive, TAMS=top-at-mark-start (previous, next)
|   0|0x0000000080000000, 0x0000000080100000, 0x0000000080100000|100%|HS|  |TAMS 0x0000000080100000, 0x0000000080100000| Complete 
|   1|0x0000000080100000, 0x0000000080200000, 0x0000000080200000|100%|HC|  |TAMS 0x0000000080200000, 0x0000000080200000| Complete 
|   2|0x0000000080200000, 0x0000000080300000, 0x0000000080300000|100%|HC|  |TAMS 0x0000000080300000, 0x0000000080300000| Complete 
|   3|0x0000000080300000, 0x0000000080400000, 0x0000000080400000|100%|HC|  |TAMS 0x0000000080400000, 0x0000000080400000| Complete 
|   4|0x0000000080400000, 0x0000000080500000, 0x0000000080500000|100%| O|  |TAMS 0x0000000080500000, 0x0000000080500000| Untracked 
|   5|0x0000000080500000, 0x0000000080600000, 0x0000000080600000|100%| O|  |TAMS 0x0000000080600000, 0x0000000080600000| Untracked 
|   6|0x0000000080600000, 0x0000000080700000, 0x0000000080700000|100%| O|  |TAMS 0x0000000080700000, 0x0000000080700000| Untracked 
|   7|0x0000000080700000, 0x0000000080800000, 0x0000000080800000|100%| O|  |TAMS 0x0000000080800000, 0x0000000080800000| Untracked 
|   8|0x0000000080800000, 0x0000000080900000, 0x0000000080900000|100%| O|  |TAMS 0x0000000080900000, 0x0000000080900000| Untracked 
|   9|0x0000000080900000, 0x0000000080a00000, 0x0000000080a00000|100%| O|  |TAMS 0x0000000080a00000, 0x0000000080a00000| Untracked 
|  10|0x0000000080a00000, 0x0000000080b00000, 0x0000000080b00000|100%| O|  |TAMS 0x0000000080b00000, 0x0000000080b00000| Untracked 
|  11|0x0000000080b00000, 0x0000000080c00000, 0x0000000080c00000|100%| O|  |TAMS 0x0000000080c00000, 0x0000000080c00000| Untracked 
|  12|0x0000000080c00000, 0x0000000080d00000, 0x0000000080d00000|100%| O|  |TAMS 0x0000000080d00000, 0x0000000080d00000| Untracked 
|  13|0x0000000080d00000, 0x0000000080e00000, 0x0000000080e00000|100%| O|  |TAMS 0x0000000080e00000, 0x0000000080e00000| Untracked 
|  14|0x0000000080e00000, 0x0000000080f00000, 0x0000000080f00000|100%| O|  |TAMS 0x0000000080f00000, 0x0000000080f00000| Untracked 
|  15|0x0000000080f00000, 0x0000000081000000, 0x0000000081000000|100%| O|  |TAMS 0x0000000081000000, 0x0000000081000000| Untracked 
|  16|0x0000000081000000, 0x0000000081100000, 0x0000000081100000|100%| O|  |TAMS 0x0000000081100000, 0x0000000081100000| Untracked 
|  17|0x0000000081100000, 0x0000000081200000, 0x0000000081200000|100%| O|  |TAMS 0x0000000081200000, 0x0000000081200000| Untracked 
|  18|0x0000000081200000, 0x0000000081300000, 0x0000000081300000|100%| O|  |TAMS 0x0000000081300000, 0x0000000081300000| Untracked 
|  19|0x0000000081300000, 0x0000000081400000, 0x0000000081400000|100%|HS|  |TAMS 0x0000000081400000, 0x0000000081400000| Complete 
|  20|0x0000000081400000, 0x0000000081500000, 0x0000000081500000|100%|HC|  |TAMS 0x0000000081500000, 0x0000000081500000| Complete 
|  21|0x0000000081500000, 0x0000000081600000, 0x0000000081600000|100%|HS|  |TAMS 0x0000000081600000, 0x0000000081600000| Complete 
|  22|0x0000000081600000, 0x0000000081700000, 0x0000000081700000|100%|HC|  |TAMS 0x0000000081700000, 0x0000000081700000| Complete 
|  23|0x0000000081700000, 0x0000000081800000, 0x0000000081800000|100%|HC|  |TAMS 0x0000000081800000, 0x0000000081800000| Complete 
|  24|0x0000000081800000, 0x0000000081900000, 0x0000000081900000|100%|HS|  |TAMS 0x0000000081900000, 0x0000000081900000| Complete 
|  25|0x0000000081900000, 0x0000000081a00000, 0x0000000081a00000|100%|HC|  |TAMS 0x0000000081a00000, 0x0000000081a00000| Complete 
|  26|0x0000000081a00000, 0x0000000081b00000, 0x0000000081b00000|100%|HC|  |TAMS 0x0000000081b00000, 0x0000000081b00000| Complete 
|  27|0x0000000081b00000, 0x0000000081c00000, 0x0000000081c00000|100%|HS|  |TAMS 0x0000000081c00000, 0x0000000081c00000| Complete 
|  28|0x0000000081c00000, 0x0000000081d00000, 0x0000000081d00000|100%|HC|  |TAMS 0x0000000081d00000, 0x0000000081d00000| Complete 
|  29|0x0000000081d00000, 0x0000000081e00000, 0x0000000081e00000|100%|HC|  |TAMS 0x0000000081e00000, 0x0000000081e00000| Complete 
|  30|0x0000000081e00000, 0x0000000081f00000, 0x0000000081f00000|100%| O|  |TAMS 0x0000000081f00000, 0x0000000081f00000| Untracked 
|  31|0x0000000081f00000, 0x0000000082000000, 0x0000000082000000|100%| O|  |TAMS 0x0000000082000000, 0x0000000082000000| Untracked 
|  32|0x0000000082000000, 0x0000000082100000, 0x0000000082100000|100%| O|  |TAMS 0x0000000082100000, 0x0000000082100000| Untracked 
|  33|0x0000000082100000, 0x0000000082200000, 0x0000000082200000|100%| O|  |TAMS 0x0000000082200000, 0x0000000082200000| Untracked 
|  34|0x0000000082200000, 0x0000000082300000, 0x0000000082300000|100%| O|  |TAMS 0x0000000082300000, 0x0000000082300000| Untracked 
|  35|0x0000000082300000, 0x0000000082400000, 0x0000000082400000|100%| O|  |TAMS 0x0000000082400000, 0x0000000082400000| Untracked 
|  36|0x0000000082400000, 0x0000000082500000, 0x0000000082500000|100%| O|  |TAMS 0x0000000082500000, 0x0000000082500000| Untracked 
|  37|0x0000000082500000, 0x0000000082600000, 0x0000000082600000|100%| O|  |TAMS 0x0000000082600000, 0x0000000082600000| Untracked 
|  38|0x0000000082600000, 0x0000000082700000, 0x0000000082700000|100%| O|  |TAMS 0x0000000082700000, 0x0000000082700000| Untracked 
|  39|0x0000000082700000, 0x0000000082800000, 0x0000000082800000|100%| O|  |TAMS 0x0000000082800000, 0x0000000082800000| Untracked 
|  40|0x0000000082800000, 0x0000000082900000, 0x0000000082900000|100%| O|  |TAMS 0x0000000082900000, 0x0000000082900000| Untracked 
|  41|0x0000000082900000, 0x0000000082900000, 0x0000000082a00000|  0%| F|  |TAMS 0x0000000082900000, 0x0000000082900000| Untracked 
|  42|0x0000000082a00000, 0x0000000082b00000, 0x0000000082b00000|100%| O|  |TAMS 0x0000000082a00000, 0x0000000082b00000| Untracked 
|  43|0x0000000082b00000, 0x0000000082c00000, 0x0000000082c00000|100%| O|  |TAMS 0x0000000082c00000, 0x0000000082c00000| Untracked 
|  44|0x0000000082c00000, 0x0000000082d00000, 0x0000000082d00000|100%|HS|  |TAMS 0x0000000082d00000, 0x0000000082d00000| Complete 
|  45|0x0000000082d00000, 0x0000000082e00000, 0x0000000082e00000|100%|HC|  |TAMS 0x0000000082e00000, 0x0000000082e00000| Complete 
|  46|0x0000000082e00000, 0x0000000082f00000, 0x0000000082f00000|100%|HC|  |TAMS 0x0000000082f00000, 0x0000000082f00000| Complete 
|  47|0x0000000082f00000, 0x0000000083000000, 0x0000000083000000|100%| O|  |TAMS 0x0000000083000000, 0x0000000083000000| Untracked 
|  48|0x0000000083000000, 0x0000000083100000, 0x0000000083100000|100%| O|  |TAMS 0x0000000083100000, 0x0000000083100000| Untracked 
|  49|0x0000000083100000, 0x0000000083200000, 0x0000000083200000|100%| O|  |TAMS 0x0000000083200000, 0x0000000083200000| Untracked 
|  50|0x0000000083200000, 0x0000000083300000, 0x0000000083300000|100%| O|  |TAMS 0x0000000083300000, 0x0000000083300000| Untracked 
|  51|0x0000000083300000, 0x0000000083400000, 0x0000000083400000|100%|HS|  |TAMS 0x0000000083400000, 0x0000000083400000| Complete 
|  52|0x0000000083400000, 0x0000000083500000, 0x0000000083500000|100%|HC|  |TAMS 0x0000000083500000, 0x0000000083500000| Complete 
|  53|0x0000000083500000, 0x0000000083600000, 0x0000000083600000|100%|HC|  |TAMS 0x0000000083600000, 0x0000000083600000| Complete 
|  54|0x0000000083600000, 0x0000000083700000, 0x0000000083700000|100%| O|  |TAMS 0x0000000083700000, 0x0000000083700000| Untracked 
|  55|0x0000000083700000, 0x0000000083800000, 0x0000000083800000|100%| O|  |TAMS 0x0000000083800000, 0x0000000083800000| Untracked 
|  56|0x0000000083800000, 0x0000000083900000, 0x0000000083900000|100%| O|  |TAMS 0x0000000083900000, 0x0000000083900000| Untracked 
|  57|0x0000000083900000, 0x0000000083a00000, 0x0000000083a00000|100%| O|  |TAMS 0x0000000083a00000, 0x0000000083a00000| Untracked 
|  58|0x0000000083a00000, 0x0000000083b00000, 0x0000000083b00000|100%| O|  |TAMS 0x0000000083b00000, 0x0000000083b00000| Untracked 
|  59|0x0000000083b00000, 0x0000000083c00000, 0x0000000083c00000|100%|HS|  |TAMS 0x0000000083c00000, 0x0000000083c00000| Complete 
|  60|0x0000000083c00000, 0x0000000083d00000, 0x0000000083d00000|100%|HC|  |TAMS 0x0000000083d00000, 0x0000000083d00000| Complete 
|  61|0x0000000083d00000, 0x0000000083e00000, 0x0000000083e00000|100%|HC|  |TAMS 0x0000000083e00000, 0x0000000083e00000| Complete 
|  62|0x0000000083e00000, 0x0000000083f00000, 0x0000000083f00000|100%| O|  |TAMS 0x0000000083f00000, 0x0000000083f00000| Untracked 
|  63|0x0000000083f00000, 0x0000000084000000, 0x0000000084000000|100%| O|  |TAMS 0x0000000084000000, 0x0000000084000000| Untracked 
|  64|0x0000000084000000, 0x0000000084100000, 0x0000000084100000|100%| O|  |TAMS 0x0000000084100000, 0x0000000084100000| Untracked 
|  65|0x0000000084100000, 0x0000000084200000, 0x0000000084200000|100%| O|  |TAMS 0x0000000084200000, 0x0000000084200000| Untracked 
|  66|0x0000000084200000, 0x0000000084300000, 0x0000000084300000|100%| O|  |TAMS 0x0000000084300000, 0x0000000084300000| Untracked 
|  67|0x0000000084300000, 0x0000000084400000, 0x0000000084400000|100%| O|  |TAMS 0x0000000084400000, 0x0000000084400000| Untracked 
|  68|0x0000000084400000, 0x0000000084500000, 0x0000000084500000|100%| O|  |TAMS 0x0000000084500000, 0x0000000084500000| Untracked 
|  69|0x0000000084500000, 0x0000000084600000, 0x0000000084600000|100%| O|  |TAMS 0x0000000084600000, 0x0000000084600000| Untracked 
|  70|0x0000000084600000, 0x0000000084700000, 0x0000000084700000|100%| O|  |TAMS 0x0000000084700000, 0x0000000084700000| Untracked 
|  71|0x0000000084700000, 0x0000000084800000, 0x0000000084800000|100%| O|  |TAMS 0x0000000084800000, 0x0000000084800000| Untracked 
|  72|0x0000000084800000, 0x0000000084900000, 0x0000000084900000|100%| O|  |TAMS 0x0000000084900000, 0x0000000084900000| Untracked 
|  73|0x0000000084900000, 0x0000000084a00000, 0x0000000084a00000|100%| O|  |TAMS 0x0000000084a00000, 0x0000000084a00000| Untracked 
|  74|0x0000000084a00000, 0x0000000084b00000, 0x0000000084b00000|100%|HS|  |TAMS 0x0000000084b00000, 0x0000000084b00000| Complete 
|  75|0x0000000084b00000, 0x0000000084c00000, 0x0000000084c00000|100%| O|  |TAMS 0x0000000084c00000, 0x0000000084c00000| Untracked 
|  76|0x0000000084c00000, 0x0000000084d00000, 0x0000000084d00000|100%| O|  |TAMS 0x0000000084d00000, 0x0000000084d00000| Untracked 
|  77|0x0000000084d00000, 0x0000000084e00000, 0x0000000084e00000|100%| O|  |TAMS 0x0000000084e00000, 0x0000000084e00000| Untracked 
|  78|0x0000000084e00000, 0x0000000084f00000, 0x0000000084f00000|100%| O|  |TAMS 0x0000000084f00000, 0x0000000084f00000| Untracked 
|  79|0x0000000084f00000, 0x0000000085000000, 0x0000000085000000|100%| O|  |TAMS 0x0000000085000000, 0x0000000085000000| Untracked 
|  80|0x0000000085000000, 0x0000000085100000, 0x0000000085100000|100%| O|  |TAMS 0x0000000085100000, 0x0000000085100000| Untracked 
|  81|0x0000000085100000, 0x0000000085200000, 0x0000000085200000|100%| O|  |TAMS 0x0000000085200000, 0x0000000085200000| Untracked 
|  82|0x0000000085200000, 0x0000000085300000, 0x0000000085300000|100%|HS|  |TAMS 0x0000000085300000, 0x0000000085300000| Complete 
|  83|0x0000000085300000, 0x0000000085400000, 0x0000000085400000|100%|HC|  |TAMS 0x0000000085400000, 0x0000000085400000| Complete 
|  84|0x0000000085400000, 0x0000000085500000, 0x0000000085500000|100%|HC|  |TAMS 0x0000000085500000, 0x0000000085500000| Complete 
|  85|0x0000000085500000, 0x0000000085600000, 0x0000000085600000|100%|HC|  |TAMS 0x0000000085600000, 0x0000000085600000| Complete 
|  86|0x0000000085600000, 0x0000000085700000, 0x0000000085700000|100%|HC|  |TAMS 0x0000000085700000, 0x0000000085700000| Complete 
|  87|0x0000000085700000, 0x0000000085800000, 0x0000000085800000|100%|HC|  |TAMS 0x0000000085800000, 0x0000000085800000| Complete 
|  88|0x0000000085800000, 0x0000000085900000, 0x0000000085900000|100%| O|  |TAMS 0x0000000085900000, 0x0000000085900000| Untracked 
|  89|0x0000000085900000, 0x0000000085a00000, 0x0000000085a00000|100%| O|  |TAMS 0x0000000085a00000, 0x0000000085a00000| Untracked 
|  90|0x0000000085a00000, 0x0000000085b00000, 0x0000000085b00000|100%| O|  |TAMS 0x0000000085b00000, 0x0000000085b00000| Untracked 
|  91|0x0000000085b00000, 0x0000000085c00000, 0x0000000085c00000|100%| O|  |TAMS 0x0000000085c00000, 0x0000000085c00000| Untracked 
|  92|0x0000000085c00000, 0x0000000085d00000, 0x0000000085d00000|100%| O|  |TAMS 0x0000000085d00000, 0x0000000085d00000| Untracked 
|  93|0x0000000085d00000, 0x0000000085e00000, 0x0000000085e00000|100%| O|  |TAMS 0x0000000085d41a00, 0x0000000085e00000| Untracked 
|  94|0x0000000085e00000, 0x0000000085f00000, 0x0000000085f00000|100%| O|  |TAMS 0x0000000085e00000, 0x0000000085f00000| Untracked 
|  95|0x0000000085f00000, 0x0000000086000000, 0x0000000086000000|100%| O|  |TAMS 0x0000000085f00000, 0x0000000086000000| Untracked 
|  96|0x0000000086000000, 0x0000000086100000, 0x0000000086100000|100%| O|  |TAMS 0x0000000086000000, 0x0000000086100000| Untracked 
|  97|0x0000000086100000, 0x0000000086162200, 0x0000000086200000| 38%| O|  |TAMS 0x0000000086100000, 0x0000000086162200| Untracked 
|  98|0x0000000086200000, 0x0000000086200000, 0x0000000086300000|  0%| F|  |TAMS 0x0000000086200000, 0x0000000086200000| Untracked 
|  99|0x0000000086300000, 0x0000000086300000, 0x0000000086400000|  0%| F|  |TAMS 0x0000000086300000, 0x0000000086300000| Untracked 
| 100|0x0000000086400000, 0x0000000086400000, 0x0000000086500000|  0%| F|  |TAMS 0x0000000086400000, 0x0000000086400000| Untracked 
| 101|0x0000000086500000, 0x0000000086500000, 0x0000000086600000|  0%| F|  |TAMS 0x0000000086500000, 0x0000000086500000| Untracked 
| 102|0x0000000086600000, 0x0000000086600000, 0x0000000086700000|  0%| F|  |TAMS 0x0000000086600000, 0x0000000086600000| Untracked 
| 103|0x0000000086700000, 0x0000000086700000, 0x0000000086800000|  0%| F|  |TAMS 0x0000000086700000, 0x0000000086700000| Untracked 
| 104|0x0000000086800000, 0x0000000086800000, 0x0000000086900000|  0%| F|  |TAMS 0x0000000086800000, 0x0000000086800000| Untracked 
| 105|0x0000000086900000, 0x0000000086900000, 0x0000000086a00000|  0%| F|  |TAMS 0x0000000086900000, 0x0000000086900000| Untracked 
| 106|0x0000000086a00000, 0x0000000086a00000, 0x0000000086b00000|  0%| F|  |TAMS 0x0000000086a00000, 0x0000000086a00000| Untracked 
| 107|0x0000000086b00000, 0x0000000086b00000, 0x0000000086c00000|  0%| F|  |TAMS 0x0000000086b00000, 0x0000000086b00000| Untracked 
| 108|0x0000000086c00000, 0x0000000086c00000, 0x0000000086d00000|  0%| F|  |TAMS 0x0000000086c00000, 0x0000000086c00000| Untracked 
| 109|0x0000000086d00000, 0x0000000086d00000, 0x0000000086e00000|  0%| F|  |TAMS 0x0000000086d00000, 0x0000000086d00000| Untracked 
| 110|0x0000000086e00000, 0x0000000086e00000, 0x0000000086f00000|  0%| F|  |TAMS 0x0000000086e00000, 0x0000000086e00000| Untracked 
| 111|0x0000000086f00000, 0x0000000086f00000, 0x0000000087000000|  0%| F|  |TAMS 0x0000000086f00000, 0x0000000086f00000| Untracked 
| 112|0x0000000087000000, 0x0000000087000000, 0x0000000087100000|  0%| F|  |TAMS 0x0000000087000000, 0x0000000087000000| Untracked 
| 113|0x0000000087100000, 0x0000000087100000, 0x0000000087200000|  0%| F|  |TAMS 0x0000000087100000, 0x0000000087100000| Untracked 
| 114|0x0000000087200000, 0x0000000087200000, 0x0000000087300000|  0%| F|  |TAMS 0x0000000087200000, 0x0000000087200000| Untracked 
| 115|0x0000000087300000, 0x0000000087300000, 0x0000000087400000|  0%| F|  |TAMS 0x0000000087300000, 0x0000000087300000| Untracked 
| 116|0x0000000087400000, 0x0000000087400000, 0x0000000087500000|  0%| F|  |TAMS 0x0000000087400000, 0x0000000087400000| Untracked 
| 117|0x0000000087500000, 0x0000000087500000, 0x0000000087600000|  0%| F|  |TAMS 0x0000000087500000, 0x0000000087500000| Untracked 
| 118|0x0000000087600000, 0x0000000087600000, 0x0000000087700000|  0%| F|  |TAMS 0x0000000087600000, 0x0000000087600000| Untracked 
| 119|0x0000000087700000, 0x0000000087700000, 0x0000000087800000|  0%| F|  |TAMS 0x0000000087700000, 0x0000000087700000| Untracked 
| 120|0x0000000087800000, 0x0000000087800000, 0x0000000087900000|  0%| F|  |TAMS 0x0000000087800000, 0x0000000087800000| Untracked 
| 121|0x0000000087900000, 0x0000000087995100, 0x0000000087a00000| 58%| S|CS|TAMS 0x0000000087900000, 0x0000000087900000| Complete 
| 122|0x0000000087a00000, 0x0000000087b00000, 0x0000000087b00000|100%| S|CS|TAMS 0x0000000087a00000, 0x0000000087a00000| Complete 
| 123|0x0000000087b00000, 0x0000000087c00000, 0x0000000087c00000|100%| S|CS|TAMS 0x0000000087b00000, 0x0000000087b00000| Complete 
| 124|0x0000000087c00000, 0x0000000087d00000, 0x0000000087d00000|100%| S|CS|TAMS 0x0000000087c00000, 0x0000000087c00000| Complete 
| 125|0x0000000087d00000, 0x0000000087d00000, 0x0000000087e00000|  0%| F|  |TAMS 0x0000000087d00000, 0x0000000087d00000| Untracked 
| 126|0x0000000087e00000, 0x0000000087e00000, 0x0000000087f00000|  0%| F|  |TAMS 0x0000000087e00000, 0x0000000087e00000| Untracked 
| 127|0x0000000087f00000, 0x0000000087f00000, 0x0000000088000000|  0%| F|  |TAMS 0x0000000087f00000, 0x0000000087f00000| Untracked 
| 128|0x0000000088000000, 0x0000000088000000, 0x0000000088100000|  0%| F|  |TAMS 0x0000000088000000, 0x0000000088000000| Untracked 
| 129|0x0000000088100000, 0x0000000088100000, 0x0000000088200000|  0%| F|  |TAMS 0x0000000088100000, 0x0000000088100000| Untracked 
| 130|0x0000000088200000, 0x0000000088200000, 0x0000000088300000|  0%| F|  |TAMS 0x0000000088200000, 0x0000000088200000| Untracked 
| 131|0x0000000088300000, 0x0000000088300000, 0x0000000088400000|  0%| F|  |TAMS 0x0000000088300000, 0x0000000088300000| Untracked 
| 132|0x0000000088400000, 0x0000000088400000, 0x0000000088500000|  0%| F|  |TAMS 0x0000000088400000, 0x0000000088400000| Untracked 
| 133|0x0000000088500000, 0x0000000088500000, 0x0000000088600000|  0%| F|  |TAMS 0x0000000088500000, 0x0000000088500000| Untracked 
| 134|0x0000000088600000, 0x0000000088600000, 0x0000000088700000|  0%| F|  |TAMS 0x0000000088600000, 0x0000000088600000| Untracked 
| 135|0x0000000088700000, 0x0000000088700000, 0x0000000088800000|  0%| F|  |TAMS 0x0000000088700000, 0x0000000088700000| Untracked 
| 136|0x0000000088800000, 0x0000000088800000, 0x0000000088900000|  0%| F|  |TAMS 0x0000000088800000, 0x0000000088800000| Untracked 
| 137|0x0000000088900000, 0x0000000088900000, 0x0000000088a00000|  0%| F|  |TAMS 0x0000000088900000, 0x0000000088900000| Untracked 
| 138|0x0000000088a00000, 0x0000000088a00000, 0x0000000088b00000|  0%| F|  |TAMS 0x0000000088a00000, 0x0000000088a00000| Untracked 
| 139|0x0000000088b00000, 0x0000000088b00000, 0x0000000088c00000|  0%| F|  |TAMS 0x0000000088b00000, 0x0000000088b00000| Untracked 
| 140|0x0000000088c00000, 0x0000000088c00000, 0x0000000088d00000|  0%| F|  |TAMS 0x0000000088c00000, 0x0000000088c00000| Untracked 
| 141|0x0000000088d00000, 0x0000000088d00000, 0x0000000088e00000|  0%| F|  |TAMS 0x0000000088d00000, 0x0000000088d00000| Untracked 
| 142|0x0000000088e00000, 0x0000000088e00000, 0x0000000088f00000|  0%| F|  |TAMS 0x0000000088e00000, 0x0000000088e00000| Untracked 
| 143|0x0000000088f00000, 0x0000000088f00000, 0x0000000089000000|  0%| F|  |TAMS 0x0000000088f00000, 0x0000000088f00000| Untracked 
| 144|0x0000000089000000, 0x0000000089000000, 0x0000000089100000|  0%| F|  |TAMS 0x0000000089000000, 0x0000000089000000| Untracked 
| 145|0x0000000089100000, 0x0000000089100000, 0x0000000089200000|  0%| F|  |TAMS 0x0000000089100000, 0x0000000089100000| Untracked 
| 146|0x0000000089200000, 0x0000000089200000, 0x0000000089300000|  0%| F|  |TAMS 0x0000000089200000, 0x0000000089200000| Untracked 
| 147|0x0000000089300000, 0x0000000089300000, 0x0000000089400000|  0%| F|  |TAMS 0x0000000089300000, 0x0000000089300000| Untracked 
| 148|0x0000000089400000, 0x0000000089400000, 0x0000000089500000|  0%| F|  |TAMS 0x0000000089400000, 0x0000000089400000| Untracked 
| 149|0x0000000089500000, 0x0000000089500000, 0x0000000089600000|  0%| F|  |TAMS 0x0000000089500000, 0x0000000089500000| Untracked 
| 150|0x0000000089600000, 0x0000000089600000, 0x0000000089700000|  0%| F|  |TAMS 0x0000000089600000, 0x0000000089600000| Untracked 
| 151|0x0000000089700000, 0x0000000089700000, 0x0000000089800000|  0%| F|  |TAMS 0x0000000089700000, 0x0000000089700000| Untracked 
| 152|0x0000000089800000, 0x0000000089800000, 0x0000000089900000|  0%| F|  |TAMS 0x0000000089800000, 0x0000000089800000| Untracked 
| 153|0x0000000089900000, 0x0000000089900000, 0x0000000089a00000|  0%| F|  |TAMS 0x0000000089900000, 0x0000000089900000| Untracked 
| 154|0x0000000089a00000, 0x0000000089a00000, 0x0000000089b00000|  0%| F|  |TAMS 0x0000000089a00000, 0x0000000089a00000| Untracked 
| 155|0x0000000089b00000, 0x0000000089b00000, 0x0000000089c00000|  0%| F|  |TAMS 0x0000000089b00000, 0x0000000089b00000| Untracked 
| 156|0x0000000089c00000, 0x0000000089c00000, 0x0000000089d00000|  0%| F|  |TAMS 0x0000000089c00000, 0x0000000089c00000| Untracked 
| 157|0x0000000089d00000, 0x0000000089d00000, 0x0000000089e00000|  0%| F|  |TAMS 0x0000000089d00000, 0x0000000089d00000| Untracked 
| 158|0x0000000089e00000, 0x0000000089e00000, 0x0000000089f00000|  0%| F|  |TAMS 0x0000000089e00000, 0x0000000089e00000| Untracked 
| 159|0x0000000089f00000, 0x0000000089f00000, 0x000000008a000000|  0%| F|  |TAMS 0x0000000089f00000, 0x0000000089f00000| Untracked 
| 160|0x000000008a000000, 0x000000008a000000, 0x000000008a100000|  0%| F|  |TAMS 0x000000008a000000, 0x000000008a000000| Untracked 
| 161|0x000000008a100000, 0x000000008a100000, 0x000000008a200000|  0%| F|  |TAMS 0x000000008a100000, 0x000000008a100000| Untracked 
| 162|0x000000008a200000, 0x000000008a200000, 0x000000008a300000|  0%| F|  |TAMS 0x000000008a200000, 0x000000008a200000| Untracked 
| 163|0x000000008a300000, 0x000000008a300000, 0x000000008a400000|  0%| F|  |TAMS 0x000000008a300000, 0x000000008a300000| Untracked 
| 164|0x000000008a400000, 0x000000008a400000, 0x000000008a500000|  0%| F|  |TAMS 0x000000008a400000, 0x000000008a400000| Untracked 
| 165|0x000000008a500000, 0x000000008a500000, 0x000000008a600000|  0%| F|  |TAMS 0x000000008a500000, 0x000000008a500000| Untracked 
| 166|0x000000008a600000, 0x000000008a600000, 0x000000008a700000|  0%| F|  |TAMS 0x000000008a600000, 0x000000008a600000| Untracked 
| 167|0x000000008a700000, 0x000000008a700000, 0x000000008a800000|  0%| F|  |TAMS 0x000000008a700000, 0x000000008a700000| Untracked 
| 168|0x000000008a800000, 0x000000008a800000, 0x000000008a900000|  0%| F|  |TAMS 0x000000008a800000, 0x000000008a800000| Untracked 
| 169|0x000000008a900000, 0x000000008a900000, 0x000000008aa00000|  0%| F|  |TAMS 0x000000008a900000, 0x000000008a900000| Untracked 
| 170|0x000000008aa00000, 0x000000008aa00000, 0x000000008ab00000|  0%| F|  |TAMS 0x000000008aa00000, 0x000000008aa00000| Untracked 
| 171|0x000000008ab00000, 0x000000008ab00000, 0x000000008ac00000|  0%| F|  |TAMS 0x000000008ab00000, 0x000000008ab00000| Untracked 
| 172|0x000000008ac00000, 0x000000008ac00000, 0x000000008ad00000|  0%| F|  |TAMS 0x000000008ac00000, 0x000000008ac00000| Untracked 
| 173|0x000000008ad00000, 0x000000008ad00000, 0x000000008ae00000|  0%| F|  |TAMS 0x000000008ad00000, 0x000000008ad00000| Untracked 
| 174|0x000000008ae00000, 0x000000008ae00000, 0x000000008af00000|  0%| F|  |TAMS 0x000000008ae00000, 0x000000008ae00000| Untracked 
| 175|0x000000008af00000, 0x000000008af00000, 0x000000008b000000|  0%| F|  |TAMS 0x000000008af00000, 0x000000008af00000| Untracked 

Card table byte_map: [0x000001a97c400000,0x000001a97c800000] _byte_map_base: 0x000001a97c000000

Marking Bits (Prev, Next): (CMBitMap*) 0x000001a96985d870, (CMBitMap*) 0x000001a96985d830
 Prev Bits: [0x000001a900000000, 0x000001a902000000)
 Next Bits: [0x000001a97cc00000, 0x000001a97ec00000)

Polling page: 0x000001a9677d0000

Metaspace:

Usage:
  Non-class:     87.28 MB used.
      Class:     13.60 MB used.
       Both:    100.88 MB used.

Virtual space:
  Non-class space:      128.00 MB reserved,      87.69 MB ( 69%) committed,  2 nodes.
      Class space:        1.00 GB reserved,      13.94 MB (  1%) committed,  1 nodes.
             Both:        1.12 GB reserved,     101.62 MB (  9%) committed. 

Chunk freelists:
   Non-Class:  7.59 MB
       Class:  1.91 MB
        Both:  9.50 MB

MaxMetaspaceSize: unlimited
CompressedClassSpaceSize: 1.00 GB
Initial GC threshold: 21.00 MB
Current GC threshold: 162.81 MB
CDS: off
MetaspaceReclaimPolicy: balanced
 - commit_granule_bytes: 65536.
 - commit_granule_words: 8192.
 - virtual_space_node_default_size: 8388608.
 - enlarge_chunks_in_place: 1.
 - new_chunks_are_fully_committed: 0.
 - uncommit_free_chunks: 1.
 - use_allocation_guard: 0.
 - handle_deallocations: 1.


Internal statistics:

num_allocs_failed_limit: 3.
num_arena_births: 800.
num_arena_deaths: 2.
num_vsnodes_births: 3.
num_vsnodes_deaths: 0.
num_space_committed: 1624.
num_space_uncommitted: 0.
num_chunks_returned_to_freelist: 7.
num_chunks_taken_from_freelist: 4297.
num_chunk_merges: 3.
num_chunk_splits: 3198.
num_chunks_enlarged: 2548.
num_inconsistent_stats: 0.

CodeHeap 'non-profiled nmethods': size=120000Kb used=3887Kb max_used=3887Kb free=116112Kb
 bounds [0x000001a9747a0000, 0x000001a974b70000, 0x000001a97bcd0000]
CodeHeap 'profiled nmethods': size=120000Kb used=15450Kb max_used=15450Kb free=104549Kb
 bounds [0x000001a96ccd0000, 0x000001a96dbf0000, 0x000001a974200000]
CodeHeap 'non-nmethods': size=5760Kb used=2416Kb max_used=2445Kb free=3344Kb
 bounds [0x000001a974200000, 0x000001a974470000, 0x000001a9747a0000]
 total_blobs=8511 nmethods=7553 adapters=870
 compilation: enabled
              stopped_count=0, restarted_count=0
 full_count=0

Compilation events (20 events):
Event: 42.697 Thread 0x000001a97f81a6b0 8438       2       org.jetbrains.kotlin.com.intellij.psi.search.DelegatingGlobalSearchScope::isSearchInLibraries (8 bytes)
Event: 42.697 Thread 0x000001a97f81a6b0 nmethod 8438 0x000001a96dbdb890 code [0x000001a96dbdba20, 0x000001a96dbdbb48]
Event: 42.698 Thread 0x000001a97f81a6b0 8439       2       org.jetbrains.kotlin.metadata.ProtoBuf$PackageFragment::getClass_ (14 bytes)
Event: 42.698 Thread 0x000001a97f81a6b0 nmethod 8439 0x000001a96dbdbc10 code [0x000001a96dbdbdc0, 0x000001a96dbdbf28]
Event: 42.699 Thread 0x000001a97f81a6b0 8440       2       org.jetbrains.kotlin.metadata.jvm.JvmProtoBuf$JvmPropertySignature::getDefaultInstance (4 bytes)
Event: 42.699 Thread 0x000001a97f81a6b0 nmethod 8440 0x000001a96dbdc010 code [0x000001a96dbdc1a0, 0x000001a96dbdc298]
Event: 42.699 Thread 0x000001a97f81a6b0 8441       2       org.jetbrains.kotlin.metadata.jvm.JvmProtoBuf$JvmPropertySignature::initFields (36 bytes)
Event: 42.699 Thread 0x000001a97f81a6b0 nmethod 8441 0x000001a96dbdc310 code [0x000001a96dbdc4c0, 0x000001a96dbdc7f8]
Event: 42.700 Thread 0x000001a97f81a6b0 8442       2       org.jetbrains.kotlin.metadata.ProtoBuf$Type::writeTo (354 bytes)
Event: 42.702 Thread 0x000001a97f81a6b0 nmethod 8442 0x000001a96dbdc890 code [0x000001a96dbdccc0, 0x000001a96dbdd9f8]
Event: 42.702 Thread 0x000001a97f81a6b0 8443       2       org.jetbrains.kotlin.metadata.ProtoBuf$Property::writeTo (432 bytes)
Event: 42.704 Thread 0x000001a97f81a6b0 nmethod 8443 0x000001a96dbde490 code [0x000001a96dbde9a0, 0x000001a96dbdfbf8]
Event: 42.704 Thread 0x000001a97f81a6b0 8446       2       org.jetbrains.kotlin.config.MavenComparableVersion$IntegerItem::compareTo (105 bytes)
Event: 42.705 Thread 0x000001a97f81a6b0 nmethod 8446 0x000001a96dbe0990 code [0x000001a96dbe0be0, 0x000001a96dbe10d8]
Event: 42.705 Thread 0x000001a97f81a6b0 8444       2       org.jetbrains.kotlin.descriptors.FindClassInModuleKt::findClassifierAcrossModuleDependencies (674 bytes)
Event: 42.709 Thread 0x000001a97f81a6b0 nmethod 8444 0x000001a96dbe1390 code [0x000001a96dbe1b80, 0x000001a96dbe4178]
Event: 42.709 Thread 0x000001a97f81a6b0 8447   !   2       org.jetbrains.kotlin.com.intellij.util.io.FileAccessorCache::get (72 bytes)
Event: 42.709 Thread 0x000001a97f81a6b0 nmethod 8447 0x000001a96dbe5910 code [0x000001a96dbe5b20, 0x000001a96dbe5f18]
Event: 42.709 Thread 0x000001a97f81a6b0 8445       2       gnu.trove.THashMap::setUp (30 bytes)
Event: 42.710 Thread 0x000001a97f81a6b0 nmethod 8445 0x000001a96dbe6110 code [0x000001a96dbe62e0, 0x000001a96dbe6738]

GC Heap History (20 events):
Event: 35.778 GC heap after
{Heap after GC invocations=39 (full 0):
 garbage-first heap   total 135168K, used 81059K [0x0000000080000000, 0x0000000100000000)
  region size 1024K, 5 young (5120K), 5 survivors (5120K)
 Metaspace       used 80712K, committed 81472K, reserved 1179648K
  class space    used 11375K, committed 11712K, reserved 1048576K
}
Event: 37.577 GC heap before
{Heap before GC invocations=39 (full 0):
 garbage-first heap   total 135168K, used 108707K [0x0000000080000000, 0x0000000100000000)
  region size 1024K, 32 young (32768K), 5 survivors (5120K)
 Metaspace       used 83784K, committed 84544K, reserved 1179648K
  class space    used 11754K, committed 12096K, reserved 1048576K
}
Event: 37.591 GC heap after
{Heap after GC invocations=40 (full 0):
 garbage-first heap   total 135168K, used 82894K [0x0000000080000000, 0x0000000100000000)
  region size 1024K, 2 young (2048K), 2 survivors (2048K)
 Metaspace       used 83784K, committed 84544K, reserved 1179648K
  class space    used 11754K, committed 12096K, reserved 1048576K
}
Event: 38.819 GC heap before
{Heap before GC invocations=41 (full 0):
 garbage-first heap   total 145408K, used 116686K [0x0000000080000000, 0x0000000100000000)
  region size 1024K, 28 young (28672K), 2 survivors (2048K)
 Metaspace       used 86427K, committed 87168K, reserved 1179648K
  class space    used 12055K, committed 12416K, reserved 1048576K
}
Event: 38.828 GC heap after
{Heap after GC invocations=42 (full 0):
 garbage-first heap   total 145408K, used 92531K [0x0000000080000000, 0x0000000100000000)
  region size 1024K, 4 young (4096K), 4 survivors (4096K)
 Metaspace       used 86427K, committed 87168K, reserved 1179648K
  class space    used 12055K, committed 12416K, reserved 1048576K
}
Event: 38.917 GC heap before
{Heap before GC invocations=42 (full 0):
 garbage-first heap   total 145408K, used 94579K [0x0000000080000000, 0x0000000100000000)
  region size 1024K, 7 young (7168K), 4 survivors (4096K)
 Metaspace       used 86712K, committed 87424K, reserved 1179648K
  class space    used 12087K, committed 12416K, reserved 1048576K
}
Event: 38.926 GC heap after
{Heap after GC invocations=43 (full 0):
 garbage-first heap   total 145408K, used 92847K [0x0000000080000000, 0x0000000100000000)
  region size 1024K, 1 young (1024K), 1 survivors (1024K)
 Metaspace       used 86712K, committed 87424K, reserved 1179648K
  class space    used 12087K, committed 12416K, reserved 1048576K
}
Event: 39.547 GC heap before
{Heap before GC invocations=43 (full 0):
 garbage-first heap   total 145408K, used 119471K [0x0000000080000000, 0x0000000100000000)
  region size 1024K, 27 young (27648K), 1 survivors (1024K)
 Metaspace       used 90075K, committed 90816K, reserved 1179648K
  class space    used 12363K, committed 12736K, reserved 1048576K
}
Event: 39.551 GC heap after
{Heap after GC invocations=44 (full 0):
 garbage-first heap   total 145408K, used 94198K [0x0000000080000000, 0x0000000100000000)
  region size 1024K, 2 young (2048K), 2 survivors (2048K)
 Metaspace       used 90075K, committed 90816K, reserved 1179648K
  class space    used 12363K, committed 12736K, reserved 1048576K
}
Event: 40.391 GC heap before
{Heap before GC invocations=45 (full 0):
 garbage-first heap   total 163840K, used 120822K [0x0000000080000000, 0x0000000100000000)
  region size 1024K, 28 young (28672K), 2 survivors (2048K)
 Metaspace       used 93206K, committed 93952K, reserved 1179648K
  class space    used 12722K, committed 13056K, reserved 1048576K
}
Event: 40.398 GC heap after
{Heap after GC invocations=46 (full 0):
 garbage-first heap   total 163840K, used 95012K [0x0000000080000000, 0x0000000100000000)
  region size 1024K, 3 young (3072K), 3 survivors (3072K)
 Metaspace       used 93206K, committed 93952K, reserved 1179648K
  class space    used 12722K, committed 13056K, reserved 1048576K
}
Event: 40.576 GC heap before
{Heap before GC invocations=46 (full 0):
 garbage-first heap   total 163840K, used 100132K [0x0000000080000000, 0x0000000100000000)
  region size 1024K, 8 young (8192K), 3 survivors (3072K)
 Metaspace       used 93820K, committed 94528K, reserved 1179648K
  class space    used 12808K, committed 13120K, reserved 1048576K
}
Event: 40.581 GC heap after
{Heap after GC invocations=47 (full 0):
 garbage-first heap   total 163840K, used 94808K [0x0000000080000000, 0x0000000100000000)
  region size 1024K, 1 young (1024K), 1 survivors (1024K)
 Metaspace       used 93820K, committed 94528K, reserved 1179648K
  class space    used 12808K, committed 13120K, reserved 1048576K
}
Event: 41.566 GC heap before
{Heap before GC invocations=47 (full 0):
 garbage-first heap   total 163840K, used 134744K [0x0000000080000000, 0x0000000100000000)
  region size 1024K, 40 young (40960K), 1 survivors (1024K)
 Metaspace       used 98941K, committed 99648K, reserved 1179648K
  class space    used 13464K, committed 13824K, reserved 1048576K
}
Event: 41.569 GC heap after
{Heap after GC invocations=48 (full 0):
 garbage-first heap   total 163840K, used 96953K [0x0000000080000000, 0x0000000100000000)
  region size 1024K, 3 young (3072K), 3 survivors (3072K)
 Metaspace       used 98941K, committed 99648K, reserved 1179648K
  class space    used 13464K, committed 13824K, reserved 1048576K
}
Event: 42.033 GC heap before
{Heap before GC invocations=49 (full 0):
 garbage-first heap   total 171008K, used 136889K [0x0000000080000000, 0x0000000100000000)
  region size 1024K, 41 young (41984K), 3 survivors (3072K)
 Metaspace       used 100292K, committed 100992K, reserved 1179648K
  class space    used 13610K, committed 13952K, reserved 1048576K
}
Event: 42.038 GC heap after
{Heap after GC invocations=50 (full 0):
 garbage-first heap   total 171008K, used 99293K [0x0000000080000000, 0x0000000100000000)
  region size 1024K, 5 young (5120K), 5 survivors (5120K)
 Metaspace       used 100292K, committed 100992K, reserved 1179648K
  class space    used 13610K, committed 13952K, reserved 1048576K
}
Event: 42.102 GC heap before
{Heap before GC invocations=50 (full 0):
 garbage-first heap   total 171008K, used 102365K [0x0000000080000000, 0x0000000100000000)
  region size 1024K, 8 young (8192K), 5 survivors (5120K)
 Metaspace       used 100614K, committed 101312K, reserved 1179648K
  class space    used 13656K, committed 14016K, reserved 1048576K
}
Event: 42.107 GC heap after
{Heap after GC invocations=51 (full 0):
 garbage-first heap   total 171008K, used 99588K [0x0000000080000000, 0x0000000100000000)
  region size 1024K, 1 young (1024K), 1 survivors (1024K)
 Metaspace       used 100614K, committed 101312K, reserved 1179648K
  class space    used 13656K, committed 14016K, reserved 1048576K
}
Event: 42.716 GC heap before
{Heap before GC invocations=51 (full 0):
 garbage-first heap   total 171008K, used 141572K [0x0000000080000000, 0x0000000100000000)
  region size 1024K, 42 young (43008K), 1 survivors (1024K)
 Metaspace       used 103302K, committed 104064K, reserved 1179648K
  class space    used 13929K, committed 14272K, reserved 1048576K
}

Dll operation events (3 events):
Event: 0.030 Loaded shared library C:\Program Files\Android\Android Studio\jbr\bin\java.dll
Event: 0.354 Loaded shared library C:\Program Files\Android\Android Studio\jbr\bin\zip.dll
Event: 0.974 Loaded shared library C:\Program Files\Android\Android Studio\jbr\bin\verify.dll

Deoptimization events (20 events):
Event: 42.455 Thread 0x000001a909caf790 DEOPT PACKING pc=0x000001a974b559e0 sp=0x000000981ddf0af0
Event: 42.455 Thread 0x000001a909caf790 DEOPT UNPACKING pc=0x000001a9742569a3 sp=0x000000981ddf0ab0 mode 2
Event: 42.456 Thread 0x000001a909caf790 Uncommon trap: trap_request=0xffffffbe fr.pc=0x000001a974b559e0 relative=0x0000000000000fe0
Event: 42.456 Thread 0x000001a909caf790 Uncommon trap: reason=profile_predicate action=maybe_recompile pc=0x000001a974b559e0 method=gnu.trove.TObjectHash.insertionIndex(Ljava/lang/Object;)I @ 115 c2
Event: 42.456 Thread 0x000001a909caf790 DEOPT PACKING pc=0x000001a974b559e0 sp=0x000000981ddf0af0
Event: 42.456 Thread 0x000001a909caf790 DEOPT UNPACKING pc=0x000001a9742569a3 sp=0x000000981ddf0ab0 mode 2
Event: 42.456 Thread 0x000001a909caf790 Uncommon trap: trap_request=0xffffffbe fr.pc=0x000001a974b559e0 relative=0x0000000000000fe0
Event: 42.456 Thread 0x000001a909caf790 Uncommon trap: reason=profile_predicate action=maybe_recompile pc=0x000001a974b559e0 method=gnu.trove.TObjectHash.insertionIndex(Ljava/lang/Object;)I @ 115 c2
Event: 42.456 Thread 0x000001a909caf790 DEOPT PACKING pc=0x000001a974b559e0 sp=0x000000981ddf0af0
Event: 42.456 Thread 0x000001a909caf790 DEOPT UNPACKING pc=0x000001a9742569a3 sp=0x000000981ddf0ab0 mode 2
Event: 42.643 Thread 0x000001a909caf790 Uncommon trap: trap_request=0xffffff45 fr.pc=0x000001a974b22034 relative=0x0000000000000f34
Event: 42.643 Thread 0x000001a909caf790 Uncommon trap: reason=unstable_if action=reinterpret pc=0x000001a974b22034 method=org.jetbrains.kotlin.metadata.ProtoBuf$Type.getSerializedSize()I @ 176 c2
Event: 42.643 Thread 0x000001a909caf790 DEOPT PACKING pc=0x000001a974b22034 sp=0x000000981ddeed10
Event: 42.643 Thread 0x000001a909caf790 DEOPT UNPACKING pc=0x000001a9742569a3 sp=0x000000981ddeecd0 mode 2
Event: 42.674 Thread 0x000001a909caf790 Uncommon trap: trap_request=0xffffff45 fr.pc=0x000001a974b65834 relative=0x0000000000001934
Event: 42.674 Thread 0x000001a909caf790 Uncommon trap: reason=unstable_if action=reinterpret pc=0x000001a974b65834 method=org.jetbrains.kotlin.metadata.ProtoBuf$Type.writeTo(Lorg/jetbrains/kotlin/protobuf/CodedOutputStream;)V @ 160 c2
Event: 42.674 Thread 0x000001a909caf790 DEOPT PACKING pc=0x000001a974b65834 sp=0x000000981ddeed20
Event: 42.674 Thread 0x000001a909caf790 DEOPT UNPACKING pc=0x000001a9742569a3 sp=0x000000981ddeed08 mode 2
Event: 42.693 Thread 0x000001a909caf790 DEOPT PACKING pc=0x000001a96db01374 sp=0x000000981ddefc00
Event: 42.693 Thread 0x000001a909caf790 DEOPT UNPACKING pc=0x000001a974257143 sp=0x000000981ddef120 mode 0

Classes unloaded (2 events):
Event: 18.264 Thread 0x000001a97f643a50 Unloading class 0x000000010079c000 '_BuildScript_$_run_closure1'
Event: 18.264 Thread 0x000001a97f643a50 Unloading class 0x0000000100790800 '_BuildScript_'

Classes redefined (0 events):
No events

Internal exceptions (20 events):
Event: 25.262 Thread 0x000001a909caf790 Implicit null exception at 0x000001a9749f0e93 to 0x000001a9749f0fd8
Event: 27.332 Thread 0x000001a909caf790 Implicit null exception at 0x000001a9747e11f2 to 0x000001a9747e17c0
Event: 29.020 Thread 0x000001a909caf790 Implicit null exception at 0x000001a9747fe7f2 to 0x000001a9747fedd0
Event: 29.844 Thread 0x000001a909caf790 Exception <a 'sun/nio/fs/WindowsException'{0x00000000878a4088}> (0x00000000878a4088) 
thrown [s\src\hotspot\share\prims\jni.cpp, line 517]
Event: 29.844 Thread 0x000001a909caf790 Exception <a 'sun/nio/fs/WindowsException'{0x00000000878a5e40}> (0x00000000878a5e40) 
thrown [s\src\hotspot\share\prims\jni.cpp, line 517]
Event: 30.566 Thread 0x000001a909caf790 Exception <a 'java/lang/NoSuchMethodError'{0x00000000867321e0}: 'long java.lang.invoke.DirectMethodHandle$Holder.invokeStatic(java.lang.Object)'> (0x00000000867321e0) 
thrown [s\src\hotspot\share\interpreter\linkResolver.cpp, line 771]
Event: 30.567 Thread 0x000001a909caf790 Exception <a 'java/lang/NoSuchMethodError'{0x0000000086737070}: 'long java.lang.invoke.DirectMethodHandle$Holder.invokeStaticInit(java.lang.Object)'> (0x0000000086737070) 
thrown [s\src\hotspot\share\interpreter\linkResolver.cpp, line 771]
Event: 30.948 Thread 0x000001a909caf790 Exception <a 'java/lang/NoSuchMethodError'{0x0000000086282ee8}: 'long java.lang.invoke.Invokers$Holder.invoke_MT(java.lang.Object, java.lang.Object, java.lang.Object, java.lang.Object)'> (0x0000000086282ee8) 
thrown [s\src\hotspot\share\interpreter\linkResolver.cpp, line 771]
Event: 30.951 Thread 0x000001a909caf790 Exception <a 'java/lang/NoSuchMethodError'{0x000000008628c538}: 'int java.lang.invoke.Invokers$Holder.invoke_MT(java.lang.Object, java.lang.Object, java.lang.Object, java.lang.Object)'> (0x000000008628c538) 
thrown [s\src\hotspot\share\interpreter\linkResolver.cpp, line 771]
Event: 31.005 Thread 0x000001a909caf790 Exception <a 'java/lang/NoSuchMethodError'{0x000000008629d008}: 'void java.lang.invoke.DelegatingMethodHandle$Holder.reinvoke_L(java.lang.Object, java.lang.Object, java.lang.Object, long, java.lang.Object)'> (0x000000008629d008) 
thrown [s\src\hotspot\share\interpreter\linkResolver.cpp, line 771]
Event: 31.010 Thread 0x000001a909caf790 Exception <a 'java/lang/NoSuchMethodError'{0x00000000862a5be0}: 'java.lang.Object java.lang.invoke.DirectMethodHandle$Holder.invokeSpecial(java.lang.Object, java.lang.Object, java.lang.Object, java.lang.Object, long)'> (0x00000000862a5be0) 
thrown [s\src\hotspot\share\interpreter\linkResolver.cpp, line 771]
Event: 31.013 Thread 0x000001a909caf790 Exception <a 'java/lang/NoSuchMethodError'{0x00000000862b6580}: 'int java.lang.invoke.DelegatingMethodHandle$Holder.reinvoke_L(java.lang.Object, java.lang.Object, java.lang.Object, long, java.lang.Object, java.lang.Object)'> (0x00000000862b6580) 
thrown [s\src\hotspot\share\interpreter\linkResolver.cpp, line 771]
Event: 31.021 Thread 0x000001a909caf790 Exception <a 'java/lang/NoSuchMethodError'{0x00000000862c6868}: 'int java.lang.invoke.DelegatingMethodHandle$Holder.reinvoke_L(java.lang.Object, java.lang.Object, java.lang.Object, long, int, int)'> (0x00000000862c6868) 
thrown [s\src\hotspot\share\interpreter\linkResolver.cpp, line 771]
Event: 31.032 Thread 0x000001a909caf790 Exception <a 'java/lang/NoSuchMethodError'{0x00000000862d68f8}: 'int java.lang.invoke.DelegatingMethodHandle$Holder.reinvoke_L(java.lang.Object, java.lang.Object, java.lang.Object, long, long, long)'> (0x00000000862d68f8) 
thrown [s\src\hotspot\share\interpreter\linkResolver.cpp, line 771]
Event: 31.037 Thread 0x000001a909caf790 Exception <a 'java/lang/NoSuchMethodError'{0x00000000862e6668}: 'int java.lang.invoke.DelegatingMethodHandle$Holder.reinvoke_L(java.lang.Object, java.lang.Object, java.lang.Object, long, int)'> (0x00000000862e6668) 
thrown [s\src\hotspot\share\interpreter\linkResolver.cpp, line 771]
Event: 33.555 Thread 0x000001a909caf790 Exception <a 'java/lang/NoSuchMethodError'{0x000000008794efb0}: 'java.lang.Object java.lang.invoke.Invokers$Holder.invokeExact_MT(java.lang.Object, java.lang.Object, long, java.lang.Object)'> (0x000000008794efb0) 
thrown [s\src\hotspot\share\interpreter\linkResolver.cpp, line 771]
Event: 33.877 Thread 0x000001a909caf790 Exception <a 'java/lang/NoSuchMethodError'{0x00000000877c5468}: 'java.lang.Object java.lang.invoke.Invokers$Holder.invoke_MT(java.lang.Object, java.lang.Object, java.lang.Object)'> (0x00000000877c5468) 
thrown [s\src\hotspot\share\interpreter\linkResolver.cpp, line 771]
Event: 35.475 Thread 0x000001a909caf790 Implicit null exception at 0x000001a9748b5388 to 0x000001a9748b6174
Event: 35.475 Thread 0x000001a909caf790 Implicit null exception at 0x000001a9748f06b9 to 0x000001a9748f0fe0
Event: 41.344 Thread 0x000001a909caf790 Exception <a 'java/lang/NoSuchMethodError'{0x00000000880259a8}: 'java.lang.Object java.lang.invoke.DirectMethodHandle$Holder.invokeStatic(java.lang.Object, java.lang.Object, java.lang.Object, java.lang.Object, int)'> (0x00000000880259a8) 
thrown [s\src\hotspot\share\interpreter\linkResolver.cpp, line 771]

VM Operations (20 events):
Event: 40.582 Executing VM operation: G1CollectForAllocation done
Event: 41.418 Executing VM operation: HandshakeAllThreads
Event: 41.418 Executing VM operation: HandshakeAllThreads done
Event: 41.551 Executing VM operation: ICBufferFull
Event: 41.552 Executing VM operation: ICBufferFull done
Event: 41.566 Executing VM operation: G1CollectForAllocation
Event: 41.569 Executing VM operation: G1CollectForAllocation done
Event: 41.636 Executing VM operation: G1PauseRemark
Event: 41.643 Executing VM operation: G1PauseRemark done
Event: 41.682 Executing VM operation: G1PauseCleanup
Event: 41.682 Executing VM operation: G1PauseCleanup done
Event: 42.033 Executing VM operation: G1CollectForAllocation
Event: 42.039 Executing VM operation: G1CollectForAllocation done
Event: 42.102 Executing VM operation: G1CollectForAllocation
Event: 42.107 Executing VM operation: G1CollectForAllocation done
Event: 42.693 Executing VM operation: HandshakeAllThreads
Event: 42.693 Executing VM operation: HandshakeAllThreads done
Event: 42.695 Executing VM operation: ICBufferFull
Event: 42.696 Executing VM operation: ICBufferFull done
Event: 42.716 Executing VM operation: G1CollectForAllocation

Events (20 events):
Event: 35.857 loading class java/nio/channels/Channels$ReadableByteChannelImpl
Event: 35.859 loading class java/nio/channels/Channels$ReadableByteChannelImpl done
Event: 35.872 loading class java/nio/channels/NonWritableChannelException
Event: 35.872 loading class java/nio/channels/NonWritableChannelException done
Event: 40.129 Thread 0x000001a97f8265c0 flushing nmethod 0x000001a96cef3a10
Event: 40.139 Thread 0x000001a97f8265c0 flushing nmethod 0x000001a96d6fd490
Event: 40.686 loading class java/text/StringCharacterIterator
Event: 40.686 loading class java/text/CharacterIterator
Event: 40.686 loading class java/text/CharacterIterator done
Event: 40.686 loading class java/text/StringCharacterIterator done
Event: 40.751 loading class java/io/NotSerializableException
Event: 40.752 loading class java/io/NotSerializableException done
Event: 41.247 loading class java/util/function/IntUnaryOperator
Event: 41.247 loading class java/util/function/IntUnaryOperator done
Event: 41.314 loading class java/util/AbstractList$SubList
Event: 41.314 loading class java/util/AbstractList$SubList done
Event: 41.314 loading class java/util/AbstractList$SubList$1
Event: 41.314 loading class java/util/AbstractList$SubList$1 done
Event: 42.281 loading class java/util/AbstractList$RandomAccessSubList
Event: 42.281 loading class java/util/AbstractList$RandomAccessSubList done


Dynamic libraries:
0x00007ff655d30000 - 0x00007ff655d3a000 	C:\Program Files\Android\Android Studio\jbr\bin\java.exe
0x00007ffc7cbd0000 - 0x00007ffc7cde7000 	C:\Windows\SYSTEM32\ntdll.dll
0x00007ffc7b880000 - 0x00007ffc7b944000 	C:\Windows\System32\KERNEL32.DLL
0x00007ffc7a2d0000 - 0x00007ffc7a67c000 	C:\Windows\System32\KERNELBASE.dll
0x00007ffc7a7f0000 - 0x00007ffc7a901000 	C:\Windows\System32\ucrtbase.dll
0x00007ffc69b70000 - 0x00007ffc69b87000 	C:\Program Files\Android\Android Studio\jbr\bin\jli.dll
0x00007ffc69b50000 - 0x00007ffc69b6b000 	C:\Program Files\Android\Android Studio\jbr\bin\VCRUNTIME140.dll
0x00007ffc7c960000 - 0x00007ffc7cb0e000 	C:\Windows\System32\USER32.dll
0x00007ffc7a160000 - 0x00007ffc7a186000 	C:\Windows\System32\win32u.dll
0x00007ffc7c8b0000 - 0x00007ffc7c8d9000 	C:\Windows\System32\GDI32.dll
0x00007ffc64170000 - 0x00007ffc64403000 	C:\Windows\WinSxS\amd64_microsoft.windows.common-controls_6595b64144ccf1df_6.0.22621.3672_none_2713b9d173822955\COMCTL32.dll
0x00007ffc79f70000 - 0x00007ffc7a089000 	C:\Windows\System32\gdi32full.dll
0x00007ffc7b9b0000 - 0x00007ffc7ba57000 	C:\Windows\System32\msvcrt.dll
0x00007ffc7a090000 - 0x00007ffc7a12a000 	C:\Windows\System32\msvcp_win.dll
0x00007ffc7b4b0000 - 0x00007ffc7b4e1000 	C:\Windows\System32\IMM32.DLL
0x00007ffc69150000 - 0x00007ffc6915c000 	C:\Program Files\Android\Android Studio\jbr\bin\vcruntime140_1.dll
0x00007ffc45770000 - 0x00007ffc457fd000 	C:\Program Files\Android\Android Studio\jbr\bin\msvcp140.dll
0x00007ffc3eeb0000 - 0x00007ffc3fb33000 	C:\Program Files\Android\Android Studio\jbr\bin\server\jvm.dll
0x00007ffc7aed0000 - 0x00007ffc7af82000 	C:\Windows\System32\ADVAPI32.dll
0x00007ffc7ae20000 - 0x00007ffc7aec8000 	C:\Windows\System32\sechost.dll
0x00007ffc7a130000 - 0x00007ffc7a158000 	C:\Windows\System32\bcrypt.dll
0x00007ffc7b4f0000 - 0x00007ffc7b605000 	C:\Windows\System32\RPCRT4.dll
0x00007ffc79dc0000 - 0x00007ffc79e0d000 	C:\Windows\SYSTEM32\POWRPROF.dll
0x00007ffc75260000 - 0x00007ffc75269000 	C:\Windows\SYSTEM32\WSOCK32.dll
0x00007ffc71830000 - 0x00007ffc71864000 	C:\Windows\SYSTEM32\WINMM.dll
0x00007ffc7cb10000 - 0x00007ffc7cb81000 	C:\Windows\System32\WS2_32.dll
0x00007ffc72d30000 - 0x00007ffc72d3a000 	C:\Windows\SYSTEM32\VERSION.dll
0x00007ffc79da0000 - 0x00007ffc79db3000 	C:\Windows\SYSTEM32\UMPDC.dll
0x00007ffc78ef0000 - 0x00007ffc78f08000 	C:\Windows\SYSTEM32\kernel.appcore.dll
0x00007ffc75250000 - 0x00007ffc7525a000 	C:\Program Files\Android\Android Studio\jbr\bin\jimage.dll
0x00007ffc66370000 - 0x00007ffc665a2000 	C:\Windows\SYSTEM32\DBGHELP.DLL
0x00007ffc7a930000 - 0x00007ffc7acb8000 	C:\Windows\System32\combase.dll
0x00007ffc7ad20000 - 0x00007ffc7adf7000 	C:\Windows\System32\OLEAUT32.dll
0x00007ffc66250000 - 0x00007ffc66282000 	C:\Windows\SYSTEM32\dbgcore.DLL
0x00007ffc7a190000 - 0x00007ffc7a20b000 	C:\Windows\System32\bcryptPrimitives.dll
0x00007ffc719d0000 - 0x00007ffc719de000 	C:\Program Files\Android\Android Studio\jbr\bin\instrument.dll
0x00007ffc6a1c0000 - 0x00007ffc6a1e5000 	C:\Program Files\Android\Android Studio\jbr\bin\java.dll
0x00007ffc6a170000 - 0x00007ffc6a188000 	C:\Program Files\Android\Android Studio\jbr\bin\zip.dll
0x00007ffc7ba70000 - 0x00007ffc7c2cc000 	C:\Windows\System32\SHELL32.dll
0x00007ffc77de0000 - 0x00007ffc786d7000 	C:\Windows\SYSTEM32\windows.storage.dll
0x00007ffc77ca0000 - 0x00007ffc77ddf000 	C:\Windows\SYSTEM32\wintypes.dll
0x00007ffc7c7b0000 - 0x00007ffc7c8a4000 	C:\Windows\System32\SHCORE.dll
0x00007ffc7acc0000 - 0x00007ffc7ad1e000 	C:\Windows\System32\shlwapi.dll
0x00007ffc79e30000 - 0x00007ffc79e51000 	C:\Windows\SYSTEM32\profapi.dll
0x00007ffc6a150000 - 0x00007ffc6a169000 	C:\Program Files\Android\Android Studio\jbr\bin\net.dll
0x00007ffc727a0000 - 0x00007ffc728d6000 	C:\Windows\SYSTEM32\WINHTTP.dll
0x00007ffc79380000 - 0x00007ffc793e9000 	C:\Windows\system32\mswsock.dll
0x00007ffc69ef0000 - 0x00007ffc69f06000 	C:\Program Files\Android\Android Studio\jbr\bin\nio.dll
0x00007ffc75240000 - 0x00007ffc75250000 	C:\Program Files\Android\Android Studio\jbr\bin\verify.dll
0x00007ffc501f0000 - 0x00007ffc50217000 	C:\Users\bryan\.gradle\native\c067742578af261105cb4f569cf0c3c89f3d7b1fecec35dd04571415982c5e48\windows-amd64\native-platform.dll
0x00007ffc41f10000 - 0x00007ffc42054000 	C:\Users\bryan\.gradle\native\38dada09dfb8b06ba9b0570ebf7e218e3eb74d4ef43ca46872605cf95ebc2f47\windows-amd64\native-platform-file-events.dll
0x00007ffc73250000 - 0x00007ffc73259000 	C:\Program Files\Android\Android Studio\jbr\bin\management.dll
0x00007ffc730c0000 - 0x00007ffc730cb000 	C:\Program Files\Android\Android Studio\jbr\bin\management_ext.dll
0x00007ffc7a910000 - 0x00007ffc7a918000 	C:\Windows\System32\PSAPI.DLL
0x00007ffc795f0000 - 0x00007ffc7960b000 	C:\Windows\SYSTEM32\CRYPTSP.dll
0x00007ffc78e50000 - 0x00007ffc78e85000 	C:\Windows\system32\rsaenh.dll
0x00007ffc79480000 - 0x00007ffc794a8000 	C:\Windows\SYSTEM32\USERENV.dll
0x00007ffc795e0000 - 0x00007ffc795ec000 	C:\Windows\SYSTEM32\CRYPTBASE.dll
0x00007ffc78990000 - 0x00007ffc789bd000 	C:\Windows\SYSTEM32\IPHLPAPI.DLL
0x00007ffc7a920000 - 0x00007ffc7a929000 	C:\Windows\System32\NSI.dll
0x00007ffc72d60000 - 0x00007ffc72d79000 	C:\Windows\SYSTEM32\dhcpcsvc6.DLL
0x00007ffc72d40000 - 0x00007ffc72d5f000 	C:\Windows\SYSTEM32\dhcpcsvc.DLL
0x00007ffc78a10000 - 0x00007ffc78b08000 	C:\Windows\SYSTEM32\DNSAPI.dll
0x00007ffc733c0000 - 0x00007ffc733c9000 	C:\Program Files\Android\Android Studio\jbr\bin\extnet.dll
0x00007ffc74570000 - 0x00007ffc74578000 	C:\Windows\system32\wshunix.dll
0x00007ffc78f30000 - 0x00007ffc78f64000 	C:\Windows\SYSTEM32\ntmarta.dll

dbghelp: loaded successfully - version: 4.0.5 - missing functions: none
symbol engine: initialized successfully - sym options: 0x614 - pdb path: .;C:\Program Files\Android\Android Studio\jbr\bin;C:\Windows\SYSTEM32;C:\Windows\WinSxS\amd64_microsoft.windows.common-controls_6595b64144ccf1df_6.0.22621.3672_none_2713b9d173822955;C:\Program Files\Android\Android Studio\jbr\bin\server;C:\Users\bryan\.gradle\native\c067742578af261105cb4f569cf0c3c89f3d7b1fecec35dd04571415982c5e48\windows-amd64;C:\Users\bryan\.gradle\native\38dada09dfb8b06ba9b0570ebf7e218e3eb74d4ef43ca46872605cf95ebc2f47\windows-amd64

VM Arguments:
jvm_args: --add-opens=java.base/java.util=ALL-UNNAMED --add-opens=java.base/java.lang=ALL-UNNAMED --add-opens=java.base/java.lang.invoke=ALL-UNNAMED --add-opens=java.prefs/java.util.prefs=ALL-UNNAMED --add-opens=java.base/java.nio.charset=ALL-UNNAMED --add-opens=java.base/java.net=ALL-UNNAMED --add-opens=java.base/java.util.concurrent.atomic=ALL-UNNAMED -Xmx2048m -Dfile.encoding=UTF-8 -Duser.country=SV -Duser.language=es -Duser.variant -javaagent:C:\Users\bryan\.gradle\wrapper\dists\gradle-8.6-bin\afr5mpiioh2wthjmwnkmdsd5w\gradle-8.6\lib\agents\gradle-instrumentation-agent-8.6.jar 
java_command: org.gradle.launcher.daemon.bootstrap.GradleDaemon 8.6
java_class_path (initial): C:\Users\bryan\.gradle\wrapper\dists\gradle-8.6-bin\afr5mpiioh2wthjmwnkmdsd5w\gradle-8.6\lib\gradle-launcher-8.6.jar
Launcher Type: SUN_STANDARD

[Global flags]
     intx CICompilerCount                          = 4                                         {product} {ergonomic}
     uint ConcGCThreads                            = 2                                         {product} {ergonomic}
     uint G1ConcRefinementThreads                  = 8                                         {product} {ergonomic}
   size_t G1HeapRegionSize                         = 1048576                                   {product} {ergonomic}
    uintx GCDrainStackTargetSize                   = 64                                        {product} {ergonomic}
   size_t InitialHeapSize                          = 184549376                                 {product} {ergonomic}
   size_t MarkStackSize                            = 4194304                                   {product} {ergonomic}
   size_t MaxHeapSize                              = 2147483648                                {product} {command line}
   size_t MaxNewSize                               = 1287651328                                {product} {ergonomic}
   size_t MinHeapDeltaBytes                        = 1048576                                   {product} {ergonomic}
   size_t MinHeapSize                              = 8388608                                   {product} {ergonomic}
    uintx NonNMethodCodeHeapSize                   = 5839372                                {pd product} {ergonomic}
    uintx NonProfiledCodeHeapSize                  = 122909434                              {pd product} {ergonomic}
    uintx ProfiledCodeHeapSize                     = 122909434                              {pd product} {ergonomic}
    uintx ReservedCodeCacheSize                    = 251658240                              {pd product} {ergonomic}
     bool SegmentedCodeCache                       = true                                      {product} {ergonomic}
   size_t SoftMaxHeapSize                          = 2147483648                             {manageable} {ergonomic}
     bool UseCompressedClassPointers               = true                           {product lp64_product} {ergonomic}
     bool UseCompressedOops                        = true                           {product lp64_product} {ergonomic}
     bool UseG1GC                                  = true                                      {product} {ergonomic}
     bool UseLargePagesIndividualAllocation        = false                                  {pd product} {ergonomic}

Logging:
Log output configuration:
 #0: stdout all=warning uptime,level,tags
 #1: stderr all=off uptime,level,tags

Environment Variables:
JAVA_HOME=C:\Program Files\Java\jdk-11
PATH=C:\Python312\Scripts\;C:\Python312\;C:\Program Files\Common Files\Oracle\Java\javapath;C:\Program Files (x86)\Common Files\Oracle\Java\java8path;C:\Program Files (x86)\Common Files\Oracle\Java\javapath;C:\Windows\system32;C:\Windows;C:\Windows\System32\Wbem;C:\Windows\System32\WindowsPowerShell\v1.0\;C:\Windows\System32\OpenSSH\;C:\Program Files (x86)\AMD\ATI.ACE\Core-Static;C:\Program Files\Docker\Docker\resources\bin;C:\Users\bryan\AppData\Local\Packages\PythonSoftwareFoundation.Python.3.11_qbz5n2kfra8p0\LocalCache\local-packages\Python311\site-packages\virtualenv;C:\Users\bryan\AppData\Local\Packages\PythonSoftwareFoundation.Python.3.11_qbz5n2kfra8p0\LocalCache\local-packages\Python311\site-packages;C:\Users\bryan\AppData\Local\Packages\PythonSoftwareFoundation.Python.3.11_qbz5n2kfra8p0\LocalCache\local-packages\Python311\Scripts;C:\Users\bryan\AppData\Local\Programs\Python\Python311\Scripts;C:\Users\bryan\AppData\Local\Programs\Python\Python311\Lib\site-packages;C:\Users\bryan\AppData\Local\Programs\Python\Python311\python.exe;D:\nvm;D:\nodejs;D:\nodeJs\;C:\ProgramData\chocolatey\bin;D:\Git\cmd;C:\Program Files\MySQL\MySQL Shell 8.0\bin\;C:\Users\bryan\AppData\Local\Programs\Python\Python311\Scripts\;C:\Users\bryan\AppData\Local\Programs\Python\Python311\;C:\Users\bryan\AppData\Local\Microsoft\WindowsApps;C:\spark\bin;C:\Program Files\Java\jdk-11\bin;C:\Users\bryan\AppData\Local\Programs\Microsoft VS Code\bin;C:\Users\bryan\AppData\Local\Programs\Python\Python311\Scripts;C:\Users\bryan\AppData\Local\Programs\Python\Python311\Lib\site-packages;C:\Users\bryan\AppData\Local\Programs\Python\Python311\python.exe;C:\Users\bryan\AppData\Local\Packages\PythonSoftwareFoundation.Python.3.11_qbz5n2kfra8p0\LocalCache\local-packages\Python311\site-packages\virtualenv;C:\Users\bryan\AppData\Local\Packages\PythonSoftwareFoundation.Python.3.11_qbz5n2kfra8p0\LocalCache\local-packages\Python311\site-packages;C:\Users\bryan\AppData\Local\Packages\PythonSoftwareFoundation.Python.
USERNAME=bryan
OS=Windows_NT
PROCESSOR_IDENTIFIER=AMD64 Family 23 Model 17 Stepping 0, AuthenticAMD
TMP=C:\Users\bryan\AppData\Local\Temp
TEMP=C:\Users\bryan\AppData\Local\Temp



Periodic native trim disabled

JNI global refs:
JNI global refs: 27, weak refs: 14

JNI global refs memory usage: 843, weak refs: 841

OOME stack traces (most recent first):
Classloader memory used:
Loader org.gradle.internal.classloader.VisitableURLClassLoader                         : 9161K
Loader bootstrap                                                                       : 2539K
Loader org.gradle.initialization.MixInLegacyTypesClassLoader                           : 869K
Loader org.gradle.internal.classloader.VisitableURLClassLoader$InstrumentingVisitableURLClassLoader: 87025B
Loader org.gradle.internal.classloader.VisitableURLClassLoader                         : 80183B
Loader jdk.internal.loader.ClassLoaders$PlatformClassLoader                            : 67753B
Loader jdk.internal.jrtfs.JrtFileSystemProvider$JrtFsLoader                            : 40852B
Loader jdk.internal.loader.ClassLoaders$AppClassLoader                                 : 28737B
Loader jdk.internal.reflect.DelegatingClassLoader                                      : 28462B
Loader org.gradle.groovy.scripts.internal.DefaultScriptCompilationHandler$ScriptClassLoader: 10898B
Loader org.codehaus.groovy.runtime.callsite.CallSiteClassLoader                        : 5885B

Classes loaded by more than one classloader:
Class org.gradle.internal.Cast                                                        : loaded 3 times (x 69B)
Class org.gradle.api.GradleException                                                  : loaded 3 times (x 80B)
Class org.jetbrains.plugins.gradle.model.MavenRepositoryModel                         : loaded 2 times (x 68B)
Class org.gradle.internal.classpath.ClassPath                                         : loaded 2 times (x 68B)
Class org.gradle.api.internal.classpath.DefaultModuleRegistry                         : loaded 2 times (x 84B)
Class org.gradle.internal.exceptions.NonGradleCauseExceptionsHolder                   : loaded 2 times (x 68B)
Class Settings_gradle$1$1                                                             : loaded 2 times (x 72B)
Class jdk.internal.jimage.BasicImageReader$1                                          : loaded 2 times (x 75B)
Class org.gradle.api.Action                                                           : loaded 2 times (x 68B)
Class org.jetbrains.kotlin.idea.gradleTooling.model.samWithReceiver.SamWithReceiverModel: loaded 2 times (x 68B)
Class org.jetbrains.plugins.gradle.model.ExternalProject                              : loaded 2 times (x 68B)
Class org.jetbrains.plugins.gradle.model.IntelliJSettings                             : loaded 2 times (x 68B)
Class jdk.internal.jimage.ImageBufferCache$1                                          : loaded 2 times (x 78B)
Class jdk.internal.jimage.ImageBufferCache$2                                          : loaded 2 times (x 89B)
Class org.jetbrains.kotlin.idea.gradleTooling.KotlinMPPGradleModel                    : loaded 2 times (x 68B)
Class org.gradle.api.internal.DefaultClassPathProvider                                : loaded 2 times (x 74B)
Class org.gradle.internal.installation.GradleInstallation$1                           : loaded 2 times (x 73B)
Class jdk.internal.jrtfs.SystemImage$1                                                : loaded 2 times (x 76B)
Class jdk.internal.jrtfs.SystemImage$2                                                : loaded 2 times (x 74B)
Class org.gradle.internal.exceptions.DefaultMultiCauseException                       : loaded 2 times (x 89B)
Class org.gradle.tooling.model.UnsupportedMethodException                             : loaded 2 times (x 80B)
Class org.gradle.util.GradleVersion                                                   : loaded 2 times (x 81B)
Class org.gradle.internal.classloader.FilteringClassLoader                            : loaded 2 times (x 103B)
Class jdk.internal.jimage.ImageReader$Resource                                        : loaded 2 times (x 82B)
Class jdk.internal.jrtfs.SystemImage                                                  : loaded 2 times (x 72B)
Class org.gradle.tooling.model.Model                                                  : loaded 2 times (x 68B)
Class org.gradle.internal.classpath.DefaultClassPath$ImmutableUniqueList$Builder      : loaded 2 times (x 73B)
Class org.jetbrains.kotlin.idea.gradleTooling.KotlinSourceSetContainer                : loaded 2 times (x 68B)
Class jdk.internal.jrtfs.JrtDirectoryStream$1                                         : loaded 2 times (x 81B)
Class org.gradle.internal.classloader.ClassLoaderVisitor                              : loaded 2 times (x 74B)
Class org.gradle.internal.time.DefaultCountdownTimer                                  : loaded 2 times (x 86B)
Class org.gradle.internal.service.DefaultServiceLocator                               : loaded 2 times (x 81B)
Class org.gradle.internal.service.UnknownServiceException                             : loaded 2 times (x 81B)
Class org.jetbrains.plugins.gradle.model.DependencyAccessorsModel                     : loaded 2 times (x 68B)
Class org.gradle.internal.classloader.DefaultClassLoaderFactory                       : loaded 2 times (x 80B)
Class jdk.internal.jimage.ImageReader$SharedImageReader                               : loaded 2 times (x 93B)
Class org.jetbrains.plugins.gradle.model.GradleExtensions                             : loaded 2 times (x 68B)
Class jdk.internal.jimage.decompressor.ZipDecompressorFactory                         : loaded 2 times (x 72B)
Class org.jetbrains.plugins.gradle.model.VersionCatalogsModel                         : loaded 2 times (x 68B)
Class org.gradle.internal.classloader.VisitableURLClassLoader$Spec                    : loaded 2 times (x 72B)
Class org.gradle.tooling.model.ProjectModel                                           : loaded 2 times (x 68B)
Class org.gradle.internal.time.MonotonicClock                                         : loaded 2 times (x 75B)
Class org.gradle.tooling.internal.gradle.DefaultProjectIdentifier                     : loaded 2 times (x 84B)
Class org.gradle.api.internal.classpath.ModuleRegistry                                : loaded 2 times (x 68B)
Class org.jetbrains.plugins.gradle.model.RepositoriesModel                            : loaded 2 times (x 68B)
Class kotlin.jvm.internal.markers.KMappedMarker                                       : loaded 2 times (x 68B)
Class org.gradle.api.internal.ClassPathProvider                                       : loaded 2 times (x 68B)
Class org.gradle.internal.classloader.ClasspathUtil$1                                 : loaded 2 times (x 74B)
Class org.gradle.internal.classloader.ClassLoaderFactory                              : loaded 2 times (x 68B)
Class jdk.internal.jimage.ImageHeader                                                 : loaded 2 times (x 69B)
Class sync_studio_tooling125_7sl8vadu9mj7kemb4e900c7r4$_run_closure1                  : loaded 2 times (x 137B)
Class org.gradle.api.internal.classpath.ManifestUtil                                  : loaded 2 times (x 69B)
Class org.gradle.api.specs.Spec                                                       : loaded 2 times (x 68B)
Class org.gradle.tooling.internal.gradle.GradleBuildIdentity                          : loaded 2 times (x 68B)
Class org.gradle.internal.IoActions                                                   : loaded 2 times (x 69B)
Class jdk.internal.jimage.decompressor.StringSharingDecompressorFactory               : loaded 2 times (x 72B)
Class org.gradle.api.internal.classpath.EffectiveClassPath                            : loaded 2 times (x 88B)
Class kotlin.jvm.internal.DefaultConstructorMarker                                    : loaded 2 times (x 69B)
Class org.jetbrains.kotlin.idea.gradleTooling.model.annotation.AnnotationBasedPluginModel: loaded 2 times (x 68B)
Class org.jetbrains.kotlin.idea.gradleTooling.model.assignment.AssignmentModel        : loaded 2 times (x 68B)
Class org.gradle.internal.installation.CurrentGradleInstallation                      : loaded 2 times (x 71B)
Class org.gradle.internal.agents.InstrumentingClassLoader                             : loaded 2 times (x 68B)
Class org.gradle.internal.installation.CurrentGradleInstallationLocator               : loaded 2 times (x 69B)
Class org.gradle.api.internal.classpath.Module                                        : loaded 2 times (x 68B)
Class org.gradle.internal.service.CachingServiceLocator                               : loaded 2 times (x 80B)
Class org.gradle.internal.time.Timer                                                  : loaded 2 times (x 68B)
Class org.jetbrains.plugins.gradle.model.tests.ExternalTestsModel                     : loaded 2 times (x 68B)
Class org.jetbrains.kotlin.idea.gradleTooling.KotlinDslScriptAdditionalTask           : loaded 2 times (x 68B)
Class org.gradle.internal.classpath.DefaultClassPath                                  : loaded 2 times (x 88B)
Class jdk.internal.jimage.BasicImageReader                                            : loaded 2 times (x 93B)
Class com.intellij.openapi.externalSystem.model.project.dependencies.ProjectDependencies: loaded 2 times (x 68B)
Class org.jetbrains.kotlin.idea.gradleTooling.PrepareKotlinIdeImportTaskModel         : loaded 2 times (x 68B)
Class jdk.internal.jimage.ImageLocation                                               : loaded 2 times (x 88B)
Class org.gradle.internal.impldep.com.google.common.base.Preconditions                : loaded 2 times (x 69B)
Class kotlin.jvm.functions.Function1                                                  : loaded 2 times (x 68B)
Class jdk.internal.jimage.ImageReader$Node                                            : loaded 2 times (x 82B)
Class sync_studio_tooling125_7sl8vadu9mj7kemb4e900c7r4                                : loaded 2 times (x 177B)
Class org.gradle.internal.time.Time                                                   : loaded 2 times (x 69B)
Class jdk.internal.jimage.decompressor.CompressedResourceHeader                       : loaded 2 times (x 69B)
Class ijInit1_aecd5qciv7k5zrqpmfpfy82q2                                               : loaded 2 times (x 177B)
Class org.gradle.internal.time.TimeSource$1                                           : loaded 2 times (x 75B)
Class jdk.internal.jrtfs.JrtPath                                                      : loaded 2 times (x 116B)
Class jdk.internal.jimage.ImageStrings                                                : loaded 2 times (x 68B)
Class jdk.internal.jrtfs.JrtFileAttributes                                            : loaded 2 times (x 81B)
Class org.gradle.internal.classloader.SystemClassLoaderSpec                           : loaded 2 times (x 69B)
Class jdk.internal.jimage.decompressor.ResourceDecompressorRepository                 : loaded 2 times (x 69B)
Class kotlin.Function                                                                 : loaded 2 times (x 68B)
Class org.gradle.api.UncheckedIOException                                             : loaded 2 times (x 80B)
Class jdk.internal.jimage.decompressor.ResourceDecompressor$StringsProvider           : loaded 2 times (x 68B)
Class Program                                                                         : loaded 2 times (x 70B)
Class jdk.internal.jimage.decompressor.Decompressor                                   : loaded 2 times (x 70B)
Class jdk.internal.jrtfs.JrtFileSystem                                                : loaded 2 times (x 100B)
Class org.gradle.tooling.internal.gradle.GradleProjectIdentity                        : loaded 2 times (x 68B)
Class jdk.internal.jrtfs.JrtFileSystemProvider                                        : loaded 2 times (x 97B)
Class org.gradle.internal.time.Clock                                                  : loaded 2 times (x 68B)
Class org.gradle.internal.time.CountdownTimer                                         : loaded 2 times (x 68B)
Class org.gradle.internal.classloader.ClasspathUtil                                   : loaded 2 times (x 69B)
Class jdk.internal.jrtfs.JrtDirectoryStream                                           : loaded 2 times (x 87B)
Class org.gradle.tooling.model.BuildIdentifier                                        : loaded 2 times (x 68B)
Class jdk.internal.jimage.decompressor.ResourceDecompressor                           : loaded 2 times (x 68B)
Class org.gradle.api.internal.DefaultClassPathRegistry                                : loaded 2 times (x 74B)
Class org.gradle.api.internal.classpath.DefaultModuleRegistry$DefaultModule           : loaded 2 times (x 84B)
Class org.gradle.internal.time.TimeSource                                             : loaded 2 times (x 68B)
Class org.jetbrains.kotlin.android.synthetic.idea.AndroidExtensionsGradleModel        : loaded 2 times (x 68B)
Class org.gradle.api.internal.classpath.UnknownModuleException                        : loaded 2 times (x 80B)
Class org.jetbrains.plugins.gradle.model.IntelliJProjectSettings                      : loaded 2 times (x 68B)
Class org.gradle.internal.service.ServiceLookupException                              : loaded 2 times (x 80B)
Class jdk.internal.jimage.ImageStringsReader                                          : loaded 2 times (x 78B)
Class org.gradle.cache.GlobalCache                                                    : loaded 2 times (x 68B)
Class jdk.internal.jimage.decompressor.ResourceDecompressorFactory                    : loaded 2 times (x 72B)
Class org.jetbrains.kotlin.idea.gradleTooling.model.lombok.LombokModel                : loaded 2 times (x 68B)
Class org.gradle.tooling.model.ProjectIdentifier                                      : loaded 2 times (x 68B)
Class [Lorg.gradle.api.internal.ClassPathProvider;                                    : loaded 2 times (x 67B)
Class jdk.internal.jimage.ImageReader$SharedImageReader$LocationVisitor               : loaded 2 times (x 68B)
Class org.gradle.internal.operations.MultipleBuildOperationFailures                   : loaded 2 times (x 89B)
Class org.gradle.util.internal.GUtil                                                  : loaded 2 times (x 69B)
Class jdk.internal.jimage.decompressor.ZipDecompressor                                : loaded 2 times (x 73B)
Class org.jetbrains.plugins.gradle.model.AnnotationProcessingModel                    : loaded 2 times (x 68B)
Class org.gradle.internal.classloader.ClassLoaderSpec                                 : loaded 2 times (x 69B)
Class org.jetbrains.plugins.gradle.model.BuildScriptClasspathModel                    : loaded 2 times (x 68B)
Class org.gradle.internal.classloader.VisitableURLClassLoader                         : loaded 2 times (x 115B)
Class org.gradle.internal.installation.GradleInstallation                             : loaded 2 times (x 73B)
Class org.gradle.api.internal.ClassPathRegistry                                       : loaded 2 times (x 68B)
Class org.gradle.internal.classloader.VisitableURLClassLoader$InstrumentingVisitableURLClassLoader: loaded 2 times (x 121B)
Class org.gradle.internal.classloader.ClassLoaderHierarchy                            : loaded 2 times (x 68B)
Class org.gradle.internal.exceptions.MultiCauseException                              : loaded 2 times (x 68B)
Class jdk.internal.jimage.ImageReader                                                 : loaded 2 times (x 73B)
Class org.jetbrains.kotlin.idea.gradleTooling.model.parcelize.ParcelizeGradleModel    : loaded 2 times (x 68B)
Class org.gradle.internal.InternalTransformer                                         : loaded 2 times (x 68B)
Class org.jetbrains.kotlin.idea.gradleTooling.model.noarg.NoArgModel                  : loaded 2 times (x 68B)
Class org.jetbrains.kotlin.idea.gradleTooling.KotlinGradleModel                       : loaded 2 times (x 68B)
Class org.gradle.tooling.internal.gradle.DefaultBuildIdentifier                       : loaded 2 times (x 77B)
Class org.gradle.internal.service.ServiceLocator                                      : loaded 2 times (x 68B)
Class Settings_gradle$1                                                               : loaded 2 times (x 72B)
Class org.jetbrains.kotlin.idea.gradleTooling.model.allopen.AllOpenModel              : loaded 2 times (x 68B)
Class org.gradle.internal.classpath.DefaultClassPath$ImmutableUniqueList              : loaded 2 times (x 159B)
Class jdk.internal.jimage.ImageBufferCache                                            : loaded 2 times (x 69B)
Class org.gradle.internal.time.DefaultTimer                                           : loaded 2 times (x 78B)
Class org.gradle.internal.classpath.TransformedClassPath                              : loaded 2 times (x 94B)
Class Settings_gradle                                                                 : loaded 2 times (x 126B)
Class jdk.internal.jimage.ImageReader$Directory                                       : loaded 2 times (x 82B)


---------------  S Y S T E M  ---------------

OS:
 Windows 11 , 64 bit Build 22621 (10.0.22621.3672)
OS uptime: 0 days 5:05 hours
Hyper-V role detected

CPU: total 8 (initial active 8) (8 cores per cpu, 2 threads per core) family 23 model 17 stepping 0 microcode 0x0, cx8, cmov, fxsr, ht, mmx, 3dnowpref, sse, sse2, sse3, ssse3, sse4a, sse4.1, sse4.2, popcnt, lzcnt, tsc, tscinvbit, avx, avx2, aes, clmul, bmi1, bmi2, adx, sha, fma, vzeroupper, clflush, clflushopt, hv
Processor Information for all 8 processors :
  Max Mhz: 2000, Current Mhz: 2000, Mhz Limit: 2000

Memory: 4k page, system-wide physical 11178M (324M free)
TotalPageFile size 15274M (AvailPageFile size 69M)
current process WorkingSet (physical memory assigned to process): 404M, peak: 404M
current process commit charge ("private bytes"): 445M, peak: 521M

vm_info: OpenJDK 64-Bit Server VM (17.0.10+0--11572160) for windows-amd64 JRE (17.0.10+0--11572160), built on Mar 13 2024 23:56:38 by "androidbuild" with MS VC++ 16.10 / 16.11 (VS2019)

END.
