#
# There is insufficient memory for the Java Runtime Environment to continue.
# Native memory allocation (mmap) failed to map 28311552 bytes for G1 virtual space
# Possible reasons:
#   The system is out of physical RAM or swap space
#   The process is running with CompressedOops enabled, and the Java Heap may be blocking the growth of the native heap
# Possible solutions:
#   Reduce memory load on the system
#   Increase physical memory or swap space
#   Check if swap backing store is full
#   Decrease Java heap size (-Xmx/-Xms)
#   Decrease number of Java threads
#   Decrease Java thread stack sizes (-Xss)
#   Set larger code cache with -XX:ReservedCodeCacheSize=
#   JVM is running with Unscaled Compressed Oops mode in which the Java heap is
#     placed in the first 4GB address space. The Java Heap base address is the
#     maximum limit for the native heap growth. Please use -XX:HeapBaseMinAddress
#     to set the Java Heap base and to place the Java Heap above 4GB virtual address.
# This output file may be truncated or incomplete.
#
#  Out of Memory Error (os_windows.cpp:3825), pid=7156, tid=9792
#
# JRE version: OpenJDK Runtime Environment (17.0.10) (build 17.0.10+0--11572160)
# Java VM: OpenJDK 64-Bit Server VM (17.0.10+0--11572160, mixed mode, tiered, compressed oops, compressed class ptrs, g1 gc, windows-amd64)
# No core dump will be written. Minidumps are not enabled by default on client versions of Windows
#

---------------  S U M M A R Y ------------

Command Line: --add-opens=java.base/java.util=ALL-UNNAMED --add-opens=java.base/java.lang=ALL-UNNAMED --add-opens=java.base/java.lang.invoke=ALL-UNNAMED --add-opens=java.prefs/java.util.prefs=ALL-UNNAMED --add-opens=java.base/java.nio.charset=ALL-UNNAMED --add-opens=java.base/java.net=ALL-UNNAMED --add-opens=java.base/java.util.concurrent.atomic=ALL-UNNAMED -Xmx2048m -Dfile.encoding=UTF-8 -Duser.country=SV -Duser.language=es -Duser.variant -javaagent:C:\Users\bryan\.gradle\wrapper\dists\gradle-8.6-bin\afr5mpiioh2wthjmwnkmdsd5w\gradle-8.6\lib\agents\gradle-instrumentation-agent-8.6.jar org.gradle.launcher.daemon.bootstrap.GradleDaemon 8.6

Host: AMD Ryzen 5 2500U with Radeon Vega Mobile Gfx  , 8 cores, 10G,  Windows 11 , 64 bit Build 22621 (10.0.22621.3672)
Time: Sun Jun  9 14:02:17 2024 Hora estándar, América Central elapsed time: 25.548021 seconds (0d 0h 0m 25s)

---------------  T H R E A D  ---------------

Current thread (0x000001f01b47ea30):  VMThread "VM Thread" [stack: 0x0000004b95900000,0x0000004b95a00000] [id=9792]

Stack: [0x0000004b95900000,0x0000004b95a00000]
Native frames: (J=compiled Java code, j=interpreted, Vv=VM code, C=native code)
V  [jvm.dll+0x688e89]
V  [jvm.dll+0x84247a]
V  [jvm.dll+0x8440be]
V  [jvm.dll+0x844723]
V  [jvm.dll+0x24be0f]
V  [jvm.dll+0x685c59]
V  [jvm.dll+0x67a50a]
V  [jvm.dll+0x30cbab]
V  [jvm.dll+0x314056]
V  [jvm.dll+0x363dce]
V  [jvm.dll+0x363fff]
V  [jvm.dll+0x2e2978]
V  [jvm.dll+0x2e0b54]
V  [jvm.dll+0x2e015c]
V  [jvm.dll+0x32502b]
V  [jvm.dll+0x848e1b]
V  [jvm.dll+0x849b61]
V  [jvm.dll+0x84a07d]
V  [jvm.dll+0x84a454]
V  [jvm.dll+0x84a520]
V  [jvm.dll+0x7f0d1a]
V  [jvm.dll+0x687d05]
C  [ucrtbase.dll+0x29333]
C  [KERNEL32.DLL+0x1257d]
C  [ntdll.dll+0x5aa48]

VM_Operation (0x0000004b971efc20): G1CollectForAllocation, mode: safepoint, requested by thread 0x000001f0223ecd60


---------------  P R O C E S S  ---------------

Threads class SMR info:
_java_thread_list=0x000001f0212e11a0, length=50, elements={
0x000001f001c5fc50, 0x000001f020056020, 0x000001f020056ea0, 0x000001f020041920,
0x000001f0200422f0, 0x000001f020081030, 0x000001f020083a00, 0x000001f020085af0,
0x000001f020091cd0, 0x000001f0200926d0, 0x000001f020188b90, 0x000001f020411ca0,
0x000001f021fbe570, 0x000001f02109b030, 0x000001f0223fc7e0, 0x000001f0219deea0,
0x000001f0223ef5e0, 0x000001f0223eebc0, 0x000001f0223ecd60, 0x000001f0223ef0d0,
0x000001f0223efaf0, 0x000001f0223ec850, 0x000001f0223ed780, 0x000001f0223edc90,
0x000001f0223ee1a0, 0x000001f022ea0070, 0x000001f022ea3310, 0x000001f022ea2e00,
0x000001f022ea14b0, 0x000001f022ea23e0, 0x000001f022ea19c0, 0x000001f022ea28f0,
0x000001f022e9fb60, 0x000001f022ea0580, 0x000001f022ea0a90, 0x000001f022ea0fa0,
0x000001f021e29560, 0x000001f021e27700, 0x000001f021e267d0, 0x000001f021e262c0,
0x000001f021e28b40, 0x000001f021e29050, 0x000001f022a80f30, 0x000001f022a832a0,
0x000001f022a83cc0, 0x000001f022a81950, 0x000001f022a837b0, 0x000001f022a841d0,
0x000001f022a846e0, 0x000001f022a81440
}

Java Threads: ( => current thread )
  0x000001f001c5fc50 JavaThread "main" [_thread_blocked, id=10288, stack(0x0000004b95300000,0x0000004b95400000)]
  0x000001f020056020 JavaThread "Reference Handler" daemon [_thread_blocked, id=7712, stack(0x0000004b95a00000,0x0000004b95b00000)]
  0x000001f020056ea0 JavaThread "Finalizer" daemon [_thread_blocked, id=14588, stack(0x0000004b95b00000,0x0000004b95c00000)]
  0x000001f020041920 JavaThread "Signal Dispatcher" daemon [_thread_blocked, id=10524, stack(0x0000004b95c00000,0x0000004b95d00000)]
  0x000001f0200422f0 JavaThread "Attach Listener" daemon [_thread_blocked, id=8836, stack(0x0000004b95d00000,0x0000004b95e00000)]
  0x000001f020081030 JavaThread "Service Thread" daemon [_thread_blocked, id=15008, stack(0x0000004b95e00000,0x0000004b95f00000)]
  0x000001f020083a00 JavaThread "Monitor Deflation Thread" daemon [_thread_blocked, id=9828, stack(0x0000004b95f00000,0x0000004b96000000)]
  0x000001f020085af0 JavaThread "C2 CompilerThread0" daemon [_thread_blocked, id=13308, stack(0x0000004b96000000,0x0000004b96100000)]
  0x000001f020091cd0 JavaThread "C1 CompilerThread0" daemon [_thread_blocked, id=6236, stack(0x0000004b96100000,0x0000004b96200000)]
  0x000001f0200926d0 JavaThread "Sweeper thread" daemon [_thread_blocked, id=14256, stack(0x0000004b96200000,0x0000004b96300000)]
  0x000001f020188b90 JavaThread "Common-Cleaner" daemon [_thread_blocked, id=4944, stack(0x0000004b96300000,0x0000004b96400000)]
  0x000001f020411ca0 JavaThread "Notification Thread" daemon [_thread_blocked, id=6964, stack(0x0000004b96400000,0x0000004b96500000)]
  0x000001f021fbe570 JavaThread "Daemon health stats" [_thread_blocked, id=11304, stack(0x0000004b96b00000,0x0000004b96c00000)]
  0x000001f02109b030 JavaThread "Incoming local TCP Connector on port 58322" [_thread_in_native, id=10728, stack(0x0000004b96600000,0x0000004b96700000)]
  0x000001f0223fc7e0 JavaThread "Daemon periodic checks" [_thread_blocked, id=9864, stack(0x0000004b96c00000,0x0000004b96d00000)]
  0x000001f0219deea0 JavaThread "Daemon" [_thread_blocked, id=4116, stack(0x0000004b96d00000,0x0000004b96e00000)]
  0x000001f0223ef5e0 JavaThread "Handler for socket connection from /127.0.0.1:58322 to /127.0.0.1:58323" [_thread_in_native, id=15992, stack(0x0000004b96e00000,0x0000004b96f00000)]
  0x000001f0223eebc0 JavaThread "Cancel handler" [_thread_blocked, id=708, stack(0x0000004b97000000,0x0000004b97100000)]
  0x000001f0223ecd60 JavaThread "Daemon worker" [_thread_blocked, id=14928, stack(0x0000004b97100000,0x0000004b97200000)]
  0x000001f0223ef0d0 JavaThread "Asynchronous log dispatcher for DefaultDaemonConnection: socket connection from /127.0.0.1:58322 to /127.0.0.1:58323" [_thread_blocked, id=12512, stack(0x0000004b97200000,0x0000004b97300000)]
  0x000001f0223efaf0 JavaThread "Stdin handler" [_thread_blocked, id=2028, stack(0x0000004b97300000,0x0000004b97400000)]
  0x000001f0223ec850 JavaThread "Daemon client event forwarder" [_thread_blocked, id=11040, stack(0x0000004b97400000,0x0000004b97500000)]
  0x000001f0223ed780 JavaThread "Cache worker for journal cache (C:\Users\bryan\.gradle\caches\journal-1)" [_thread_blocked, id=12120, stack(0x0000004b97900000,0x0000004b97a00000)]
  0x000001f0223edc90 JavaThread "File lock request listener" [_thread_in_native, id=9632, stack(0x0000004b97a00000,0x0000004b97b00000)]
  0x000001f0223ee1a0 JavaThread "Cache worker for file hash cache (C:\Users\bryan\.gradle\caches\8.6\fileHashes)" [_thread_blocked, id=7236, stack(0x0000004b97800000,0x0000004b97900000)]
  0x000001f022ea0070 JavaThread "File watcher server" daemon [_thread_in_native, id=11800, stack(0x0000004b97c00000,0x0000004b97d00000)]
  0x000001f022ea3310 JavaThread "File watcher consumer" daemon [_thread_blocked, id=12824, stack(0x0000004b97d00000,0x0000004b97e00000)]
  0x000001f022ea2e00 JavaThread "jar transforms" [_thread_blocked, id=13832, stack(0x0000004b97e00000,0x0000004b97f00000)]
  0x000001f022ea14b0 JavaThread "jar transforms Thread 2" [_thread_blocked, id=4004, stack(0x0000004b97f00000,0x0000004b98000000)]
  0x000001f022ea23e0 JavaThread "jar transforms Thread 3" [_thread_blocked, id=14408, stack(0x0000004b98000000,0x0000004b98100000)]
  0x000001f022ea19c0 JavaThread "jar transforms Thread 4" [_thread_blocked, id=8692, stack(0x0000004b98100000,0x0000004b98200000)]
  0x000001f022ea28f0 JavaThread "jar transforms Thread 5" [_thread_blocked, id=7240, stack(0x0000004b98200000,0x0000004b98300000)]
  0x000001f022e9fb60 JavaThread "jar transforms Thread 6" [_thread_blocked, id=7976, stack(0x0000004b98300000,0x0000004b98400000)]
  0x000001f022ea0580 JavaThread "jar transforms Thread 7" [_thread_blocked, id=11248, stack(0x0000004b98400000,0x0000004b98500000)]
  0x000001f022ea0a90 JavaThread "jar transforms Thread 8" [_thread_blocked, id=11580, stack(0x0000004b98500000,0x0000004b98600000)]
  0x000001f022ea0fa0 JavaThread "Cache worker for checksums cache (C:\Users\bryan\OneDrive\Documentos\GitHub\unichamba-Android\.gradle\8.6\checksums)" [_thread_blocked, id=11848, stack(0x0000004b98600000,0x0000004b98700000)]
  0x000001f021e29560 JavaThread "Cache worker for file hash cache (C:\Users\bryan\OneDrive\Documentos\GitHub\unichamba-Android\.gradle\8.6\fileHashes)" [_thread_blocked, id=13632, stack(0x0000004b98700000,0x0000004b98800000)]
  0x000001f021e27700 JavaThread "Cache worker for cache directory md-supplier (C:\Users\bryan\.gradle\caches\8.6\md-supplier)" [_thread_blocked, id=11836, stack(0x0000004b98800000,0x0000004b98900000)]
  0x000001f021e267d0 JavaThread "Cache worker for cache directory md-rule (C:\Users\bryan\.gradle\caches\8.6\md-rule)" [_thread_blocked, id=2384, stack(0x0000004b98900000,0x0000004b98a00000)]
  0x000001f021e262c0 JavaThread "Cache worker for file content cache (C:\Users\bryan\.gradle\caches\8.6\fileContent)" [_thread_blocked, id=4024, stack(0x0000004b98a00000,0x0000004b98b00000)]
  0x000001f021e28b40 JavaThread "Unconstrained build operations" [_thread_blocked, id=13800, stack(0x0000004b98b00000,0x0000004b98c00000)]
  0x000001f021e29050 JavaThread "Unconstrained build operations Thread 2" [_thread_blocked, id=15448, stack(0x0000004b98c00000,0x0000004b98d00000)]
  0x000001f022a80f30 JavaThread "Unconstrained build operations Thread 3" [_thread_blocked, id=16332, stack(0x0000004b98d00000,0x0000004b98e00000)]
  0x000001f022a832a0 JavaThread "Unconstrained build operations Thread 4" [_thread_blocked, id=13104, stack(0x0000004b98e00000,0x0000004b98f00000)]
  0x000001f022a83cc0 JavaThread "Unconstrained build operations Thread 5" [_thread_blocked, id=10716, stack(0x0000004b98f00000,0x0000004b99000000)]
  0x000001f022a81950 JavaThread "Unconstrained build operations Thread 6" [_thread_blocked, id=16020, stack(0x0000004b99000000,0x0000004b99100000)]
  0x000001f022a837b0 JavaThread "Unconstrained build operations Thread 7" [_thread_blocked, id=12048, stack(0x0000004b99100000,0x0000004b99200000)]
  0x000001f022a841d0 JavaThread "Unconstrained build operations Thread 8" [_thread_blocked, id=11348, stack(0x0000004b99200000,0x0000004b99300000)]
  0x000001f022a846e0 JavaThread "Unconstrained build operations Thread 9" [_thread_blocked, id=5624, stack(0x0000004b99300000,0x0000004b99400000)]
  0x000001f022a81440 JavaThread "Cache worker for Build Output Cleanup Cache (C:\Users\bryan\OneDrive\Documentos\GitHub\unichamba-Android\.gradle\buildOutputCleanup)" [_thread_blocked, id=12096, stack(0x0000004b99400000,0x0000004b99500000)]

Other Threads:
=>0x000001f01b47ea30 VMThread "VM Thread" [stack: 0x0000004b95900000,0x0000004b95a00000] [id=9792]
  0x000001f020412180 WatcherThread [stack: 0x0000004b96500000,0x0000004b96600000] [id=10828]
  0x000001f001cba7d0 GCTaskThread "GC Thread#0" [stack: 0x0000004b95400000,0x0000004b95500000] [id=2372]
  0x000001f020d18db0 GCTaskThread "GC Thread#1" [stack: 0x0000004b96700000,0x0000004b96800000] [id=14152]
  0x000001f020f88cb0 GCTaskThread "GC Thread#2" [stack: 0x0000004b96800000,0x0000004b96900000] [id=14984]
  0x000001f021054b70 GCTaskThread "GC Thread#3" [stack: 0x0000004b96900000,0x0000004b96a00000] [id=14580]
  0x000001f020db7830 GCTaskThread "GC Thread#4" [stack: 0x0000004b96a00000,0x0000004b96b00000] [id=15760]
  0x000001f021869090 GCTaskThread "GC Thread#5" [stack: 0x0000004b96f00000,0x0000004b97000000] [id=2404]
  0x000001f0231e3260 GCTaskThread "GC Thread#6" [stack: 0x0000004b97500000,0x0000004b97600000] [id=9464]
  0x000001f021676940 GCTaskThread "GC Thread#7" [stack: 0x0000004b97600000,0x0000004b97700000] [id=12952]
  0x000001f001ccb720 ConcurrentGCThread "G1 Main Marker" [stack: 0x0000004b95500000,0x0000004b95600000] [id=9108]
  0x000001f001ccc8e0 ConcurrentGCThread "G1 Conc#0" [stack: 0x0000004b95600000,0x0000004b95700000] [id=12616]
  0x000001f022ece980 ConcurrentGCThread "G1 Conc#1" [stack: 0x0000004b97700000,0x0000004b97800000] [id=4324]
  0x000001f01b307cb0 ConcurrentGCThread "G1 Refine#0" [stack: 0x0000004b95700000,0x0000004b95800000] [id=8388]
  0x000001f0204fd8b0 ConcurrentGCThread "G1 Refine#1" [stack: 0x0000004b97b00000,0x0000004b97c00000] [id=10868]
  0x000001f022fe9950 ConcurrentGCThread "G1 Refine#2" [stack: 0x0000004b99500000,0x0000004b99600000] [id=3272]
  0x000001f022fe9080 ConcurrentGCThread "G1 Refine#3" [stack: 0x0000004b99600000,0x0000004b99700000] [id=10264]
  0x000001f0234b43f0 ConcurrentGCThread "G1 Refine#4" [stack: 0x0000004b99700000,0x0000004b99800000] [id=11576]
  0x000001f001d0bc10 ConcurrentGCThread "G1 Service" [stack: 0x0000004b95800000,0x0000004b95900000] [id=3340]

Threads with active compile tasks:

VM state: at safepoint (normal execution)

VM Mutex/Monitor currently owned by a thread:  ([mutex/lock_event])
[0x000001f001c5d240] Threads_lock - owner thread: 0x000001f01b47ea30
[0x000001f001c5c040] Heap_lock - owner thread: 0x000001f0223ecd60

Heap address: 0x0000000080000000, size: 2048 MB, Compressed Oops mode: 32-bit

CDS archive(s) not mapped
Compressed class space mapped at: 0x0000000100000000-0x0000000140000000, reserved size: 1073741824
Narrow klass base: 0x0000000000000000, Narrow klass shift: 3, Narrow klass range: 0x140000000

GC Precious Log:
 CPUs: 8 total, 8 available
 Memory: 11178M
 Large Page Support: Disabled
 NUMA Support: Disabled
 Compressed Oops: Enabled (32-bit)
 Heap Region Size: 1M
 Heap Min Capacity: 8M
 Heap Initial Capacity: 176M
 Heap Max Capacity: 2G
 Pre-touch: Disabled
 Parallel Workers: 8
 Concurrent Workers: 2
 Concurrent Refinement Workers: 8
 Periodic GC: Disabled

Heap:
 garbage-first heap   total 137216K, used 95070K [0x0000000080000000, 0x0000000100000000)
  region size 1024K, 3 young (3072K), 3 survivors (3072K)
 Metaspace       used 90134K, committed 90752K, reserved 1179648K
  class space    used 12274K, committed 12544K, reserved 1048576K

Heap Regions: E=young(eden), S=young(survivor), O=old, HS=humongous(starts), HC=humongous(continues), CS=collection set, F=free, OA=open archive, CA=closed archive, TAMS=top-at-mark-start (previous, next)
|   0|0x0000000080000000, 0x0000000080100000, 0x0000000080100000|100%|HS|  |TAMS 0x0000000080100000, 0x0000000080000000| Complete 
|   1|0x0000000080100000, 0x0000000080200000, 0x0000000080200000|100%|HC|  |TAMS 0x0000000080200000, 0x0000000080100000| Complete 
|   2|0x0000000080200000, 0x0000000080300000, 0x0000000080300000|100%|HC|  |TAMS 0x0000000080300000, 0x0000000080200000| Complete 
|   3|0x0000000080300000, 0x0000000080400000, 0x0000000080400000|100%|HC|  |TAMS 0x0000000080400000, 0x0000000080300000| Complete 
|   4|0x0000000080400000, 0x0000000080500000, 0x0000000080500000|100%| O|  |TAMS 0x0000000080500000, 0x0000000080400000| Untracked 
|   5|0x0000000080500000, 0x0000000080600000, 0x0000000080600000|100%| O|  |TAMS 0x0000000080600000, 0x0000000080500000| Untracked 
|   6|0x0000000080600000, 0x0000000080700000, 0x0000000080700000|100%| O|  |TAMS 0x0000000080700000, 0x0000000080600000| Untracked 
|   7|0x0000000080700000, 0x0000000080800000, 0x0000000080800000|100%| O|  |TAMS 0x0000000080800000, 0x0000000080700000| Untracked 
|   8|0x0000000080800000, 0x0000000080900000, 0x0000000080900000|100%| O|  |TAMS 0x0000000080900000, 0x0000000080800000| Untracked 
|   9|0x0000000080900000, 0x0000000080a00000, 0x0000000080a00000|100%| O|  |TAMS 0x0000000080a00000, 0x0000000080900000| Untracked 
|  10|0x0000000080a00000, 0x0000000080b00000, 0x0000000080b00000|100%|HS|  |TAMS 0x0000000080a00000, 0x0000000080a00000| Complete 
|  11|0x0000000080b00000, 0x0000000080c00000, 0x0000000080c00000|100%| O|  |TAMS 0x0000000080c00000, 0x0000000080b00000| Untracked 
|  12|0x0000000080c00000, 0x0000000080d00000, 0x0000000080d00000|100%| O|  |TAMS 0x0000000080d00000, 0x0000000080c00000| Untracked 
|  13|0x0000000080d00000, 0x0000000080e00000, 0x0000000080e00000|100%| O|  |TAMS 0x0000000080e00000, 0x0000000080d00000| Untracked 
|  14|0x0000000080e00000, 0x0000000080f00000, 0x0000000080f00000|100%| O|  |TAMS 0x0000000080f00000, 0x0000000080e00000| Untracked 
|  15|0x0000000080f00000, 0x0000000081000000, 0x0000000081000000|100%| O|  |TAMS 0x0000000081000000, 0x0000000080f00000| Untracked 
|  16|0x0000000081000000, 0x0000000081100000, 0x0000000081100000|100%| O|  |TAMS 0x0000000081100000, 0x0000000081000000| Untracked 
|  17|0x0000000081100000, 0x0000000081200000, 0x0000000081200000|100%| O|  |TAMS 0x0000000081200000, 0x0000000081100000| Untracked 
|  18|0x0000000081200000, 0x0000000081300000, 0x0000000081300000|100%| O|  |TAMS 0x0000000081300000, 0x0000000081200000| Untracked 
|  19|0x0000000081300000, 0x0000000081400000, 0x0000000081400000|100%|HS|  |TAMS 0x0000000081400000, 0x0000000081300000| Complete 
|  20|0x0000000081400000, 0x0000000081500000, 0x0000000081500000|100%|HC|  |TAMS 0x0000000081500000, 0x0000000081400000| Complete 
|  21|0x0000000081500000, 0x0000000081600000, 0x0000000081600000|100%|HS|  |TAMS 0x0000000081600000, 0x0000000081500000| Complete 
|  22|0x0000000081600000, 0x0000000081700000, 0x0000000081700000|100%|HC|  |TAMS 0x0000000081700000, 0x0000000081600000| Complete 
|  23|0x0000000081700000, 0x0000000081800000, 0x0000000081800000|100%|HC|  |TAMS 0x0000000081800000, 0x0000000081700000| Complete 
|  24|0x0000000081800000, 0x0000000081900000, 0x0000000081900000|100%|HS|  |TAMS 0x0000000081900000, 0x0000000081800000| Complete 
|  25|0x0000000081900000, 0x0000000081a00000, 0x0000000081a00000|100%|HC|  |TAMS 0x0000000081a00000, 0x0000000081900000| Complete 
|  26|0x0000000081a00000, 0x0000000081b00000, 0x0000000081b00000|100%|HC|  |TAMS 0x0000000081b00000, 0x0000000081a00000| Complete 
|  27|0x0000000081b00000, 0x0000000081c00000, 0x0000000081c00000|100%|HS|  |TAMS 0x0000000081c00000, 0x0000000081b00000| Complete 
|  28|0x0000000081c00000, 0x0000000081d00000, 0x0000000081d00000|100%|HC|  |TAMS 0x0000000081d00000, 0x0000000081c00000| Complete 
|  29|0x0000000081d00000, 0x0000000081e00000, 0x0000000081e00000|100%|HC|  |TAMS 0x0000000081e00000, 0x0000000081d00000| Complete 
|  30|0x0000000081e00000, 0x0000000081f00000, 0x0000000081f00000|100%| O|  |TAMS 0x0000000081f00000, 0x0000000081e00000| Untracked 
|  31|0x0000000081f00000, 0x0000000082000000, 0x0000000082000000|100%| O|  |TAMS 0x0000000082000000, 0x0000000081f00000| Untracked 
|  32|0x0000000082000000, 0x0000000082100000, 0x0000000082100000|100%| O|  |TAMS 0x0000000082100000, 0x0000000082000000| Untracked 
|  33|0x0000000082100000, 0x0000000082200000, 0x0000000082200000|100%| O|  |TAMS 0x0000000082200000, 0x0000000082100000| Untracked 
|  34|0x0000000082200000, 0x0000000082300000, 0x0000000082300000|100%| O|  |TAMS 0x0000000082300000, 0x0000000082200000| Untracked 
|  35|0x0000000082300000, 0x0000000082400000, 0x0000000082400000|100%| O|  |TAMS 0x0000000082400000, 0x0000000082300000| Untracked 
|  36|0x0000000082400000, 0x0000000082500000, 0x0000000082500000|100%| O|  |TAMS 0x0000000082500000, 0x0000000082400000| Untracked 
|  37|0x0000000082500000, 0x0000000082600000, 0x0000000082600000|100%| O|  |TAMS 0x0000000082600000, 0x0000000082500000| Untracked 
|  38|0x0000000082600000, 0x0000000082700000, 0x0000000082700000|100%| O|  |TAMS 0x0000000082700000, 0x0000000082600000| Untracked 
|  39|0x0000000082700000, 0x0000000082800000, 0x0000000082800000|100%| O|  |TAMS 0x0000000082800000, 0x0000000082700000| Untracked 
|  40|0x0000000082800000, 0x0000000082900000, 0x0000000082900000|100%| O|  |TAMS 0x0000000082900000, 0x0000000082800000| Untracked 
|  41|0x0000000082900000, 0x0000000082a00000, 0x0000000082a00000|100%| O|  |TAMS 0x0000000082a00000, 0x0000000082900000| Untracked 
|  42|0x0000000082a00000, 0x0000000082b00000, 0x0000000082b00000|100%| O|  |TAMS 0x0000000082b00000, 0x0000000082a00000| Untracked 
|  43|0x0000000082b00000, 0x0000000082c00000, 0x0000000082c00000|100%| O|  |TAMS 0x0000000082c00000, 0x0000000082b00000| Untracked 
|  44|0x0000000082c00000, 0x0000000082d00000, 0x0000000082d00000|100%| O|  |TAMS 0x0000000082d00000, 0x0000000082c00000| Untracked 
|  45|0x0000000082d00000, 0x0000000082e00000, 0x0000000082e00000|100%|HS|  |TAMS 0x0000000082e00000, 0x0000000082d00000| Complete 
|  46|0x0000000082e00000, 0x0000000082f00000, 0x0000000082f00000|100%|HC|  |TAMS 0x0000000082f00000, 0x0000000082e00000| Complete 
|  47|0x0000000082f00000, 0x0000000083000000, 0x0000000083000000|100%|HC|  |TAMS 0x0000000083000000, 0x0000000082f00000| Complete 
|  48|0x0000000083000000, 0x0000000083100000, 0x0000000083100000|100%| O|  |TAMS 0x0000000083100000, 0x0000000083000000| Untracked 
|  49|0x0000000083100000, 0x0000000083200000, 0x0000000083200000|100%| O|  |TAMS 0x0000000083200000, 0x0000000083100000| Untracked 
|  50|0x0000000083200000, 0x0000000083300000, 0x0000000083300000|100%| O|  |TAMS 0x0000000083300000, 0x0000000083200000| Untracked 
|  51|0x0000000083300000, 0x0000000083400000, 0x0000000083400000|100%| O|  |TAMS 0x0000000083400000, 0x0000000083300000| Untracked 
|  52|0x0000000083400000, 0x0000000083500000, 0x0000000083500000|100%|HS|  |TAMS 0x0000000083500000, 0x0000000083400000| Complete 
|  53|0x0000000083500000, 0x0000000083600000, 0x0000000083600000|100%|HC|  |TAMS 0x0000000083600000, 0x0000000083500000| Complete 
|  54|0x0000000083600000, 0x0000000083700000, 0x0000000083700000|100%|HC|  |TAMS 0x0000000083700000, 0x0000000083600000| Complete 
|  55|0x0000000083700000, 0x0000000083800000, 0x0000000083800000|100%|HS|  |TAMS 0x0000000083800000, 0x0000000083700000| Complete 
|  56|0x0000000083800000, 0x0000000083900000, 0x0000000083900000|100%|HC|  |TAMS 0x0000000083900000, 0x0000000083800000| Complete 
|  57|0x0000000083900000, 0x0000000083a00000, 0x0000000083a00000|100%|HC|  |TAMS 0x0000000083a00000, 0x0000000083900000| Complete 
|  58|0x0000000083a00000, 0x0000000083b00000, 0x0000000083b00000|100%| O|  |TAMS 0x0000000083b00000, 0x0000000083a00000| Untracked 
|  59|0x0000000083b00000, 0x0000000083c00000, 0x0000000083c00000|100%| O|  |TAMS 0x0000000083c00000, 0x0000000083b00000| Untracked 
|  60|0x0000000083c00000, 0x0000000083d00000, 0x0000000083d00000|100%| O|  |TAMS 0x0000000083d00000, 0x0000000083c00000| Untracked 
|  61|0x0000000083d00000, 0x0000000083e00000, 0x0000000083e00000|100%| O|  |TAMS 0x0000000083e00000, 0x0000000083d00000| Untracked 
|  62|0x0000000083e00000, 0x0000000083f00000, 0x0000000083f00000|100%| O|  |TAMS 0x0000000083f00000, 0x0000000083e00000| Untracked 
|  63|0x0000000083f00000, 0x0000000084000000, 0x0000000084000000|100%| O|  |TAMS 0x0000000084000000, 0x0000000083f00000| Untracked 
|  64|0x0000000084000000, 0x0000000084100000, 0x0000000084100000|100%| O|  |TAMS 0x0000000084100000, 0x0000000084000000| Untracked 
|  65|0x0000000084100000, 0x0000000084200000, 0x0000000084200000|100%| O|  |TAMS 0x0000000084200000, 0x0000000084100000| Untracked 
|  66|0x0000000084200000, 0x0000000084300000, 0x0000000084300000|100%| O|  |TAMS 0x0000000084300000, 0x0000000084200000| Untracked 
|  67|0x0000000084300000, 0x0000000084400000, 0x0000000084400000|100%|HS|  |TAMS 0x0000000084300000, 0x0000000084300000| Complete 
|  68|0x0000000084400000, 0x0000000084500000, 0x0000000084500000|100%|HC|  |TAMS 0x0000000084400000, 0x0000000084400000| Complete 
|  69|0x0000000084500000, 0x0000000084600000, 0x0000000084600000|100%|HC|  |TAMS 0x0000000084500000, 0x0000000084500000| Complete 
|  70|0x0000000084600000, 0x0000000084700000, 0x0000000084700000|100%|HC|  |TAMS 0x0000000084600000, 0x0000000084600000| Complete 
|  71|0x0000000084700000, 0x0000000084800000, 0x0000000084800000|100%|HC|  |TAMS 0x0000000084700000, 0x0000000084700000| Complete 
|  72|0x0000000084800000, 0x0000000084900000, 0x0000000084900000|100%|HC|  |TAMS 0x0000000084800000, 0x0000000084800000| Complete 
|  73|0x0000000084900000, 0x0000000084a00000, 0x0000000084a00000|100%| O|  |TAMS 0x0000000084a00000, 0x0000000084900000| Untracked 
|  74|0x0000000084a00000, 0x0000000084b00000, 0x0000000084b00000|100%| O|  |TAMS 0x0000000084b00000, 0x0000000084a00000| Untracked 
|  75|0x0000000084b00000, 0x0000000084c00000, 0x0000000084c00000|100%| O|  |TAMS 0x0000000084c00000, 0x0000000084b00000| Untracked 
|  76|0x0000000084c00000, 0x0000000084d00000, 0x0000000084d00000|100%| O|  |TAMS 0x0000000084c7b200, 0x0000000084c00000| Untracked 
|  77|0x0000000084d00000, 0x0000000084e00000, 0x0000000084e00000|100%| O|  |TAMS 0x0000000084d00000, 0x0000000084d00000| Untracked 
|  78|0x0000000084e00000, 0x0000000084f00000, 0x0000000084f00000|100%| O|  |TAMS 0x0000000084e00000, 0x0000000084e00000| Untracked 
|  79|0x0000000084f00000, 0x0000000085000000, 0x0000000085000000|100%| O|  |TAMS 0x0000000084f00000, 0x0000000084f00000| Untracked 
|  80|0x0000000085000000, 0x0000000085100000, 0x0000000085100000|100%| O|  |TAMS 0x0000000085000000, 0x0000000085000000| Untracked 
|  81|0x0000000085100000, 0x0000000085200000, 0x0000000085200000|100%| O|  |TAMS 0x0000000085100000, 0x0000000085100000| Untracked 
|  82|0x0000000085200000, 0x0000000085300000, 0x0000000085300000|100%| O|  |TAMS 0x0000000085200000, 0x0000000085200000| Untracked 
|  83|0x0000000085300000, 0x0000000085400000, 0x0000000085400000|100%| O|  |TAMS 0x0000000085300000, 0x0000000085300000| Untracked 
|  84|0x0000000085400000, 0x0000000085500000, 0x0000000085500000|100%| O|  |TAMS 0x0000000085400000, 0x0000000085400000| Untracked 
|  85|0x0000000085500000, 0x0000000085600000, 0x0000000085600000|100%| O|  |TAMS 0x0000000085500000, 0x0000000085500000| Untracked 
|  86|0x0000000085600000, 0x0000000085700000, 0x0000000085700000|100%| O|  |TAMS 0x0000000085600000, 0x0000000085600000| Untracked 
|  87|0x0000000085700000, 0x0000000085800000, 0x0000000085800000|100%| O|  |TAMS 0x0000000085700000, 0x0000000085700000| Untracked 
|  88|0x0000000085800000, 0x0000000085900000, 0x0000000085900000|100%| O|  |TAMS 0x0000000085800000, 0x0000000085800000| Untracked 
|  89|0x0000000085900000, 0x000000008597a600, 0x0000000085a00000| 47%| O|  |TAMS 0x0000000085900000, 0x0000000085900000| Untracked 
|  90|0x0000000085a00000, 0x0000000085a00000, 0x0000000085b00000|  0%| F|  |TAMS 0x0000000085a00000, 0x0000000085a00000| Untracked 
|  91|0x0000000085b00000, 0x0000000085b00000, 0x0000000085c00000|  0%| F|  |TAMS 0x0000000085b00000, 0x0000000085b00000| Untracked 
|  92|0x0000000085c00000, 0x0000000085c00000, 0x0000000085d00000|  0%| F|  |TAMS 0x0000000085c00000, 0x0000000085c00000| Untracked 
|  93|0x0000000085d00000, 0x0000000085d00000, 0x0000000085e00000|  0%| F|  |TAMS 0x0000000085d00000, 0x0000000085d00000| Untracked 
|  94|0x0000000085e00000, 0x0000000085e00000, 0x0000000085f00000|  0%| F|  |TAMS 0x0000000085e00000, 0x0000000085e00000| Untracked 
|  95|0x0000000085f00000, 0x0000000085f00000, 0x0000000086000000|  0%| F|  |TAMS 0x0000000085f00000, 0x0000000085f00000| Untracked 
|  96|0x0000000086000000, 0x0000000086000000, 0x0000000086100000|  0%| F|  |TAMS 0x0000000086000000, 0x0000000086000000| Untracked 
|  97|0x0000000086100000, 0x0000000086100000, 0x0000000086200000|  0%| F|  |TAMS 0x0000000086100000, 0x0000000086100000| Untracked 
|  98|0x0000000086200000, 0x0000000086200000, 0x0000000086300000|  0%| F|  |TAMS 0x0000000086200000, 0x0000000086200000| Untracked 
|  99|0x0000000086300000, 0x0000000086300000, 0x0000000086400000|  0%| F|  |TAMS 0x0000000086300000, 0x0000000086300000| Untracked 
| 100|0x0000000086400000, 0x0000000086400000, 0x0000000086500000|  0%| F|  |TAMS 0x0000000086400000, 0x0000000086400000| Untracked 
| 101|0x0000000086500000, 0x0000000086500000, 0x0000000086600000|  0%| F|  |TAMS 0x0000000086500000, 0x0000000086500000| Untracked 
| 102|0x0000000086600000, 0x0000000086600000, 0x0000000086700000|  0%| F|  |TAMS 0x0000000086600000, 0x0000000086600000| Untracked 
| 103|0x0000000086700000, 0x0000000086700000, 0x0000000086800000|  0%| F|  |TAMS 0x0000000086700000, 0x0000000086700000| Untracked 
| 104|0x0000000086800000, 0x0000000086800000, 0x0000000086900000|  0%| F|  |TAMS 0x0000000086800000, 0x0000000086800000| Untracked 
| 105|0x0000000086900000, 0x0000000086900000, 0x0000000086a00000|  0%| F|  |TAMS 0x0000000086900000, 0x0000000086900000| Untracked 
| 106|0x0000000086a00000, 0x0000000086a5d370, 0x0000000086b00000| 36%| S|CS|TAMS 0x0000000086a00000, 0x0000000086a00000| Complete 
| 107|0x0000000086b00000, 0x0000000086c00000, 0x0000000086c00000|100%| S|CS|TAMS 0x0000000086b00000, 0x0000000086b00000| Complete 
| 108|0x0000000086c00000, 0x0000000086c00000, 0x0000000086d00000|  0%| F|  |TAMS 0x0000000086c00000, 0x0000000086c00000| Untracked 
| 109|0x0000000086d00000, 0x0000000086d00000, 0x0000000086e00000|  0%| F|  |TAMS 0x0000000086d00000, 0x0000000086d00000| Untracked 
| 110|0x0000000086e00000, 0x0000000086f00000, 0x0000000086f00000|100%| S|CS|TAMS 0x0000000086e00000, 0x0000000086e00000| Complete 
| 111|0x0000000086f00000, 0x0000000086f00000, 0x0000000087000000|  0%| F|  |TAMS 0x0000000086f00000, 0x0000000086f00000| Untracked 
| 112|0x0000000087000000, 0x0000000087000000, 0x0000000087100000|  0%| F|  |TAMS 0x0000000087000000, 0x0000000087000000| Untracked 
| 113|0x0000000087100000, 0x0000000087100000, 0x0000000087200000|  0%| F|  |TAMS 0x0000000087100000, 0x0000000087100000| Untracked 
| 114|0x0000000087200000, 0x0000000087200000, 0x0000000087300000|  0%| F|  |TAMS 0x0000000087200000, 0x0000000087200000| Untracked 
| 115|0x0000000087300000, 0x0000000087300000, 0x0000000087400000|  0%| F|  |TAMS 0x0000000087300000, 0x0000000087300000| Untracked 
| 116|0x0000000087400000, 0x0000000087400000, 0x0000000087500000|  0%| F|  |TAMS 0x0000000087400000, 0x0000000087400000| Untracked 
| 117|0x0000000087500000, 0x0000000087500000, 0x0000000087600000|  0%| F|  |TAMS 0x0000000087500000, 0x0000000087500000| Untracked 
| 118|0x0000000087600000, 0x0000000087600000, 0x0000000087700000|  0%| F|  |TAMS 0x0000000087600000, 0x0000000087600000| Untracked 
| 119|0x0000000087700000, 0x0000000087700000, 0x0000000087800000|  0%| F|  |TAMS 0x0000000087700000, 0x0000000087700000| Untracked 
| 120|0x0000000087800000, 0x0000000087800000, 0x0000000087900000|  0%| F|  |TAMS 0x0000000087800000, 0x0000000087800000| Untracked 
| 121|0x0000000087900000, 0x0000000087900000, 0x0000000087a00000|  0%| F|  |TAMS 0x0000000087900000, 0x0000000087900000| Untracked 
| 122|0x0000000087a00000, 0x0000000087a00000, 0x0000000087b00000|  0%| F|  |TAMS 0x0000000087a00000, 0x0000000087a00000| Untracked 
| 123|0x0000000087b00000, 0x0000000087b00000, 0x0000000087c00000|  0%| F|  |TAMS 0x0000000087b00000, 0x0000000087b00000| Untracked 
| 124|0x0000000087c00000, 0x0000000087c00000, 0x0000000087d00000|  0%| F|  |TAMS 0x0000000087c00000, 0x0000000087c00000| Untracked 
| 125|0x0000000087d00000, 0x0000000087d00000, 0x0000000087e00000|  0%| F|  |TAMS 0x0000000087d00000, 0x0000000087d00000| Untracked 
| 126|0x0000000087e00000, 0x0000000087e00000, 0x0000000087f00000|  0%| F|  |TAMS 0x0000000087e00000, 0x0000000087e00000| Untracked 
| 127|0x0000000087f00000, 0x0000000087f00000, 0x0000000088000000|  0%| F|  |TAMS 0x0000000087f00000, 0x0000000087f00000| Untracked 
| 128|0x0000000088000000, 0x0000000088000000, 0x0000000088100000|  0%| F|  |TAMS 0x0000000088000000, 0x0000000088000000| Untracked 
| 129|0x0000000088100000, 0x0000000088100000, 0x0000000088200000|  0%| F|  |TAMS 0x0000000088100000, 0x0000000088100000| Untracked 
| 130|0x0000000088200000, 0x0000000088200000, 0x0000000088300000|  0%| F|  |TAMS 0x0000000088200000, 0x0000000088200000| Untracked 
| 131|0x0000000088300000, 0x0000000088300000, 0x0000000088400000|  0%| F|  |TAMS 0x0000000088300000, 0x0000000088300000| Untracked 
| 175|0x000000008af00000, 0x000000008af00000, 0x000000008b000000|  0%| F|  |TAMS 0x000000008af00000, 0x000000008af00000| Untracked 
|2047|0x00000000fff00000, 0x0000000100000000, 0x0000000100000000|100%| O|  |TAMS 0x0000000100000000, 0x00000000fff00000| Untracked 

Card table byte_map: [0x000001f014860000,0x000001f014c60000] _byte_map_base: 0x000001f014460000

Marking Bits (Prev, Next): (CMBitMap*) 0x000001f001cbadf0, (CMBitMap*) 0x000001f001cbae30
 Prev Bits: [0x000001f015060000, 0x000001f017060000)
 Next Bits: [0x000001f017060000, 0x000001f019060000)

Polling page: 0x000001f001410000

Metaspace:

Usage:
  Non-class:     76.04 MB used.
      Class:     11.99 MB used.
       Both:     88.02 MB used.

Virtual space:
  Non-class space:      128.00 MB reserved,      76.38 MB ( 60%) committed,  2 nodes.
      Class space:        1.00 GB reserved,      12.25 MB (  1%) committed,  1 nodes.
             Both:        1.12 GB reserved,      88.62 MB (  8%) committed. 

Chunk freelists:
   Non-Class:  2.83 MB
       Class:  3.77 MB
        Both:  6.59 MB

MaxMetaspaceSize: unlimited
CompressedClassSpaceSize: 1.00 GB
Initial GC threshold: 21.00 MB
Current GC threshold: 126.38 MB
CDS: off
MetaspaceReclaimPolicy: balanced
 - commit_granule_bytes: 65536.
 - commit_granule_words: 8192.
 - virtual_space_node_default_size: 8388608.
 - enlarge_chunks_in_place: 1.
 - new_chunks_are_fully_committed: 0.
 - uncommit_free_chunks: 1.
 - use_allocation_guard: 0.
 - handle_deallocations: 1.


Internal statistics:

num_allocs_failed_limit: 3.
num_arena_births: 782.
num_arena_deaths: 0.
num_vsnodes_births: 3.
num_vsnodes_deaths: 0.
num_space_committed: 1416.
num_space_uncommitted: 0.
num_chunks_returned_to_freelist: 3.
num_chunks_taken_from_freelist: 3836.
num_chunk_merges: 3.
num_chunk_splits: 2795.
num_chunks_enlarged: 2146.
num_inconsistent_stats: 0.

CodeHeap 'non-profiled nmethods': size=120000Kb used=2782Kb max_used=2794Kb free=117217Kb
 bounds [0x000001f00cc00000, 0x000001f00ced0000, 0x000001f014130000]
CodeHeap 'profiled nmethods': size=120000Kb used=11292Kb max_used=11292Kb free=108707Kb
 bounds [0x000001f005130000, 0x000001f005c40000, 0x000001f00c660000]
CodeHeap 'non-nmethods': size=5760Kb used=2385Kb max_used=2403Kb free=3374Kb
 bounds [0x000001f00c660000, 0x000001f00c8d0000, 0x000001f00cc00000]
 total_blobs=6517 nmethods=5599 adapters=830
 compilation: enabled
              stopped_count=0, restarted_count=0
 full_count=0

Compilation events (20 events):
Event: 25.505 Thread 0x000001f020091cd0 nmethod 6342 0x000001f005c31110 code [0x000001f005c31320, 0x000001f005c31b08]
Event: 25.505 Thread 0x000001f020091cd0 6368       3       org.jetbrains.kotlin.descriptors.PackageFragmentProviderKt::collectPackageFragmentsOptimizedIfPossible (57 bytes)
Event: 25.506 Thread 0x000001f020091cd0 nmethod 6368 0x000001f005c31d90 code [0x000001f005c32100, 0x000001f005c33568]
Event: 25.506 Thread 0x000001f020091cd0 6369   !   3       org.jetbrains.kotlin.storage.LockBasedStorageManager$LockBasedLazyValue::invoke (257 bytes)
Event: 25.509 Thread 0x000001f020091cd0 nmethod 6369 0x000001f005c33b90 code [0x000001f005c33f00, 0x000001f005c35398]
Event: 25.517 Thread 0x000001f020085af0 nmethod 6350 0x000001f00cd30d90 code [0x000001f00cd30f40, 0x000001f00cd315d8]
Event: 25.517 Thread 0x000001f020085af0 6351       4       java.lang.AbstractStringBuilder::putStringAt (12 bytes)
Event: 25.520 Thread 0x000001f020091cd0 6371       3       org.jetbrains.kotlin.com.intellij.util.text.CharArrayUtil::shiftForward (102 bytes)
Event: 25.520 Thread 0x000001f020085af0 nmethod 6351 0x000001f00cd30810 code [0x000001f00cd309a0, 0x000001f00cd30b88]
Event: 25.521 Thread 0x000001f020085af0 6352       4       java.lang.AbstractStringBuilder::putStringAt (34 bytes)
Event: 25.522 Thread 0x000001f020091cd0 nmethod 6371 0x000001f005c35c10 code [0x000001f005c35ea0, 0x000001f005c36bd8]
Event: 25.522 Thread 0x000001f020091cd0 6370       3       org.jetbrains.kotlin.com.intellij.util.text.CharArrayUtil::shiftForward (31 bytes)
Event: 25.522 Thread 0x000001f020091cd0 nmethod 6370 0x000001f005c37190 code [0x000001f005c37360, 0x000001f005c37638]
Event: 25.524 Thread 0x000001f020085af0 nmethod 6352 0x000001f00cd30290 code [0x000001f00cd30420, 0x000001f00cd30628]
Event: 25.524 Thread 0x000001f020085af0 6367       4       java.lang.Thread::interrupted (23 bytes)
Event: 25.525 Thread 0x000001f020085af0 nmethod 6367 0x000001f00cd2ff90 code [0x000001f00cd30100, 0x000001f00cd30178]
Event: 25.525 Thread 0x000001f020085af0 6365       4       java.lang.StringBuilder::<init> (6 bytes)
Event: 25.527 Thread 0x000001f020085af0 nmethod 6365 0x000001f00cd2fb10 code [0x000001f00cd2fca0, 0x000001f00cd2fed8]
Event: 25.529 Thread 0x000001f020091cd0 6372       3       org.jetbrains.kotlin.com.intellij.mock.MockComponentManager::registerComponentInDisposer (41 bytes)
Event: 25.530 Thread 0x000001f020091cd0 nmethod 6372 0x000001f005c37790 code [0x000001f005c37980, 0x000001f005c380c8]

GC Heap History (20 events):
Event: 17.760 GC heap after
{Heap after GC invocations=27 (full 0):
 garbage-first heap   total 130048K, used 67239K [0x0000000080000000, 0x0000000100000000)
  region size 1024K, 2 young (2048K), 2 survivors (2048K)
 Metaspace       used 62307K, committed 62912K, reserved 1114112K
  class space    used 8950K, committed 9216K, reserved 1048576K
}
Event: 18.779 GC heap before
{Heap before GC invocations=28 (full 0):
 garbage-first heap   total 130048K, used 105127K [0x0000000080000000, 0x0000000100000000)
  region size 1024K, 39 young (39936K), 2 survivors (2048K)
 Metaspace       used 66862K, committed 67520K, reserved 1114112K
  class space    used 9582K, committed 9856K, reserved 1048576K
}
Event: 18.784 GC heap after
{Heap after GC invocations=29 (full 0):
 garbage-first heap   total 130048K, used 68134K [0x0000000080000000, 0x0000000100000000)
  region size 1024K, 3 young (3072K), 3 survivors (3072K)
 Metaspace       used 66862K, committed 67520K, reserved 1114112K
  class space    used 9582K, committed 9856K, reserved 1048576K
}
Event: 18.875 GC heap before
{Heap before GC invocations=29 (full 0):
 garbage-first heap   total 130048K, used 70182K [0x0000000080000000, 0x0000000100000000)
  region size 1024K, 6 young (6144K), 3 survivors (3072K)
 Metaspace       used 67345K, committed 67968K, reserved 1114112K
  class space    used 9650K, committed 9920K, reserved 1048576K
}
Event: 18.880 GC heap after
{Heap after GC invocations=30 (full 0):
 garbage-first heap   total 130048K, used 68346K [0x0000000080000000, 0x0000000100000000)
  region size 1024K, 1 young (1024K), 1 survivors (1024K)
 Metaspace       used 67345K, committed 67968K, reserved 1114112K
  class space    used 9650K, committed 9920K, reserved 1048576K
}
Event: 19.966 GC heap before
{Heap before GC invocations=30 (full 0):
 garbage-first heap   total 130048K, used 107258K [0x0000000080000000, 0x0000000100000000)
  region size 1024K, 39 young (39936K), 1 survivors (1024K)
 Metaspace       used 72998K, committed 73664K, reserved 1114112K
  class space    used 10362K, committed 10624K, reserved 1048576K
}
Event: 19.968 GC heap after
{Heap after GC invocations=31 (full 0):
 garbage-first heap   total 130048K, used 68884K [0x0000000080000000, 0x0000000100000000)
  region size 1024K, 1 young (1024K), 1 survivors (1024K)
 Metaspace       used 72998K, committed 73664K, reserved 1114112K
  class space    used 10362K, committed 10624K, reserved 1048576K
}
Event: 20.768 GC heap before
{Heap before GC invocations=32 (full 0):
 garbage-first heap   total 130048K, used 115988K [0x0000000080000000, 0x0000000100000000)
  region size 1024K, 40 young (40960K), 1 survivors (1024K)
 Metaspace       used 75096K, committed 75840K, reserved 1179648K
  class space    used 10605K, committed 10880K, reserved 1048576K
}
Event: 20.787 GC heap after
{Heap after GC invocations=33 (full 0):
 garbage-first heap   total 130048K, used 84460K [0x0000000080000000, 0x0000000100000000)
  region size 1024K, 5 young (5120K), 5 survivors (5120K)
 Metaspace       used 75096K, committed 75840K, reserved 1179648K
  class space    used 10605K, committed 10880K, reserved 1048576K
}
Event: 21.396 GC heap before
{Heap before GC invocations=33 (full 0):
 garbage-first heap   total 130048K, used 106988K [0x0000000080000000, 0x0000000100000000)
  region size 1024K, 27 young (27648K), 5 survivors (5120K)
 Metaspace       used 76807K, committed 77504K, reserved 1179648K
  class space    used 10824K, committed 11136K, reserved 1048576K
}
Event: 21.405 GC heap after
{Heap after GC invocations=34 (full 0):
 garbage-first heap   total 130048K, used 80103K [0x0000000080000000, 0x0000000100000000)
  region size 1024K, 3 young (3072K), 3 survivors (3072K)
 Metaspace       used 76807K, committed 77504K, reserved 1179648K
  class space    used 10824K, committed 11136K, reserved 1048576K
}
Event: 23.201 GC heap before
{Heap before GC invocations=35 (full 0):
 garbage-first heap   total 137216K, used 111847K [0x0000000080000000, 0x0000000100000000)
  region size 1024K, 28 young (28672K), 3 survivors (3072K)
 Metaspace       used 79897K, committed 80512K, reserved 1179648K
  class space    used 11172K, committed 11456K, reserved 1048576K
}
Event: 23.206 GC heap after
{Heap after GC invocations=36 (full 0):
 garbage-first heap   total 137216K, used 89327K [0x0000000080000000, 0x0000000100000000)
  region size 1024K, 2 young (2048K), 2 survivors (2048K)
 Metaspace       used 79897K, committed 80512K, reserved 1179648K
  class space    used 11172K, committed 11456K, reserved 1048576K
}
Event: 23.756 GC heap before
{Heap before GC invocations=36 (full 0):
 garbage-first heap   total 137216K, used 112879K [0x0000000080000000, 0x0000000100000000)
  region size 1024K, 25 young (25600K), 2 survivors (2048K)
 Metaspace       used 82324K, committed 83008K, reserved 1179648K
  class space    used 11434K, committed 11712K, reserved 1048576K
}
Event: 23.761 GC heap after
{Heap after GC invocations=37 (full 0):
 garbage-first heap   total 137216K, used 90975K [0x0000000080000000, 0x0000000100000000)
  region size 1024K, 4 young (4096K), 4 survivors (4096K)
 Metaspace       used 82324K, committed 83008K, reserved 1179648K
  class space    used 11434K, committed 11712K, reserved 1048576K
}
Event: 24.310 GC heap before
{Heap before GC invocations=37 (full 0):
 garbage-first heap   total 137216K, used 112479K [0x0000000080000000, 0x0000000100000000)
  region size 1024K, 26 young (26624K), 4 survivors (4096K)
 Metaspace       used 85257K, committed 85952K, reserved 1179648K
  class space    used 11671K, committed 11968K, reserved 1048576K
}
Event: 24.315 GC heap after
{Heap after GC invocations=38 (full 0):
 garbage-first heap   total 137216K, used 92856K [0x0000000080000000, 0x0000000100000000)
  region size 1024K, 4 young (4096K), 4 survivors (4096K)
 Metaspace       used 85257K, committed 85952K, reserved 1179648K
  class space    used 11671K, committed 11968K, reserved 1048576K
}
Event: 24.880 GC heap before
{Heap before GC invocations=38 (full 0):
 garbage-first heap   total 137216K, used 115384K [0x0000000080000000, 0x0000000100000000)
  region size 1024K, 26 young (26624K), 4 survivors (4096K)
 Metaspace       used 87825K, committed 88512K, reserved 1179648K
  class space    used 11987K, committed 12288K, reserved 1048576K
}
Event: 24.884 GC heap after
{Heap after GC invocations=39 (full 0):
 garbage-first heap   total 137216K, used 93436K [0x0000000080000000, 0x0000000100000000)
  region size 1024K, 3 young (3072K), 3 survivors (3072K)
 Metaspace       used 87825K, committed 88512K, reserved 1179648K
  class space    used 11987K, committed 12288K, reserved 1048576K
}
Event: 25.540 GC heap before
{Heap before GC invocations=39 (full 0):
 garbage-first heap   total 137216K, used 115964K [0x0000000080000000, 0x0000000100000000)
  region size 1024K, 25 young (25600K), 3 survivors (3072K)
 Metaspace       used 90134K, committed 90752K, reserved 1179648K
  class space    used 12274K, committed 12544K, reserved 1048576K
}

Dll operation events (3 events):
Event: 0.021 Loaded shared library C:\Program Files\Android\Android Studio\jbr\bin\java.dll
Event: 0.307 Loaded shared library C:\Program Files\Android\Android Studio\jbr\bin\zip.dll
Event: 0.932 Loaded shared library C:\Program Files\Android\Android Studio\jbr\bin\verify.dll

Deoptimization events (20 events):
Event: 24.979 Thread 0x000001f0223ecd60 Uncommon trap: trap_request=0xffffffc6 fr.pc=0x000001f00cd544f0 relative=0x0000000000000590
Event: 24.979 Thread 0x000001f0223ecd60 Uncommon trap: reason=bimorphic_or_optimized_type_check action=maybe_recompile pc=0x000001f00cd544f0 method=org.jetbrains.kotlin.protobuf.CodedInputStream.tryRefillBuffer(I)Z @ 177 c2
Event: 24.979 Thread 0x000001f0223ecd60 DEOPT PACKING pc=0x000001f00cd544f0 sp=0x0000004b971f4150
Event: 24.979 Thread 0x000001f0223ecd60 DEOPT UNPACKING pc=0x000001f00c6b69a3 sp=0x0000004b971f4038 mode 2
Event: 24.980 Thread 0x000001f0223ecd60 Uncommon trap: trap_request=0xffffffc6 fr.pc=0x000001f00cd544f0 relative=0x0000000000000590
Event: 24.980 Thread 0x000001f0223ecd60 Uncommon trap: reason=bimorphic_or_optimized_type_check action=maybe_recompile pc=0x000001f00cd544f0 method=org.jetbrains.kotlin.protobuf.CodedInputStream.tryRefillBuffer(I)Z @ 177 c2
Event: 24.980 Thread 0x000001f0223ecd60 DEOPT PACKING pc=0x000001f00cd544f0 sp=0x0000004b971f4250
Event: 24.980 Thread 0x000001f0223ecd60 DEOPT UNPACKING pc=0x000001f00c6b69a3 sp=0x0000004b971f4138 mode 2
Event: 24.984 Thread 0x000001f0223ecd60 Uncommon trap: trap_request=0xffffffc6 fr.pc=0x000001f00cd544f0 relative=0x0000000000000590
Event: 24.984 Thread 0x000001f0223ecd60 Uncommon trap: reason=bimorphic_or_optimized_type_check action=maybe_recompile pc=0x000001f00cd544f0 method=org.jetbrains.kotlin.protobuf.CodedInputStream.tryRefillBuffer(I)Z @ 177 c2
Event: 24.984 Thread 0x000001f0223ecd60 DEOPT PACKING pc=0x000001f00cd544f0 sp=0x0000004b971f4250
Event: 24.984 Thread 0x000001f0223ecd60 DEOPT UNPACKING pc=0x000001f00c6b69a3 sp=0x0000004b971f4138 mode 2
Event: 24.996 Thread 0x000001f0223ecd60 Uncommon trap: trap_request=0xffffffc6 fr.pc=0x000001f00cc3e6d4 relative=0x0000000000000314
Event: 24.996 Thread 0x000001f0223ecd60 Uncommon trap: reason=bimorphic_or_optimized_type_check action=maybe_recompile pc=0x000001f00cc3e6d4 method=org.jetbrains.kotlin.protobuf.CodedInputStream.tryRefillBuffer(I)Z @ 177 c2
Event: 24.996 Thread 0x000001f0223ecd60 DEOPT PACKING pc=0x000001f00cc3e6d4 sp=0x0000004b971f3b20
Event: 24.996 Thread 0x000001f0223ecd60 DEOPT UNPACKING pc=0x000001f00c6b69a3 sp=0x0000004b971f3a58 mode 2
Event: 25.134 Thread 0x000001f0223ecd60 DEOPT PACKING pc=0x000001f0057dcb9b sp=0x0000004b971f35d0
Event: 25.134 Thread 0x000001f0223ecd60 DEOPT UNPACKING pc=0x000001f00c6b7143 sp=0x0000004b971f2a40 mode 0
Event: 25.492 Thread 0x000001f0223ecd60 DEOPT PACKING pc=0x000001f0055a4bf9 sp=0x0000004b971f23c0
Event: 25.492 Thread 0x000001f0223ecd60 DEOPT UNPACKING pc=0x000001f00c6b7143 sp=0x0000004b971f1880 mode 0

Classes unloaded (0 events):
No events

Classes redefined (0 events):
No events

Internal exceptions (20 events):
Event: 16.731 Thread 0x000001f0223ecd60 Exception <a 'java/lang/NoSuchMethodError'{0x000000008767a780}: 'java.lang.Object java.lang.invoke.DirectMethodHandle$Holder.invokeStatic(java.lang.Object, java.lang.Object, java.lang.Object, java.lang.Object, java.lang.Object, java.lang.Object, java.lang.Object, java.lang.Object, java.lang.Object, java.lang.Object, java.lang.Object, java.lang.Object, java.lang.Object, java.lang.Object, java.lang.Object, java.lang.Object, java.lang.Object, java.lang.Object, java.lang.Object, java.lang.Object, java.lang.Obj
Event: 16.811 Thread 0x000001f0223ecd60 Exception <a 'java/lang/IncompatibleClassChangeError'{0x0000000087312230}: Found class java.lang.Object, but interface was expected> (0x0000000087312230) 
thrown [s\src\hotspot\share\interpreter\linkResolver.cpp, line 838]
Event: 16.833 Thread 0x000001f0223ecd60 Exception <a 'java/lang/NoSuchMethodError'{0x000000008739af60}: 'void java.lang.invoke.DirectMethodHandle$Holder.invokeVirtual(java.lang.Object, java.lang.Object)'> (0x000000008739af60) 
thrown [s\src\hotspot\share\interpreter\linkResolver.cpp, line 771]
Event: 16.898 Thread 0x000001f0223ecd60 Exception <a 'java/lang/NoSuchMethodError'{0x00000000871b71f8}: 'java.lang.Object java.lang.invoke.DirectMethodHandle$Holder.invokeStaticInit(java.lang.Object, int)'> (0x00000000871b71f8) 
thrown [s\src\hotspot\share\interpreter\linkResolver.cpp, line 771]
Event: 17.900 Thread 0x000001f0223ecd60 Implicit null exception at 0x000001f00cc3a672 to 0x000001f00cc3ac40
Event: 18.123 Thread 0x000001f0223ecd60 Implicit null exception at 0x000001f00cc3b772 to 0x000001f00cc3bd50
Event: 18.474 Thread 0x000001f0223ecd60 Exception <a 'sun/nio/fs/WindowsException'{0x000000008626e930}> (0x000000008626e930) 
thrown [s\src\hotspot\share\prims\jni.cpp, line 517]
Event: 18.474 Thread 0x000001f0223ecd60 Exception <a 'sun/nio/fs/WindowsException'{0x00000000862706e8}> (0x00000000862706e8) 
thrown [s\src\hotspot\share\prims\jni.cpp, line 517]
Event: 18.819 Thread 0x000001f0223ecd60 Exception <a 'java/lang/NoSuchMethodError'{0x0000000087c24e10}: 'long java.lang.invoke.DirectMethodHandle$Holder.invokeStatic(java.lang.Object)'> (0x0000000087c24e10) 
thrown [s\src\hotspot\share\interpreter\linkResolver.cpp, line 771]
Event: 18.820 Thread 0x000001f0223ecd60 Exception <a 'java/lang/NoSuchMethodError'{0x0000000087c29f58}: 'long java.lang.invoke.DirectMethodHandle$Holder.invokeStaticInit(java.lang.Object)'> (0x0000000087c29f58) 
thrown [s\src\hotspot\share\interpreter\linkResolver.cpp, line 771]
Event: 18.969 Thread 0x000001f0223ecd60 Exception <a 'java/lang/NoSuchMethodError'{0x0000000087977520}: 'long java.lang.invoke.Invokers$Holder.invoke_MT(java.lang.Object, java.lang.Object, java.lang.Object, java.lang.Object)'> (0x0000000087977520) 
thrown [s\src\hotspot\share\interpreter\linkResolver.cpp, line 771]
Event: 18.971 Thread 0x000001f0223ecd60 Exception <a 'java/lang/NoSuchMethodError'{0x0000000087980db0}: 'int java.lang.invoke.Invokers$Holder.invoke_MT(java.lang.Object, java.lang.Object, java.lang.Object, java.lang.Object)'> (0x0000000087980db0) 
thrown [s\src\hotspot\share\interpreter\linkResolver.cpp, line 771]
Event: 18.974 Thread 0x000001f0223ecd60 Exception <a 'java/lang/NoSuchMethodError'{0x0000000087991910}: 'void java.lang.invoke.DelegatingMethodHandle$Holder.reinvoke_L(java.lang.Object, java.lang.Object, java.lang.Object, long, java.lang.Object)'> (0x0000000087991910) 
thrown [s\src\hotspot\share\interpreter\linkResolver.cpp, line 771]
Event: 18.975 Thread 0x000001f0223ecd60 Exception <a 'java/lang/NoSuchMethodError'{0x000000008799a4e8}: 'java.lang.Object java.lang.invoke.DirectMethodHandle$Holder.invokeSpecial(java.lang.Object, java.lang.Object, java.lang.Object, java.lang.Object, long)'> (0x000000008799a4e8) 
thrown [s\src\hotspot\share\interpreter\linkResolver.cpp, line 771]
Event: 18.978 Thread 0x000001f0223ecd60 Exception <a 'java/lang/NoSuchMethodError'{0x00000000879aaf60}: 'int java.lang.invoke.DelegatingMethodHandle$Holder.reinvoke_L(java.lang.Object, java.lang.Object, java.lang.Object, long, java.lang.Object, java.lang.Object)'> (0x00000000879aaf60) 
thrown [s\src\hotspot\share\interpreter\linkResolver.cpp, line 771]
Event: 18.980 Thread 0x000001f0223ecd60 Exception <a 'java/lang/NoSuchMethodError'{0x00000000879bb2d8}: 'int java.lang.invoke.DelegatingMethodHandle$Holder.reinvoke_L(java.lang.Object, java.lang.Object, java.lang.Object, long, int, int)'> (0x00000000879bb2d8) 
thrown [s\src\hotspot\share\interpreter\linkResolver.cpp, line 771]
Event: 18.983 Thread 0x000001f0223ecd60 Exception <a 'java/lang/NoSuchMethodError'{0x00000000879cb3f8}: 'int java.lang.invoke.DelegatingMethodHandle$Holder.reinvoke_L(java.lang.Object, java.lang.Object, java.lang.Object, long, long, long)'> (0x00000000879cb3f8) 
thrown [s\src\hotspot\share\interpreter\linkResolver.cpp, line 771]
Event: 18.985 Thread 0x000001f0223ecd60 Exception <a 'java/lang/NoSuchMethodError'{0x00000000879db1f8}: 'int java.lang.invoke.DelegatingMethodHandle$Holder.reinvoke_L(java.lang.Object, java.lang.Object, java.lang.Object, long, int)'> (0x00000000879db1f8) 
thrown [s\src\hotspot\share\interpreter\linkResolver.cpp, line 771]
Event: 20.179 Thread 0x000001f0223ecd60 Exception <a 'java/lang/NoSuchMethodError'{0x000000008762c8f8}: 'java.lang.Object java.lang.invoke.Invokers$Holder.invokeExact_MT(java.lang.Object, java.lang.Object, long, java.lang.Object)'> (0x000000008762c8f8) 
thrown [s\src\hotspot\share\interpreter\linkResolver.cpp, line 771]
Event: 20.267 Thread 0x000001f0223ecd60 Exception <a 'java/lang/NoSuchMethodError'{0x000000008749e330}: 'java.lang.Object java.lang.invoke.Invokers$Holder.invoke_MT(java.lang.Object, java.lang.Object, java.lang.Object)'> (0x000000008749e330) 
thrown [s\src\hotspot\share\interpreter\linkResolver.cpp, line 771]

VM Operations (20 events):
Event: 21.405 Executing VM operation: G1CollectForAllocation done
Event: 21.470 Executing VM operation: G1PauseRemark
Event: 21.474 Executing VM operation: G1PauseRemark done
Event: 21.499 Executing VM operation: G1PauseCleanup
Event: 21.499 Executing VM operation: G1PauseCleanup done
Event: 23.201 Executing VM operation: G1CollectForAllocation
Event: 23.207 Executing VM operation: G1CollectForAllocation done
Event: 23.755 Executing VM operation: G1CollectForAllocation
Event: 23.761 Executing VM operation: G1CollectForAllocation done
Event: 24.310 Executing VM operation: G1CollectForAllocation
Event: 24.315 Executing VM operation: G1CollectForAllocation done
Event: 24.725 Executing VM operation: HandshakeAllThreads
Event: 24.725 Executing VM operation: HandshakeAllThreads done
Event: 24.880 Executing VM operation: G1CollectForAllocation
Event: 24.884 Executing VM operation: G1CollectForAllocation done
Event: 24.968 Executing VM operation: HandshakeAllThreads
Event: 24.968 Executing VM operation: HandshakeAllThreads done
Event: 25.262 Executing VM operation: HandshakeAllThreads
Event: 25.262 Executing VM operation: HandshakeAllThreads done
Event: 25.540 Executing VM operation: G1CollectForAllocation

Events (20 events):
Event: 20.268 loading class sun/nio/ch/FileChannelImpl$Unmapper done
Event: 20.268 loading class sun/nio/ch/FileChannelImpl$DefaultUnmapper done
Event: 20.268 loading class sun/nio/ch/Util$4
Event: 20.268 loading class sun/nio/ch/Util$4 done
Event: 20.268 loading class jdk/internal/access/foreign/MemorySegmentProxy
Event: 20.269 loading class jdk/internal/access/foreign/MemorySegmentProxy done
Event: 20.271 loading class java/io/UTFDataFormatException
Event: 20.271 loading class java/io/UTFDataFormatException done
Event: 20.888 loading class java/nio/channels/Channels$ReadableByteChannelImpl
Event: 20.888 loading class java/nio/channels/Channels$ReadableByteChannelImpl done
Event: 20.888 loading class java/nio/channels/NonWritableChannelException
Event: 20.888 loading class java/nio/channels/NonWritableChannelException done
Event: 25.065 loading class java/text/StringCharacterIterator
Event: 25.065 loading class java/text/CharacterIterator
Event: 25.065 loading class java/text/CharacterIterator done
Event: 25.065 loading class java/text/StringCharacterIterator done
Event: 25.124 loading class java/io/NotSerializableException
Event: 25.124 loading class java/io/NotSerializableException done
Event: 25.261 loading class java/util/AbstractList$ListItr
Event: 25.261 loading class java/util/AbstractList$ListItr done


Dynamic libraries:
0x00007ff655d30000 - 0x00007ff655d3a000 	C:\Program Files\Android\Android Studio\jbr\bin\java.exe
0x00007ffc7cbd0000 - 0x00007ffc7cde7000 	C:\Windows\SYSTEM32\ntdll.dll
0x00007ffc7b880000 - 0x00007ffc7b944000 	C:\Windows\System32\KERNEL32.DLL
0x00007ffc7a2d0000 - 0x00007ffc7a67c000 	C:\Windows\System32\KERNELBASE.dll
0x00007ffc7a7f0000 - 0x00007ffc7a901000 	C:\Windows\System32\ucrtbase.dll
0x00007ffc69b50000 - 0x00007ffc69b6b000 	C:\Program Files\Android\Android Studio\jbr\bin\VCRUNTIME140.dll
0x00007ffc69b70000 - 0x00007ffc69b87000 	C:\Program Files\Android\Android Studio\jbr\bin\jli.dll
0x00007ffc7c960000 - 0x00007ffc7cb0e000 	C:\Windows\System32\USER32.dll
0x00007ffc64170000 - 0x00007ffc64403000 	C:\Windows\WinSxS\amd64_microsoft.windows.common-controls_6595b64144ccf1df_6.0.22621.3672_none_2713b9d173822955\COMCTL32.dll
0x00007ffc7a160000 - 0x00007ffc7a186000 	C:\Windows\System32\win32u.dll
0x00007ffc7c8b0000 - 0x00007ffc7c8d9000 	C:\Windows\System32\GDI32.dll
0x00007ffc7b9b0000 - 0x00007ffc7ba57000 	C:\Windows\System32\msvcrt.dll
0x00007ffc79f70000 - 0x00007ffc7a089000 	C:\Windows\System32\gdi32full.dll
0x00007ffc7a090000 - 0x00007ffc7a12a000 	C:\Windows\System32\msvcp_win.dll
0x00007ffc7b4b0000 - 0x00007ffc7b4e1000 	C:\Windows\System32\IMM32.DLL
0x00007ffc69150000 - 0x00007ffc6915c000 	C:\Program Files\Android\Android Studio\jbr\bin\vcruntime140_1.dll
0x00007ffc45770000 - 0x00007ffc457fd000 	C:\Program Files\Android\Android Studio\jbr\bin\msvcp140.dll
0x00007ffc3eeb0000 - 0x00007ffc3fb33000 	C:\Program Files\Android\Android Studio\jbr\bin\server\jvm.dll
0x00007ffc7aed0000 - 0x00007ffc7af82000 	C:\Windows\System32\ADVAPI32.dll
0x00007ffc7ae20000 - 0x00007ffc7aec8000 	C:\Windows\System32\sechost.dll
0x00007ffc7a130000 - 0x00007ffc7a158000 	C:\Windows\System32\bcrypt.dll
0x00007ffc7b4f0000 - 0x00007ffc7b605000 	C:\Windows\System32\RPCRT4.dll
0x00007ffc79dc0000 - 0x00007ffc79e0d000 	C:\Windows\SYSTEM32\POWRPROF.dll
0x00007ffc75260000 - 0x00007ffc75269000 	C:\Windows\SYSTEM32\WSOCK32.dll
0x00007ffc71830000 - 0x00007ffc71864000 	C:\Windows\SYSTEM32\WINMM.dll
0x00007ffc7cb10000 - 0x00007ffc7cb81000 	C:\Windows\System32\WS2_32.dll
0x00007ffc72d30000 - 0x00007ffc72d3a000 	C:\Windows\SYSTEM32\VERSION.dll
0x00007ffc79da0000 - 0x00007ffc79db3000 	C:\Windows\SYSTEM32\UMPDC.dll
0x00007ffc78ef0000 - 0x00007ffc78f08000 	C:\Windows\SYSTEM32\kernel.appcore.dll
0x00007ffc75250000 - 0x00007ffc7525a000 	C:\Program Files\Android\Android Studio\jbr\bin\jimage.dll
0x00007ffc66370000 - 0x00007ffc665a2000 	C:\Windows\SYSTEM32\DBGHELP.DLL
0x00007ffc7a930000 - 0x00007ffc7acb8000 	C:\Windows\System32\combase.dll
0x00007ffc7ad20000 - 0x00007ffc7adf7000 	C:\Windows\System32\OLEAUT32.dll
0x00007ffc66250000 - 0x00007ffc66282000 	C:\Windows\SYSTEM32\dbgcore.DLL
0x00007ffc7a190000 - 0x00007ffc7a20b000 	C:\Windows\System32\bcryptPrimitives.dll
0x00007ffc719d0000 - 0x00007ffc719de000 	C:\Program Files\Android\Android Studio\jbr\bin\instrument.dll
0x00007ffc6a1c0000 - 0x00007ffc6a1e5000 	C:\Program Files\Android\Android Studio\jbr\bin\java.dll
0x00007ffc6a170000 - 0x00007ffc6a188000 	C:\Program Files\Android\Android Studio\jbr\bin\zip.dll
0x00007ffc7ba70000 - 0x00007ffc7c2cc000 	C:\Windows\System32\SHELL32.dll
0x00007ffc77de0000 - 0x00007ffc786d7000 	C:\Windows\SYSTEM32\windows.storage.dll
0x00007ffc77ca0000 - 0x00007ffc77ddf000 	C:\Windows\SYSTEM32\wintypes.dll
0x00007ffc7c7b0000 - 0x00007ffc7c8a4000 	C:\Windows\System32\SHCORE.dll
0x00007ffc7acc0000 - 0x00007ffc7ad1e000 	C:\Windows\System32\shlwapi.dll
0x00007ffc79e30000 - 0x00007ffc79e51000 	C:\Windows\SYSTEM32\profapi.dll
0x00007ffc6a150000 - 0x00007ffc6a169000 	C:\Program Files\Android\Android Studio\jbr\bin\net.dll
0x00007ffc727a0000 - 0x00007ffc728d6000 	C:\Windows\SYSTEM32\WINHTTP.dll
0x00007ffc79380000 - 0x00007ffc793e9000 	C:\Windows\system32\mswsock.dll
0x00007ffc69ef0000 - 0x00007ffc69f06000 	C:\Program Files\Android\Android Studio\jbr\bin\nio.dll
0x00007ffc75240000 - 0x00007ffc75250000 	C:\Program Files\Android\Android Studio\jbr\bin\verify.dll
0x00007ffc501f0000 - 0x00007ffc50217000 	C:\Users\bryan\.gradle\native\c067742578af261105cb4f569cf0c3c89f3d7b1fecec35dd04571415982c5e48\windows-amd64\native-platform.dll
0x00007ffc41f10000 - 0x00007ffc42054000 	C:\Users\bryan\.gradle\native\38dada09dfb8b06ba9b0570ebf7e218e3eb74d4ef43ca46872605cf95ebc2f47\windows-amd64\native-platform-file-events.dll
0x00007ffc73250000 - 0x00007ffc73259000 	C:\Program Files\Android\Android Studio\jbr\bin\management.dll
0x00007ffc730c0000 - 0x00007ffc730cb000 	C:\Program Files\Android\Android Studio\jbr\bin\management_ext.dll
0x00007ffc7a910000 - 0x00007ffc7a918000 	C:\Windows\System32\PSAPI.DLL
0x00007ffc795f0000 - 0x00007ffc7960b000 	C:\Windows\SYSTEM32\CRYPTSP.dll
0x00007ffc78e50000 - 0x00007ffc78e85000 	C:\Windows\system32\rsaenh.dll
0x00007ffc79480000 - 0x00007ffc794a8000 	C:\Windows\SYSTEM32\USERENV.dll
0x00007ffc795e0000 - 0x00007ffc795ec000 	C:\Windows\SYSTEM32\CRYPTBASE.dll
0x00007ffc78990000 - 0x00007ffc789bd000 	C:\Windows\SYSTEM32\IPHLPAPI.DLL
0x00007ffc7a920000 - 0x00007ffc7a929000 	C:\Windows\System32\NSI.dll
0x00007ffc72d60000 - 0x00007ffc72d79000 	C:\Windows\SYSTEM32\dhcpcsvc6.DLL
0x00007ffc72d40000 - 0x00007ffc72d5f000 	C:\Windows\SYSTEM32\dhcpcsvc.DLL
0x00007ffc78a10000 - 0x00007ffc78b08000 	C:\Windows\SYSTEM32\DNSAPI.dll
0x00007ffc733c0000 - 0x00007ffc733c9000 	C:\Program Files\Android\Android Studio\jbr\bin\extnet.dll
0x00007ffc74570000 - 0x00007ffc74578000 	C:\Windows\system32\wshunix.dll

dbghelp: loaded successfully - version: 4.0.5 - missing functions: none
symbol engine: initialized successfully - sym options: 0x614 - pdb path: .;C:\Program Files\Android\Android Studio\jbr\bin;C:\Windows\SYSTEM32;C:\Windows\WinSxS\amd64_microsoft.windows.common-controls_6595b64144ccf1df_6.0.22621.3672_none_2713b9d173822955;C:\Program Files\Android\Android Studio\jbr\bin\server;C:\Users\bryan\.gradle\native\c067742578af261105cb4f569cf0c3c89f3d7b1fecec35dd04571415982c5e48\windows-amd64;C:\Users\bryan\.gradle\native\38dada09dfb8b06ba9b0570ebf7e218e3eb74d4ef43ca46872605cf95ebc2f47\windows-amd64

VM Arguments:
jvm_args: --add-opens=java.base/java.util=ALL-UNNAMED --add-opens=java.base/java.lang=ALL-UNNAMED --add-opens=java.base/java.lang.invoke=ALL-UNNAMED --add-opens=java.prefs/java.util.prefs=ALL-UNNAMED --add-opens=java.base/java.nio.charset=ALL-UNNAMED --add-opens=java.base/java.net=ALL-UNNAMED --add-opens=java.base/java.util.concurrent.atomic=ALL-UNNAMED -Xmx2048m -Dfile.encoding=UTF-8 -Duser.country=SV -Duser.language=es -Duser.variant -javaagent:C:\Users\bryan\.gradle\wrapper\dists\gradle-8.6-bin\afr5mpiioh2wthjmwnkmdsd5w\gradle-8.6\lib\agents\gradle-instrumentation-agent-8.6.jar 
java_command: org.gradle.launcher.daemon.bootstrap.GradleDaemon 8.6
java_class_path (initial): C:\Users\bryan\.gradle\wrapper\dists\gradle-8.6-bin\afr5mpiioh2wthjmwnkmdsd5w\gradle-8.6\lib\gradle-launcher-8.6.jar
Launcher Type: SUN_STANDARD

[Global flags]
     intx CICompilerCount                          = 4                                         {product} {ergonomic}
     uint ConcGCThreads                            = 2                                         {product} {ergonomic}
     uint G1ConcRefinementThreads                  = 8                                         {product} {ergonomic}
   size_t G1HeapRegionSize                         = 1048576                                   {product} {ergonomic}
    uintx GCDrainStackTargetSize                   = 64                                        {product} {ergonomic}
   size_t InitialHeapSize                          = 184549376                                 {product} {ergonomic}
   size_t MarkStackSize                            = 4194304                                   {product} {ergonomic}
   size_t MaxHeapSize                              = 2147483648                                {product} {command line}
   size_t MaxNewSize                               = 1287651328                                {product} {ergonomic}
   size_t MinHeapDeltaBytes                        = 1048576                                   {product} {ergonomic}
   size_t MinHeapSize                              = 8388608                                   {product} {ergonomic}
    uintx NonNMethodCodeHeapSize                   = 5839372                                {pd product} {ergonomic}
    uintx NonProfiledCodeHeapSize                  = 122909434                              {pd product} {ergonomic}
    uintx ProfiledCodeHeapSize                     = 122909434                              {pd product} {ergonomic}
    uintx ReservedCodeCacheSize                    = 251658240                              {pd product} {ergonomic}
     bool SegmentedCodeCache                       = true                                      {product} {ergonomic}
   size_t SoftMaxHeapSize                          = 2147483648                             {manageable} {ergonomic}
     bool UseCompressedClassPointers               = true                           {product lp64_product} {ergonomic}
     bool UseCompressedOops                        = true                           {product lp64_product} {ergonomic}
     bool UseG1GC                                  = true                                      {product} {ergonomic}
     bool UseLargePagesIndividualAllocation        = false                                  {pd product} {ergonomic}

Logging:
Log output configuration:
 #0: stdout all=warning uptime,level,tags
 #1: stderr all=off uptime,level,tags

Environment Variables:
JAVA_HOME=C:\Program Files\Java\jdk-11
PATH=C:\Python312\Scripts\;C:\Python312\;C:\Program Files\Common Files\Oracle\Java\javapath;C:\Program Files (x86)\Common Files\Oracle\Java\java8path;C:\Program Files (x86)\Common Files\Oracle\Java\javapath;C:\Windows\system32;C:\Windows;C:\Windows\System32\Wbem;C:\Windows\System32\WindowsPowerShell\v1.0\;C:\Windows\System32\OpenSSH\;C:\Program Files (x86)\AMD\ATI.ACE\Core-Static;C:\Program Files\Docker\Docker\resources\bin;C:\Users\bryan\AppData\Local\Packages\PythonSoftwareFoundation.Python.3.11_qbz5n2kfra8p0\LocalCache\local-packages\Python311\site-packages\virtualenv;C:\Users\bryan\AppData\Local\Packages\PythonSoftwareFoundation.Python.3.11_qbz5n2kfra8p0\LocalCache\local-packages\Python311\site-packages;C:\Users\bryan\AppData\Local\Packages\PythonSoftwareFoundation.Python.3.11_qbz5n2kfra8p0\LocalCache\local-packages\Python311\Scripts;C:\Users\bryan\AppData\Local\Programs\Python\Python311\Scripts;C:\Users\bryan\AppData\Local\Programs\Python\Python311\Lib\site-packages;C:\Users\bryan\AppData\Local\Programs\Python\Python311\python.exe;D:\nvm;D:\nodejs;D:\nodeJs\;C:\ProgramData\chocolatey\bin;D:\Git\cmd;C:\Program Files\MySQL\MySQL Shell 8.0\bin\;C:\Users\bryan\AppData\Local\Programs\Python\Python311\Scripts\;C:\Users\bryan\AppData\Local\Programs\Python\Python311\;C:\Users\bryan\AppData\Local\Microsoft\WindowsApps;C:\spark\bin;C:\Program Files\Java\jdk-11\bin;C:\Users\bryan\AppData\Local\Programs\Microsoft VS Code\bin;C:\Users\bryan\AppData\Local\Programs\Python\Python311\Scripts;C:\Users\bryan\AppData\Local\Programs\Python\Python311\Lib\site-packages;C:\Users\bryan\AppData\Local\Programs\Python\Python311\python.exe;C:\Users\bryan\AppData\Local\Packages\PythonSoftwareFoundation.Python.3.11_qbz5n2kfra8p0\LocalCache\local-packages\Python311\site-packages\virtualenv;C:\Users\bryan\AppData\Local\Packages\PythonSoftwareFoundation.Python.3.11_qbz5n2kfra8p0\LocalCache\local-packages\Python311\site-packages;C:\Users\bryan\AppData\Local\Packages\PythonSoftwareFoundation.Python.
USERNAME=bryan
OS=Windows_NT
PROCESSOR_IDENTIFIER=AMD64 Family 23 Model 17 Stepping 0, AuthenticAMD
TMP=C:\Users\bryan\AppData\Local\Temp
TEMP=C:\Users\bryan\AppData\Local\Temp



Periodic native trim disabled

JNI global refs:
JNI global refs: 26, weak refs: 0

JNI global refs memory usage: 843, weak refs: 841

OOME stack traces (most recent first):
Classloader memory used:
Loader org.gradle.internal.classloader.VisitableURLClassLoader                         : 7571K
Loader bootstrap                                                                       : 2492K
Loader org.gradle.initialization.MixInLegacyTypesClassLoader                           : 863K
Loader org.gradle.internal.classloader.VisitableURLClassLoader$InstrumentingVisitableURLClassLoader: 87131B
Loader org.gradle.internal.classloader.VisitableURLClassLoader                         : 80323B
Loader jdk.internal.loader.ClassLoaders$PlatformClassLoader                            : 68302B
Loader jdk.internal.jrtfs.JrtFileSystemProvider$JrtFsLoader                            : 38278B
Loader jdk.internal.loader.ClassLoaders$AppClassLoader                                 : 28736B
Loader jdk.internal.reflect.DelegatingClassLoader                                      : 28033B
Loader org.gradle.groovy.scripts.internal.DefaultScriptCompilationHandler$ScriptClassLoader: 10775B
Loader org.codehaus.groovy.runtime.callsite.CallSiteClassLoader                        : 5773B

Classes loaded by more than one classloader:
Class org.gradle.internal.Cast                                                        : loaded 3 times (x 69B)
Class org.gradle.api.GradleException                                                  : loaded 3 times (x 80B)
Class org.jetbrains.plugins.gradle.model.MavenRepositoryModel                         : loaded 2 times (x 68B)
Class org.gradle.internal.classpath.ClassPath                                         : loaded 2 times (x 68B)
Class org.gradle.api.internal.classpath.DefaultModuleRegistry                         : loaded 2 times (x 84B)
Class org.gradle.internal.exceptions.NonGradleCauseExceptionsHolder                   : loaded 2 times (x 68B)
Class Settings_gradle$1$1                                                             : loaded 2 times (x 72B)
Class jdk.internal.jimage.BasicImageReader$1                                          : loaded 2 times (x 75B)
Class org.gradle.api.Action                                                           : loaded 2 times (x 68B)
Class org.jetbrains.kotlin.idea.gradleTooling.model.samWithReceiver.SamWithReceiverModel: loaded 2 times (x 68B)
Class org.jetbrains.plugins.gradle.model.ExternalProject                              : loaded 2 times (x 68B)
Class org.jetbrains.plugins.gradle.model.IntelliJSettings                             : loaded 2 times (x 68B)
Class jdk.internal.jimage.ImageBufferCache$1                                          : loaded 2 times (x 78B)
Class jdk.internal.jimage.ImageBufferCache$2                                          : loaded 2 times (x 89B)
Class org.jetbrains.kotlin.idea.gradleTooling.KotlinMPPGradleModel                    : loaded 2 times (x 68B)
Class org.gradle.api.internal.DefaultClassPathProvider                                : loaded 2 times (x 74B)
Class org.gradle.internal.installation.GradleInstallation$1                           : loaded 2 times (x 73B)
Class jdk.internal.jrtfs.SystemImage$1                                                : loaded 2 times (x 76B)
Class jdk.internal.jrtfs.SystemImage$2                                                : loaded 2 times (x 74B)
Class org.gradle.internal.exceptions.DefaultMultiCauseException                       : loaded 2 times (x 89B)
Class org.gradle.tooling.model.UnsupportedMethodException                             : loaded 2 times (x 80B)
Class org.gradle.util.GradleVersion                                                   : loaded 2 times (x 81B)
Class org.gradle.internal.classloader.FilteringClassLoader                            : loaded 2 times (x 103B)
Class jdk.internal.jimage.ImageReader$Resource                                        : loaded 2 times (x 82B)
Class jdk.internal.jrtfs.SystemImage                                                  : loaded 2 times (x 72B)
Class org.gradle.tooling.model.Model                                                  : loaded 2 times (x 68B)
Class org.gradle.internal.classpath.DefaultClassPath$ImmutableUniqueList$Builder      : loaded 2 times (x 73B)
Class org.jetbrains.kotlin.idea.gradleTooling.KotlinSourceSetContainer                : loaded 2 times (x 68B)
Class jdk.internal.jrtfs.JrtDirectoryStream$1                                         : loaded 2 times (x 81B)
Class org.gradle.internal.classloader.ClassLoaderVisitor                              : loaded 2 times (x 74B)
Class org.gradle.internal.time.DefaultCountdownTimer                                  : loaded 2 times (x 86B)
Class org.gradle.internal.service.DefaultServiceLocator                               : loaded 2 times (x 81B)
Class org.gradle.internal.service.UnknownServiceException                             : loaded 2 times (x 81B)
Class org.jetbrains.plugins.gradle.model.DependencyAccessorsModel                     : loaded 2 times (x 68B)
Class org.gradle.internal.classloader.DefaultClassLoaderFactory                       : loaded 2 times (x 80B)
Class jdk.internal.jimage.ImageReader$SharedImageReader                               : loaded 2 times (x 93B)
Class org.jetbrains.plugins.gradle.model.GradleExtensions                             : loaded 2 times (x 68B)
Class jdk.internal.jimage.decompressor.ZipDecompressorFactory                         : loaded 2 times (x 72B)
Class org.jetbrains.plugins.gradle.model.VersionCatalogsModel                         : loaded 2 times (x 68B)
Class org.gradle.internal.classloader.VisitableURLClassLoader$Spec                    : loaded 2 times (x 72B)
Class org.gradle.tooling.model.ProjectModel                                           : loaded 2 times (x 68B)
Class org.gradle.internal.time.MonotonicClock                                         : loaded 2 times (x 75B)
Class org.gradle.tooling.internal.gradle.DefaultProjectIdentifier                     : loaded 2 times (x 84B)
Class org.gradle.api.internal.classpath.ModuleRegistry                                : loaded 2 times (x 68B)
Class org.jetbrains.plugins.gradle.model.RepositoriesModel                            : loaded 2 times (x 68B)
Class kotlin.jvm.internal.markers.KMappedMarker                                       : loaded 2 times (x 68B)
Class org.gradle.api.internal.ClassPathProvider                                       : loaded 2 times (x 68B)
Class org.gradle.internal.classloader.ClasspathUtil$1                                 : loaded 2 times (x 74B)
Class org.gradle.internal.classloader.ClassLoaderFactory                              : loaded 2 times (x 68B)
Class jdk.internal.jimage.ImageHeader                                                 : loaded 2 times (x 69B)
Class org.gradle.api.internal.classpath.ManifestUtil                                  : loaded 2 times (x 69B)
Class org.gradle.api.specs.Spec                                                       : loaded 2 times (x 68B)
Class org.gradle.tooling.internal.gradle.GradleBuildIdentity                          : loaded 2 times (x 68B)
Class org.gradle.internal.IoActions                                                   : loaded 2 times (x 69B)
Class jdk.internal.jimage.decompressor.StringSharingDecompressorFactory               : loaded 2 times (x 72B)
Class org.gradle.api.internal.classpath.EffectiveClassPath                            : loaded 2 times (x 88B)
Class kotlin.jvm.internal.DefaultConstructorMarker                                    : loaded 2 times (x 69B)
Class org.jetbrains.kotlin.idea.gradleTooling.model.annotation.AnnotationBasedPluginModel: loaded 2 times (x 68B)
Class org.jetbrains.kotlin.idea.gradleTooling.model.assignment.AssignmentModel        : loaded 2 times (x 68B)
Class org.gradle.internal.installation.CurrentGradleInstallation                      : loaded 2 times (x 71B)
Class org.gradle.internal.agents.InstrumentingClassLoader                             : loaded 2 times (x 68B)
Class org.gradle.internal.installation.CurrentGradleInstallationLocator               : loaded 2 times (x 69B)
Class org.gradle.api.internal.classpath.Module                                        : loaded 2 times (x 68B)
Class org.gradle.internal.service.CachingServiceLocator                               : loaded 2 times (x 80B)
Class org.gradle.internal.time.Timer                                                  : loaded 2 times (x 68B)
Class org.jetbrains.plugins.gradle.model.tests.ExternalTestsModel                     : loaded 2 times (x 68B)
Class org.jetbrains.kotlin.idea.gradleTooling.KotlinDslScriptAdditionalTask           : loaded 2 times (x 68B)
Class org.gradle.internal.classpath.DefaultClassPath                                  : loaded 2 times (x 88B)
Class sync_studio_tooling1403_f18mfyfdq23iiqbyp2362gbj0$_run_closure1                 : loaded 2 times (x 137B)
Class jdk.internal.jimage.BasicImageReader                                            : loaded 2 times (x 93B)
Class com.intellij.openapi.externalSystem.model.project.dependencies.ProjectDependencies: loaded 2 times (x 68B)
Class org.jetbrains.kotlin.idea.gradleTooling.PrepareKotlinIdeImportTaskModel         : loaded 2 times (x 68B)
Class jdk.internal.jimage.ImageLocation                                               : loaded 2 times (x 88B)
Class org.gradle.internal.impldep.com.google.common.base.Preconditions                : loaded 2 times (x 69B)
Class kotlin.jvm.functions.Function1                                                  : loaded 2 times (x 68B)
Class jdk.internal.jimage.ImageReader$Node                                            : loaded 2 times (x 82B)
Class org.gradle.internal.time.Time                                                   : loaded 2 times (x 69B)
Class jdk.internal.jimage.decompressor.CompressedResourceHeader                       : loaded 2 times (x 69B)
Class ijInit1_aecd5qciv7k5zrqpmfpfy82q2                                               : loaded 2 times (x 177B)
Class org.gradle.internal.time.TimeSource$1                                           : loaded 2 times (x 75B)
Class jdk.internal.jrtfs.JrtPath                                                      : loaded 2 times (x 116B)
Class jdk.internal.jimage.ImageStrings                                                : loaded 2 times (x 68B)
Class jdk.internal.jrtfs.JrtFileAttributes                                            : loaded 2 times (x 81B)
Class org.gradle.internal.classloader.SystemClassLoaderSpec                           : loaded 2 times (x 69B)
Class jdk.internal.jimage.decompressor.ResourceDecompressorRepository                 : loaded 2 times (x 69B)
Class kotlin.Function                                                                 : loaded 2 times (x 68B)
Class org.gradle.api.UncheckedIOException                                             : loaded 2 times (x 80B)
Class sync_studio_tooling1403_f18mfyfdq23iiqbyp2362gbj0                               : loaded 2 times (x 177B)
Class jdk.internal.jimage.decompressor.ResourceDecompressor$StringsProvider           : loaded 2 times (x 68B)
Class Program                                                                         : loaded 2 times (x 70B)
Class jdk.internal.jimage.decompressor.Decompressor                                   : loaded 2 times (x 70B)
Class jdk.internal.jrtfs.JrtFileSystem                                                : loaded 2 times (x 100B)
Class org.gradle.tooling.internal.gradle.GradleProjectIdentity                        : loaded 2 times (x 68B)
Class jdk.internal.jrtfs.JrtFileSystemProvider                                        : loaded 2 times (x 97B)
Class org.gradle.internal.time.CountdownTimer                                         : loaded 2 times (x 68B)
Class org.gradle.internal.time.Clock                                                  : loaded 2 times (x 68B)
Class org.gradle.internal.classloader.ClasspathUtil                                   : loaded 2 times (x 69B)
Class jdk.internal.jrtfs.JrtDirectoryStream                                           : loaded 2 times (x 87B)
Class org.gradle.tooling.model.BuildIdentifier                                        : loaded 2 times (x 68B)
Class jdk.internal.jimage.decompressor.ResourceDecompressor                           : loaded 2 times (x 68B)
Class org.gradle.api.internal.DefaultClassPathRegistry                                : loaded 2 times (x 74B)
Class org.gradle.api.internal.classpath.DefaultModuleRegistry$DefaultModule           : loaded 2 times (x 84B)
Class org.gradle.internal.time.TimeSource                                             : loaded 2 times (x 68B)
Class org.jetbrains.kotlin.android.synthetic.idea.AndroidExtensionsGradleModel        : loaded 2 times (x 68B)
Class org.gradle.api.internal.classpath.UnknownModuleException                        : loaded 2 times (x 80B)
Class org.jetbrains.plugins.gradle.model.IntelliJProjectSettings                      : loaded 2 times (x 68B)
Class org.gradle.internal.service.ServiceLookupException                              : loaded 2 times (x 80B)
Class jdk.internal.jimage.ImageStringsReader                                          : loaded 2 times (x 78B)
Class org.gradle.cache.GlobalCache                                                    : loaded 2 times (x 68B)
Class jdk.internal.jimage.decompressor.ResourceDecompressorFactory                    : loaded 2 times (x 72B)
Class org.jetbrains.kotlin.idea.gradleTooling.model.lombok.LombokModel                : loaded 2 times (x 68B)
Class org.gradle.tooling.model.ProjectIdentifier                                      : loaded 2 times (x 68B)
Class [Lorg.gradle.api.internal.ClassPathProvider;                                    : loaded 2 times (x 67B)
Class jdk.internal.jimage.ImageReader$SharedImageReader$LocationVisitor               : loaded 2 times (x 68B)
Class org.gradle.internal.operations.MultipleBuildOperationFailures                   : loaded 2 times (x 89B)
Class org.gradle.util.internal.GUtil                                                  : loaded 2 times (x 69B)
Class jdk.internal.jimage.decompressor.ZipDecompressor                                : loaded 2 times (x 73B)
Class org.jetbrains.plugins.gradle.model.AnnotationProcessingModel                    : loaded 2 times (x 68B)
Class org.gradle.internal.classloader.ClassLoaderSpec                                 : loaded 2 times (x 69B)
Class org.jetbrains.plugins.gradle.model.BuildScriptClasspathModel                    : loaded 2 times (x 68B)
Class org.gradle.internal.classloader.VisitableURLClassLoader                         : loaded 2 times (x 115B)
Class org.gradle.internal.installation.GradleInstallation                             : loaded 2 times (x 73B)
Class org.gradle.api.internal.ClassPathRegistry                                       : loaded 2 times (x 68B)
Class org.gradle.internal.classloader.VisitableURLClassLoader$InstrumentingVisitableURLClassLoader: loaded 2 times (x 121B)
Class org.gradle.internal.classloader.ClassLoaderHierarchy                            : loaded 2 times (x 68B)
Class org.gradle.internal.exceptions.MultiCauseException                              : loaded 2 times (x 68B)
Class jdk.internal.jimage.ImageReader                                                 : loaded 2 times (x 73B)
Class org.jetbrains.kotlin.idea.gradleTooling.model.parcelize.ParcelizeGradleModel    : loaded 2 times (x 68B)
Class org.gradle.internal.InternalTransformer                                         : loaded 2 times (x 68B)
Class org.jetbrains.kotlin.idea.gradleTooling.model.noarg.NoArgModel                  : loaded 2 times (x 68B)
Class org.jetbrains.kotlin.idea.gradleTooling.KotlinGradleModel                       : loaded 2 times (x 68B)
Class org.gradle.tooling.internal.gradle.DefaultBuildIdentifier                       : loaded 2 times (x 77B)
Class org.gradle.internal.service.ServiceLocator                                      : loaded 2 times (x 68B)
Class Settings_gradle$1                                                               : loaded 2 times (x 72B)
Class org.jetbrains.kotlin.idea.gradleTooling.model.allopen.AllOpenModel              : loaded 2 times (x 68B)
Class org.gradle.internal.classpath.DefaultClassPath$ImmutableUniqueList              : loaded 2 times (x 159B)
Class jdk.internal.jimage.ImageBufferCache                                            : loaded 2 times (x 69B)
Class org.gradle.internal.time.DefaultTimer                                           : loaded 2 times (x 78B)
Class org.gradle.internal.classpath.TransformedClassPath                              : loaded 2 times (x 94B)
Class Settings_gradle                                                                 : loaded 2 times (x 126B)
Class jdk.internal.jimage.ImageReader$Directory                                       : loaded 2 times (x 82B)


---------------  S Y S T E M  ---------------

OS:
 Windows 11 , 64 bit Build 22621 (10.0.22621.3672)
OS uptime: 0 days 5:06 hours
Hyper-V role detected

CPU: total 8 (initial active 8) (8 cores per cpu, 2 threads per core) family 23 model 17 stepping 0 microcode 0x0, cx8, cmov, fxsr, ht, mmx, 3dnowpref, sse, sse2, sse3, ssse3, sse4a, sse4.1, sse4.2, popcnt, lzcnt, tsc, tscinvbit, avx, avx2, aes, clmul, bmi1, bmi2, adx, sha, fma, vzeroupper, clflush, clflushopt, hv
Processor Information for all 8 processors :
  Max Mhz: 2000, Current Mhz: 2000, Mhz Limit: 2000

Memory: 4k page, system-wide physical 11178M (334M free)
TotalPageFile size 15274M (AvailPageFile size 16M)
current process WorkingSet (physical memory assigned to process): 346M, peak: 346M
current process commit charge ("private bytes"): 379M, peak: 407M

vm_info: OpenJDK 64-Bit Server VM (17.0.10+0--11572160) for windows-amd64 JRE (17.0.10+0--11572160), built on Mar 13 2024 23:56:38 by "androidbuild" with MS VC++ 16.10 / 16.11 (VS2019)

END.
