#
# There is insufficient memory for the Java Runtime Environment to continue.
# Native memory allocation (malloc) failed to allocate 1517840 bytes for Chunk::new
# Possible reasons:
#   The system is out of physical RAM or swap space
#   The process is running with CompressedOops enabled, and the Java Heap may be blocking the growth of the native heap
# Possible solutions:
#   Reduce memory load on the system
#   Increase physical memory or swap space
#   Check if swap backing store is full
#   Decrease Java heap size (-Xmx/-Xms)
#   Decrease number of Java threads
#   Decrease Java thread stack sizes (-Xss)
#   Set larger code cache with -XX:ReservedCodeCacheSize=
#   JVM is running with Unscaled Compressed Oops mode in which the Java heap is
#     placed in the first 4GB address space. The Java Heap base address is the
#     maximum limit for the native heap growth. Please use -XX:HeapBaseMinAddress
#     to set the Java Heap base and to place the Java Heap above 4GB virtual address.
# This output file may be truncated or incomplete.
#
#  Out of Memory Error (arena.cpp:191), pid=2656, tid=13968
#
# JRE version: OpenJDK Runtime Environment (17.0.10) (build 17.0.10+0--11572160)
# Java VM: OpenJDK 64-Bit Server VM (17.0.10+0--11572160, mixed mode, tiered, compressed oops, compressed class ptrs, g1 gc, windows-amd64)
# No core dump will be written. Minidumps are not enabled by default on client versions of Windows
#

---------------  S U M M A R Y ------------

Command Line: --add-opens=java.base/java.util=ALL-UNNAMED --add-opens=java.base/java.lang=ALL-UNNAMED --add-opens=java.base/java.lang.invoke=ALL-UNNAMED --add-opens=java.prefs/java.util.prefs=ALL-UNNAMED --add-opens=java.base/java.nio.charset=ALL-UNNAMED --add-opens=java.base/java.net=ALL-UNNAMED --add-opens=java.base/java.util.concurrent.atomic=ALL-UNNAMED -Xmx2048m -Dfile.encoding=UTF-8 -Duser.country=SV -Duser.language=es -Duser.variant -javaagent:C:\Users\bryan\.gradle\wrapper\dists\gradle-8.8-rc-1-bin\d6cxghsln2toy0kqcxl5cocxv\gradle-8.8-rc-1\lib\agents\gradle-instrumentation-agent-8.8.jar org.gradle.launcher.daemon.bootstrap.GradleDaemon 8.8-rc-1

Host: AMD Ryzen 5 2500U with Radeon Vega Mobile Gfx  , 8 cores, 10G,  Windows 11 , 64 bit Build 22621 (10.0.22621.3672)
Time: Sun Jun  9 14:00:45 2024 Hora estándar, América Central elapsed time: 11.393593 seconds (0d 0h 0m 11s)

---------------  T H R E A D  ---------------

Current thread (0x000002062d2cf740):  JavaThread "C2 CompilerThread0" daemon [_thread_in_native, id=13968, stack(0x0000003ad1500000,0x0000003ad1600000)]


Current CompileTask:
C2:  11393 2332       4       java.net.URLClassLoader$1::run (5 bytes)

Stack: [0x0000003ad1500000,0x0000003ad1600000]
Native frames: (J=compiled Java code, j=interpreted, Vv=VM code, C=native code)
V  [jvm.dll+0x688e89]
V  [jvm.dll+0x84247a]
V  [jvm.dll+0x8440be]
V  [jvm.dll+0x844723]
V  [jvm.dll+0x24be0f]
V  [jvm.dll+0xac524]
V  [jvm.dll+0xacb6c]
V  [jvm.dll+0x36bd67]
V  [jvm.dll+0x1be002]
V  [jvm.dll+0x21dbf9]
V  [jvm.dll+0x21cec1]
V  [jvm.dll+0x1a60ad]
V  [jvm.dll+0x22cd78]
V  [jvm.dll+0x22aeb0]
V  [jvm.dll+0x7f6917]
V  [jvm.dll+0x7f0d1a]
V  [jvm.dll+0x687d05]
C  [ucrtbase.dll+0x29333]
C  [KERNEL32.DLL+0x1257d]
C  [ntdll.dll+0x5aa48]


---------------  P R O C E S S  ---------------

Threads class SMR info:
_java_thread_list=0x00000206323cc570, length=28, elements={
0x00000206132cf6a0, 0x000002062d2a2010, 0x000002062d2a38b0, 0x000002062d2c9030,
0x000002062d2c9b60, 0x000002062d2cb730, 0x000002062d2ce9a0, 0x000002062d2cf740,
0x000002062d2debd0, 0x000002062d2dfbe0, 0x000002062d3dea00, 0x000002062d533790,
0x00000206322e8310, 0x0000020632d5e390, 0x0000020632b9c7a0, 0x000002063329d070,
0x00000206332c8050, 0x0000020632e9bed0, 0x0000020632e9b4b0, 0x0000020632e9c3e0,
0x0000020632e9afa0, 0x0000020632e9b9c0, 0x0000020632e9a580, 0x0000020632e9d820,
0x00000206331998b0, 0x0000020632e9aa90, 0x0000020632e9a070, 0x0000020632e9ce00
}

Java Threads: ( => current thread )
  0x00000206132cf6a0 JavaThread "main" [_thread_blocked, id=2840, stack(0x0000003ad0800000,0x0000003ad0900000)]
  0x000002062d2a2010 JavaThread "Reference Handler" daemon [_thread_blocked, id=6028, stack(0x0000003ad0f00000,0x0000003ad1000000)]
  0x000002062d2a38b0 JavaThread "Finalizer" daemon [_thread_blocked, id=13456, stack(0x0000003ad1000000,0x0000003ad1100000)]
  0x000002062d2c9030 JavaThread "Signal Dispatcher" daemon [_thread_blocked, id=8200, stack(0x0000003ad1100000,0x0000003ad1200000)]
  0x000002062d2c9b60 JavaThread "Attach Listener" daemon [_thread_blocked, id=5080, stack(0x0000003ad1200000,0x0000003ad1300000)]
  0x000002062d2cb730 JavaThread "Service Thread" daemon [_thread_blocked, id=15984, stack(0x0000003ad1300000,0x0000003ad1400000)]
  0x000002062d2ce9a0 JavaThread "Monitor Deflation Thread" daemon [_thread_blocked, id=13728, stack(0x0000003ad1400000,0x0000003ad1500000)]
=>0x000002062d2cf740 JavaThread "C2 CompilerThread0" daemon [_thread_in_native, id=13968, stack(0x0000003ad1500000,0x0000003ad1600000)]
  0x000002062d2debd0 JavaThread "C1 CompilerThread0" daemon [_thread_blocked, id=4628, stack(0x0000003ad1600000,0x0000003ad1700000)]
  0x000002062d2dfbe0 JavaThread "Sweeper thread" daemon [_thread_blocked, id=8512, stack(0x0000003ad1700000,0x0000003ad1800000)]
  0x000002062d3dea00 JavaThread "Common-Cleaner" daemon [_thread_blocked, id=11512, stack(0x0000003ad1800000,0x0000003ad1900000)]
  0x000002062d533790 JavaThread "Notification Thread" daemon [_thread_blocked, id=12160, stack(0x0000003ad1900000,0x0000003ad1a00000)]
  0x00000206322e8310 JavaThread "Daemon health stats" [_thread_blocked, id=13168, stack(0x0000003ad2000000,0x0000003ad2100000)]
  0x0000020632d5e390 JavaThread "Incoming local TCP Connector on port 58302" [_thread_in_native, id=12452, stack(0x0000003ad1f00000,0x0000003ad2000000)]
  0x0000020632b9c7a0 JavaThread "Daemon periodic checks" [_thread_blocked, id=15764, stack(0x0000003ad2100000,0x0000003ad2200000)]
  0x000002063329d070 JavaThread "Daemon" [_thread_blocked, id=15488, stack(0x0000003ad2200000,0x0000003ad2300000)]
  0x00000206332c8050 JavaThread "Handler for socket connection from /127.0.0.1:58302 to /127.0.0.1:58303" [_thread_in_native, id=7764, stack(0x0000003ad2300000,0x0000003ad2400000)]
  0x0000020632e9bed0 JavaThread "Cancel handler" [_thread_blocked, id=3996, stack(0x0000003ad2400000,0x0000003ad2500000)]
  0x0000020632e9b4b0 JavaThread "Daemon worker" [_thread_in_vm, id=11124, stack(0x0000003ad2500000,0x0000003ad2600000)]
  0x0000020632e9c3e0 JavaThread "Asynchronous log dispatcher for DefaultDaemonConnection: socket connection from /127.0.0.1:58302 to /127.0.0.1:58303" [_thread_blocked, id=10796, stack(0x0000003ad2600000,0x0000003ad2700000)]
  0x0000020632e9afa0 JavaThread "Stdin handler" [_thread_blocked, id=5568, stack(0x0000003ad2700000,0x0000003ad2800000)]
  0x0000020632e9b9c0 JavaThread "Daemon client event forwarder" [_thread_blocked, id=15436, stack(0x0000003ad2800000,0x0000003ad2900000)]
  0x0000020632e9a580 JavaThread "Cache worker for journal cache (C:\Users\bryan\.gradle\caches\journal-1)" [_thread_blocked, id=12684, stack(0x0000003ad2d00000,0x0000003ad2e00000)]
  0x0000020632e9d820 JavaThread "File lock request listener" [_thread_in_native, id=12968, stack(0x0000003ad2e00000,0x0000003ad2f00000)]
  0x00000206331998b0 JavaThread "C2 CompilerThread1" daemon [_thread_in_native, id=11860, stack(0x0000003ad2f00000,0x0000003ad3000000)]
  0x0000020632e9aa90 JavaThread "Cache worker for file hash cache (C:\Users\bryan\.gradle\caches\8.8-rc-1\fileHashes)" [_thread_blocked, id=9900, stack(0x0000003ad3000000,0x0000003ad3100000)]
  0x0000020632e9a070 JavaThread "File lock release action executor" [_thread_blocked, id=2168, stack(0x0000003ad3100000,0x0000003ad3200000)]
  0x0000020632e9ce00 JavaThread "Cache worker for file hash cache (C:\Users\bryan\OneDrive\Documentos\GitHub\unichamba-Android\.gradle\8.8-rc-1\fileHashes)" [_thread_blocked, id=6588, stack(0x0000003ad3200000,0x0000003ad3300000)]

Other Threads:
  0x000002062d290c40 VMThread "VM Thread" [stack: 0x0000003ad0e00000,0x0000003ad0f00000] [id=7436]
  0x00000206132d0520 WatcherThread [stack: 0x0000003ad1a00000,0x0000003ad1b00000] [id=8440]
  0x000002061332b2a0 GCTaskThread "GC Thread#0" [stack: 0x0000003ad0900000,0x0000003ad0a00000] [id=14212]
  0x00000206324c5710 GCTaskThread "GC Thread#1" [stack: 0x0000003ad1c00000,0x0000003ad1d00000] [id=1696]
  0x00000206324c59d0 GCTaskThread "GC Thread#2" [stack: 0x0000003ad1d00000,0x0000003ad1e00000] [id=9004]
  0x00000206324c5c90 GCTaskThread "GC Thread#3" [stack: 0x0000003ad1e00000,0x0000003ad1f00000] [id=14224]
  0x00000206326bf1d0 GCTaskThread "GC Thread#4" [stack: 0x0000003ad1b00000,0x0000003ad1c00000] [id=10104]
  0x00000206321c1f40 GCTaskThread "GC Thread#5" [stack: 0x0000003ad2900000,0x0000003ad2a00000] [id=7200]
  0x00000206321c2200 GCTaskThread "GC Thread#6" [stack: 0x0000003ad2a00000,0x0000003ad2b00000] [id=2316]
  0x00000206331820e0 GCTaskThread "GC Thread#7" [stack: 0x0000003ad2b00000,0x0000003ad2c00000] [id=10236]
  0x000002061333c1f0 ConcurrentGCThread "G1 Main Marker" [stack: 0x0000003ad0a00000,0x0000003ad0b00000] [id=13688]
  0x000002061333cc10 ConcurrentGCThread "G1 Conc#0" [stack: 0x0000003ad0b00000,0x0000003ad0c00000] [id=6608]
  0x00000206331823a0 ConcurrentGCThread "G1 Conc#1" [stack: 0x0000003ad2c00000,0x0000003ad2d00000] [id=14072]
  0x000002061337dbe0 ConcurrentGCThread "G1 Refine#0" [stack: 0x0000003ad0c00000,0x0000003ad0d00000] [id=3720]
  0x000002061337e610 ConcurrentGCThread "G1 Service" [stack: 0x0000003ad0d00000,0x0000003ad0e00000] [id=9672]

Threads with active compile tasks:
C2 CompilerThread0    11427 2332       4       java.net.URLClassLoader$1::run (5 bytes)
C2 CompilerThread1    11427 2554   !   4       java.net.URL::<init> (543 bytes)

VM state: not at safepoint (normal execution)

VM Mutex/Monitor currently owned by a thread: None

Heap address: 0x0000000080000000, size: 2048 MB, Compressed Oops mode: 32-bit

CDS archive(s) not mapped
Compressed class space mapped at: 0x0000000100000000-0x0000000140000000, reserved size: 1073741824
Narrow klass base: 0x0000000000000000, Narrow klass shift: 3, Narrow klass range: 0x140000000

GC Precious Log:
 CPUs: 8 total, 8 available
 Memory: 11178M
 Large Page Support: Disabled
 NUMA Support: Disabled
 Compressed Oops: Enabled (32-bit)
 Heap Region Size: 1M
 Heap Min Capacity: 8M
 Heap Initial Capacity: 176M
 Heap Max Capacity: 2G
 Pre-touch: Disabled
 Parallel Workers: 8
 Concurrent Workers: 2
 Concurrent Refinement Workers: 8
 Periodic GC: Disabled

Heap:
 garbage-first heap   total 75776K, used 48773K [0x0000000080000000, 0x0000000100000000)
  region size 1024K, 30 young (30720K), 3 survivors (3072K)
 Metaspace       used 30198K, committed 30528K, reserved 1114112K
  class space    used 4026K, committed 4160K, reserved 1048576K

Heap Regions: E=young(eden), S=young(survivor), O=old, HS=humongous(starts), HC=humongous(continues), CS=collection set, F=free, OA=open archive, CA=closed archive, TAMS=top-at-mark-start (previous, next)
|   0|0x0000000080000000, 0x0000000080100000, 0x0000000080100000|100%|HS|  |TAMS 0x0000000080100000, 0x0000000080000000| Complete 
|   1|0x0000000080100000, 0x0000000080200000, 0x0000000080200000|100%|HC|  |TAMS 0x0000000080200000, 0x0000000080100000| Complete 
|   2|0x0000000080200000, 0x0000000080300000, 0x0000000080300000|100%|HC|  |TAMS 0x0000000080300000, 0x0000000080200000| Complete 
|   3|0x0000000080300000, 0x0000000080400000, 0x0000000080400000|100%|HC|  |TAMS 0x0000000080400000, 0x0000000080300000| Complete 
|   4|0x0000000080400000, 0x0000000080500000, 0x0000000080500000|100%| O|  |TAMS 0x0000000080500000, 0x0000000080400000| Untracked 
|   5|0x0000000080500000, 0x0000000080600000, 0x0000000080600000|100%| O|  |TAMS 0x0000000080600000, 0x0000000080500000| Untracked 
|   6|0x0000000080600000, 0x0000000080700000, 0x0000000080700000|100%| O|  |TAMS 0x0000000080700000, 0x0000000080600000| Untracked 
|   7|0x0000000080700000, 0x0000000080800000, 0x0000000080800000|100%| O|  |TAMS 0x0000000080800000, 0x0000000080700000| Untracked 
|   8|0x0000000080800000, 0x0000000080900000, 0x0000000080900000|100%| O|  |TAMS 0x0000000080900000, 0x0000000080800000| Untracked 
|   9|0x0000000080900000, 0x0000000080a00000, 0x0000000080a00000|100%| O|  |TAMS 0x0000000080a00000, 0x0000000080900000| Untracked 
|  10|0x0000000080a00000, 0x0000000080aa9200, 0x0000000080b00000| 66%| O|  |TAMS 0x0000000080aa9200, 0x0000000080a00000| Untracked 
|  11|0x0000000080b00000, 0x0000000080c00000, 0x0000000080c00000|100%|HS|  |TAMS 0x0000000080c00000, 0x0000000080b00000| Complete 
|  12|0x0000000080c00000, 0x0000000080d00000, 0x0000000080d00000|100%| O|  |TAMS 0x0000000080c00000, 0x0000000080c00000| Untracked 
|  13|0x0000000080d00000, 0x0000000080e00000, 0x0000000080e00000|100%| O|  |TAMS 0x0000000080d00000, 0x0000000080d00000| Untracked 
|  14|0x0000000080e00000, 0x0000000080f00000, 0x0000000080f00000|100%| O|  |TAMS 0x0000000080e00000, 0x0000000080e00000| Untracked 
|  15|0x0000000080f00000, 0x0000000081000000, 0x0000000081000000|100%| O|  |TAMS 0x0000000080f00000, 0x0000000080f00000| Untracked 
|  16|0x0000000081000000, 0x0000000081100000, 0x0000000081100000|100%| O|  |TAMS 0x0000000081000000, 0x0000000081000000| Untracked 
|  17|0x0000000081100000, 0x0000000081200000, 0x0000000081200000|100%| O|  |TAMS 0x0000000081100000, 0x0000000081100000| Untracked 
|  18|0x0000000081200000, 0x0000000081300000, 0x0000000081300000|100%| O|  |TAMS 0x0000000081200000, 0x0000000081200000| Untracked 
|  19|0x0000000081300000, 0x00000000813c0600, 0x0000000081400000| 75%| O|  |TAMS 0x0000000081300000, 0x0000000081300000| Untracked 
|  20|0x0000000081400000, 0x0000000081400000, 0x0000000081500000|  0%| F|  |TAMS 0x0000000081400000, 0x0000000081400000| Untracked 
|  21|0x0000000081500000, 0x0000000081500000, 0x0000000081600000|  0%| F|  |TAMS 0x0000000081500000, 0x0000000081500000| Untracked 
|  22|0x0000000081600000, 0x0000000081600000, 0x0000000081700000|  0%| F|  |TAMS 0x0000000081600000, 0x0000000081600000| Untracked 
|  23|0x0000000081700000, 0x0000000081700000, 0x0000000081800000|  0%| F|  |TAMS 0x0000000081700000, 0x0000000081700000| Untracked 
|  24|0x0000000081800000, 0x0000000081800000, 0x0000000081900000|  0%| F|  |TAMS 0x0000000081800000, 0x0000000081800000| Untracked 
|  25|0x0000000081900000, 0x0000000081900000, 0x0000000081a00000|  0%| F|  |TAMS 0x0000000081900000, 0x0000000081900000| Untracked 
|  26|0x0000000081a00000, 0x0000000081a00000, 0x0000000081b00000|  0%| F|  |TAMS 0x0000000081a00000, 0x0000000081a00000| Untracked 
|  27|0x0000000081b00000, 0x0000000081b37d50, 0x0000000081c00000| 21%| S|CS|TAMS 0x0000000081b00000, 0x0000000081b00000| Complete 
|  28|0x0000000081c00000, 0x0000000081d00000, 0x0000000081d00000|100%| S|CS|TAMS 0x0000000081c00000, 0x0000000081c00000| Complete 
|  29|0x0000000081d00000, 0x0000000081e00000, 0x0000000081e00000|100%| S|CS|TAMS 0x0000000081d00000, 0x0000000081d00000| Complete 
|  30|0x0000000081e00000, 0x0000000081e00000, 0x0000000081f00000|  0%| F|  |TAMS 0x0000000081e00000, 0x0000000081e00000| Untracked 
|  31|0x0000000081f00000, 0x0000000081f00000, 0x0000000082000000|  0%| F|  |TAMS 0x0000000081f00000, 0x0000000081f00000| Untracked 
|  32|0x0000000082000000, 0x0000000082000000, 0x0000000082100000|  0%| F|  |TAMS 0x0000000082000000, 0x0000000082000000| Untracked 
|  33|0x0000000082100000, 0x0000000082100000, 0x0000000082200000|  0%| F|  |TAMS 0x0000000082100000, 0x0000000082100000| Untracked 
|  34|0x0000000082200000, 0x0000000082200000, 0x0000000082300000|  0%| F|  |TAMS 0x0000000082200000, 0x0000000082200000| Untracked 
|  35|0x0000000082300000, 0x0000000082300000, 0x0000000082400000|  0%| F|  |TAMS 0x0000000082300000, 0x0000000082300000| Untracked 
|  36|0x0000000082400000, 0x0000000082400000, 0x0000000082500000|  0%| F|  |TAMS 0x0000000082400000, 0x0000000082400000| Untracked 
|  37|0x0000000082500000, 0x0000000082500000, 0x0000000082600000|  0%| F|  |TAMS 0x0000000082500000, 0x0000000082500000| Untracked 
|  38|0x0000000082600000, 0x0000000082600000, 0x0000000082700000|  0%| F|  |TAMS 0x0000000082600000, 0x0000000082600000| Untracked 
|  39|0x0000000082700000, 0x0000000082700000, 0x0000000082800000|  0%| F|  |TAMS 0x0000000082700000, 0x0000000082700000| Untracked 
|  40|0x0000000082800000, 0x0000000082800000, 0x0000000082900000|  0%| F|  |TAMS 0x0000000082800000, 0x0000000082800000| Untracked 
|  41|0x0000000082900000, 0x0000000082900000, 0x0000000082a00000|  0%| F|  |TAMS 0x0000000082900000, 0x0000000082900000| Untracked 
|  42|0x0000000082a00000, 0x0000000082a00000, 0x0000000082b00000|  0%| F|  |TAMS 0x0000000082a00000, 0x0000000082a00000| Untracked 
|  43|0x0000000082b00000, 0x0000000082b00000, 0x0000000082c00000|  0%| F|  |TAMS 0x0000000082b00000, 0x0000000082b00000| Untracked 
|  44|0x0000000082c00000, 0x0000000082c00000, 0x0000000082d00000|  0%| F|  |TAMS 0x0000000082c00000, 0x0000000082c00000| Untracked 
|  45|0x0000000082d00000, 0x0000000082d00000, 0x0000000082e00000|  0%| F|  |TAMS 0x0000000082d00000, 0x0000000082d00000| Untracked 
|  46|0x0000000082e00000, 0x0000000082e452d8, 0x0000000082f00000| 27%| E|  |TAMS 0x0000000082e00000, 0x0000000082e00000| Complete 
|  47|0x0000000082f00000, 0x0000000083000000, 0x0000000083000000|100%| E|CS|TAMS 0x0000000082f00000, 0x0000000082f00000| Complete 
|  48|0x0000000083000000, 0x0000000083100000, 0x0000000083100000|100%| E|CS|TAMS 0x0000000083000000, 0x0000000083000000| Complete 
|  49|0x0000000083100000, 0x0000000083200000, 0x0000000083200000|100%| E|CS|TAMS 0x0000000083100000, 0x0000000083100000| Complete 
|  50|0x0000000083200000, 0x0000000083300000, 0x0000000083300000|100%| E|CS|TAMS 0x0000000083200000, 0x0000000083200000| Complete 
|  51|0x0000000083300000, 0x0000000083400000, 0x0000000083400000|100%| E|CS|TAMS 0x0000000083300000, 0x0000000083300000| Complete 
|  52|0x0000000083400000, 0x0000000083500000, 0x0000000083500000|100%| E|CS|TAMS 0x0000000083400000, 0x0000000083400000| Complete 
|  53|0x0000000083500000, 0x0000000083600000, 0x0000000083600000|100%| E|CS|TAMS 0x0000000083500000, 0x0000000083500000| Complete 
|  54|0x0000000083600000, 0x0000000083700000, 0x0000000083700000|100%| E|CS|TAMS 0x0000000083600000, 0x0000000083600000| Complete 
|  55|0x0000000083700000, 0x0000000083800000, 0x0000000083800000|100%| E|CS|TAMS 0x0000000083700000, 0x0000000083700000| Complete 
|  56|0x0000000083800000, 0x0000000083900000, 0x0000000083900000|100%| E|CS|TAMS 0x0000000083800000, 0x0000000083800000| Complete 
|  57|0x0000000083900000, 0x0000000083a00000, 0x0000000083a00000|100%| E|CS|TAMS 0x0000000083900000, 0x0000000083900000| Complete 
|  58|0x0000000083a00000, 0x0000000083b00000, 0x0000000083b00000|100%| E|CS|TAMS 0x0000000083a00000, 0x0000000083a00000| Complete 
|  59|0x0000000083b00000, 0x0000000083c00000, 0x0000000083c00000|100%| E|CS|TAMS 0x0000000083b00000, 0x0000000083b00000| Complete 
|  60|0x0000000083c00000, 0x0000000083d00000, 0x0000000083d00000|100%| E|CS|TAMS 0x0000000083c00000, 0x0000000083c00000| Complete 
|  61|0x0000000083d00000, 0x0000000083e00000, 0x0000000083e00000|100%| E|CS|TAMS 0x0000000083d00000, 0x0000000083d00000| Complete 
|  62|0x0000000083e00000, 0x0000000083f00000, 0x0000000083f00000|100%| E|CS|TAMS 0x0000000083e00000, 0x0000000083e00000| Complete 
|  63|0x0000000083f00000, 0x0000000084000000, 0x0000000084000000|100%| E|CS|TAMS 0x0000000083f00000, 0x0000000083f00000| Complete 
| 104|0x0000000086800000, 0x0000000086900000, 0x0000000086900000|100%| E|CS|TAMS 0x0000000086800000, 0x0000000086800000| Complete 
| 105|0x0000000086900000, 0x0000000086a00000, 0x0000000086a00000|100%| E|CS|TAMS 0x0000000086900000, 0x0000000086900000| Complete 
| 106|0x0000000086a00000, 0x0000000086b00000, 0x0000000086b00000|100%| E|CS|TAMS 0x0000000086a00000, 0x0000000086a00000| Complete 
| 107|0x0000000086b00000, 0x0000000086c00000, 0x0000000086c00000|100%| E|CS|TAMS 0x0000000086b00000, 0x0000000086b00000| Complete 
| 108|0x0000000086c00000, 0x0000000086d00000, 0x0000000086d00000|100%| E|CS|TAMS 0x0000000086c00000, 0x0000000086c00000| Complete 
| 109|0x0000000086d00000, 0x0000000086e00000, 0x0000000086e00000|100%| E|CS|TAMS 0x0000000086d00000, 0x0000000086d00000| Complete 
| 110|0x0000000086e00000, 0x0000000086f00000, 0x0000000086f00000|100%| E|CS|TAMS 0x0000000086e00000, 0x0000000086e00000| Complete 
| 111|0x0000000086f00000, 0x0000000087000000, 0x0000000087000000|100%| E|CS|TAMS 0x0000000086f00000, 0x0000000086f00000| Complete 
| 112|0x0000000087000000, 0x0000000087100000, 0x0000000087100000|100%| E|CS|TAMS 0x0000000087000000, 0x0000000087000000| Complete 
| 175|0x000000008af00000, 0x000000008b000000, 0x000000008b000000|100%| E|CS|TAMS 0x000000008af00000, 0x000000008af00000| Complete 

Card table byte_map: [0x0000020625ed0000,0x00000206262d0000] _byte_map_base: 0x0000020625ad0000

Marking Bits (Prev, Next): (CMBitMap*) 0x000002061332b900, (CMBitMap*) 0x000002061332b8c0
 Prev Bits: [0x00000206286d0000, 0x000002062a6d0000)
 Next Bits: [0x00000206266d0000, 0x00000206286d0000)

Polling page: 0x00000206112c0000

Metaspace:

Usage:
  Non-class:     25.57 MB used.
      Class:      3.93 MB used.
       Both:     29.51 MB used.

Virtual space:
  Non-class space:       64.00 MB reserved,      25.75 MB ( 40%) committed,  1 nodes.
      Class space:        1.00 GB reserved,       4.06 MB ( <1%) committed,  1 nodes.
             Both:        1.06 GB reserved,      29.81 MB (  3%) committed. 

Chunk freelists:
   Non-Class:  5.53 MB
       Class:  11.81 MB
        Both:  17.34 MB

MaxMetaspaceSize: unlimited
CompressedClassSpaceSize: 1.00 GB
Initial GC threshold: 21.00 MB
Current GC threshold: 35.12 MB
CDS: off
MetaspaceReclaimPolicy: balanced
 - commit_granule_bytes: 65536.
 - commit_granule_words: 8192.
 - virtual_space_node_default_size: 8388608.
 - enlarge_chunks_in_place: 1.
 - new_chunks_are_fully_committed: 0.
 - uncommit_free_chunks: 1.
 - use_allocation_guard: 0.
 - handle_deallocations: 1.


Internal statistics:

num_allocs_failed_limit: 3.
num_arena_births: 264.
num_arena_deaths: 0.
num_vsnodes_births: 2.
num_vsnodes_deaths: 0.
num_space_committed: 477.
num_space_uncommitted: 0.
num_chunks_returned_to_freelist: 3.
num_chunks_taken_from_freelist: 1059.
num_chunk_merges: 0.
num_chunk_splits: 682.
num_chunks_enlarged: 475.
num_inconsistent_stats: 0.

CodeHeap 'non-profiled nmethods': size=120000Kb used=1382Kb max_used=1382Kb free=118617Kb
 bounds [0x000002061e270000, 0x000002061e4e0000, 0x00000206257a0000]
CodeHeap 'profiled nmethods': size=120000Kb used=5448Kb max_used=5448Kb free=114551Kb
 bounds [0x00000206167a0000, 0x0000020616d00000, 0x000002061dcd0000]
CodeHeap 'non-nmethods': size=5760Kb used=1232Kb max_used=1279Kb free=4527Kb
 bounds [0x000002061dcd0000, 0x000002061df40000, 0x000002061e270000]
 total_blobs=3192 nmethods=2651 adapters=453
 compilation: enabled
              stopped_count=0, restarted_count=0
 full_count=0

Compilation events (20 events):
Event: 11.349 Thread 0x000002062d2debd0 2648       3       java.lang.PublicMethods$Key::hashCode (19 bytes)
Event: 11.349 Thread 0x000002062d2debd0 nmethod 2648 0x0000020616ce3990 code [0x0000020616ce3b40, 0x0000020616ce3cd8]
Event: 11.349 Thread 0x000002062d2debd0 2649       3       java.lang.Module::canRead (86 bytes)
Event: 11.352 Thread 0x000002062d2debd0 nmethod 2649 0x0000020616ce3d90 code [0x0000020616ce4140, 0x0000020616ce5c08]
Event: 11.352 Thread 0x000002062d2debd0 2650       3       java.lang.WeakPairMap$Pair$Weak::second (8 bytes)
Event: 11.352 Thread 0x000002062d2debd0 nmethod 2650 0x0000020616ce6290 code [0x0000020616ce6420, 0x0000020616ce65f8]
Event: 11.352 Thread 0x000002062d2debd0 2651       3       java.lang.reflect.Constructor::acquireConstructorAccessor (44 bytes)
Event: 11.353 Thread 0x000002062d2debd0 nmethod 2651 0x0000020616ce6690 code [0x0000020616ce6880, 0x0000020616ce6d78]
Event: 11.357 Thread 0x000002062d2debd0 2653       3       org.gradle.internal.service.DefaultServiceRegistry$FactoryService::assembleParameters (58 bytes)
Event: 11.357 Thread 0x000002062d2debd0 nmethod 2653 0x0000020616ce6f10 code [0x0000020616ce7100, 0x0000020616ce7708]
Event: 11.357 Thread 0x000002062d2debd0 2652       3       org.gradle.internal.service.DefaultServiceRegistry$FactoryService::createServiceInstance (18 bytes)
Event: 11.357 Thread 0x000002062d2debd0 nmethod 2652 0x0000020616ce7910 code [0x0000020616ce7ac0, 0x0000020616ce7cf8]
Event: 11.369 Thread 0x000002062d2debd0 2654       3       java.lang.Module::isStaticallyExportedOrOpen (70 bytes)
Event: 11.370 Thread 0x000002062d2debd0 nmethod 2654 0x0000020616ce7e10 code [0x0000020616ce8020, 0x0000020616ce86d8]
Event: 11.379 Thread 0x000002062d2debd0 2655       3       java.util.concurrent.locks.ReentrantLock::<init> (16 bytes)
Event: 11.380 Thread 0x000002062d2debd0 nmethod 2655 0x0000020616ce8890 code [0x0000020616ce8a60, 0x0000020616ce8e58]
Event: 11.380 Thread 0x000002062d2debd0 2656       3       org.gradle.internal.service.DefaultServiceRegistry$OwnServices::instanceRealized (233 bytes)
Event: 11.384 Thread 0x000002062d2debd0 nmethod 2656 0x0000020616ce9010 code [0x0000020616ce9560, 0x0000020616cec498]
Event: 11.384 Thread 0x000002062d2debd0 2657       3       jdk.internal.reflect.ReflectionFactory::newMethodAccessor (120 bytes)
Event: 11.388 Thread 0x000002062d2debd0 nmethod 2657 0x0000020616ced410 code [0x0000020616ced7c0, 0x0000020616cef298]

GC Heap History (8 events):
Event: 3.450 GC heap before
{Heap before GC invocations=0 (full 0):
 garbage-first heap   total 180224K, used 26624K [0x0000000080000000, 0x0000000100000000)
  region size 1024K, 23 young (23552K), 0 survivors (0K)
 Metaspace       used 8864K, committed 9024K, reserved 1114112K
  class space    used 830K, committed 896K, reserved 1048576K
}
Event: 3.456 GC heap after
{Heap after GC invocations=1 (full 0):
 garbage-first heap   total 180224K, used 10724K [0x0000000080000000, 0x0000000100000000)
  region size 1024K, 3 young (3072K), 3 survivors (3072K)
 Metaspace       used 8864K, committed 9024K, reserved 1114112K
  class space    used 830K, committed 896K, reserved 1048576K
}
Event: 5.174 GC heap before
{Heap before GC invocations=1 (full 0):
 garbage-first heap   total 180224K, used 39396K [0x0000000080000000, 0x0000000100000000)
  region size 1024K, 31 young (31744K), 3 survivors (3072K)
 Metaspace       used 11523K, committed 11712K, reserved 1114112K
  class space    used 1210K, committed 1280K, reserved 1048576K
}
Event: 5.181 GC heap after
{Heap after GC invocations=2 (full 0):
 garbage-first heap   total 180224K, used 12160K [0x0000000080000000, 0x0000000100000000)
  region size 1024K, 2 young (2048K), 2 survivors (2048K)
 Metaspace       used 11523K, committed 11712K, reserved 1114112K
  class space    used 1210K, committed 1280K, reserved 1048576K
}
Event: 8.647 GC heap before
{Heap before GC invocations=2 (full 0):
 garbage-first heap   total 180224K, used 75648K [0x0000000080000000, 0x0000000100000000)
  region size 1024K, 63 young (64512K), 2 survivors (2048K)
 Metaspace       used 21301K, committed 21504K, reserved 1114112K
  class space    used 2544K, committed 2624K, reserved 1048576K
}
Event: 8.684 GC heap after
{Heap after GC invocations=3 (full 0):
 garbage-first heap   total 180224K, used 20187K [0x0000000080000000, 0x0000000100000000)
  region size 1024K, 9 young (9216K), 9 survivors (9216K)
 Metaspace       used 21301K, committed 21504K, reserved 1114112K
  class space    used 2544K, committed 2624K, reserved 1048576K
}
Event: 10.271 GC heap before
{Heap before GC invocations=4 (full 0):
 garbage-first heap   total 75776K, used 56027K [0x0000000080000000, 0x0000000100000000)
  region size 1024K, 44 young (45056K), 9 survivors (9216K)
 Metaspace       used 26675K, committed 27008K, reserved 1114112K
  class space    used 3434K, committed 3584K, reserved 1048576K
}
Event: 10.280 GC heap after
{Heap after GC invocations=5 (full 0):
 garbage-first heap   total 75776K, used 22149K [0x0000000080000000, 0x0000000100000000)
  region size 1024K, 3 young (3072K), 3 survivors (3072K)
 Metaspace       used 26675K, committed 27008K, reserved 1114112K
  class space    used 3434K, committed 3584K, reserved 1048576K
}

Dll operation events (3 events):
Event: 0.024 Loaded shared library C:\Program Files\Android\Android Studio\jbr\bin\java.dll
Event: 0.439 Loaded shared library C:\Program Files\Android\Android Studio\jbr\bin\zip.dll
Event: 3.190 Loaded shared library C:\Program Files\Android\Android Studio\jbr\bin\verify.dll

Deoptimization events (20 events):
Event: 9.513 Thread 0x0000020632e9b4b0 Uncommon trap: trap_request=0xffffff45 fr.pc=0x000002061e290810 relative=0x0000000000000a90
Event: 9.513 Thread 0x0000020632e9b4b0 Uncommon trap: reason=unstable_if action=reinterpret pc=0x000002061e290810 method=java.io.WinNTFileSystem.resolve(Ljava/lang/String;Ljava/lang/String;)Ljava/lang/String; @ 19 c2
Event: 9.513 Thread 0x0000020632e9b4b0 DEOPT PACKING pc=0x000002061e290810 sp=0x0000003ad25fb520
Event: 9.514 Thread 0x0000020632e9b4b0 DEOPT UNPACKING pc=0x000002061dd269a3 sp=0x0000003ad25fb4c8 mode 2
Event: 9.516 Thread 0x0000020632e9b4b0 Uncommon trap: trap_request=0xffffff45 fr.pc=0x000002061e2f678c relative=0x00000000000005cc
Event: 9.516 Thread 0x0000020632e9b4b0 Uncommon trap: reason=unstable_if action=reinterpret pc=0x000002061e2f678c method=java.io.File.getName()Ljava/lang/String; @ 16 c2
Event: 9.516 Thread 0x0000020632e9b4b0 DEOPT PACKING pc=0x000002061e2f678c sp=0x0000003ad25fb4c0
Event: 9.516 Thread 0x0000020632e9b4b0 DEOPT UNPACKING pc=0x000002061dd269a3 sp=0x0000003ad25fb490 mode 2
Event: 9.655 Thread 0x0000020632e9b4b0 Uncommon trap: trap_request=0xffffff45 fr.pc=0x000002061e298274 relative=0x00000000000000d4
Event: 9.655 Thread 0x0000020632e9b4b0 Uncommon trap: reason=unstable_if action=reinterpret pc=0x000002061e298274 method=java.util.HashMap.hash(Ljava/lang/Object;)I @ 1 c2
Event: 9.655 Thread 0x0000020632e9b4b0 DEOPT PACKING pc=0x000002061e298274 sp=0x0000003ad25fc2c0
Event: 9.655 Thread 0x0000020632e9b4b0 DEOPT UNPACKING pc=0x000002061dd269a3 sp=0x0000003ad25fc200 mode 2
Event: 9.741 Thread 0x0000020632e9b4b0 Uncommon trap: trap_request=0xffffff45 fr.pc=0x000002061e317eb4 relative=0x0000000000000714
Event: 9.741 Thread 0x0000020632e9b4b0 Uncommon trap: reason=unstable_if action=reinterpret pc=0x000002061e317eb4 method=java.util.ArrayList.grow(I)[Ljava/lang/Object; @ 17 c2
Event: 9.741 Thread 0x0000020632e9b4b0 DEOPT PACKING pc=0x000002061e317eb4 sp=0x0000003ad25fcec0
Event: 9.741 Thread 0x0000020632e9b4b0 DEOPT UNPACKING pc=0x000002061dd269a3 sp=0x0000003ad25fcd58 mode 2
Event: 11.116 Thread 0x0000020632e9b4b0 Uncommon trap: trap_request=0xffffff6e fr.pc=0x000002061e323064 relative=0x00000000000003c4
Event: 11.116 Thread 0x0000020632e9b4b0 Uncommon trap: reason=loop_limit_check action=maybe_recompile pc=0x000002061e323064 method=java.lang.StringLatin1.indexOf([BI[BII)I @ 37 c2
Event: 11.116 Thread 0x0000020632e9b4b0 DEOPT PACKING pc=0x000002061e323064 sp=0x0000003ad25f84b0
Event: 11.116 Thread 0x0000020632e9b4b0 DEOPT UNPACKING pc=0x000002061dd269a3 sp=0x0000003ad25f8410 mode 2

Classes unloaded (0 events):
No events

Classes redefined (0 events):
No events

Internal exceptions (20 events):
Event: 9.367 Thread 0x0000020632e9b4b0 Exception <a 'java/lang/NoSuchMethodError'{0x000000008334ea40}: 'java.lang.Object java.lang.invoke.DirectMethodHandle$Holder.newInvokeSpecial(java.lang.Object, java.lang.Object, java.lang.Object, int)'> (0x000000008334ea40) 
thrown [s\src\hotspot\share\interpreter\linkResolver.cpp, line 771]
Event: 9.368 Thread 0x0000020632e9b4b0 Exception <a 'java/lang/NoSuchMethodError'{0x0000000083353370}: 'java.lang.Object java.lang.invoke.DirectMethodHandle$Holder.invokeSpecial(java.lang.Object, java.lang.Object, java.lang.Object, java.lang.Object, int)'> (0x0000000083353370) 
thrown [s\src\hotspot\share\interpreter\linkResolver.cpp, line 771]
Event: 9.368 Thread 0x0000020632e9b4b0 Exception <a 'java/lang/NoSuchMethodError'{0x0000000083357488}: 'java.lang.Object java.lang.invoke.Invokers$Holder.linkToTargetMethod(java.lang.Object, java.lang.Object, int, java.lang.Object)'> (0x0000000083357488) 
thrown [s\src\hotspot\share\interpreter\linkResolver.cpp, line 771]
Event: 9.550 Thread 0x0000020632e9b4b0 Exception <a 'java/lang/NoSuchMethodError'{0x0000000082ff8d68}: 'int java.lang.invoke.DirectMethodHandle$Holder.invokeVirtual(java.lang.Object, java.lang.Object, java.lang.Object)'> (0x0000000082ff8d68) 
thrown [s\src\hotspot\share\interpreter\linkResolver.cpp, line 771]
Event: 9.593 Thread 0x0000020632e9b4b0 Exception <a 'java/lang/NoSuchMethodError'{0x0000000082d02748}: 'int java.lang.invoke.DirectMethodHandle$Holder.invokeSpecialIFC(java.lang.Object, java.lang.Object, java.lang.Object, java.lang.Object)'> (0x0000000082d02748) 
thrown [s\src\hotspot\share\interpreter\linkResolver.cpp, line 771]
Event: 9.596 Thread 0x0000020632e9b4b0 Exception <a 'java/lang/NoSuchMethodError'{0x0000000082d11638}: 'java.lang.Object java.lang.invoke.DirectMethodHandle$Holder.invokeInterface(java.lang.Object, java.lang.Object, java.lang.Object)'> (0x0000000082d11638) 
thrown [s\src\hotspot\share\interpreter\linkResolver.cpp, line 771]
Event: 9.597 Thread 0x0000020632e9b4b0 Exception <a 'java/lang/IncompatibleClassChangeError'{0x0000000082d15250}: Found class java.lang.Object, but interface was expected> (0x0000000082d15250) 
thrown [s\src\hotspot\share\interpreter\linkResolver.cpp, line 838]
Event: 9.655 Thread 0x0000020632e9b4b0 Implicit null exception at 0x000002061e2981d8 to 0x000002061e29826a
Event: 9.689 Thread 0x0000020632e9b4b0 Exception <a 'java/lang/NoSuchMethodError'{0x0000000082b04dc0}: 'int java.lang.invoke.DirectMethodHandle$Holder.invokeStatic(java.lang.Object, java.lang.Object, java.lang.Object, java.lang.Object)'> (0x0000000082b04dc0) 
thrown [s\src\hotspot\share\interpreter\linkResolver.cpp, line 771]
Event: 9.691 Thread 0x0000020632e9b4b0 Exception <a 'java/lang/NoSuchMethodError'{0x0000000082b089e8}: 'java.lang.Object java.lang.invoke.Invokers$Holder.invokeExact_MT(java.lang.Object, java.lang.Object, java.lang.Object, java.lang.Object, java.lang.Object, java.lang.Object)'> (0x0000000082b089e8) 
thrown [s\src\hotspot\share\interpreter\linkResolver.cpp, line 771]
Event: 9.802 Thread 0x0000020632e9b4b0 Exception <a 'java/lang/IncompatibleClassChangeError'{0x00000000829b7bc0}: Found class java.lang.Object, but interface was expected> (0x00000000829b7bc0) 
thrown [s\src\hotspot\share\interpreter\linkResolver.cpp, line 838]
Event: 10.756 Thread 0x0000020632e9b4b0 Exception <a 'java/lang/NoSuchMethodError'{0x0000000083e6ba90}: 'java.lang.Object java.lang.invoke.DirectMethodHandle$Holder.invokeVirtual(java.lang.Object, java.lang.Object, java.lang.Object, java.lang.Object)'> (0x0000000083e6ba90) 
thrown [s\src\hotspot\share\interpreter\linkResolver.cpp, line 771]
Event: 10.851 Thread 0x0000020632e9b4b0 Exception <a 'java/lang/NoSuchMethodError'{0x0000000083dcc280}: 'java.lang.Object java.lang.invoke.DirectMethodHandle$Holder.newInvokeSpecial(java.lang.Object, java.lang.Object, java.lang.Object, java.lang.Object, java.lang.Object, java.lang.Object, java.lang.Object)'> (0x0000000083dcc280) 
thrown [s\src\hotspot\share\interpreter\linkResolver.cpp, line 771]
Event: 10.852 Thread 0x0000020632e9b4b0 Exception <a 'java/lang/NoSuchMethodError'{0x0000000083dd0f50}: 'java.lang.Object java.lang.invoke.Invokers$Holder.linkToTargetMethod(java.lang.Object, java.lang.Object, java.lang.Object, java.lang.Object, java.lang.Object, java.lang.Object, java.lang.Object)'> (0x0000000083dd0f50) 
thrown [s\src\hotspot\share\interpreter\linkResolver.cpp, line 771]
Event: 10.953 Thread 0x0000020632e9b4b0 Exception <a 'java/lang/NoSuchMethodError'{0x0000000083b420c8}: 'java.lang.Object java.lang.invoke.DirectMethodHandle$Holder.invokeVirtual(java.lang.Object, java.lang.Object, java.lang.Object, java.lang.Object, java.lang.Object, java.lang.Object, java.lang.Object, java.lang.Object, java.lang.Object, java.lang.Object, java.lang.Object, java.lang.Object, java.lang.Object, java.lang.Object, java.lang.Object, java.lang.Object, java.lang.Object, java.lang.Object, java.lang.Object, java.lang.Object, java.lang.Ob
Event: 11.264 Thread 0x0000020632e9b4b0 Exception <a 'java/lang/NoSuchMethodError'{0x00000000833ef668}: 'java.lang.Object java.lang.invoke.DirectMethodHandle$Holder.invokeStaticInit(java.lang.Object, java.lang.Object, java.lang.Object, java.lang.Object)'> (0x00000000833ef668) 
thrown [s\src\hotspot\share\interpreter\linkResolver.cpp, line 771]
Event: 11.299 Thread 0x0000020632e9b4b0 Exception <a 'java/lang/NoSuchMethodError'{0x00000000832e3c60}: 'java.lang.Object java.lang.invoke.DirectMethodHandle$Holder.newInvokeSpecial(java.lang.Object, java.lang.Object, java.lang.Object, java.lang.Object, java.lang.Object, java.lang.Object, java.lang.Object, java.lang.Object)'> (0x00000000832e3c60) 
thrown [s\src\hotspot\share\interpreter\linkResolver.cpp, line 771]
Event: 11.300 Thread 0x0000020632e9b4b0 Exception <a 'java/lang/NoSuchMethodError'{0x00000000832e9668}: 'java.lang.Object java.lang.invoke.DirectMethodHandle$Holder.invokeSpecial(java.lang.Object, java.lang.Object, java.lang.Object, java.lang.Object, java.lang.Object, java.lang.Object, java.lang.Object, java.lang.Object, java.lang.Object)'> (0x00000000832e9668) 
thrown [s\src\hotspot\share\interpreter\linkResolver.cpp, line 771]
Event: 11.300 Thread 0x0000020632e9b4b0 Exception <a 'java/lang/NoSuchMethodError'{0x00000000832eea18}: 'java.lang.Object java.lang.invoke.Invokers$Holder.linkToTargetMethod(java.lang.Object, java.lang.Object, java.lang.Object, java.lang.Object, java.lang.Object, java.lang.Object, java.lang.Object, java.lang.Object)'> (0x00000000832eea18) 
thrown [s\src\hotspot\share\interpreter\linkResolver.cpp, line 771]
Event: 11.312 Thread 0x0000020632e9b4b0 Exception <a 'java/lang/NoSuchMethodError'{0x000000008313ac48}: 'void java.lang.invoke.DirectMethodHandle$Holder.invokeStatic(java.lang.Object, java.lang.Object, java.lang.Object, java.lang.Object)'> (0x000000008313ac48) 
thrown [s\src\hotspot\share\interpreter\linkResolver.cpp, line 771]

VM Operations (20 events):
Event: 7.859 Executing VM operation: HandshakeAllThreads
Event: 7.859 Executing VM operation: HandshakeAllThreads done
Event: 8.647 Executing VM operation: CollectForMetadataAllocation
Event: 8.727 Executing VM operation: CollectForMetadataAllocation done
Event: 8.734 Executing VM operation: G1PauseRemark
Event: 8.755 Executing VM operation: G1PauseRemark done
Event: 8.757 Executing VM operation: G1PauseCleanup
Event: 8.767 Executing VM operation: G1PauseCleanup done
Event: 9.014 Executing VM operation: HandshakeAllThreads
Event: 9.015 Executing VM operation: HandshakeAllThreads done
Event: 9.778 Executing VM operation: HandshakeAllThreads
Event: 9.778 Executing VM operation: HandshakeAllThreads done
Event: 9.778 Executing VM operation: Cleanup
Event: 9.778 Executing VM operation: Cleanup done
Event: 9.779 Executing VM operation: HandshakeAllThreads
Event: 9.779 Executing VM operation: HandshakeAllThreads done
Event: 10.270 Executing VM operation: G1CollectForAllocation
Event: 10.284 Executing VM operation: G1CollectForAllocation done
Event: 11.285 Executing VM operation: Cleanup
Event: 11.285 Executing VM operation: Cleanup done

Events (20 events):
Event: 10.065 loading class java/util/function/LongFunction
Event: 10.065 loading class java/util/function/LongFunction done
Event: 10.137 loading class java/security/InvalidKeyException
Event: 10.137 loading class java/security/KeyException
Event: 10.137 loading class java/security/KeyException done
Event: 10.137 loading class java/security/InvalidKeyException done
Event: 10.293 loading class java/util/regex/Pattern$Dollar
Event: 10.293 loading class java/util/regex/Pattern$Dollar done
Event: 10.723 loading class javax/xml/parsers/ParserConfigurationException
Event: 10.723 loading class javax/xml/parsers/ParserConfigurationException done
Event: 10.723 loading class org/xml/sax/SAXException
Event: 10.723 loading class org/xml/sax/SAXException done
Event: 10.723 loading class javax/xml/xpath/XPathExpressionException
Event: 10.723 loading class javax/xml/xpath/XPathException
Event: 10.724 loading class javax/xml/xpath/XPathException done
Event: 10.724 loading class javax/xml/xpath/XPathExpressionException done
Event: 10.724 loading class org/xml/sax/ErrorHandler
Event: 10.724 loading class org/xml/sax/ErrorHandler done
Event: 10.944 Thread 0x0000020632e9a070 Thread added: 0x0000020632e9a070
Event: 11.210 Thread 0x0000020632e9ce00 Thread added: 0x0000020632e9ce00


Dynamic libraries:
0x00007ff655d30000 - 0x00007ff655d3a000 	C:\Program Files\Android\Android Studio\jbr\bin\java.exe
0x00007ffc7cbd0000 - 0x00007ffc7cde7000 	C:\Windows\SYSTEM32\ntdll.dll
0x00007ffc7b880000 - 0x00007ffc7b944000 	C:\Windows\System32\KERNEL32.DLL
0x00007ffc7a2d0000 - 0x00007ffc7a67c000 	C:\Windows\System32\KERNELBASE.dll
0x00007ffc7a7f0000 - 0x00007ffc7a901000 	C:\Windows\System32\ucrtbase.dll
0x00007ffc69b50000 - 0x00007ffc69b6b000 	C:\Program Files\Android\Android Studio\jbr\bin\VCRUNTIME140.dll
0x00007ffc69b70000 - 0x00007ffc69b87000 	C:\Program Files\Android\Android Studio\jbr\bin\jli.dll
0x00007ffc7c960000 - 0x00007ffc7cb0e000 	C:\Windows\System32\USER32.dll
0x00007ffc7a160000 - 0x00007ffc7a186000 	C:\Windows\System32\win32u.dll
0x00007ffc7c8b0000 - 0x00007ffc7c8d9000 	C:\Windows\System32\GDI32.dll
0x00007ffc64170000 - 0x00007ffc64403000 	C:\Windows\WinSxS\amd64_microsoft.windows.common-controls_6595b64144ccf1df_6.0.22621.3672_none_2713b9d173822955\COMCTL32.dll
0x00007ffc79f70000 - 0x00007ffc7a089000 	C:\Windows\System32\gdi32full.dll
0x00007ffc7b9b0000 - 0x00007ffc7ba57000 	C:\Windows\System32\msvcrt.dll
0x00007ffc7a090000 - 0x00007ffc7a12a000 	C:\Windows\System32\msvcp_win.dll
0x00007ffc7b4b0000 - 0x00007ffc7b4e1000 	C:\Windows\System32\IMM32.DLL
0x00007ffc69150000 - 0x00007ffc6915c000 	C:\Program Files\Android\Android Studio\jbr\bin\vcruntime140_1.dll
0x00007ffc45770000 - 0x00007ffc457fd000 	C:\Program Files\Android\Android Studio\jbr\bin\msvcp140.dll
0x00007ffc3eeb0000 - 0x00007ffc3fb33000 	C:\Program Files\Android\Android Studio\jbr\bin\server\jvm.dll
0x00007ffc7aed0000 - 0x00007ffc7af82000 	C:\Windows\System32\ADVAPI32.dll
0x00007ffc7ae20000 - 0x00007ffc7aec8000 	C:\Windows\System32\sechost.dll
0x00007ffc7a130000 - 0x00007ffc7a158000 	C:\Windows\System32\bcrypt.dll
0x00007ffc7b4f0000 - 0x00007ffc7b605000 	C:\Windows\System32\RPCRT4.dll
0x00007ffc79dc0000 - 0x00007ffc79e0d000 	C:\Windows\SYSTEM32\POWRPROF.dll
0x00007ffc75260000 - 0x00007ffc75269000 	C:\Windows\SYSTEM32\WSOCK32.dll
0x00007ffc7cb10000 - 0x00007ffc7cb81000 	C:\Windows\System32\WS2_32.dll
0x00007ffc72d30000 - 0x00007ffc72d3a000 	C:\Windows\SYSTEM32\VERSION.dll
0x00007ffc71830000 - 0x00007ffc71864000 	C:\Windows\SYSTEM32\WINMM.dll
0x00007ffc79da0000 - 0x00007ffc79db3000 	C:\Windows\SYSTEM32\UMPDC.dll
0x00007ffc78ef0000 - 0x00007ffc78f08000 	C:\Windows\SYSTEM32\kernel.appcore.dll
0x00007ffc75250000 - 0x00007ffc7525a000 	C:\Program Files\Android\Android Studio\jbr\bin\jimage.dll
0x00007ffc66370000 - 0x00007ffc665a2000 	C:\Windows\SYSTEM32\DBGHELP.DLL
0x00007ffc7a930000 - 0x00007ffc7acb8000 	C:\Windows\System32\combase.dll
0x00007ffc7ad20000 - 0x00007ffc7adf7000 	C:\Windows\System32\OLEAUT32.dll
0x00007ffc66250000 - 0x00007ffc66282000 	C:\Windows\SYSTEM32\dbgcore.DLL
0x00007ffc7a190000 - 0x00007ffc7a20b000 	C:\Windows\System32\bcryptPrimitives.dll
0x00007ffc719d0000 - 0x00007ffc719de000 	C:\Program Files\Android\Android Studio\jbr\bin\instrument.dll
0x00007ffc6a1c0000 - 0x00007ffc6a1e5000 	C:\Program Files\Android\Android Studio\jbr\bin\java.dll
0x00007ffc6a170000 - 0x00007ffc6a188000 	C:\Program Files\Android\Android Studio\jbr\bin\zip.dll
0x00007ffc7ba70000 - 0x00007ffc7c2cc000 	C:\Windows\System32\SHELL32.dll
0x00007ffc77de0000 - 0x00007ffc786d7000 	C:\Windows\SYSTEM32\windows.storage.dll
0x00007ffc77ca0000 - 0x00007ffc77ddf000 	C:\Windows\SYSTEM32\wintypes.dll
0x00007ffc7c7b0000 - 0x00007ffc7c8a4000 	C:\Windows\System32\SHCORE.dll
0x00007ffc7acc0000 - 0x00007ffc7ad1e000 	C:\Windows\System32\shlwapi.dll
0x00007ffc79e30000 - 0x00007ffc79e51000 	C:\Windows\SYSTEM32\profapi.dll
0x00007ffc6a150000 - 0x00007ffc6a169000 	C:\Program Files\Android\Android Studio\jbr\bin\net.dll
0x00007ffc727a0000 - 0x00007ffc728d6000 	C:\Windows\SYSTEM32\WINHTTP.dll
0x00007ffc79380000 - 0x00007ffc793e9000 	C:\Windows\system32\mswsock.dll
0x00007ffc69ef0000 - 0x00007ffc69f06000 	C:\Program Files\Android\Android Studio\jbr\bin\nio.dll
0x00007ffc75240000 - 0x00007ffc75250000 	C:\Program Files\Android\Android Studio\jbr\bin\verify.dll
0x00007ffc501f0000 - 0x00007ffc50217000 	C:\Users\bryan\.gradle\native\c067742578af261105cb4f569cf0c3c89f3d7b1fecec35dd04571415982c5e48\windows-amd64\native-platform.dll
0x00007ffc41dc0000 - 0x00007ffc41f04000 	C:\Users\bryan\.gradle\native\100fb08df4bc3b14c8652ba06237920a3bd2aa13389f12d3474272988ae205f9\windows-amd64\native-platform-file-events.dll
0x00007ffc73250000 - 0x00007ffc73259000 	C:\Program Files\Android\Android Studio\jbr\bin\management.dll
0x00007ffc730c0000 - 0x00007ffc730cb000 	C:\Program Files\Android\Android Studio\jbr\bin\management_ext.dll
0x00007ffc7a910000 - 0x00007ffc7a918000 	C:\Windows\System32\PSAPI.DLL
0x00007ffc795f0000 - 0x00007ffc7960b000 	C:\Windows\SYSTEM32\CRYPTSP.dll
0x00007ffc78e50000 - 0x00007ffc78e85000 	C:\Windows\system32\rsaenh.dll
0x00007ffc79480000 - 0x00007ffc794a8000 	C:\Windows\SYSTEM32\USERENV.dll
0x00007ffc795e0000 - 0x00007ffc795ec000 	C:\Windows\SYSTEM32\CRYPTBASE.dll
0x00007ffc78990000 - 0x00007ffc789bd000 	C:\Windows\SYSTEM32\IPHLPAPI.DLL
0x00007ffc7a920000 - 0x00007ffc7a929000 	C:\Windows\System32\NSI.dll
0x00007ffc72d60000 - 0x00007ffc72d79000 	C:\Windows\SYSTEM32\dhcpcsvc6.DLL
0x00007ffc72d40000 - 0x00007ffc72d5f000 	C:\Windows\SYSTEM32\dhcpcsvc.DLL
0x00007ffc78a10000 - 0x00007ffc78b08000 	C:\Windows\SYSTEM32\DNSAPI.dll
0x00007ffc733c0000 - 0x00007ffc733c9000 	C:\Program Files\Android\Android Studio\jbr\bin\extnet.dll
0x00007ffc74570000 - 0x00007ffc74578000 	C:\Windows\system32\wshunix.dll

dbghelp: loaded successfully - version: 4.0.5 - missing functions: none
symbol engine: initialized successfully - sym options: 0x614 - pdb path: .;C:\Program Files\Android\Android Studio\jbr\bin;C:\Windows\SYSTEM32;C:\Windows\WinSxS\amd64_microsoft.windows.common-controls_6595b64144ccf1df_6.0.22621.3672_none_2713b9d173822955;C:\Program Files\Android\Android Studio\jbr\bin\server;C:\Users\bryan\.gradle\native\c067742578af261105cb4f569cf0c3c89f3d7b1fecec35dd04571415982c5e48\windows-amd64;C:\Users\bryan\.gradle\native\100fb08df4bc3b14c8652ba06237920a3bd2aa13389f12d3474272988ae205f9\windows-amd64

VM Arguments:
jvm_args: --add-opens=java.base/java.util=ALL-UNNAMED --add-opens=java.base/java.lang=ALL-UNNAMED --add-opens=java.base/java.lang.invoke=ALL-UNNAMED --add-opens=java.prefs/java.util.prefs=ALL-UNNAMED --add-opens=java.base/java.nio.charset=ALL-UNNAMED --add-opens=java.base/java.net=ALL-UNNAMED --add-opens=java.base/java.util.concurrent.atomic=ALL-UNNAMED -Xmx2048m -Dfile.encoding=UTF-8 -Duser.country=SV -Duser.language=es -Duser.variant -javaagent:C:\Users\bryan\.gradle\wrapper\dists\gradle-8.8-rc-1-bin\d6cxghsln2toy0kqcxl5cocxv\gradle-8.8-rc-1\lib\agents\gradle-instrumentation-agent-8.8.jar 
java_command: org.gradle.launcher.daemon.bootstrap.GradleDaemon 8.8-rc-1
java_class_path (initial): C:\Users\bryan\.gradle\wrapper\dists\gradle-8.8-rc-1-bin\d6cxghsln2toy0kqcxl5cocxv\gradle-8.8-rc-1\lib\gradle-launcher-8.8.jar
Launcher Type: SUN_STANDARD

[Global flags]
     intx CICompilerCount                          = 4                                         {product} {ergonomic}
     uint ConcGCThreads                            = 2                                         {product} {ergonomic}
     uint G1ConcRefinementThreads                  = 8                                         {product} {ergonomic}
   size_t G1HeapRegionSize                         = 1048576                                   {product} {ergonomic}
    uintx GCDrainStackTargetSize                   = 64                                        {product} {ergonomic}
   size_t InitialHeapSize                          = 184549376                                 {product} {ergonomic}
   size_t MarkStackSize                            = 4194304                                   {product} {ergonomic}
   size_t MaxHeapSize                              = 2147483648                                {product} {command line}
   size_t MaxNewSize                               = 1287651328                                {product} {ergonomic}
   size_t MinHeapDeltaBytes                        = 1048576                                   {product} {ergonomic}
   size_t MinHeapSize                              = 8388608                                   {product} {ergonomic}
    uintx NonNMethodCodeHeapSize                   = 5839372                                {pd product} {ergonomic}
    uintx NonProfiledCodeHeapSize                  = 122909434                              {pd product} {ergonomic}
    uintx ProfiledCodeHeapSize                     = 122909434                              {pd product} {ergonomic}
    uintx ReservedCodeCacheSize                    = 251658240                              {pd product} {ergonomic}
     bool SegmentedCodeCache                       = true                                      {product} {ergonomic}
   size_t SoftMaxHeapSize                          = 2147483648                             {manageable} {ergonomic}
     bool UseCompressedClassPointers               = true                           {product lp64_product} {ergonomic}
     bool UseCompressedOops                        = true                           {product lp64_product} {ergonomic}
     bool UseG1GC                                  = true                                      {product} {ergonomic}
     bool UseLargePagesIndividualAllocation        = false                                  {pd product} {ergonomic}

Logging:
Log output configuration:
 #0: stdout all=warning uptime,level,tags
 #1: stderr all=off uptime,level,tags

Environment Variables:
JAVA_HOME=C:\Program Files\Java\jdk-11
PATH=C:\Python312\Scripts\;C:\Python312\;C:\Program Files\Common Files\Oracle\Java\javapath;C:\Program Files (x86)\Common Files\Oracle\Java\java8path;C:\Program Files (x86)\Common Files\Oracle\Java\javapath;C:\Windows\system32;C:\Windows;C:\Windows\System32\Wbem;C:\Windows\System32\WindowsPowerShell\v1.0\;C:\Windows\System32\OpenSSH\;C:\Program Files (x86)\AMD\ATI.ACE\Core-Static;C:\Program Files\Docker\Docker\resources\bin;C:\Users\bryan\AppData\Local\Packages\PythonSoftwareFoundation.Python.3.11_qbz5n2kfra8p0\LocalCache\local-packages\Python311\site-packages\virtualenv;C:\Users\bryan\AppData\Local\Packages\PythonSoftwareFoundation.Python.3.11_qbz5n2kfra8p0\LocalCache\local-packages\Python311\site-packages;C:\Users\bryan\AppData\Local\Packages\PythonSoftwareFoundation.Python.3.11_qbz5n2kfra8p0\LocalCache\local-packages\Python311\Scripts;C:\Users\bryan\AppData\Local\Programs\Python\Python311\Scripts;C:\Users\bryan\AppData\Local\Programs\Python\Python311\Lib\site-packages;C:\Users\bryan\AppData\Local\Programs\Python\Python311\python.exe;D:\nvm;D:\nodejs;D:\nodeJs\;C:\ProgramData\chocolatey\bin;D:\Git\cmd;C:\Program Files\MySQL\MySQL Shell 8.0\bin\;C:\Users\bryan\AppData\Local\Programs\Python\Python311\Scripts\;C:\Users\bryan\AppData\Local\Programs\Python\Python311\;C:\Users\bryan\AppData\Local\Microsoft\WindowsApps;C:\spark\bin;C:\Program Files\Java\jdk-11\bin;C:\Users\bryan\AppData\Local\Programs\Microsoft VS Code\bin;C:\Users\bryan\AppData\Local\Programs\Python\Python311\Scripts;C:\Users\bryan\AppData\Local\Programs\Python\Python311\Lib\site-packages;C:\Users\bryan\AppData\Local\Programs\Python\Python311\python.exe;C:\Users\bryan\AppData\Local\Packages\PythonSoftwareFoundation.Python.3.11_qbz5n2kfra8p0\LocalCache\local-packages\Python311\site-packages\virtualenv;C:\Users\bryan\AppData\Local\Packages\PythonSoftwareFoundation.Python.3.11_qbz5n2kfra8p0\LocalCache\local-packages\Python311\site-packages;C:\Users\bryan\AppData\Local\Packages\PythonSoftwareFoundation.Python.
USERNAME=bryan
OS=Windows_NT
PROCESSOR_IDENTIFIER=AMD64 Family 23 Model 17 Stepping 0, AuthenticAMD
TMP=C:\Users\bryan\AppData\Local\Temp
TEMP=C:\Users\bryan\AppData\Local\Temp



Periodic native trim disabled

JNI global refs:
JNI global refs: 24, weak refs: 2

JNI global refs memory usage: 843, weak refs: 841

OOME stack traces (most recent first):
Classloader memory used:
Loader bootstrap                                                                       : 1909K
Loader org.gradle.internal.classloader.VisitableURLClassLoader                         : 1574K
Loader org.gradle.initialization.MixInLegacyTypesClassLoader                           : 246K
Loader jdk.internal.loader.ClassLoaders$AppClassLoader                                 : 28717B
Loader jdk.internal.loader.ClassLoaders$PlatformClassLoader                            : 17610B
Loader jdk.internal.reflect.DelegatingClassLoader                                      : 8037B

Classes loaded by more than one classloader:
Class org.gradle.internal.installation.GradleInstallation                             : loaded 2 times (x 73B)
Class org.gradle.internal.classpath.ClassPath                                         : loaded 2 times (x 68B)
Class org.gradle.api.internal.classpath.DefaultModuleRegistry                         : loaded 2 times (x 84B)
Class org.gradle.api.Action                                                           : loaded 2 times (x 68B)
Class org.gradle.api.internal.DefaultClassPathProvider                                : loaded 2 times (x 74B)
Class org.gradle.internal.installation.GradleInstallation$1                           : loaded 2 times (x 73B)
Class org.gradle.internal.classloader.FilteringClassLoader                            : loaded 2 times (x 103B)
Class org.gradle.internal.classpath.DefaultClassPath$ImmutableUniqueList$Builder      : loaded 2 times (x 73B)
Class org.gradle.internal.classloader.ClassLoaderVisitor                              : loaded 2 times (x 74B)
Class org.gradle.internal.service.DefaultServiceLocator                               : loaded 2 times (x 81B)
Class org.gradle.internal.service.UnknownServiceException                             : loaded 2 times (x 81B)
Class org.gradle.internal.classloader.DefaultClassLoaderFactory                       : loaded 2 times (x 80B)
Class org.gradle.internal.classloader.VisitableURLClassLoader$Spec                    : loaded 2 times (x 72B)
Class org.gradle.api.GradleException                                                  : loaded 2 times (x 80B)
Class org.gradle.api.internal.classpath.ModuleRegistry                                : loaded 2 times (x 68B)
Class org.gradle.api.internal.ClassPathProvider                                       : loaded 2 times (x 68B)
Class org.gradle.internal.classloader.ClasspathUtil$1                                 : loaded 2 times (x 74B)
Class org.gradle.internal.classloader.ClassLoaderFactory                              : loaded 2 times (x 68B)
Class org.gradle.api.internal.classpath.ManifestUtil                                  : loaded 2 times (x 69B)
Class org.gradle.api.specs.Spec                                                       : loaded 2 times (x 68B)
Class org.gradle.internal.IoActions                                                   : loaded 2 times (x 69B)
Class org.gradle.api.internal.classpath.EffectiveClassPath                            : loaded 2 times (x 88B)
Class org.gradle.internal.installation.CurrentGradleInstallation                      : loaded 2 times (x 71B)
Class org.gradle.internal.agents.InstrumentingClassLoader                             : loaded 2 times (x 68B)
Class org.gradle.internal.installation.CurrentGradleInstallationLocator               : loaded 2 times (x 69B)
Class org.gradle.api.internal.classpath.Module                                        : loaded 2 times (x 68B)
Class org.gradle.internal.service.CachingServiceLocator                               : loaded 2 times (x 80B)
Class org.gradle.internal.classpath.DefaultClassPath                                  : loaded 2 times (x 88B)
Class org.gradle.internal.classloader.SystemClassLoaderSpec                           : loaded 2 times (x 69B)
Class org.gradle.api.UncheckedIOException                                             : loaded 2 times (x 80B)
Class org.gradle.internal.classloader.ClasspathUtil                                   : loaded 2 times (x 69B)
Class org.gradle.api.internal.DefaultClassPathRegistry                                : loaded 2 times (x 74B)
Class org.gradle.api.internal.classpath.DefaultModuleRegistry$DefaultModule           : loaded 2 times (x 84B)
Class org.gradle.api.internal.classpath.UnknownModuleException                        : loaded 2 times (x 80B)
Class org.gradle.internal.service.ServiceLookupException                              : loaded 2 times (x 80B)
Class org.gradle.cache.GlobalCache                                                    : loaded 2 times (x 68B)
Class [Lorg.gradle.api.internal.ClassPathProvider;                                    : loaded 2 times (x 67B)
Class org.gradle.util.internal.GUtil                                                  : loaded 2 times (x 69B)
Class org.gradle.internal.classloader.ClassLoaderSpec                                 : loaded 2 times (x 69B)
Class org.gradle.internal.classloader.VisitableURLClassLoader                         : loaded 2 times (x 115B)
Class org.gradle.internal.Cast                                                        : loaded 2 times (x 69B)
Class org.gradle.api.internal.ClassPathRegistry                                       : loaded 2 times (x 68B)
Class org.gradle.internal.classloader.VisitableURLClassLoader$InstrumentingVisitableURLClassLoader: loaded 2 times (x 121B)
Class org.gradle.internal.classloader.ClassLoaderHierarchy                            : loaded 2 times (x 68B)
Class org.gradle.internal.InternalTransformer                                         : loaded 2 times (x 68B)
Class org.gradle.internal.service.ServiceLocator                                      : loaded 2 times (x 68B)
Class org.gradle.internal.classpath.DefaultClassPath$ImmutableUniqueList              : loaded 2 times (x 159B)
Class org.gradle.internal.classpath.TransformedClassPath                              : loaded 2 times (x 94B)


---------------  S Y S T E M  ---------------

OS:
 Windows 11 , 64 bit Build 22621 (10.0.22621.3672)
OS uptime: 0 days 5:04 hours
Hyper-V role detected

CPU: total 8 (initial active 8) (8 cores per cpu, 2 threads per core) family 23 model 17 stepping 0 microcode 0x0, cx8, cmov, fxsr, ht, mmx, 3dnowpref, sse, sse2, sse3, ssse3, sse4a, sse4.1, sse4.2, popcnt, lzcnt, tsc, tscinvbit, avx, avx2, aes, clmul, bmi1, bmi2, adx, sha, fma, vzeroupper, clflush, clflushopt, hv
Processor Information for all 8 processors :
  Max Mhz: 2000, Current Mhz: 2000, Mhz Limit: 2000

Memory: 4k page, system-wide physical 11178M (460M free)
TotalPageFile size 15274M (AvailPageFile size 6M)
current process WorkingSet (physical memory assigned to process): 190M, peak: 196M
current process commit charge ("private bytes"): 240M, peak: 304M

vm_info: OpenJDK 64-Bit Server VM (17.0.10+0--11572160) for windows-amd64 JRE (17.0.10+0--11572160), built on Mar 13 2024 23:56:38 by "androidbuild" with MS VC++ 16.10 / 16.11 (VS2019)

END.
