#
# There is insufficient memory for the Java Runtime Environment to continue.
# Native memory allocation (mmap) failed to map 184549376 bytes for G1 virtual space
# Possible reasons:
#   The system is out of physical RAM or swap space
#   The process is running with CompressedOops enabled, and the Java Heap may be blocking the growth of the native heap
# Possible solutions:
#   Reduce memory load on the system
#   Increase physical memory or swap space
#   Check if swap backing store is full
#   Decrease Java heap size (-Xmx/-Xms)
#   Decrease number of Java threads
#   Decrease Java thread stack sizes (-Xss)
#   Set larger code cache with -XX:ReservedCodeCacheSize=
#   JVM is running with Zero Based Compressed Oops mode in which the Java heap is
#     placed in the first 32GB address space. The Java Heap base address is the
#     maximum limit for the native heap growth. Please use -XX:HeapBaseMinAddress
#     to set the Java Heap base and to place the Java Heap above 32GB virtual address.
# This output file may be truncated or incomplete.
#
#  Out of Memory Error (os_windows.cpp:3825), pid=15736, tid=18380
#
# JRE version:  (17.0.10) (build )
# Java VM: OpenJDK 64-Bit Server VM (17.0.10+0--11572160, mixed mode, sharing, tiered, compressed oops, compressed class ptrs, g1 gc, windows-amd64)
# No core dump will be written. Minidumps are not enabled by default on client versions of Windows
#

---------------  S U M M A R Y ------------

Command Line: org.jetbrains.kotlin.cli.jvm.K2JVMCompiler @C:\Users\bryan\OneDrive\Documentos\GitHub\unichamba-Android\app\build\20240609_4669456551770012101.compiler.options

Host: AMD Ryzen 5 2500U with Radeon Vega Mobile Gfx  , 8 cores, 10G,  Windows 11 , 64 bit Build 22621 (10.0.22621.3672)
Time: Sun Jun  9 19:27:43 2024 Hora estándar, América Central elapsed time: 0.017138 seconds (0d 0h 0m 0s)

---------------  T H R E A D  ---------------

Current thread (0x000002332d3dcae0):  JavaThread "Unknown thread" [_thread_in_vm, id=18380, stack(0x000000f71b900000,0x000000f71ba00000)]

Stack: [0x000000f71b900000,0x000000f71ba00000]
Native frames: (J=compiled Java code, j=interpreted, Vv=VM code, C=native code)
V  [jvm.dll+0x688e89]
V  [jvm.dll+0x84247a]
V  [jvm.dll+0x8440be]
V  [jvm.dll+0x844723]
V  [jvm.dll+0x24be0f]
V  [jvm.dll+0x685c59]
V  [jvm.dll+0x67a50a]
V  [jvm.dll+0x30cbab]
V  [jvm.dll+0x314056]
V  [jvm.dll+0x363dce]
V  [jvm.dll+0x363fff]
V  [jvm.dll+0x2e2978]
V  [jvm.dll+0x2e38e4]
V  [jvm.dll+0x813011]
V  [jvm.dll+0x371c81]
V  [jvm.dll+0x7f1b66]
V  [jvm.dll+0x3f58df]
V  [jvm.dll+0x3f7511]
C  [jli.dll+0x528f]
C  [ucrtbase.dll+0x29333]
C  [KERNEL32.DLL+0x1257d]
C  [ntdll.dll+0x5aa48]


---------------  P R O C E S S  ---------------

Threads class SMR info:
_java_thread_list=0x00007ffc3e01ef58, length=0, elements={
}

Java Threads: ( => current thread )

Other Threads:
  0x000002332d431130 GCTaskThread "GC Thread#0" [stack: 0x000000f71ba00000,0x000000f71bb00000] [id=14020]
  0x000002332d43cf40 ConcurrentGCThread "G1 Main Marker" [stack: 0x000000f71bb00000,0x000000f71bc00000] [id=18428]
  0x000002332d43e970 ConcurrentGCThread "G1 Conc#0" [stack: 0x000000f71bc00000,0x000000f71bd00000] [id=5192]

[error occurred during error reporting (printing all threads), id 0xc0000005, EXCEPTION_ACCESS_VIOLATION (0xc0000005) at pc=0x00007ffc3d7d3547]

VM state: not at safepoint (not fully initialized)

VM Mutex/Monitor currently owned by a thread:  ([mutex/lock_event])
[0x000002332d3d8850] Heap_lock - owner thread: 0x000002332d3dcae0

Heap address: 0x0000000751400000, size: 2796 MB, Compressed Oops mode: Zero based, Oop shift amount: 3

CDS archive(s) mapped at: [0x0000000000000000-0x0000000000000000-0x0000000000000000), size 0, SharedBaseAddress: 0x0000000800000000, ArchiveRelocationMode: 1.
Narrow klass base: 0x0000000000000000, Narrow klass shift: 0, Narrow klass range: 0x0

GC Precious Log:
<Empty>

Heap:
 garbage-first heap   total 0K, used 0K [0x0000000751400000, 0x0000000800000000)
  region size 2048K, 0 young (0K), 0 survivors (0K)
 Metaspace       used 0K, committed 0K, reserved 0K
  class space    used 0K, committed 0K, reserved 0K

Heap Regions: E=young(eden), S=young(survivor), O=old, HS=humongous(starts), HC=humongous(continues), CS=collection set, F=free, OA=open archive, CA=closed archive, TAMS=top-at-mark-start (previous, next)

Card table byte_map: [0x0000023340160000,0x00000233406e0000] _byte_map_base: 0x000002333c6d6000

Marking Bits (Prev, Next): (CMBitMap*) 0x000002332d431750, (CMBitMap*) 0x000002332d431790
 Prev Bits: [0x0000023340c60000, 0x0000023343810000)
 Next Bits: [0x0000023343810000, 0x00000233463c0000)

GC Heap History (0 events):
No events

Dll operation events (1 events):
Event: 0.011 Loaded shared library C:\Program Files\Android\Android Studio\jbr\bin\java.dll

Deoptimization events (0 events):
No events

Classes unloaded (0 events):
No events

Classes redefined (0 events):
No events

Internal exceptions (0 events):
No events

VM Operations (0 events):
No events

Events (0 events):
No events


Dynamic libraries:
0x00007ff6b8100000 - 0x00007ff6b810a000 	C:\Program Files\Android\Android Studio\jbr\bin\java.exe
0x00007ffc7cbd0000 - 0x00007ffc7cde7000 	C:\Windows\SYSTEM32\ntdll.dll
0x00007ffc7b880000 - 0x00007ffc7b944000 	C:\Windows\System32\KERNEL32.DLL
0x00007ffc7a2d0000 - 0x00007ffc7a67c000 	C:\Windows\System32\KERNELBASE.dll
0x00007ffc7a7f0000 - 0x00007ffc7a901000 	C:\Windows\System32\ucrtbase.dll
0x00007ffc71a20000 - 0x00007ffc71a3b000 	C:\Program Files\Android\Android Studio\jbr\bin\VCRUNTIME140.dll
0x00007ffc69390000 - 0x00007ffc693a7000 	C:\Program Files\Android\Android Studio\jbr\bin\jli.dll
0x00007ffc7c960000 - 0x00007ffc7cb0e000 	C:\Windows\System32\USER32.dll
0x00007ffc7a160000 - 0x00007ffc7a186000 	C:\Windows\System32\win32u.dll
0x00007ffc64170000 - 0x00007ffc64403000 	C:\Windows\WinSxS\amd64_microsoft.windows.common-controls_6595b64144ccf1df_6.0.22621.3672_none_2713b9d173822955\COMCTL32.dll
0x00007ffc7c8b0000 - 0x00007ffc7c8d9000 	C:\Windows\System32\GDI32.dll
0x00007ffc7b9b0000 - 0x00007ffc7ba57000 	C:\Windows\System32\msvcrt.dll
0x00007ffc79f70000 - 0x00007ffc7a089000 	C:\Windows\System32\gdi32full.dll
0x00007ffc7a090000 - 0x00007ffc7a12a000 	C:\Windows\System32\msvcp_win.dll
0x00007ffc7b4b0000 - 0x00007ffc7b4e1000 	C:\Windows\System32\IMM32.DLL
0x00007ffc75240000 - 0x00007ffc7524c000 	C:\Program Files\Android\Android Studio\jbr\bin\vcruntime140_1.dll
0x00007ffc45770000 - 0x00007ffc457fd000 	C:\Program Files\Android\Android Studio\jbr\bin\msvcp140.dll
0x00007ffc3d4e0000 - 0x00007ffc3e163000 	C:\Program Files\Android\Android Studio\jbr\bin\server\jvm.dll
0x00007ffc7aed0000 - 0x00007ffc7af82000 	C:\Windows\System32\ADVAPI32.dll
0x00007ffc7ae20000 - 0x00007ffc7aec8000 	C:\Windows\System32\sechost.dll
0x00007ffc7a130000 - 0x00007ffc7a158000 	C:\Windows\System32\bcrypt.dll
0x00007ffc7b4f0000 - 0x00007ffc7b605000 	C:\Windows\System32\RPCRT4.dll
0x00007ffc73340000 - 0x00007ffc73349000 	C:\Windows\SYSTEM32\WSOCK32.dll
0x00007ffc79dc0000 - 0x00007ffc79e0d000 	C:\Windows\SYSTEM32\POWRPROF.dll
0x00007ffc7cb10000 - 0x00007ffc7cb81000 	C:\Windows\System32\WS2_32.dll
0x00007ffc72d30000 - 0x00007ffc72d3a000 	C:\Windows\SYSTEM32\VERSION.dll
0x00007ffc71830000 - 0x00007ffc71864000 	C:\Windows\SYSTEM32\WINMM.dll
0x00007ffc79da0000 - 0x00007ffc79db3000 	C:\Windows\SYSTEM32\UMPDC.dll
0x00007ffc78ef0000 - 0x00007ffc78f08000 	C:\Windows\SYSTEM32\kernel.appcore.dll
0x00007ffc730d0000 - 0x00007ffc730da000 	C:\Program Files\Android\Android Studio\jbr\bin\jimage.dll
0x00007ffc66370000 - 0x00007ffc665a2000 	C:\Windows\SYSTEM32\DBGHELP.DLL
0x00007ffc7a930000 - 0x00007ffc7acb8000 	C:\Windows\System32\combase.dll
0x00007ffc7ad20000 - 0x00007ffc7adf7000 	C:\Windows\System32\OLEAUT32.dll
0x00007ffc66250000 - 0x00007ffc66282000 	C:\Windows\SYSTEM32\dbgcore.DLL
0x00007ffc7a190000 - 0x00007ffc7a20b000 	C:\Windows\System32\bcryptPrimitives.dll
0x00007ffc6a3d0000 - 0x00007ffc6a3f5000 	C:\Program Files\Android\Android Studio\jbr\bin\java.dll

dbghelp: loaded successfully - version: 4.0.5 - missing functions: none
symbol engine: initialized successfully - sym options: 0x614 - pdb path: .;C:\Program Files\Android\Android Studio\jbr\bin;C:\Windows\SYSTEM32;C:\Windows\WinSxS\amd64_microsoft.windows.common-controls_6595b64144ccf1df_6.0.22621.3672_none_2713b9d173822955;C:\Program Files\Android\Android Studio\jbr\bin\server

VM Arguments:
java_command: org.jetbrains.kotlin.cli.jvm.K2JVMCompiler @C:\Users\bryan\OneDrive\Documentos\GitHub\unichamba-Android\app\build\20240609_4669456551770012101.compiler.options
java_class_path (initial): C:\Users\bryan\.gradle\caches\modules-2\files-2.1\org.jetbrains.kotlin\kotlin-compiler-embeddable\1.9.22\9cd4dc7773cf2a99ecd961a88fbbc9a2da3fb5e1\kotlin-compiler-embeddable-1.9.22.jar;C:\Users\bryan\.gradle\caches\modules-2\files-2.1\org.jetbrains.kotlin\kotlin-stdlib\1.9.22\d6c44cd08d8f3f9bece8101216dbe6553365c6e3\kotlin-stdlib-1.9.22.jar;C:\Users\bryan\.gradle\caches\modules-2\files-2.1\org.jetbrains.kotlin\kotlin-script-runtime\1.9.22\f8139a46fc677ec9badc49ae954392f4f5e7e7c7\kotlin-script-runtime-1.9.22.jar;C:\Users\bryan\.gradle\caches\modules-2\files-2.1\org.jetbrains.kotlin\kotlin-reflect\1.6.10\1cbe9c92c12a94eea200d23c2bbaedaf3daf5132\kotlin-reflect-1.6.10.jar;C:\Users\bryan\.gradle\caches\modules-2\files-2.1\org.jetbrains.kotlin\kotlin-daemon-embeddable\1.9.22\20e2c5df715f3240c765cfc222530e2796542021\kotlin-daemon-embeddable-1.9.22.jar;C:\Users\bryan\.gradle\caches\modules-2\files-2.1\org.jetbrains.intellij.deps\trove4j\1.0.20200330\3afb14d5f9ceb459d724e907a21145e8ff394f02\trove4j-1.0.20200330.jar;C:\Users\bryan\.gradle\caches\modules-2\files-2.1\org.jetbrains\annotations\13.0\919f0dfe192fb4e063e7dacadee7f8bb9a2672a9\annotations-13.0.jar
Launcher Type: SUN_STANDARD

[Global flags]
     intx CICompilerCount                          = 4                                         {product} {ergonomic}
     uint ConcGCThreads                            = 2                                         {product} {ergonomic}
     uint G1ConcRefinementThreads                  = 8                                         {product} {ergonomic}
   size_t G1HeapRegionSize                         = 2097152                                   {product} {ergonomic}
    uintx GCDrainStackTargetSize                   = 64                                        {product} {ergonomic}
   size_t InitialHeapSize                          = 184549376                                 {product} {ergonomic}
   size_t MarkStackSize                            = 4194304                                   {product} {ergonomic}
   size_t MaxHeapSize                              = 2931818496                                {product} {ergonomic}
   size_t MinHeapDeltaBytes                        = 2097152                                   {product} {ergonomic}
   size_t MinHeapSize                              = 8388608                                   {product} {ergonomic}
    uintx NonNMethodCodeHeapSize                   = 5839372                                {pd product} {ergonomic}
    uintx NonProfiledCodeHeapSize                  = 122909434                              {pd product} {ergonomic}
    uintx ProfiledCodeHeapSize                     = 122909434                              {pd product} {ergonomic}
    uintx ReservedCodeCacheSize                    = 251658240                              {pd product} {ergonomic}
     bool SegmentedCodeCache                       = true                                      {product} {ergonomic}
   size_t SoftMaxHeapSize                          = 2931818496                             {manageable} {ergonomic}
     bool UseCompressedClassPointers               = true                           {product lp64_product} {ergonomic}
     bool UseCompressedOops                        = true                           {product lp64_product} {ergonomic}
     bool UseG1GC                                  = true                                      {product} {ergonomic}
     bool UseLargePagesIndividualAllocation        = false                                  {pd product} {ergonomic}

Logging:
Log output configuration:
 #0: stdout all=warning uptime,level,tags
 #1: stderr all=off uptime,level,tags

Environment Variables:
JAVA_HOME=C:\Program Files\Java\jdk-11
PATH=C:\Python312\Scripts\;C:\Python312\;C:\Program Files\Common Files\Oracle\Java\javapath;C:\Program Files (x86)\Common Files\Oracle\Java\java8path;C:\Program Files (x86)\Common Files\Oracle\Java\javapath;C:\Windows\system32;C:\Windows;C:\Windows\System32\Wbem;C:\Windows\System32\WindowsPowerShell\v1.0\;C:\Windows\System32\OpenSSH\;C:\Program Files (x86)\AMD\ATI.ACE\Core-Static;C:\Users\bryan\AppData\Local\Packages\PythonSoftwareFoundation.Python.3.11_qbz5n2kfra8p0\LocalCache\local-packages\Python311\site-packages\virtualenv;C:\Users\bryan\AppData\Local\Packages\PythonSoftwareFoundation.Python.3.11_qbz5n2kfra8p0\LocalCache\local-packages\Python311\site-packages;C:\Users\bryan\AppData\Local\Packages\PythonSoftwareFoundation.Python.3.11_qbz5n2kfra8p0\LocalCache\local-packages\Python311\Scripts;C:\Users\bryan\AppData\Local\Programs\Python\Python311\Scripts;C:\Users\bryan\AppData\Local\Programs\Python\Python311\Lib\site-packages;C:\Users\bryan\AppData\Local\Programs\Python\Python311\python.exe;%NVM_HOME%;%NVM_SYMLINK%;D:\nodeJs\;C:\ProgramData\chocolatey\bin;D:\Git\cmd;C:\Program Files\Docker\Docker\resources\bin;C:\Program Files\MySQL\MySQL Shell 8.0\bin\;C:\Users\bryan\AppData\Local\Programs\Python\Python311\Scripts\;C:\Users\bryan\AppData\Local\Programs\Python\Python311\;C:\Users\bryan\AppData\Local\Microsoft\WindowsApps;C:\spark\bin;C:\Program Files\Java\jdk-11\bin;C:\Users\bryan\AppData\Local\Programs\Microsoft VS Code\bin;C:\Users\bryan\AppData\Local\Programs\Python\Python311\Scripts;C:\Users\bryan\AppData\Local\Programs\Python\Python311\Lib\site-packages;C:\Users\bryan\AppData\Local\Programs\Python\Python311\python.exe;C:\Users\bryan\AppData\Local\Packages\PythonSoftwareFoundation.Python.3.11_qbz5n2kfra8p0\LocalCache\local-packages\Python311\site-packages\virtualenv;C:\Users\bryan\AppData\Local\Packages\PythonSoftwareFoundation.Python.3.11_qbz5n2kfra8p0\LocalCache\local-packages\Python311\site-packages;C:\Users\bryan\AppData\Local\Packages\PythonSoftwareFoundation
USERNAME=bryan
OS=Windows_NT
PROCESSOR_IDENTIFIER=AMD64 Family 23 Model 17 Stepping 0, AuthenticAMD
TMP=C:\Users\bryan\AppData\Local\Temp
TEMP=C:\Users\bryan\AppData\Local\Temp



Periodic native trim disabled

JNI global refs:
JNI global refs: 0, weak refs: 0

JNI global refs memory usage: 0, weak refs: 0

OOME stack traces (most recent first):
Classloader memory used:


---------------  S Y S T E M  ---------------

OS:
 Windows 11 , 64 bit Build 22621 (10.0.22621.3672)
OS uptime: 0 days 10:31 hours
Hyper-V role detected

CPU: total 8 (initial active 8) (8 cores per cpu, 2 threads per core) family 23 model 17 stepping 0 microcode 0x0, cx8, cmov, fxsr, ht, mmx, 3dnowpref, sse, sse2, sse3, ssse3, sse4a, sse4.1, sse4.2, popcnt, lzcnt, tsc, tscinvbit, avx, avx2, aes, clmul, bmi1, bmi2, adx, sha, fma, vzeroupper, clflush, clflushopt, hv
Processor Information for all 8 processors :
  Max Mhz: 2000, Current Mhz: 2000, Mhz Limit: 2000

Memory: 4k page, system-wide physical 11178M (683M free)
TotalPageFile size 15274M (AvailPageFile size 110M)
current process WorkingSet (physical memory assigned to process): 11M, peak: 11M
current process commit charge ("private bytes"): 60M, peak: 236M

vm_info: OpenJDK 64-Bit Server VM (17.0.10+0--11572160) for windows-amd64 JRE (17.0.10+0--11572160), built on Mar 13 2024 23:56:38 by "androidbuild" with MS VC++ 16.10 / 16.11 (VS2019)

END.
